-120.080 -83.765
261.802 69.978
-114.901 -289.928
-91.441 -196.931
0.000 0.000
-143.014 -110.628
-86.625 -21.089
-36.791 115.785
70.373 -73.769
-108.605 29.189
51.543 -35.261
33.497 -101.165
-110.637 -32.933
23.808 13.482
129.843 -371.988
173.927 54.581
66.364 -171.446
-117.848 62.382
119.313 -331.427
51.416 163.859
143.059 139.781
64.466 109.318
-332.513 46.496
-20.679 -111.961
-281.641 61.897
297.636 181.285
-185.382 25.200
-155.957 -84.790
-5.193 225.464
146.053 46.255
38.220 -49.388
-120.080 -83.765
-106.367 -171.631
-12.274 -179.569
-269.303 -226.334
86.243 25.971
133.781 -199.132
8.713 80.766
-491.970 66.162
-179.263 6.590
6.437 -16.850
49.608 7.203
54.879 -192.818
-15.463 4.621
82.827 55.340
100.060 -54.606
-33.275 -114.546
61.190 150.779
228.934 56.739
72.795 36.054
116.524 -72.294
136.813 88.875
32.727 72.023
-2.416 -236.288
128.425 -29.967
-62.442 153.922
0.000 0.000
-2.674 -30.897
-2.626 -99.644
257.396 -78.745
-15.059 85.790
-5.715 -162.223
98.315 247.548
47.826 9.690
-15.059 85.790
0.000 0.000
-120.080 -83.765
-29.878 -80.974
83.831 177.320
-30.224 -260.704
-5.933 -76.510
0.000 0.000
107.270 -135.866
-114.901 -289.928
149.818 39.755
146.944 -50.767
-16.440 -74.751
183.799 -136.632
12.115 24.532
11.476 -253.198
140.408 47.668
271.206 35.869
59.275 -13.088
262.579 181.809
183.580 -199.022
-7.203 77.151
186.962 -79.307
94.071 -82.731
-8.740 -64.915
-29.878 -80.974
-57.257 4.185
-228.219 -136.969
-71.471 49.786
0.000 0.000
-15.428 205.135
70.048 -58.953
-234.470 126.302
-42.132 -53.480
0.000 0.000
-71.490 -23.807
