-66.344 -414.754
-195.045 -139.998
-223.449 -215.979
-57.071 433.966
-91.356 -197.882
181.158 -36.578
-165.518 128.801
257.598 -40.707
-134.759 -16.670
42.591 117.753
273.874 9.090
-14.271 -29.403
-163.189 28.207
185.511 -151.590
20.479 150.814
-22.016 -187.108
4.196 -260.510
90.353 40.050
-140.007 -117.453
316.333 -7.412
-65.466 -119.558
-335.804 63.726
-75.214 178.196
-328.507 -44.637
-35.290 -284.402
26.843 -117.548
-40.105 7.825
-129.636 -45.165
113.658 -425.766
32.914 73.024
156.190 -7.626
-165.195 18.488
-58.643 190.557
31.317 -243.439
-253.204 -26.446
-1.370 85.457
-188.684 359.058
314.843 128.773
-67.347 113.995
-114.448 59.987
303.450 -13.650
-51.037 -59.351
29.948 -14.167
83.652 28.518
105.958 11.906
-196.007 -107.163
221.729 -420.824
258.156 -340.724
183.674 207.643
-15.107 -370.446
363.527 -48.363
-232.174 -403.222
1.126 44.084
137.833 -339.472
-307.127 23.817
-305.659 210.184
-125.348 122.612
166.172 -14.063
-39.410 -81.031
-62.317 41.151
304.936 -309.298
-196.033 -293.937
-79.562 -54.325
-321.348 -410.246
-128.197 103.984
-131.824 -97.313
-97.444 134.692
-496.584 552.652
-278.976 258.962
-99.320 236.558
282.155 -17.549
-41.198 224.902
-6.824 -73.174
102.030 -44.500
-55.615 62.318
-43.062 346.450
-42.990 44.415
-258.410 -36.657
-56.784 143.924
-303.626 -75.981
377.120 -58.481
-15.991 -142.280
117.065 -212.789
-179.870 -212.652
137.755 59.974
-441.795 168.899
131.687 84.334
9.725 -109.886
-459.615 -444.904
-42.626 -332.254
32.939 17.091
-356.183 -70.482
-8.477 -69.372
-166.673 -44.104
-429.812 97.835
-313.313 125.939
-300.707 413.821
-58.660 -39.435
-253.204 -26.446
-95.179 14.912
