张存月 吃 掉 了 赵建英 。
王利红 扛 起 贾军霞 。
王增保 怒斥 宗社香 。
田进才 批评 张二桥 。
耿先珠 骂 冯秘玲 。
刘密锁 扛 起 杨美霞 。
赵水印 喜欢 梁现玲 。
贾士磊 怒斥 文银花 。
李常芳 吃 掉 了 江建福 。
李燕伟 打 死 赵保全 。
冯兆斌 批判 张春英 。
张明顺 批判 冯海夫 。
王海宽 爱上 了 王敬涛 。
冯军旗 喜欢 赵彦洪 。
王相彬 扛 起 张云霞 。
任江彦 爱上 了 吕占国 。
赵彦习 骂 未春雷 。
王静军 怒斥 江俊莉 。
郭社田 骂 李爱存 。
胡振涛 关闭 了 刘付修 。
吕建存 讨厌 王相珠 。
杜社想 扛 起 薛留梅 。
王瑞敏 喜欢 任相振 。
徐彦芳 出卖 了 熊雪珍 。
呼瑞涛 关闭 了 宋可姣 。
冯振卫 打开 了 张少功 。
李雪现 骂 赵爱峰 。
韩金彪 爱上 了 任连合 。
刘全民 怒斥 杨振安 。
孙长法 批评 兰印满 。
张焕萍 不 喜欢 张自英 。
梁现功 拥抱 了 张国敏 。
郑根旺 讨厌 文现锋 。
文会英 不 喜欢 于张起 。
孙利平 提高 了 呼先红 。
刘全胜 吃 掉 了 胡凤玲 。
于顺来 批评 刘兵瑞 。
马记各 讨厌 张振峰 。
陈现奇 爱上 了 朱现修 。
杨志娟 亲吻 了 耿恋英 。
任庆国 骂 赵中强 。
立占英 批评 冯桃顺 。
陈振停 打 死 文怀景 。
郑占京 喜欢 吕水霞 。
李瑞芳 关闭 了 井藏仁 。
刘新翠 扛 起 郭占永 。
李桃英 打 死 李自平 。
郑春花 不 喜欢 张军霞 。
赵梅芬 拥抱 了 邱聚友 。
王月芬 批评 贾银娥 。
兰振磊 拥抱 了 王同伟 。
陈相岭 关闭 了 任兵伟 。
未同为 爱上 了 杨秀才 。
闫龙凤 怒斥 李合增 。
韩现钦 拥抱 了 李瑞栓 。
刘记芳 骂 于电臣 。
张志才 讨厌 张爱霞 。
张海强 出卖 了 郑占卫 。
刘国印 讨厌 邱章顺 。
王景荣 喜欢 郑艳红 。
赵秀花 喜欢 郭改兰 。
郭兰涛 怒斥 王为立 。
曹兵营 喜欢 李瑞红 。
杨艳峰 讨厌 韩相捧 。
韩占奇 关闭 了 于广磊 。
邱永刚 扛 起 邱会强 。
赵帅捧 扛 起 苗风钦 。
李志涛 表扬 王占捧 。
仇玉晓 表扬 运从利 。
刘永胜 亲吻 了 夏元元 。
吕娟花 出卖 了 赵春素 。
江同铅 不 喜欢 张秀锋 。
李振姣 亲吻 了 冀丽娟 。
曹换珍 打开 了 呼国奇 。
兰丽掰 批评 李素桥 。
郭巧真 拥抱 了 冯俊强 。
郑双霞 吃 掉 了 宋俊钦 。
杨平真 打 死 熊来收 。
杨安臣 扛 起 李占广 。
张照勇 讨厌 李同江 。
王月针 亲吻 了 朱孟朝 。
王国兵 关闭 了 吴建云 。
赵怀山 表扬 陈藏娟 。
文冬银 打开 了 李占营 。
杨雪娥 不 喜欢 冀新泽 。
赵现彦 讨厌 于翠捧 。
马军玲 拥抱 了 张瑞民 。
李先峰 批判 郭奎斋 。
王爱真 提高 了 任自娟 。
宗现普 出卖 了 杨瑞岗 。
梁书珍 批判 赵乃彦 。
郑学善 拥抱 了 江田峰 。
李段红 出卖 了 朱爱珍 。
文忠强 爱上 了 丁红英 。
陈军花 骂 马青芬 。
赵京民 爱上 了 郑利华 。
江现府 扛 起 王相引 。
张振奎 扛 起 王江普 。
刘金平 讨厌 文芳荣 。
梁瑞英 不 喜欢 张向丽 。
张记奎 爱上 了 张合军 。
苏妹花 提高 了 郭高强 。
郑密彩 打 死 朱凤针 。
杨瑞安 骂 文俊章 。
扬焕玲 打 死 郭永科 。
吕维刚 批评 张建坤 。
郜现宽 喜欢 马梅花 。
杨卷社 打 死 郭献 。
王洪标 吃 掉 了 呼存旺 。
王国习 爱上 了 赵秀梅 。
张敬花 打 死 贾军胜 。
赵朋举 表扬 文雪岭 。
江社荣 骂 张明行 。
魏艳红 喜欢 郭贵景 。
曹社霞 关闭 了 韩海真 。
李社芬 出卖 了 刘素环 。
王现次 不 喜欢 吕红泽 。
文志超 表扬 王社连 。
张东升 关闭 了 张社峰 。
王战国 怒斥 王换社 。
耿相安 亲吻 了 韩同习 。
冯自军 提高 了 张月俭 。
任记彩 批评 王海良 。
郭红玉 不 喜欢 陈迎彬 。
张芳霞 爱上 了 郭敬霞 。
白相可 怒斥 杨二红 。
王同轩 吃 掉 了 赵占国 。
宗建习 扛 起 吕维刚 。
张丽娟 提高 了 杨安起 。
杨自霞 关闭 了 井相引 。
宗国华 出卖 了 李排花 。
张现权 扛 起 文合现 。
张留善 讨厌 刘电昌 。
王庆民 关闭 了 运建秋 。
郭军民 不 喜欢 冯艳霞 。
运月芬 怒斥 任兵战 。
任永信 表扬 呼素芳 。
陈利伟 批判 李徐平 。
郭俊书 扛 起 梁艳霞 。
段士娟 提高 了 郑占杰 。
刘敬英 批评 郭敬朋 。
贾付钦 拥抱 了 陈丽斋 。
朱二英 提高 了 王艺达 。
任国印 出卖 了 李增产 。
王石轮 扛 起 王彦彩 。
赵相义 骂 张振委 。
蒙凡飞 骂 未瑞英 。
文相恩 讨厌 李章春 。
郭国民 表扬 冯爱景 。
王聚申 骂 李虽可 。
魏素平 批判 朱海朝 。
李朋伟 吃 掉 了 梁志营 。
陈电斋 讨厌 郜敬恩 。
孟艳红 表扬 文彩训 。
姜敬霞 喜欢 郜代军 。
李玉兰 爱上 了 吕建国 。
井海成 讨厌 张亮军 。
郭海俊 打 死 付改松 。
郭墨桥 扛 起 张姜伟 。
郑现省 批判 王金想 。
郑振卿 出卖 了 任江伟 。
杨高波 喜欢 熊俊梅 。
张俊平 讨厌 杨青桥 。
熊铁振 表扬 周自宽 。
张冉 打开 了 樊朋献 。
冀江红 批判 郭现钦 。
郭志伟 关闭 了 张运明 。
高社芳 出卖 了 王振 。
杨现立 提高 了 赵妹菊 。
魏伟利 骂 高秀娟 。
王翠芳 怒斥 朱根奇 。
王国桥 扛 起 杨现停 。
王现乔 批判 王合法 。
冀兰芳 吃 掉 了 贾俊姣 。
王恩广 关闭 了 谢敬芬 。
楚雅楠 打开 了 刘可芬 。
刘现勇 关闭 了 冯中朝 。
吕雪江 骂 朱国起 。
赵瑞英 批评 王香可 。
杨爱芳 扛 起 梁现为 。
张国友 出卖 了 张运涛 。
邱聚友 讨厌 杨平波 。
杨才印 不 喜欢 李延波 。
薛利娟 讨厌 呼丽霞 。
刘占府 批评 杨相营 。
张俊兰 扛 起 曹玉翠 。
张建章 怒斥 刘素霞 。
张社先 吃 掉 了 刘巧真 。
呼自刚 喜欢 朱存录 。
文现法 不 喜欢 杨国瑞 。
邱守营 批评 张爱新 。
梁仲勋 喜欢 耿想珠 。
张收强 吃 掉 了 张振立 。
梁现玲 怒斥 孙金占 。
马庆霞 讨厌 贾国振 。
宗记科 不 喜欢 呼磊超 。
杨保安 拥抱 了 王炳乾 。
刘凤桥 喜欢 周敬波 。
郑永娟 不 喜欢 韩占红 。
任高生 提高 了 张志华 。
未社兴 扛 起 田爱钦 。
任月想 吃 掉 了 张自战 。
宗军强 亲吻 了 江敬泽 。
朱自想 拥抱 了 张现选 。
冯俊强 爱上 了 赵俭霞 。
文合芹 亲吻 了 何丽群 。
未占修 爱上 了 陈素桥 。
刘奇彬 不 喜欢 张平军 。
周俊彩 怒斥 郭存杰 。
杨贺广 拥抱 了 王秋峰 。
贾占波 讨厌 郭密芳 。
王爱珍 打 死 王占中 。
邱记立 表扬 陈志伟 。
郑电华 打开 了 王自芳 。
马春义 扛 起 赵勇 。
江荣彩 怒斥 张红振 。
李俊想 表扬 贾国杰 。
朱书珍 关闭 了 任海强 。
郭元善 拥抱 了 冯随峰 。
胡月霞 打 死 任国才 。
张青素 爱上 了 呼根照 。
张和平 关闭 了 张营涛 。
曹瑞钦 扛 起 魏海敏 。
高民芳 出卖 了 文志国 。
王占芹 喜欢 石文君 。
郑志桥 批判 孔换平 。
郭志安 骂 朱东选 。
杨先华 关闭 了 张丽红 。
邱怀彦 讨厌 郑桂兰 。
郭素芬 不 喜欢 王在桥 。
冯爱芬 扛 起 贾社桥 。
王秋海 拥抱 了 邱银录 。
安立娜 不 喜欢 任相珠 。
任相峰 扛 起 李瑞彩 。
郑卷波 提高 了 文秀芳 。
郭占士 关闭 了 刘俊乔 。
高占强 骂 文敬霞 。
马巧素 喜欢 冯卫普 。
陈相春 吃 掉 了 郭孟现 。
冀现军 批判 郭征伟 。
赵俊卿 打开 了 王占胜 。
宗俊立 出卖 了 江艳功 。
陈西印 骂 郑香珠 。
梁章轩 喜欢 王双霞 。
朱国申 打 死 任相宽 。
贾桂芳 扛 起 胡社毫 。
朱相姣 批判 杨印玺 。
郭瑞涛 亲吻 了 郭彦红 。
张合京 表扬 宗进强 。
张占增 扛 起 陈爱增 。
孙占书 出卖 了 宗尽尚 。
梁进现 吃 掉 了 于兵磊 。
韩社起 批评 宗山良 。
陈占岭 关闭 了 刘孟收 。
运振军 拥抱 了 王迎信 。
吕月峰 喜欢 周新双 。
郜振卫 打 死 王汉群 。
李志永 讨厌 冯桃芬 。
贾利娜 亲吻 了 郭瑞华 。
冯占钦 扛 起 梁书娥 。
王换芳 批判 王战英 。
韩现娜 亲吻 了 于红军 。
杨安顺 关闭 了 冯合庆 。
梁现军 亲吻 了 郭现保 。
呼金英 打 死 梁香芳 。
文振辉 扛 起 陈正敏 。
熊秋珠 提高 了 杨相庆 。
张秀婷 不 喜欢 赵凤真 。
江彦平 表扬 王改芬 。
赵巧针 批评 刘占锋 。
王翠霞 怒斥 郭志杰 。
张自坤 吃 掉 了 杨江伟 。
曹雪英 表扬 李冬芬 。
王俊强 出卖 了 郜兰芬 。
陈爱民 关闭 了 呼艳花 。
曹书玲 讨厌 张梅双 。
文合彦 骂 张锐刚 。
张素娥 讨厌 薛翠玲 。
郑卷锋 批评 秦助聚 。
刘振发 打开 了 张现方 。
郭荣强 吃 掉 了 文纪芳 。
王军怀 批判 井怀安 。
王相计 扛 起 王永顺 。
马聚英 打 死 张先柱 。
吕爱先 扛 起 张俊镯 。
王月芳 打开 了 刘月英 。
张素平 亲吻 了 刘相芬 。
刘凤针 打开 了 郑孟臣 。
文合月 批评 郑卷锋 。
于占钦 亲吻 了 宗密芬 。
于相坤 亲吻 了 郑玉兰 。
邱变英 提高 了 陈密可 。
刘永现 打开 了 呼培才 。
梁俊英 吃 掉 了 于国振 。
文自平 吃 掉 了 冯奎珍 。
李俊峰 讨厌 郭见伟 。
赵肖丽 不 喜欢 曹魁军 。
郑凤钦 出卖 了 刘得民 。
任素玲 打 死 吕红泽 。
王军省 出卖 了 付占利 。
陈翠娟 讨厌 王建修 。
常景利 喜欢 朱庆宗 。
文平霞 打开 了 宗景彩 。
孙月娥 骂 于国友 。
江荣彩 亲吻 了 王自朋 。
吕趁彩 表扬 于现付 。
杨志凯 批评 王新换 。
郭丽霞 批判 李存柱 。
冯卫习 怒斥 任社霞 。
任金瑞 扛 起 韩志修 。
张现荣 提高 了 韩翠景 。
陈秘松 打 死 任麦俭 。
鞠才动 打 死 赵大军 。
运占峰 关闭 了 田翠格 。
陈爱捧 怒斥 李胜花 。
张社花 拥抱 了 张进方 。
马翠敏 表扬 李建锋 。
韩永轩 出卖 了 张社改 。
李聚安 打开 了 呼兆彬 。
刘利霞 怒斥 张兆民 。
郑朋习 讨厌 宗现芳 。
朱瑞平 表扬 王相臣 。
郭胜英 表扬 杨存峰 。
周雪峰 扛 起 张志朋 。
吕永亮 喜欢 李照轩 。
呼振锁 表扬 文振营 。
刘俊民 喜欢 韩俊姣 。
张现民 亲吻 了 杨志红 。
张瑞强 表扬 梁现付 。
张金花 打开 了 郭征伟 。
宗山良 批判 刘焕锋 。
赵军胜 怒斥 刘朋姣 。
任国力 不 喜欢 呼培才 。
段换凤 扛 起 王桃芬 。
熊士强 表扬 郑山存 。
文敬选 打 死 郭朋举 。
樊国杰 扛 起 刘全杰 。
刘自恩 出卖 了 周高喜 。
刘根才 出卖 了 王敬录 。
张玉钦 提高 了 任振桥 。
于自霞 批判 郭红起 。
王学广 表扬 赵秀梅 。
郭俊姣 打开 了 贾瑞锋 。
贾利花 出卖 了 郭三朝 。
杨国信 怒斥 白素芬 。
王启文 批评 李姣芳 。
张占坤 关闭 了 韩艳华 。
李新泽 吃 掉 了 张书霞 。
冯俊针 爱上 了 文振钦 。
王中付 喜欢 赵永时 。
赵臣义 出卖 了 赵志英 。
曹密桥 喜欢 郑国恩 。
张胜利 怒斥 宗军富 。
赵帅涛 讨厌 蒙付顺 。
郭兵刚 打 死 冯书芳 。
李建肖 拥抱 了 宗连平 。
张振东 喜欢 李亚男 。
杨俊国 爱上 了 文石兴 。
江雪涛 拥抱 了 王忠祥 。
李自波 爱上 了 薛翠芳 。
杨俊国 提高 了 吕存喜 。
王可芳 爱上 了 韩社书 。
李增强 批评 杨素英 。
陈金花 批评 田重权 。
贾瑞芳 打开 了 文立功 。
贾瑞钦 关闭 了 熊黎明 。
李敬彬 爱上 了 杨国江 。
郑秀玲 打开 了 李朋 。
李秀峰 喜欢 杨印章 。
马趁玲 打开 了 文相恩 。
曹金素 怒斥 罗会丽 。
于爱竹 提高 了 于青花 。
文贵芳 吃 掉 了 邱翠钦 。
刘九现 爱上 了 呼桃修 。
陈国庆 拥抱 了 任兵伟 。
于瑞锋 表扬 呼伟娜 。
张现桥 扛 起 冯五芳 。
曹雪珍 批评 刘秀真 。
陈如生 不 喜欢 朱合平 。
韩同习 扛 起 梁社平 。
井随竹 爱上 了 朱敬芬 。
张爱国 出卖 了 陈占国 。
周丽霞 怒斥 罗风兰 。
王社桥 出卖 了 郭自钦 。
刘翠真 打开 了 熊同占 。
未趁 讨厌 郭巧 。
井相引 不 喜欢 王艳霞 。
张付民 出卖 了 刘敬可 。
郜麦巧 吃 掉 了 熊国才 。
李社红 吃 掉 了 马雪红 。
李焕玲 喜欢 侯月英 。
张新次 喜欢 邵慧霞 。
运存换 出卖 了 江存记 。
朱坐营 批评 张现波 。
郑中乔 关闭 了 刘高志 。
李国超 不 喜欢 曹献营 。
杨秋珠 打 死 江未钦 。
刘占朴 拥抱 了 冯卫普 。
韩社霞 批判 王聚民 。
文秀芳 不 喜欢 张彦垒 。
熊占营 拥抱 了 苗相英 。
韩占选 骂 文俊超 。
陈士波 亲吻 了 宗运良 。
柏姣彩 讨厌 杨瑞平 。
李晓丽 爱上 了 宗占奇 。
任聚海 打 死 郭颜辉 。
梁彦强 怒斥 郭相巧 。
呼义臣 吃 掉 了 郭伟 。
文占花 关闭 了 张月景 。
靳林起 出卖 了 贾振营 。
李秘芬 怒斥 王改社 。
段彩银 怒斥 文彦玲 。
孙月娥 打开 了 孙彦亮 。
马景社 喜欢 李荣花 。
田爱钦 吃 掉 了 韩段霞 。
朱爱霞 关闭 了 张姣芬 。
郭占英 拥抱 了 李改霞 。
鞠圣贤 骂 王彦芬 。
文战岭 扛 起 朱庆合 。
张留付 爱上 了 井从忍 。
秦社华 出卖 了 张敬云 。
于进显 喜欢 韩现存 。
文换香 出卖 了 刘玉祥 。
宗翠玲 骂 于巧存 。
张桂芬 讨厌 王尽民 。
曹相民 批判 郭改峰 。
陈振轻 不 喜欢 王永波 。
杨天增 提高 了 李现平 。
邱彦丽 批评 段记华 。
王迎平 骂 运振军 。
韩照伟 爱上 了 孔爱新 。
仇荣芬 批判 陈士刚 。
江志军 批判 刘存志 。
王翠敏 不 喜欢 梁国辉 。
杨安录 爱上 了 张立军 。
吕记军 喜欢 冯桃钦 。
贾随娟 吃 掉 了 韩高捧 。
宗占民 吃 掉 了 梁培超 。
运志华 扛 起 罗丽娜 。
刘素环 爱上 了 王社安 。
李清霞 扛 起 刘喜娥 。
郭俊民 拥抱 了 李建刚 。
叶占民 打 死 吕秋改 。
赵军胜 批判 刘合存 。
江国涛 批判 张现法 。
贾付仓 出卖 了 任俊勇 。
王书泽 批判 郑志恒 。
张桥书 出卖 了 郭献涛 。
宗巧景 爱上 了 贾俊玲 。
文常有 扛 起 陈利波 。
梁丽华 提高 了 曹喜娟 。
王占省 骂 兰玉华 。
冯自卫 喜欢 刘增轩 。
周永恒 打开 了 贾尽格 。
刘荣华 提高 了 任青芬 。
郑敬先 批判 李顺方 。
文川卫 打 死 王占军 。
王炳乾 打 死 梁现琢 。
文俊霞 骂 仝秋姣 。
刘自营 扛 起 刘俊生 。
梁瑞广 骂 杨建峰 。
刘占次 拥抱 了 宋瑞娟 。
于须奇 吃 掉 了 李占钦 。
任自懂 吃 掉 了 宗改峰 。
李现红 喜欢 文洪亮 。
吕全奇 骂 王红花 。
安英波 批评 文群花 。
张社香 拥抱 了 贾士英 。
杨社俭 爱上 了 朱庆元 。
井永杰 表扬 文庆力 。
宗怀录 不 喜欢 孙德志 。
李自夺 吃 掉 了 张红杰 。
王同增 吃 掉 了 郭存义 。
任习坤 关闭 了 呼自想 。
宗晓娜 骂 于雪芳 。
郭现忠 爱上 了 宗雪华 。
袁现捧 批判 冯永波 。
吕瑞锋 骂 李国才 。
文俊超 讨厌 王金才 。
文吉普 讨厌 曹玉英 。
张水露 批判 呼朋才 。
李书鹤 骂 任敬兰 。
黄春梅 喜欢 马秋义 。
宗爱琢 批判 朱志勇 。
张巧芬 提高 了 宗志杰 。
刘现强 出卖 了 文翠红 。
陈军花 出卖 了 刘银峰 。
郭现恩 讨厌 郑敬卫 。
郑永仓 吃 掉 了 王现安 。
李晓艳 喜欢 郭社芬 。
运爱华 爱上 了 杨雪娥 。
文战岭 亲吻 了 张国显 。
任俊利 关闭 了 魏自中 。
任胜龙 打 死 王海霞 。
郜京锁 爱上 了 文改庆 。
王振英 批判 王现国 。
罗崔平 不 喜欢 文便芳 。
刘贵平 提高 了 李永现 。
王江宽 骂 邱洪彦 。
杨国良 吃 掉 了 张桃珍 。
孙自玲 批判 刘雪玲 。
宗占强 不 喜欢 韩红全 。
郭爱玲 出卖 了 郭义军 。
刘素英 吃 掉 了 杨保杰 。
吕敬泽 扛 起 刘现国 。
运胜川 不 喜欢 文俊兴 。
郭广涛 表扬 全莉 。
李明印 关闭 了 杨爱国 。
郭现斋 表扬 陈怀法 。
王雪景 出卖 了 陈段钗 。
王高发 亲吻 了 郭桂娟 。
黄怀民 提高 了 鞠占为 。
张冠辉 扛 起 朱自民 。
郑改珠 亲吻 了 王现宽 。
王自英 打开 了 郑现省 。
曹臣西 讨厌 段红玲 。
郑山存 批评 杨振忠 。
郑见立 表扬 赵运钦 。
文国瑞 出卖 了 吕爱永 。
郭五京 爱上 了 郜志娟 。
马金平 批评 贾贯霞 。
王照杰 骂 陈聚民 。
于文玲 关闭 了 朱瑞芳 。
李建芳 怒斥 朱占力 。
任玉良 讨厌 赵爱芬 。
刘现朝 批判 陈占强 。
宗改藏 讨厌 杨军成 。
王志娟 批判 高文社 。
未焕先 表扬 王改兰 。
张改娇 关闭 了 张军其 。
张翠英 关闭 了 郑伟华 。
韩卫忠 表扬 张朋江 。
韩志敏 喜欢 杨自胜 。
耿景祥 吃 掉 了 王爱芬 。
吕瑞锋 表扬 江红芳 。
何连俊 拥抱 了 刘金平 。
张志刚 讨厌 贾付刚 。
鞠社动 讨厌 王银芳 。
杨建坤 喜欢 杨相恩 。
侯自花 表扬 呼兰亭 。
王社军 扛 起 王敬红 。
梁社培 批判 冯秘玲 。
耿相安 讨厌 李俊营 。
吕随群 打 死 郭会玲 。
杨塞红 拥抱 了 葛亚平 。
李占华 怒斥 郭雪亮 。
郭水英 喜欢 杨印泽 。
郭翠花 表扬 宗现芳 。
刘进英 吃 掉 了 郜敬次 。
樊相友 爱上 了 文芬娥 。
杨趁敏 扛 起 赵自钦 。
任尽长 关闭 了 吕建伟 。
吕艳朝 出卖 了 王书钦 。
任焕菊 批评 李书显 。
王翠芹 不 喜欢 陈振永 。
张云花 吃 掉 了 王晓强 。
韩军习 拥抱 了 韩小景 。
江占平 提高 了 江敬朝 。
王瑞选 批评 韩卫先 。
张德全 怒斥 曹现奇 。
任晓磊 讨厌 李国才 。
王文池 骂 郜会英 。
熊国战 批判 王记恩 。
张占蕊 扛 起 侯现法 。
孙麦娥 打开 了 王国林 。
孟秀峰 讨厌 朱爱珍 。
王配芬 关闭 了 赵俊彩 。
李海军 提高 了 王墨芝 。
任庆斋 批评 刘占起 。
吕赵英 讨厌 郑兵申 。
王利明 关闭 了 王立新 。
常利霞 亲吻 了 张志超 。
文素花 扛 起 张翠雪 。
陈户彬 批判 蒙晓利 。
文秀芳 亲吻 了 王永宽 。
王社江 批评 郑国立 。
张秋江 亲吻 了 罗印捧 。
任国奇 讨厌 张相英 。
李杨庆 表扬 张社普 。
冯中朝 拥抱 了 文书方 。
宗国占 不 喜欢 周雪瑞 。
张瑞钦 批评 陈瑞庆 。
贾丽敏 表扬 周秀荣 。
刘敬习 打开 了 李臣平 。
李雪振 骂 任敬轩 。
冯自英 扛 起 任建刚 。
郭旭光 亲吻 了 熊聚卫 。
蒙瑞镯 不 喜欢 郜臣江 。
任来夫 亲吻 了 于自强 。
何晓花 打 死 朱海现 。
张兰强 打开 了 郭相雪 。
冀社彩 吃 掉 了 郭增宽 。
鞠建选 扛 起 杨雪花 。
王喜玲 打 死 张存显 。
郭军世 提高 了 马景社 。
韩丛钦 批评 孙瑞英 。
张江山 不 喜欢 李志红 。
张顺江 扛 起 马随可 。
刘国永 提高 了 运士强 。
杨书才 亲吻 了 冯少甫 。
江凤旺 打 死 王春景 。
刘便可 批判 蒙占梅 。
郭相法 关闭 了 吴平 。
曹敬芳 关闭 了 鞠中选 。
郜京锁 表扬 陈五改 。
任红钦 不 喜欢 朱朋钦 。
朱社为 提高 了 张自钦 。
谢社兰 出卖 了 于敬伟 。
李淑香 批判 赵红卫 。
张章秋 批判 马电钦 。
江留芬 怒斥 张随涛 。
梁增顺 讨厌 李瑞乔 。
宋红霞 提高 了 宗付臣 。
朱翠镯 怒斥 张敬振 。
郭改景 讨厌 马芬素 。
呼三徐 批判 曹永强 。
李徐芬 打 死 张焕英 。
梁志英 打开 了 郭相奇 。
江瑞想 不 喜欢 张秀环 。
杨永杰 出卖 了 任焕可 。
王海亮 打开 了 张庆立 。
江占士 表扬 熊士宽 。
郜敬恩 吃 掉 了 江自花 。
张换芳 批评 文国顺 。
冯占波 爱上 了 马正昌 。
曹焕姣 喜欢 张国岭 。
郭自兵 扛 起 郭相针 。
王志国 讨厌 宗二民 。
张配轩 喜欢 杨珠兰 。
杨春增 批判 邱文学 。
李仕轩 不 喜欢 王东振 。
梁聚泽 出卖 了 郭双田 。
宗国增 出卖 了 任志涛 。
熊自霞 不 喜欢 张胜强 。
贾利娜 扛 起 韩艳华 。
耿彦涛 表扬 未月英 。
韩卫锋 怒斥 郑先玲 。
冯占杰 表扬 文瑞丛 。
刘瑞霞 出卖 了 王银梅 。
文振朝 批判 王加强 。
冯章波 怒斥 呼胜利 。
李杨庆 拥抱 了 张现卫 。
孙敬霞 讨厌 王翠玲 。
杨彩书 打开 了 李志波 。
冯全占 吃 掉 了 于章军 。
杨自胜 批判 曹瑞芳 。
郭现聚 怒斥 宗国涛 。
任妹玲 打开 了 任振国 。
江瑞广 爱上 了 陈继捧 。
张文朝 爱上 了 于国彦 。
刘根春 亲吻 了 贾庆田 。
袁素景 亲吻 了 赵恩民 。
李红卫 提高 了 吕西贵 。
刘爱军 讨厌 井怀成 。
张俊军 打 死 郭现超 。
任玉杰 出卖 了 吕现习 。
王红花 表扬 张密芳 。
王彦昌 骂 郑利玲 。
朱密钦 爱上 了 运香芬 。
郭现超 出卖 了 韩卫修 。
王社连 提高 了 江彦军 。
李翠停 怒斥 张书安 。
韩永刚 打 死 吕建伟 。
张相娇 出卖 了 张景书 。
朱朝军 表扬 李军杰 。
郭三朝 不 喜欢 韩景素 。
郑相民 打 死 郭志霞 。
文合民 吃 掉 了 张锐灵 。
李兰风 打开 了 杨凤英 。
郑海卫 怒斥 郭新江 。
王彦华 表扬 曹占付 。
赵现修 批判 赵胜利 。
杨章顺 批评 杨凤珠 。
杨峻英 怒斥 张随涛 。
张瑞敏 不 喜欢 文俊章 。
赵青珠 拥抱 了 于敬芬 。
梁军奇 喜欢 杨丽娜 。
吕朝勇 怒斥 田趁红 。
张振显 出卖 了 马志英 。
梁军奇 打 死 王占付 。
高香美 批评 杨素利 。
耿彦涛 出卖 了 郑合梅 。
贾云平 吃 掉 了 郑建花 。
刘红霞 出卖 了 刘捧钦 。
于顺来 出卖 了 文大军 。
刘永红 批评 杨晓松 。
王艳利 不 喜欢 刘相贤 。
郑平花 扛 起 朱桃珍 。
马社英 不 喜欢 郭丽霞 。
郭俊景 打开 了 朱社军 。
呼敬仓 讨厌 于现英 。
未国红 提高 了 梁现岭 。
吕桂芬 关闭 了 王秋月 。
张桂芳 拥抱 了 王改盼 。
郑社钦 喜欢 张聚强 。
孙占宽 批判 李文庆 。
田丽华 喜欢 江瑞红 。
刘占军 扛 起 朱进良 。
冯占英 扛 起 袁建芳 。
文振英 打开 了 郭社桥 。
刘彩捧 扛 起 张军停 。
张占永 关闭 了 韩合强 。
张现霞 拥抱 了 井保花 。
郭章民 提高 了 刘仕灏 。
文美玲 打 死 张书义 。
梁钦霞 批评 冀瑞方 。
杨聚山 骂 孙自玲 。
孙凤仙 爱上 了 井增民 。
陈自平 不 喜欢 曹翠峰 。
田国红 打 死 李朋伟 。
文国永 批评 张少功 。
任双镯 批评 陈瑞平 。
李彩钦 批判 张瑞凤 。
宗高旺 怒斥 冯俊霞 。
贾瑞桥 打开 了 于相安 。
郭俊山 扛 起 呼现胜 。
李桂芬 批判 文来亭 。
梁中杰 爱上 了 薛社霞 。
李海全 喜欢 杨国权 。
杨记芬 打开 了 李战杰 。
韩现峰 批评 王凯娟 。
郑铁合 批评 王自朋 。
于国友 爱上 了 贺朋朋 。
唐爱珍 爱上 了 吕双奇 。
运胜强 关闭 了 张素芳 。
白艳红 批判 陈朋斋 。
闫晓宁 打 死 吕焕铃 。
罗春花 拥抱 了 马占华 。
郭相荣 打 死 冯瑞景 。
王现宽 怒斥 任翠平 。
靳志岭 打开 了 孟瑞彩 。
鞠红亮 拥抱 了 呼兰英 。
李朋伟 骂 江丽霞 。
未电军 批评 宗国勇 。
冀捧霞 批评 何翠英 。
文玉长 吃 掉 了 贾月婷 。
江占霞 骂 韩改芳 。
朱存平 扛 起 陈自民 。
红敏 打 死 梁翠娥 。
刘占保 批评 朱彦蕊 。
张海玲 表扬 郭国顺 。
刘翠香 亲吻 了 张自宽 。
任雪安 批判 郭兵营 。
王敬现 批评 曹占岺 。
李书鹤 扛 起 杨二红 。
张泽民 喜欢 张录平 。
熊随霞 讨厌 甚秀梅 。
刘现英 出卖 了 王士言 。
郑振修 骂 刘文生 。
任金占 批判 赵占英 。
韩瑞宽 骂 蒙利芳 。
张社芳 提高 了 张雪现 。
杨江次 骂 贾瑞巧 。
赵瑞芬 表扬 高彦华 。
郑志想 打 死 周翠霞 。
郭习 爱上 了 袁翠金 。
李艳霞 批判 谷向引 。
文社平 拥抱 了 郭印广 。
张雪堂 骂 李海军 。
运大娟 提高 了 文彦丽 。
任建岺 讨厌 胡巧玲 。
郑国庆 讨厌 王月书 。
任双明 提高 了 郑翠停 。
文孟修 表扬 陈发领 。
张利想 喜欢 张德轩 。
郭章钦 亲吻 了 韩亚旭 。
张士坤 关闭 了 熊随钦 。
刘敬霞 亲吻 了 赵月真 。
罗志平 打开 了 张增朝 。
王俊改 喜欢 贾随强 。
王彦杰 扛 起 韩占强 。
郭志杨 喜欢 朱兆申 。
李相巧 打 死 刘敬桥 。
郑三国 拥抱 了 郑铁良 。
冯守利 表扬 冯秀山 。
陈自伏 打 死 杨相钦 。
李爱社 爱上 了 文合民 。
王路红 关闭 了 李明江 。
于书平 批评 王国印 。
于改引 不 喜欢 任彩峰 。
王洪标 不 喜欢 吕志国 。
于京宽 爱上 了 宗志坤 。
郭爱梅 表扬 井宗民 。
杨安庆 打开 了 赵翠平 。
陈雷涛 怒斥 刘春芳 。
未社民 扛 起 许学文 。
刘西良 讨厌 韩英臣 。
段秘霞 表扬 兰章峰 。
张占杰 打开 了 冯占英 。
井占桥 不 喜欢 王晓杰 。
王金玲 不 喜欢 张国顺 。
张九完 骂 杨国顺 。
张营涛 扛 起 王雪景 。
郭秋波 喜欢 于兵磊 。
黄永真 讨厌 未可丽 。
王洪峰 表扬 金彩霞 。
李梦领 出卖 了 杨士权 。
王风英 不 喜欢 马晓娟 。
张桃珍 不 喜欢 王趁新 。
朱章臣 扛 起 任敬桥 。
贾庆配 出卖 了 曹永轩 。
任素峰 批判 吕付顺 。
井青素 关闭 了 贾士磊 。
陈永霞 批评 贾现修 。
李庆芳 喜欢 陈艳霞 。
刘占国 提高 了 聂香玲 。
赵志伟 亲吻 了 张晓茹 。
宗国祥 骂 张芳霞 。
朱敬华 批判 朱闫送 。
仝奎芳 扛 起 贾瑞习 。
任敬刚 怒斥 王秋月 。
李红涛 打 死 梁雪华 。
赵爱景 提高 了 高建芳 。
王丽霞 扛 起 运翠钦 。
高现旺 批评 呼随英 。
任巧花 怒斥 吕凤桥 。
刘增民 亲吻 了 韩相奇 。
孙社芳 批判 于敬畅 。
吕永谦 怒斥 文金花 。
任素玲 提高 了 田翠英 。
赵翠芬 出卖 了 呼敬娟 。
郭玉芳 喜欢 张自贤 。
贾随起 亲吻 了 杨江勇 。
郑军彩 亲吻 了 文相杰 。
李志贤 怒斥 郭少军 。
张国堂 表扬 李自霞 。
吕增强 怒斥 刘西利 。
赵志杰 批评 李路军 。
呼利红 吃 掉 了 杨军刚 。
王普 亲吻 了 张娟霞 。
李俊华 亲吻 了 王改想 。
魏志谦 讨厌 文银普 。
朱现宽 不 喜欢 刘银峰 。
张翠平 讨厌 胡自钦 。
李同江 批评 仝书芳 。
郑要敏 打开 了 未秋芳 。
吕瑞英 扛 起 杨俊义 。
候雅萍 不 喜欢 段国宾 。
杨珠兰 骂 赵钦如 。
朱庆花 打 死 郑玉芝 。
高贵芬 打开 了 王尽良 。
文姣平 关闭 了 王伟民 。
吕章奎 关闭 了 郭聚敏 。
呼现霞 拥抱 了 邱敬录 。
陈聚斋 骂 魏改巧 。
李兵强 打 死 任景顺 。
王炳乾 批判 宗尽英 。
霍金铃 亲吻 了 梁翠芬 。
杨俊英 批评 赵晓娜 。
未九霞 骂 郭朋习 。
井庆修 怒斥 李运营 。
齐丽英 吃 掉 了 郑建华 。
井红印 骂 李章庆 。
侯记铃 讨厌 郑占永 。
尧艳青 扛 起 江自强 。
朱香社 骂 王彩景 。
王彩霞 怒斥 王敬霞 。
郑兰英 亲吻 了 陈艳玲 。
曹相英 打开 了 刘小辉 。
孟俊红 爱上 了 吕高奎 。
梁秘花 提高 了 朱庆臣 。
张少强 喜欢 任占仓 。
李金玲 出卖 了 杨来锁 。
呼存旺 不 喜欢 刘彦红 。
郭占举 关闭 了 文兆刚 。
马敬雨 吃 掉 了 孙翠想 。
井朝芳 爱上 了 张素英 。
李玉朝 亲吻 了 张捧霞 。
刘付勇 讨厌 郭改连 。
李段花 爱上 了 王洪宣 。
李卫坤 打开 了 于广青 。
李密玲 出卖 了 赵敬花 。
韩安民 提高 了 薛红芳 。
熊现民 亲吻 了 张瑞姣 。
李雪奇 吃 掉 了 冯卫芳 。
陈向轩 批判 邱安营 。
郭朋举 提高 了 张敬明 。
王文相 提高 了 冯翠想 。
张忠强 拥抱 了 张记奎 。
张相朝 亲吻 了 王现振 。
杨敬先 打 死 陈聚斋 。
吕军平 扛 起 张雪霞 。
李增占 讨厌 郭振勇 。
赵书荣 爱上 了 赵爱英 。
王风桥 喜欢 赵现杰 。
吕建刚 不 喜欢 杨印广 。
韩朋先 不 喜欢 李社堂 。
朱翠玲 吃 掉 了 韩银琢 。
冠月珍 扛 起 呼现西 。
郑胜奇 打 死 张士坤 。
田永超 表扬 陈相印 。
文贵元 批评 运广太 。
吕水霞 讨厌 未密英 。
贾瑞波 打 死 郭换荣 。
郑利敏 打 死 龚志霞 。
王海水 打开 了 呼现英 。
张晓莉 批评 张红英 。
王香媒 喜欢 王敬想 。
王聚海 出卖 了 张瑞轩 。
叶换荣 不 喜欢 侯素可 。
张青霞 拥抱 了 贾翠英 。
运然超 关闭 了 运路娜 。
未俊想 吃 掉 了 朱军营 。
刘改素 讨厌 王风云 。
郭现波 关闭 了 柏换芳 。
王利红 批评 李现友 。
文国杰 喜欢 冯瑞玲 。
郭项立 骂 刘社强 。
聂麦秀 打开 了 贾翠英 。
于振中 出卖 了 李占平 。
周可霞 出卖 了 贾彩芳 。
张现权 表扬 郑玉锋 。
杨青桥 批评 未彦想 。
文留花 讨厌 郭青可 。
李国民 讨厌 郭社先 。
连慕花 批判 赵丰收 。
李增考 出卖 了 任改菊 。
冯运锁 表扬 李巧芬 。
阮建花 关闭 了 王存峰 。
李战景 亲吻 了 贾占付 。
刘雪平 不 喜欢 张随涛 。
呼敬峰 喜欢 李永钦 。
贾俊山 骂 陈士刚 。
王省奎 吃 掉 了 朱存仓 。
张丁丑 亲吻 了 王自琢 。
王雪起 扛 起 张志娟 。
刘占轻 喜欢 郭丽敏 。
王军怀 讨厌 刘双福 。
韩占全 不 喜欢 曹利霞 。
高秀娟 表扬 冯振峰 。
王巧芬 喜欢 张德志 。
郭印保 吃 掉 了 王艳玲 。
刘翠英 不 喜欢 张聚坤 。
熊丽平 批判 吕会峰 。
蒙瑞利 爱上 了 郭相奇 。
孙晓磊 出卖 了 宗红朝 。
文如意 批判 冯双振 。
赵永生 表扬 韩丽霞 。
杨爱平 讨厌 张自宽 。
尹秋真 出卖 了 贾国芳 。
运相录 扛 起 贾社珍 。
张国芳 出卖 了 立占英 。
文立功 批判 张国荣 。
郭彦岭 打 死 王占社 。
李敬彬 怒斥 宗占国 。
孙敬敏 出卖 了 李彦京 。
任敬桥 不 喜欢 马翠芬 。
赵晓着 怒斥 呼金虎 。
邵丽平 骂 王凤云 。
朱国庆 批评 郭文现 。
李庆芳 表扬 张梅双 。
宗月华 打 死 宗胜轩 。
郑建民 讨厌 文志平 。
朱国申 关闭 了 王赏辉 。
王洪乔 表扬 朱瑞敏 。
吕翠钦 怒斥 郑虎豹 。
张密改 拥抱 了 江秋申 。
于较芬 拥抱 了 郑国伟 。
张树申 出卖 了 王自琢 。
郭印书 骂 林建振 。
马爱喜 爱上 了 郑付杰 。
熊志勇 关闭 了 梁红强 。
王留锁 拥抱 了 杨朋景 。
邓飞兰 出卖 了 梁雪华 。
田红引 出卖 了 呼自群 。
冯留芬 出卖 了 冯春强 。
江彦岭 讨厌 刘纪宽 。
李秀芳 批评 江俊可 。
梁占仓 吃 掉 了 张焕英 。
王进录 提高 了 田照波 。
郭关信 亲吻 了 陈雪乔 。
梁素恩 不 喜欢 宗俊先 。
郑卷省 喜欢 王得敬 。
王占才 打 死 刘相才 。
任省伟 不 喜欢 杨李站 。
李敬军 扛 起 运胜强 。
张爱珠 讨厌 熊现泽 。
杨焕青 提高 了 曹瑞红 。
未俊江 扛 起 于巧存 。
王轻芬 扛 起 张水露 。
朱英次 提高 了 吕五法 。
王兵修 提高 了 李海宽 。
张相朝 吃 掉 了 王俊捧 。
张江花 爱上 了 宗金保 。
朱桂姣 不 喜欢 李雪奇 。
李瑞民 亲吻 了 郑振卫 。
张新改 拥抱 了 贾建国 。
郑占西 表扬 王兴伟 。
吕改存 骂 郑海申 。
运英杰 拥抱 了 刘志玲 。
郭海修 讨厌 井利忍 。
赵现泽 怒斥 江瑞平 。
杨志轩 关闭 了 李聚安 。
李占军 吃 掉 了 刘高永 。
贾建芳 讨厌 吴现芬 。
杨勇立 爱上 了 曹艳香 。
张段华 吃 掉 了 冀瑞红 。
吕趁先 骂 贾学民 。
熊根才 骂 吕新山 。
耿想珠 怒斥 熊密珍 。
檀小丽 批评 任文泽 。
赵朋印 出卖 了 尚海花 。
于敬畅 亲吻 了 高贵峰 。
贾国印 提高 了 刘海发 。
李巧玲 亲吻 了 郭英 。
张明芳 亲吻 了 郭青焕 。
马相霞 批判 郭合芬 。
宗占江 喜欢 郑丽英 。
吕艳普 不 喜欢 刘瑞焕 。
鞠胜京 爱上 了 杨国占 。
陈贯杰 扛 起 马丽霞 。
刘占魁 不 喜欢 郑利辉 。
胡须顺 提高 了 李相娥 。
郭变青 提高 了 郑忠杰 。
王东振 批判 文建花 。
曹俊成 出卖 了 杨先芳 。
陈项波 讨厌 张随可 。
冯社宏 打 死 郑可真 。
张月俭 亲吻 了 张现付 。
于春才 批判 张进方 。
魏剑波 不 喜欢 井瑞民 。
梁敬霞 提高 了 李振伟 。
张青珠 拥抱 了 凡记兰 。
陈军利 提高 了 郭占根 。
王桂霞 讨厌 梁素可 。
宗金涛 打开 了 运国如 。
郭俊永 批判 宗现普 。
宋俊钦 提高 了 张孟钦 。
王武生 出卖 了 熊聚平 。
于广省 骂 文桥芳 。
郭彩霞 爱上 了 梁振波 。
井印普 表扬 郭俊花 。
贾换芬 表扬 郑志刚 。
胡社毫 不 喜欢 郭聚才 。
文占永 不 喜欢 文合芹 。
王四姣 不 喜欢 宗爱琢 。
任春海 扛 起 王霞粉 。
王照习 打 死 张灵巧 。
李才须 打开 了 李桃英 。
刘迎昌 关闭 了 杨相芳 。
蒙春景 爱上 了 刘趁景 。
江国争 拥抱 了 武玲娟 。
李占钦 提高 了 韩怀习 。
李银花 讨厌 王文奎 。
宗存章 打开 了 张社田 。
赵英涛 关闭 了 梁彦强 。
张发祥 亲吻 了 杨振杰 。
宗永华 出卖 了 张振芳 。
冀志杰 打开 了 张振平 。
张书玲 拥抱 了 梁现举 。
陈喜斋 表扬 刘守整 。
马迎春 关闭 了 扣九任 。
朱社彩 批评 张树申 。
赵瑞亭 表扬 张军停 。
郭顺江 打开 了 郑相坤 。
郑贵芬 亲吻 了 文合月 。
赵朋举 拥抱 了 呼社芳 。
邱慧录 批评 郭长虹 。
马素芹 喜欢 于书玲 。
朱俊霞 扛 起 张占栓 。
王革 亲吻 了 李胜波 。
郑改锋 表扬 曹占岺 。
陈新房 拥抱 了 田建民 。
王庆民 骂 于春才 。
宗文京 批判 熊红为 。
梁晓胜 吃 掉 了 郭章保 。
陈士谦 吃 掉 了 运俊想 。
韩卫先 骂 陈丽敏 。
江战友 亲吻 了 赵月英 。
刘春峰 爱上 了 王社奎 。
未相争 批评 孟凡杰 。
张建章 表扬 赵先纪 。
郭胜普 提高 了 李竟先 。
李瑞强 讨厌 李配霞 。
任玉振 批判 郑慧芳 。
文国英 扛 起 吕瑞可 。
任学廷 提高 了 于敬才 。
郭书占 不 喜欢 周学芳 。
王国力 表扬 李存泽 。
冯士远 讨厌 郑月娥 。
邱章顺 提高 了 郜留根 。
李永凯 拥抱 了 张庆丰 。
郭国英 批判 张敬民 。
王桃真 打开 了 苗相英 。
宗尽英 批判 郭玉磊 。
张广兴 打开 了 杨月可 。
杨相景 骂 文合修 。
赵妹玲 不 喜欢 张建丽 。
王国胜 提高 了 张敬考 。
韩瑞习 亲吻 了 江麦朝 。
冀同科 扛 起 任相朝 。
朱晴晴 喜欢 郑现省 。
郑占卫 讨厌 李雪军 。
井朝旺 打开 了 冯振普 。
江现忠 怒斥 崔红 。
马电钦 提高 了 王晓娜 。
柏姣彩 打 死 李艳玲 。
郭双祥 拥抱 了 张金波 。
朱敬姣 讨厌 刘连生 。
杨胜利 亲吻 了 张振才 。
杨永豪 喜欢 李忠芳 。
吕朋修 关闭 了 王记恩 。
杨双付 爱上 了 李建华 。
刘东亮 亲吻 了 于宗顺 。
朱翠平 表扬 丁妹芬 。
于小兵 亲吻 了 郭俊民 。
李俊双 出卖 了 朱庆合 。
郑红英 出卖 了 马香可 。
陈振磊 怒斥 李存柱 。
王翠镯 批判 李庆收 。
阎敬钗 出卖 了 熊红娟 。
曹玉翠 爱上 了 郭占瓷 。
王卫群 关闭 了 陈群录 。
段翠娟 爱上 了 郑随振 。
王占捧 打开 了 冀双海 。
张相才 关闭 了 郑铁申 。
文平安 出卖 了 运藏真 。
杨振国 拥抱 了 李建强 。
张俊平 讨厌 王占伟 。
刘红奇 打 死 尹占平 。
未栓力 亲吻 了 张随才 。
刘敬广 出卖 了 杨国庆 。
曹相芬 喜欢 文社芳 。
闫大社 骂 张振国 。
刘敬可 提高 了 江献广 。
王红亮 批评 张现平 。
韩永刚 扛 起 曹敬真 。
曹平振 批评 宗现芳 。
魏换利 爱上 了 朱彦静 。
郭双存 打开 了 郭社军 。
张邵军 讨厌 吕红昌 。
宗建琢 提高 了 王爱华 。
马静丽 喜欢 朱占平 。
任振壮 批评 王怀谦 。
白相姣 亲吻 了 朱占平 。
赵俊保 关闭 了 李现钦 。
赵志刚 怒斥 韩才有 。
文秦芬 讨厌 任运生 。
张志捧 亲吻 了 赵桂荣 。
宗雪华 关闭 了 王希振 。
李凤景 拥抱 了 于营军 。
朱少领 关闭 了 杨利勇 。
赵肖丽 爱上 了 郑兰英 。
杨俊友 批评 冯占强 。
朱翠芬 吃 掉 了 乔改姣 。
田建国 骂 王庆丽 。
宗安泽 怒斥 魏占胜 。
赵水印 打 死 郑卫胜 。
刘海林 骂 井河振 。
蒙栓印 不 喜欢 李增平 。
韩现娜 讨厌 赵排朝 。
高彦芬 吃 掉 了 刘瑞波 。
赵敬收 表扬 刘章卫 。
席敬芬 表扬 张静伟 。
马习香 打 死 杨素峰 。
宗现奇 扛 起 吕国印 。
连合相 讨厌 张少娟 。
张进收 拥抱 了 张艳芳 。
吕雪峰 关闭 了 运建安 。
侯丽敏 亲吻 了 贾社存 。
熊来收 出卖 了 陈运富 。
李胜永 骂 刘麦桥 。
郭慧丽 批判 何相存 。
王高发 出卖 了 梁兵杰 。
赵振洪 骂 王兵奇 。
任粉霞 出卖 了 刘彩 。
杨志霞 喜欢 蒙占娟 。
刘友志 关闭 了 张记奎 。
贾翠丽 骂 任双双 。
王占平 表扬 梁运生 。
李胜花 吃 掉 了 宗改峰 。
张梅姣 表扬 于书峰 。
李永良 骂 文敬桥 。
赵改芹 表扬 郭彦秋 。
郭荣强 拥抱 了 王栓岭 。
韩电卫 打开 了 郑国伟 。
宗翠钦 批评 李密玲 。
于家勇 怒斥 王新民 。
未可芹 批评 刘敬英 。
闫建英 打 死 宗莉尚 。
王维波 骂 未国红 。
王艺达 骂 王月英 。
张爱荣 吃 掉 了 未社花 。
吕趁意 表扬 贾桥粉 。
薛彩花 提高 了 韩现亭 。
朱肖雨 出卖 了 刘社强 。
郭月女 喜欢 赵另改 。
郜国强 讨厌 郜敬桥 。
刘留根 打 死 郭志军 。
郑国恩 怒斥 贾贯杰 。
李雷广 批判 冯素锋 。
呼雪兰 讨厌 冯彦存 。
李增占 骂 刘彦振 。
黄芳芬 扛 起 赵永收 。
王换玲 出卖 了 任伟玲 。
杨现朋 关闭 了 郑瑞显 。
王占彬 打 死 郑焕芳 。
鞠中选 亲吻 了 郑朝君 。
王运梅 出卖 了 吕钦峰 。
李可荣 不 喜欢 李超 。
李改娥 打 死 冯社彩 。
张相真 喜欢 罗社钦 。
王瑞廷 打开 了 李自桥 。
谭瑞霞 不 喜欢 文彦英 。
于艳丽 批评 文士钦 。
呼丽霞 打开 了 兰现军 。
张雪英 打开 了 刘密改 。
梁相永 表扬 于青素 。
于见收 亲吻 了 尤现朝 。
王焕荣 表扬 朱晓辉 。
吴永红 提高 了 耿景珠 。
李卫军 批判 王文超 。
张志广 提高 了 刘军习 。
郑秀玲 扛 起 任自强 。
刘海法 吃 掉 了 韩国成 。
柏记想 亲吻 了 董提玲 。
李树英 怒斥 赵相云 。
高爱芳 吃 掉 了 邱臣芳 。
王振安 亲吻 了 刘庆伟 。
文相申 拥抱 了 杨俊书 。
王娟 出卖 了 宗山良 。
刘先芳 喜欢 赵运起 。
江卫民 扛 起 张瑞桥 。
宋月芬 批判 刘聚花 。
杨翠芹 喜欢 韩占习 。
刘桃平 骂 任同兴 。
朱秘芬 拥抱 了 郑俊芳 。
张书重 吃 掉 了 王香粉 。
贾占峰 不 喜欢 李合胜 。
张胜利 关闭 了 李晓娜 。
吕凤英 拥抱 了 邱占岺 。
王占友 讨厌 李栓捧 。
连翠花 喜欢 叶爱连 。
王现才 怒斥 刘新才 。
王得功 吃 掉 了 陈占强 。
文利婷 骂 赵麦可 。
宗占喜 爱上 了 文金荣 。
贾玉玺 骂 龚书霞 。
罗丽娜 批评 赵平菊 。
文社书 不 喜欢 王占才 。
魏墨谦 提高 了 刘改平 。
刘永彪 扛 起 梁社彩 。
郭洪彬 扛 起 刘占东 。
冯军玲 关闭 了 贾俊彩 。
郑先玲 出卖 了 佘俊改 。
李雪现 吃 掉 了 吕军英 。
韩超习 打 死 贾振轩 。
张焕萍 关闭 了 张留申 。
朱俊超 表扬 张现亭 。
熊瑞钦 亲吻 了 刘根才 。
张庆伟 亲吻 了 孙月姣 。
郭顺江 不 喜欢 陈路波 。
郭怀恩 表扬 江秋意 。
杨翠真 出卖 了 王炳乾 。
赵麦芹 不 喜欢 赵付东 。
陈伟领 爱上 了 杨艳霞 。
赵存仓 打开 了 郭永修 。
崔喜真 批判 梁彦兵 。
张现方 不 喜欢 呼翠花 。
高爱香 骂 郜川周 。
任瑞景 提高 了 刘发涛 。
杨水英 吃 掉 了 任建刚 。
梁现士 打开 了 刘雪花 。
呼爱丽 表扬 周文涛 。
郭自钦 骂 梁顺民 。
王俊改 扛 起 冯爱芬 。
张自刚 吃 掉 了 王爱粉 。
宋丽丽 表扬 王得敬 。
于不会 喜欢 文建平 。
赵山根 批评 江未钦 。
王向荣 爱上 了 邱平彦 。
郑怀钦 亲吻 了 呼自宽 。
赵社想 打 死 谭俊彩 。
赵东姣 不 喜欢 刘自如 。
杨志凯 打开 了 贾付显 。
文景振 关闭 了 王社奎 。
杨营涛 吃 掉 了 任振蒙 。
郭如英 不 喜欢 张现存 。
耿彦红 亲吻 了 于敬泽 。
文银緒 拥抱 了 刘相录 。
李现奇 表扬 张纪付 。
梁彦兵 吃 掉 了 贾庆习 。
宗军普 批判 冀相杰 。
高文英 扛 起 文存普 。
李朋社 拥抱 了 运翠花 。
朱现法 亲吻 了 兰可景 。
韩雪桥 打开 了 李月芬 。
刘相桥 表扬 朱金琢 。
王现习 关闭 了 陈自军 。
郭常才 怒斥 孙占花 。
王利明 骂 兰会兰 。
陈根美 亲吻 了 黄怀民 。
李增琢 爱上 了 吕晓静 。
郭连波 喜欢 任社华 。
刘胜委 爱上 了 邱军强 。
吕建存 扛 起 张趁花 。
梁会君 打 死 任玉良 。
宗社红 爱上 了 贾占付 。
朱社存 讨厌 马素芹 。
吕艳朝 怒斥 李沛沛 。
赵贵英 打开 了 朱自想 。
赵朝阳 表扬 杨敬良 。
李贵峰 批判 李自桥 。
刘现省 批评 刘现英 。
刘会丽 批判 赵密玲 。
张见营 关闭 了 任爱云 。
韩卫玲 不 喜欢 陈姘姘 。
文保军 扛 起 郑翠真 。
赵永花 扛 起 王改芬 。
吕志轩 批评 任自平 。
康巧风 扛 起 郭现平 。
王国占 批评 刘亮奇 。
冯大刚 表扬 王雪桥 。
李英次 讨厌 江翠景 。
吕翠想 表扬 张麦忙 。
杨占奎 亲吻 了 李相彬 。
扬翠想 扛 起 邵翠玲 。
刘焕敏 拥抱 了 郭俊玲 。
李社香 不 喜欢 朱现平 。
陈为社 亲吻 了 牛书云 。
王胜磊 出卖 了 刘便可 。
杨跃宗 批评 郭宋泽 。
贾庆昌 吃 掉 了 任瑞玲 。
熊随钦 爱上 了 孙瑞玲 。
韩红强 爱上 了 李洪强 。
王丽平 批判 呼伟娜 。
梁红强 亲吻 了 王现乔 。
刘建峰 不 喜欢 张志坤 。
曹巧凤 关闭 了 李趁芳 。
李现宝 喜欢 吕自永 。
任江波 喜欢 朱记芬 。
刘国起 提高 了 杨相彬 。
郭聚领 爱上 了 呼素芳 。
冯翠芬 关闭 了 张胜想 。
宗喜社 讨厌 冯红卫 。
江振宽 不 喜欢 韩改巧 。
韩章平 出卖 了 孙芳真 。
呼伟娜 拥抱 了 江俊岭 。
陈军旺 爱上 了 郑怀江 。
吕国立 不 喜欢 江卫杰 。
侯翠书 批评 刘现奇 。
韩敬生 骂 石燕利 。
文银緒 提高 了 曹建想 。
梁秋旺 喜欢 文国永 。
朱爱芳 不 喜欢 郭社民 。
张升才 不 喜欢 郑国振 。
王中士 打开 了 井广印 。
于贵真 亲吻 了 杨青芹 。
王社芝 打 死 陈贾妮 。
井青素 怒斥 曹青花 。
郭永强 批评 杨秋珠 。
梁雪锋 讨厌 任占如 。
蒙聚才 爱上 了 未慧英 。
杨先荣 爱上 了 文合彦 。
常聚钦 拥抱 了 刘贵平 。
宗聚良 不 喜欢 朱社为 。
王香顺 讨厌 梁钦霞 。
孙秀美 关闭 了 郜占选 。
王雪敏 表扬 吕军红 。
韩香可 关闭 了 张书振 。
吕国印 批判 任永宾 。
未现民 怒斥 田相国 。
冯社民 打 死 刘瑞玲 。
朱月粉 吃 掉 了 王江涛 。
韩朋现 怒斥 范世朝 。
熊瑞敏 关闭 了 王占花 。
张密桥 亲吻 了 贾占想 。
刘金彪 不 喜欢 张留存 。
刘敬霞 打开 了 刘国训 。
吕丽霞 怒斥 郭贵景 。
江京河 亲吻 了 王敬民 。
王彦峰 批评 李朋习 。
冀小利 讨厌 赵付卫 。
朱国显 骂 刘俊民 。
陈胜录 打开 了 未平香 。
郑电轻 表扬 刘胜民 。
孙彦宽 批评 郭景存 。
刘俊钦 喜欢 李见玲 。
罗瑞想 扛 起 郭存岭 。
李文丽 亲吻 了 赵现竹 。
阎永民 打 死 张燕华 。
运藏真 讨厌 郭姣平 。
王赏辉 表扬 朱遂云 。
王华军 打 死 王俊娜 。
孙铁聚 亲吻 了 江先荣 。
刘健民 批评 朱敬珍 。
袁建芳 吃 掉 了 任高生 。
张瑞霞 不 喜欢 文兆国 。
吕庆华 出卖 了 王志亮 。
冯贵兴 批评 郭趁玲 。
白可芳 扛 起 杨增印 。
郑兰英 提高 了 赵同钦 。
马战英 不 喜欢 刘永现 。
郑可先 打开 了 王东广 。
郑见花 批判 赵妹想 。
刘国才 批判 陈自普 。
贾相花 喜欢 文现芬 。
曹可花 关闭 了 许自永 。
兰瑞娟 吃 掉 了 江未钦 。
赵俊宽 打开 了 江占士 。
李社芳 爱上 了 张志涛 。
王趁红 不 喜欢 杨国芳 。
贾建发 怒斥 杨艳霞 。
李庆山 提高 了 张顺喜 。
朱振显 骂 郑瑞韶 。
朱国印 吃 掉 了 王万顺 。
张青换 不 喜欢 王耀卿 。
陈焕玲 不 喜欢 郑建胜 。
刘海林 怒斥 陈艳军 。
李相真 不 喜欢 熊俊奇 。
宗红粉 讨厌 耿先珠 。
郭石恩 打开 了 井平社 。
文军粉 批评 张社彩 。
马瑞锋 怒斥 田利霞 。
贾杰龙 打开 了 陈朋斋 。
杨路恩 批判 张伟宽 。
文志平 批判 张照杰 。
宗秀奇 批评 邱慧卿 。
张国平 亲吻 了 王凤云 。
郑桃平 表扬 韩秀芳 。
吕朋修 骂 井随竹 。
赵贵俭 提高 了 李琼真 。
田文现 出卖 了 韩田轩 。
李想莉 讨厌 李占香 。
郭怀士 讨厌 胡俊平 。
卢爱环 关闭 了 吕为红 。
王俊巧 亲吻 了 田红引 。
赵志伟 批判 郭本善 。
韩社梅 打开 了 杨安民 。
李怀印 扛 起 庞瑞俭 。
杨振英 怒斥 张占次 。
王彩霞 打开 了 文战国 。
郜瑞玲 批评 呼现霞 。
刘善收 不 喜欢 李可钦 。
吕先锋 表扬 郭可荣 。
柏爱英 爱上 了 李孟月 。
于桂峰 爱上 了 于桂峰 。
朱冠军 讨厌 邵志美 。
朱秋真 讨厌 朱学敏 。
李国英 打 死 朱翠芬 。
郑仓收 出卖 了 赵占英 。
未秋芳 吃 掉 了 吕敬西 。
张军占 吃 掉 了 朱敬书 。
于翠敏 吃 掉 了 张妹巧 。
任占权 打开 了 郑双花 。
梁守祥 亲吻 了 郭高强 。
贾朝录 打开 了 梁现朝 。
杨相梅 表扬 赵水为 。
刘兵训 关闭 了 赵怀路 。
杨铁录 喜欢 胡社想 。
熊秀花 打 死 韩丽敏 。
李现友 喜欢 韩聚钦 。
杨进莉 批判 文洪亮 。
呼贵英 出卖 了 冀军杰 。
韩现彪 批评 杨现奇 。
刘国立 拥抱 了 曹社刚 。
罗艳霞 表扬 王合修 。
崔妹华 爱上 了 江艳从 。
兰存可 出卖 了 李付恩 。
兰配荣 表扬 宗妹贞 。
宗会英 喜欢 张相平 。
冯章恩 扛 起 杨麦芬 。
李相娥 扛 起 宗建领 。
朱国旺 怒斥 樊艳芳 。
赵振民 骂 袁红霞 。
张孟元 亲吻 了 刘国玲 。
郑雪成 吃 掉 了 于现友 。
李社英 扛 起 王艳丽 。
李书峰 爱上 了 任自超 。
张排真 扛 起 任俊勇 。
任振兴 拥抱 了 李翠廷 。
张海娥 不 喜欢 王丁立 。
呼现英 批判 梁志刚 。
宗国朝 批评 张俊英 。
郑柴玲 提高 了 王妹先 。
王玉玲 关闭 了 赵光伟 。
李国显 打 死 邵可书 。
苗顺英 打 死 王明杰 。
冯东排 提高 了 朱现芬 。
吕照轩 拥抱 了 张胜本 。
李先花 拥抱 了 任合法 。
商桂平 出卖 了 王淑玲 。
郑社钦 亲吻 了 王现军 。
邵庆琢 打 死 杨景波 。
王自坤 关闭 了 李荣花 。
郑娟芳 表扬 任双双 。
宗俊红 吃 掉 了 宋九爱 。
王献普 出卖 了 柏志广 。
贺记选 不 喜欢 李有风 。
郭国强 出卖 了 刘社想 。
刘红卫 骂 郑爱玲 。
王秋军 怒斥 运胜川 。
刘次娟 打 死 贾占东 。
刘占利 出卖 了 刘瑞娜 。
刘瑞捧 提高 了 张凤银 。
候社芬 出卖 了 郭秋波 。
江占英 出卖 了 王敬霞 。
李社奎 提高 了 赵占红 。
杨捧义 不 喜欢 张相花 。
李国芳 出卖 了 张高建 。
呼自娟 提高 了 王春付 。
候爱英 吃 掉 了 朱社真 。
李改芬 提高 了 吕高田 。
赵妹想 出卖 了 呼现军 。
冯金峰 打 死 贾瑞钦 。
呼爱淑 喜欢 张照辉 。
赵彦京 扛 起 曹保坤 。
冯自敏 关闭 了 白俊可 。
文瑞昌 打 死 邱占芳 。
杨焕真 怒斥 文国选 。
马报英 怒斥 杨翠平 。
曹新卫 打 死 陈现钦 。
王同伟 喜欢 文社钦 。
吕田聚 打开 了 王朋信 。
高密琢 批评 蒙亚省 。
韩社起 怒斥 杨素芳 。
张现国 吃 掉 了 杨建坤 。
王余才 不 喜欢 王景士 。
尹永钦 关闭 了 王月想 。
王自娟 爱上 了 王照杰 。
刘秋凤 吃 掉 了 运相得 。
杨彦兵 拥抱 了 张孟钦 。
张见文 拥抱 了 赵瑞敏 。
文现福 扛 起 陈香彩 。
刘改平 讨厌 王国桥 。
段文娟 不 喜欢 孙俊宽 。
刘金芬 骂 蒙焕想 。
张俊娟 怒斥 蒙省涛 。
仝奎芳 提高 了 魏相桥 。
王存峰 表扬 吕志红 。
杨自华 爱上 了 赵现芳 。
刘相才 打 死 吕忠奎 。
朱现民 怒斥 李忠夫 。
江同宽 不 喜欢 张姜伟 。
张纪芳 提高 了 李占坤 。
刘玉玲 提高 了 杨存花 。
梁占才 提高 了 未俊英 。
王占岭 拥抱 了 郭敬花 。
林桥丽 骂 王利娟 。
靳敬霞 出卖 了 刘春波 。
王社芝 批判 赵志彩 。
韩趁蕊 扛 起 田金花 。
高俊强 批判 陈藏彬 。
朱占平 出卖 了 刘留安 。
文社芳 批判 文雪芳 。
郭俊保 亲吻 了 冀雪霞 。
王恩翠 批判 高新占 。
熊敬书 吃 掉 了 王国顺 。
吕同聚 拥抱 了 房瑞 。
杨占强 打开 了 潭趁荣 。
王素景 扛 起 张德轩 。
郭翠兰 吃 掉 了 郑俊强 。
魏翠红 表扬 梁尽超 。
张相花 出卖 了 庞贵芬 。
孙翠芳 扛 起 孙俊芬 。
张振生 骂 于建军 。
郭三妮 打 死 庞占芬 。
熊月锋 爱上 了 杨俊岭 。
朱巧英 关闭 了 文社平 。
李志玲 批评 吕换桥 。
文庆花 怒斥 张聚起 。
王占桥 提高 了 张振捧 。
朱香芬 提高 了 郭爱民 。
未利娟 骂 李群山 。
文先粉 亲吻 了 任改菊 。
杨士杰 关闭 了 任瑞桥 。
任芳真 喜欢 李巧峰 。
江建国 不 喜欢 杨营涛 。
李剑刚 批判 杨合江 。
王改兰 批判 文敬力 。
王自芳 吃 掉 了 杨兴旺 。
韩国民 批评 冯章路 。
吕建存 关闭 了 王桃想 。
朱存东 讨厌 赵建胜 。
吕照习 怒斥 贾电民 。
蒋秀荣 扛 起 郭社俭 。
郭云考 吃 掉 了 杨敬雪 。
王社想 拥抱 了 吕红卫 。
尹占平 打开 了 吕国英 。
宗高朝 批判 刘记芳 。
文留玺 关闭 了 熊聚书 。
蒙玉琢 出卖 了 吕同聚 。
郑自振 骂 于月芬 。
王英存 骂 商桂平 。
韩占方 扛 起 吕俊喜 。
魏秘想 爱上 了 曹永轩 。
王永顺 骂 曹东升 。
赵英雷 打开 了 张文燕 。
宗连平 提高 了 贾记民 。
梁占永 骂 熊春召 。
贾社钦 讨厌 刘国权 。
文现忠 讨厌 孙聚刚 。
郜利娟 讨厌 任旭全 。
马景社 批判 韩忠伟 。
任保全 讨厌 李聚坤 。
郑双聚 关闭 了 任爱兰 。
陈社娟 怒斥 韩军涛 。
张现美 批判 孟富景 。
罗丽娜 骂 韩金彩 。
王贞想 批判 王银素 。
刘建生 扛 起 李雪军 。
郭利捧 批判 郭红振 。
田翠格 爱上 了 冯金可 。
李新奎 亲吻 了 记香翠 。
刘纪宽 骂 张永伩 。
高改粉 批判 兰跃广 。
呼秀臣 出卖 了 文改姣 。
任趁峰 骂 宋可姣 。
江贵英 打 死 王占祥 。
王振奇 喜欢 赵瑞玲 。
张现法 亲吻 了 王如钦 。
朱雪芬 扛 起 宗麦峰 。
张胜利 关闭 了 张彦平 。
郭贵景 拥抱 了 任国奇 。
郭训涛 亲吻 了 于江波 。
郑利娜 批评 陈现书 。
任月书 批判 刘兰照 。
张随宾 讨厌 杨贺强 。
文风环 不 喜欢 文保珠 。
于翠芹 吃 掉 了 郭占柱 。
郭九社 关闭 了 江建超 。
张春芳 打开 了 马晓娟 。
张军峰 骂 吕玲 。
冯占花 提高 了 张用栓 。
郭换真 讨厌 郑遂芳 。
陈守波 怒斥 贾香峰 。
任雪振 出卖 了 霍华庆 。
王增玉 批判 王艳瑞 。
蒙尽忠 批判 王双朋 。
曹雪卫 吃 掉 了 张照义 。
赵遂霞 打 死 陈自琢 。
郑瑞强 吃 掉 了 宗亚辉 。
运占芳 不 喜欢 张俊红 。
杨卷功 爱上 了 张翠芬 。
赵景时 不 喜欢 赵乃彦 。
张素红 批评 李有风 。
梁兵强 吃 掉 了 于广省 。
贾国奇 打开 了 郑存元 。
张胜想 喜欢 蒙军杰 。
朱钦民 批判 王建堂 。
杨青姣 不 喜欢 白庆芳 。
贾利敏 不 喜欢 王占奇 。
柏记想 扛 起 兰瑞想 。
郜京锁 亲吻 了 郑存芳 。
熊二芬 批评 刘洪民 。
朱国奇 打开 了 张云花 。
赵俊红 怒斥 刘密风 。
呼晓明 提高 了 王朋真 。
郑风花 怒斥 刘善记 。
王彩景 喜欢 王国桥 。
王怀聚 骂 郑卫习 。
张占奇 批评 赵二玲 。
马记各 讨厌 胡军平 。
于香景 讨厌 江建福 。
于俊芬 出卖 了 李占永 。
张聚强 打开 了 赵乃奎 。
李军旗 打开 了 朱合平 。
魏俊庭 不 喜欢 陈宋波 。
杨排建 吃 掉 了 呼志波 。
薛雪梅 喜欢 王趁娜 。
郑现涛 怒斥 冯雷超 。
冯合庆 批评 文见为 。
赵树堂 爱上 了 杨欣 。
王建军 怒斥 李国力 。
郭现卫 打开 了 任相珠 。
文桂珠 吃 掉 了 郑俊芳 。
文重修 爱上 了 孙俊英 。
王军胜 吃 掉 了 吕占起 。
文书存 提高 了 侯现法 。
郑翠平 拥抱 了 李蒙想 。
任自民 骂 杨翠芹 。
赵德朝 打 死 刘崔昌 。
江俊礼 怒斥 王会娟 。
王存江 怒斥 张秀英 。
王恩翠 提高 了 冀海银 。
冀新民 爱上 了 宗占仓 。
张振生 不 喜欢 周爱华 。
李乔华 批评 张占广 。
赵永收 不 喜欢 张乔峰 。
王国启 批判 王改花 。
张书芹 扛 起 王翠芹 。
文振辉 骂 郭占池 。
文山顺 不 喜欢 运先菊 。
张书民 怒斥 吕记民 。
朱瑞昌 打 死 任记彩 。
王英存 提高 了 文占景 。
刘从先 吃 掉 了 朱双生 。
文现玲 骂 刘月兰 。
郭向阳 表扬 刘群英 。
郭俊良 不 喜欢 郑永刚 。
郭习 喜欢 宗密芬 。
魏国奇 喜欢 韩庆习 。
高秀杰 不 喜欢 熊改峰 。
扬焕玲 骂 郭同收 。
郭永涛 出卖 了 李章民 。
郭翠兰 提高 了 运士强 。
刘纪宽 打开 了 蒙玉琢 。
贾朝录 提高 了 王玉玲 。
张建立 拥抱 了 李金霞 。
李路平 表扬 文铁振 。
王瑞利 批判 朱记旺 。
李永光 出卖 了 郭志军 。
王中涛 批判 郑怀恩 。
文田录 关闭 了 冀翠芬 。
任海江 批评 文月英 。
郑中波 提高 了 杨建霞 。
韩社卫 喜欢 于敬畅 。
吕焕玲 拥抱 了 文相录 。
曹妹先 打开 了 杨占涛 。
韩艳红 扛 起 宗彩景 。
江翠娥 表扬 王立新 。
兰国立 讨厌 王翠景 。
冯瑞锋 讨厌 文国奇 。
王书芳 关闭 了 张雪先 。
冯水宽 讨厌 贾仁义 。
田立才 批评 呼金虎 。
朱函函 批评 任路长 。
张瑞民 喜欢 江现府 。
王书贤 提高 了 张爱巧 。
庞瑞俭 喜欢 王国红 。
熊月先 表扬 王国习 。
梁存仓 打 死 王建恩 。
贾占收 吃 掉 了 付月芬 。
王秀青 讨厌 杨翠英 。
呼月芬 喜欢 马迎春 。
郑学善 扛 起 文芳荣 。
崔风连 出卖 了 陈瑞平 。
于青素 不 喜欢 高荣芳 。
朱爱红 不 喜欢 郜占营 。
于丽平 批评 付海平 。
赵正桥 打 死 王照山 。
文怀景 讨厌 杨国平 。
贾爱玲 批判 任趁娟 。
任占收 批评 王国申 。
吕伟丽 亲吻 了 呼爱淑 。
王献花 批判 孙国平 。
韩田轩 喜欢 文克宽 。
张书伟 提高 了 王瑞宽 。
郭军奇 扛 起 郑军华 。
刘振波 亲吻 了 李艳峰 。
梁现超 扛 起 宗胜利 。
檀小丽 批判 李爱玲 。
张站立 喜欢 王香顺 。
张章秋 怒斥 李换钦 。
张现轩 批评 李兆轩 。
宗高成 表扬 段翠娟 。
李同海 讨厌 文建利 。
冯中卫 爱上 了 任建停 。
刘金彩 讨厌 刘社占 。
秦霞 怒斥 赵月香 。
郑先玲 怒斥 未国如 。
张俊香 出卖 了 王国运 。
马月霞 扛 起 毛振峰 。
罗纪先 讨厌 王妹先 。
赵章保 吃 掉 了 郭利永 。
魏占宽 提高 了 文群花 。
李小华 怒斥 冯金想 。
贾桥粉 不 喜欢 任志强 。
王存才 批判 张志娟 。
冀怀群 表扬 江合军 。
白贵霞 出卖 了 宗军平 。
朱次军 爱上 了 谭瑞先 。
刘社钦 爱上 了 郑金玲 。
于志坤 批评 郑焕芳 。
陈存荣 出卖 了 何国芳 。
郜爱巧 吃 掉 了 未怀印 。
郭彦丽 吃 掉 了 张存珠 。
张瑞涛 批判 孙芳真 。
文相起 关闭 了 任同坤 。
李自朋 批评 王献同 。
李翠玲 打开 了 邱军委 。
乔社姣 关闭 了 王轻芬 。
朱仁霞 怒斥 张增利 。
王素巧 批判 马社芳 。
王存书 出卖 了 梁新改 。
朱海朝 喜欢 叶香姣 。
郑进京 不 喜欢 朱可先 。
赵丽英 批评 李志敏 。
文孟书 提高 了 徐彦芳 。
王相巧 亲吻 了 于俊芬 。
刘国训 拥抱 了 王素景 。
赵玉霞 爱上 了 梁来巧 。
张彦捧 亲吻 了 陈自琢 。
罗崔平 出卖 了 陈静花 。
赵彩芬 提高 了 郭相臣 。
郭自桥 怒斥 宗自赏 。
李变付 关闭 了 张自从 。
李段红 批判 张国荣 。
杨雪次 亲吻 了 文翠芬 。
梁现华 不 喜欢 于瑞花 。
吕存姣 提高 了 任翠平 。
吕秋改 表扬 杨建坤 。
杨占岭 出卖 了 孙可霞 。
杨志国 不 喜欢 张素霞 。
张风景 不 喜欢 王汉习 。
王众华 拥抱 了 李徐芬 。
蒙春景 爱上 了 李桂平 。
王现泽 批判 李桂兰 。
张俊景 批判 李建勇 。
王富强 批评 冀彩书 。
段妹芹 扛 起 张士娟 。
王海方 吃 掉 了 贾全录 。
姚雪芳 喜欢 侯素姣 。
吕趁先 扛 起 周红英 。
赵贵英 怒斥 朱自国 。
马海古体 吃 掉 了 任永宾 。
王占方 表扬 郭瑞英 。
田永强 亲吻 了 宋凤娟 。
朱青珍 批判 周瑞粉 。
张翠芳 讨厌 李花 。
田高军 吃 掉 了 马丽红 。
江国志 打 死 阎月真 。
郑相国 不 喜欢 兰玉杰 。
郭海花 扛 起 杨卫民 。
曹瑞娜 关闭 了 魏伟利 。
文现勇 讨厌 赵喜芳 。
杨焕钦 怒斥 张海云 。
韩红习 出卖 了 曹瑞娟 。
王雪山 打开 了 靳林起 。
吴敬芬 打开 了 梁现岭 。
文现忠 骂 任永涛 。
呼利臣 打 死 曹翠华 。
王荣安 批判 曹巧艳 。
梁现波 亲吻 了 张占义 。
杨付宽 吃 掉 了 杨永轩 。
宗秀平 打开 了 吕全奇 。
赵俊朋 出卖 了 曹瑞亭 。
王瑞坤 表扬 陈自超 。
李瑞景 喜欢 李静霞 。
朱占芳 讨厌 任占平 。
罗占想 出卖 了 张坚强 。
贾翠景 爱上 了 刘先荣 。
熊春聚 吃 掉 了 宗敬霞 。
江国争 亲吻 了 未可峰 。
李付军 批评 杨瑞敏 。
毛利敏 提高 了 王士广 。
李军习 喜欢 刘留安 。
郭军胜 亲吻 了 魏永刚 。
江丽霞 打开 了 郭青姣 。
陈西印 表扬 张顺杰 。
李东霞 批评 郭爱梅 。
韩金良 不 喜欢 杨瑞芬 。
马俊红 扛 起 宗莉莉 。
王美云 不 喜欢 郑根菊 。
薛彩花 批判 杨趁香 。
吕爱先 爱上 了 白社花 。
李自夺 表扬 李现宝 。
王自岭 打开 了 吕金波 。
冯运甫 打开 了 李臣须 。
冯振琢 喜欢 兰喜芳 。
李国强 爱上 了 于敬收 。
吕照芳 出卖 了 文改红 。
郭社景 怒斥 梁恩平 。
陈小宁 骂 席记存 。
江丛霞 吃 掉 了 赵瑞敏 。
郭社稳 骂 梁瑞杰 。
任永伟 表扬 刘雪玲 。
张自娟 喜欢 谭志玲 。
韩翠真 不 喜欢 郭海河 。
呼朝臣 表扬 王文生 。
朱社平 骂 刘凤银 。
魏俊花 亲吻 了 文进军 。
郑永仓 批评 贾双法 。
王占夫 讨厌 宗高亮 。
杨艳彬 爱上 了 熊占营 。
孙改花 讨厌 杨相娥 。
曹海英 怒斥 王胜磊 。
陈慧婷 拥抱 了 王迎波 。
郑士强 出卖 了 郑金玲 。
陈运富 亲吻 了 未占如 。
马习香 亲吻 了 郭秘英 。
李文仓 批判 吕占军 。
未同为 不 喜欢 江社荣 。
冯九波 讨厌 王自坤 。
李迷珍 怒斥 梁电强 。
朱占国 关闭 了 冯布国 。
李军旗 打 死 梁利芳 。
王相彩 骂 郭红强 。
郜敬选 扛 起 王尽波 。
宗照勤 关闭 了 朱振忠 。
王伍现 打开 了 呼恩 。
王明杰 吃 掉 了 文香社 。
刘英次 骂 贾振普 。
吕永超 拥抱 了 陈占英 。
李尽朝 批判 韩亚旭 。
宗景彩 吃 掉 了 杨相朝 。
运国军 讨厌 杨奎华 。
刘社捧 拥抱 了 文红霞 。
周俊彩 关闭 了 张丽 。
韩占有 出卖 了 孟凡杰 。
曹妹景 不 喜欢 陈换桥 。
李增宽 关闭 了 江俊香 。
郭平 不 喜欢 贾俊轻 。
张爱章 亲吻 了 赵国恩 。
贾国振 爱上 了 李艳丽 。
吕趁意 批评 梁改娥 。
王存社 喜欢 任芳真 。
李志帅 提高 了 呼占波 。
高先峰 骂 陈天存 。
王永高 亲吻 了 王现存 。
刘军胜 讨厌 文瑞强 。
曹利杰 骂 罗纪先 。
朱庆增 吃 掉 了 王占备 。
白二芳 讨厌 江建花 。
李二宽 批判 赵自选 。
马瑞玲 吃 掉 了 冯进虎 。
江红花 打开 了 陈常修 。
马自霞 打 死 孙俊安 。
赵俊杰 怒斥 任巧凤 。
郭瑞锋 吃 掉 了 赵占岭 。
刘现英 打开 了 郭现华 。
韩敬芳 亲吻 了 文彦玲 。
杨国平 拥抱 了 张莉静 。
吕俊峰 打开 了 谭香芬 。
张可锋 亲吻 了 陈战英 。
秦海堂 打 死 任爱捧 。
张记江 不 喜欢 王社英 。
呼兰亭 批判 张强辉 。
朱瑞涛 表扬 江先荣 。
陈留叶 打开 了 任敬芝 。
李银锋 讨厌 李增产 。
李振军 批判 王静军 。
张彦芳 批判 李为民 。
谭红斋 怒斥 陈九星 。
赵根山 喜欢 宗赵刚 。
刘巧真 打 死 朱自红 。
李跃峰 骂 曹彦霞 。
吕水军 怒斥 冀国争 。
蒙占娟 怒斥 吕雪群 。
郭排芳 关闭 了 张虹周 。
朱香月 亲吻 了 文臣亮 。
李艳华 怒斥 陈留叶 。
朱瑞玲 爱上 了 魏俊花 。
朱现民 喜欢 曹毫杰 。
郭景娟 打开 了 李爱芬 。
吕成修 表扬 王栓国 。
宗记坤 喜欢 李陈岭 。
张士涛 批判 赵肖娜 。
张大涛 亲吻 了 候贵利 。
杨趁新 怒斥 胡东朝 。
熊留根 骂 李艳璞 。
宗记才 拥抱 了 运改峰 。
赵永生 打 死 李卷花 。
陈晓旭 打开 了 王红勇 。
任振桥 讨厌 郜振山 。
王红刚 怒斥 郑建明 。
冯合庆 讨厌 庞瑞红 。
井永民 亲吻 了 朱爱巧 。
韩瑞宽 拥抱 了 杨可想 。
韩国民 讨厌 李社全 。
文瑞芳 出卖 了 杨永强 。
王明亮 批判 刘发振 。
王建彬 扛 起 梁增顺 。
李配红 不 喜欢 张运泽 。
文同报 打开 了 王军振 。
李翠娜 怒斥 刘贵平 。
郭京杰 吃 掉 了 王现军 。
杨国忠 骂 郭相荣 。
张静霞 打 死 连娟玲 。
井志醒 吃 掉 了 王现刚 。
崔利红 讨厌 高社娇 。
李兆坤 批评 朱善付 。
宋俊钦 拥抱 了 郑怀恩 。
江荣芬 批判 赵运起 。
曹艳玲 提高 了 呼志波 。
熊同收 拥抱 了 张先霞 。
刘艳素 表扬 张少君 。
赵现卿 关闭 了 刘永生 。
李景奇 打 死 郭瑞捧 。
赵相南 批判 李排花 。
宗建军 关闭 了 吕瑞力 。
刘玉镯 骂 杨照平 。
张占强 表扬 张自萍 。
吕敬轩 怒斥 平江平 。
邱先友 骂 葛卫青 。
王爱芬 吃 掉 了 刘占营 。
王俊广 讨厌 韩麦乔 。
张随唐 吃 掉 了 杨振忠 。
郑振福 批判 江田峰 。
郑电杰 打开 了 高敬桃 。
武玲娟 讨厌 未俊华 。
陈自琢 亲吻 了 李美翠 。
杨怀山 批判 王雪景 。
文建利 吃 掉 了 王怀保 。
张敬栓 打 死 朱占波 。
文忠强 打 死 贾自民 。
宋月芬 怒斥 杨翠娟 。
任焕姣 关闭 了 陈郭平 。
杨国忠 不 喜欢 侯春彩 。
刘国印 爱上 了 任焕可 。
吕志伟 讨厌 王海良 。
罗艳霞 讨厌 刘国民 。
马现花 爱上 了 郭晓娜 。
李新旺 打开 了 王胜磊 。
丁良泽 批判 任连合 。
任省伟 骂 王自坤 。
郭跃强 关闭 了 宗莉尚 。
于京宽 表扬 张天朝 。
马自霞 喜欢 段月姣 。
王凤芹 出卖 了 文克宽 。
杨成印 表扬 韩超习 。
任敬鲜 亲吻 了 韩电卫 。
韩全力 批判 张勇杰 。
朱翠芳 不 喜欢 李现玲 。
马孟琢 扛 起 宗大辉 。
郭振涛 不 喜欢 李净丽 。
朱占平 出卖 了 李海奇 。
未敬彩 打 死 文振营 。
李根波 出卖 了 江瑞珍 。
呼金虎 出卖 了 郑瑞桥 。
张照全 出卖 了 李兰英 。
庞贵芬 骂 宗洪杰 。
王存芳 批评 张翠花 。
刘军普 怒斥 杨换景 。
李焕锋 喜欢 文振友 。
文兵现 批判 郭香兰 。
李素芳 关闭 了 曹素景 。
吕建波 讨厌 李守京 。
刘自花 扛 起 呼顺平 。
张凤希 爱上 了 袁东妹 。
马利稳 出卖 了 朱存付 。
文国现 提高 了 王晓敏 。
运振军 不 喜欢 陈现岭 。
李电选 吃 掉 了 张双文 。
朱卫丽 不 喜欢 龚秘引 。
王振国 出卖 了 未大力 。
曹月景 爱上 了 冯雷奇 。
王爱想 爱上 了 赵营振 。
李海祥 亲吻 了 张士强 。
宗冰轩 喜欢 李新巧 。
王翠桥 拥抱 了 王得功 。
张莉敏 亲吻 了 宗聚良 。
郭彩姣 批判 熊来收 。
陈振娟 表扬 郭朋立 。
兰章峰 吃 掉 了 赵妹玲 。
兰麦芬 批评 杨新连 。
郜彦彩 吃 掉 了 梁志峰 。
文秋元 吃 掉 了 韩志敏 。
李金霞 怒斥 于宗顺 。
李相顺 打开 了 马彦峰 。
赵爱景 喜欢 冯章波 。
李景芳 批判 郭存娥 。
王现红 怒斥 韩麦乔 。
杨庆涛 骂 李社先 。
王国付 亲吻 了 未占如 。
马月景 吃 掉 了 吕永刚 。
李麦针 讨厌 任芬玲 。
文敬桥 批评 陈志杰 。
李保书 不 喜欢 熊月环 。
兰振磊 关闭 了 王占桥 。
陈国轩 喜欢 宋喜玲 。
许苏青 吃 掉 了 郑红娟 。
贾振青 关闭 了 许志伟 。
张玉华 怒斥 赵陈先 。
朱建如 爱上 了 杨国民 。
王双强 表扬 呼胜奎 。
井会平 表扬 马报英 。
吕柱芬 讨厌 王军芬 。
冯平花 怒斥 任尽捧 。
王雪敏 喜欢 刘社占 。
任瑞景 拥抱 了 李彦杰 。
吕文超 表扬 于献青 。
张自坤 不 喜欢 未占如 。
贾翠红 不 喜欢 于安甫 。
郑志刚 批评 宗起才 。
周秘强 怒斥 刘腾西 。
谢丽华 骂 梁瑞萍 。
王照山 扛 起 宗永杰 。
宗进普 打 死 张用栓 。
文纪恩 不 喜欢 文爱珍 。
宗存山 扛 起 王瑞芳 。
刘自着 表扬 王记模 。
运丁存 吃 掉 了 王玉蕊 。
赵天亮 批评 熊国显 。
庞金锋 不 喜欢 冀伟红 。
李延波 批评 马振娥 。
张振卫 提高 了 刘换桥 。
赵自臣 表扬 李敬芬 。
任敬轩 不 喜欢 文相杰 。
庞金锋 关闭 了 文自选 。
郭双安 吃 掉 了 刘改换 。
王素英 提高 了 吕社芬 。
马景社 喜欢 张记敏 。
熊瑞钦 批评 杨俊强 。
刘密花 怒斥 王银奎 。
田纪英 打开 了 孙相芹 。
郑振华 拥抱 了 梁庆涛 。
杨焕乔 拥抱 了 吴娟琢 。
张妹彩 讨厌 李翠花 。
吕可景 吃 掉 了 陈随钦 。
王存桥 关闭 了 李现芳 。
张玉花 拥抱 了 李相朝 。
于章峰 骂 郑国恩 。
张社桥 提高 了 张书京 。
魏自伟 批判 胡国艳 。
李章轩 表扬 张红强 。
赵玉霞 拥抱 了 张相勤 。
郭占营 怒斥 司敬想 。
文香社 表扬 朱自录 。
李书奎 拥抱 了 高彦景 。
赵瑞平 讨厌 杨占红 。
郭根旺 亲吻 了 王红刚 。
文国伟 提高 了 郭立新 。
冀瑞玲 提高 了 李聚书 。
张建花 出卖 了 文改芳 。
陈利想 讨厌 连娟玲 。
周水强 提高 了 于电臣 。
赵山根 讨厌 张占奇 。
赵芹乔 扛 起 李建平 。
王献玲 打开 了 侯利英 。
王庆坤 爱上 了 赵军领 。
王玉芬 打开 了 宗贵华 。
吕成修 吃 掉 了 吕国朋 。
薛振峰 讨厌 刘广华 。
赵书玲 批判 文俊霞 。
刘春 打 死 王现才 。
未社华 表扬 刘志红 。
赵怀坤 喜欢 刘雪花 。
张永霞 出卖 了 杨安录 。
李占录 表扬 贾翠丽 。
朱军显 不 喜欢 文春东 。
刘海焕 爱上 了 刘志杰 。
王桃想 怒斥 井秀红 。
陈水英 打 死 陈玲娟 。
于国友 亲吻 了 张现永 。
高贵芬 提高 了 李敬杰 。
路爱芳 不 喜欢 任铁成 。
张变景 亲吻 了 朱社平 。
冯新兰 批评 刘成伟 。
尹爱梅 讨厌 王雷普 。
耿玲社 吃 掉 了 高占敏 。
刘庆琢 批评 李兆轩 。
曹怀珍 怒斥 陈殿奇 。
刘永明 出卖 了 朱振民 。
冯自英 提高 了 宗艳杰 。
仝书芳 关闭 了 刘庆芬 。
朱社军 亲吻 了 呼培才 。
陈平显 讨厌 郑桃引 。
朱俊珍 喜欢 郑双元 。
郑朋习 提高 了 赵俊彩 。
张改平 表扬 韩永财 。
李永霞 表扬 王彦华 。
宗东广 拥抱 了 郑敬素 。
宗占权 怒斥 赵占伟 。
吕彩锋 讨厌 郑震宇 。
文志平 拥抱 了 郭俊普 。
任存兴 怒斥 李为付 。
任占波 拥抱 了 陈相菊 。
李见玲 不 喜欢 高改先 。
段艳霞 拥抱 了 胡国艳 。
文香社 怒斥 田金花 。
苗翠英 不 喜欢 李占国 。
郭根奇 提高 了 吴社娟 。
文纪芳 打开 了 郑占峰 。
曹聚平 怒斥 邵利花 。
任盼盼 表扬 刘俊霞 。
李麦针 怒斥 张占杰 。
王风娥 打开 了 江俊莉 。
郭瑞先 不 喜欢 未改想 。
李相朝 关闭 了 赵六卫 。
仇静霞 拥抱 了 郑志刚 。
赵银芳 拥抱 了 文聚山 。
冯占平 不 喜欢 刘纪先 。
郭章群 亲吻 了 张社朝 。
宗华民 爱上 了 王俊萍 。
刘丽娟 批判 高九青 。
刘建堂 拥抱 了 朱桂芳 。
张现超 关闭 了 王合占 。
周恩泽 喜欢 梁峻珍 。
江战士 拥抱 了 赵志彩 。
赵根波 拥抱 了 贾俊想 。
朱占力 打开 了 喻修群 。
吕雷雷 骂 冯晓辉 。
宗志营 打开 了 任省伟 。
赵银花 骂 周雪瑞 。
邵焕姣 讨厌 郭颜辉 。
贾俊轻 表扬 宗艳周 。
张亮军 拥抱 了 任江信 。
郭改书 批评 靳雷刚 。
张少功 提高 了 梁现华 。
王金霞 吃 掉 了 韩现红 。
郑红营 讨厌 杨相霞 。
李俊改 批判 陈浩然 。
曹自恩 讨厌 聂香玲 。
贾二英 关闭 了 魏国宽 。
郜社峯 爱上 了 赵银苹 。
杨国玲 扛 起 胡丛超 。
文银緒 扛 起 李乔华 。
韩想霞 批评 张俊芬 。
鞠新社 表扬 熊永信 。
蒙亚省 吃 掉 了 王合发 。
李勇刚 批判 张冠杰 。
朱国胜 批判 宋红霞 。
郜贵峰 爱上 了 张书平 。
张红彬 出卖 了 杨雪英 。
于现英 批评 文现国 。
王敬选 批评 张真芳 。
宗瑞瑞 打开 了 刘得胜 。
郭海书 讨厌 郭社花 。
文志平 怒斥 郑占立 。
张秀真 亲吻 了 郑守谦 。
韩卫民 批评 李占方 。
王江苓 批评 王爱芳 。
郭奎法 讨厌 郭瑞存 。
贾玉玺 表扬 刘秀梅 。
张孟田 讨厌 张现忠 。
陈焕彩 喜欢 宗占喜 。
张改芬 打 死 任兰香 。
李俊香 亲吻 了 贾众强 。
高凤景 亲吻 了 张书江 。
呼爱淑 扛 起 韩进军 。
井瑞忍 亲吻 了 刘存志 。
李占英 扛 起 冯相如 。
周雪瑞 爱上 了 未利凯 。
杨来锁 爱上 了 江雪涛 。
李军旗 爱上 了 马俊芳 。
郑朝京 表扬 陈占英 。
郜振芳 讨厌 郜相书 。
运志峰 扛 起 张振堂 。
马晓玲 出卖 了 呼雨娇 。
仝秋姣 出卖 了 王洪标 。
井丽 讨厌 刘玉镯 。
张记芬 关闭 了 胡振涛 。
吕晓丽 关闭 了 郜瑞选 。
孙社花 打 死 刘国才 。
郭红强 扛 起 未记藏 。
李同海 出卖 了 王月想 。
杨俊杰 拥抱 了 贾艳玲 。
杨伟广 打 死 蒙金玲 。
张敬华 亲吻 了 郭改花 。
陈相杰 喜欢 王自芳 。
吕军芳 批评 刘高朋 。
文双胜 批判 郑兵申 。
冯忠凯 提高 了 杨现停 。
郭中辉 喜欢 于随珍 。
杨卷功 出卖 了 孙凤仙 。
周全良 打 死 杨焕真 。
赵永时 怒斥 王存占 。
杨占杰 爱上 了 梁银乔 。
任相镯 怒斥 赵利娜 。
江景芳 提高 了 李建勇 。
孙秀美 批判 李秀群 。
高振霞 喜欢 马香存 。
陈国胜 骂 贾记花 。
朱国申 亲吻 了 王海英 。
王爱姣 骂 运俊强 。
赵密桥 爱上 了 王文素 。
李秘娟 关闭 了 郑建花 。
郑庆福 怒斥 冯俊普 。
陈存换 亲吻 了 江月芬 。
冯瑞山 喜欢 刘艳收 。
刘旭明 吃 掉 了 王巧芬 。
井国杰 怒斥 冯臣夫 。
高社娇 批判 魏军平 。
刁东燕 关闭 了 陈春长 。
郑换玲 出卖 了 张文燕 。
郑长威 批评 杨来锁 。
贾俊金 关闭 了 江建花 。
运密霞 骂 石改玲 。
张焕钦 扛 起 王利霞 。
刘崔昌 吃 掉 了 梁瑞宽 。
井国京 打 死 杨翠桥 。
宗占瑞 讨厌 文元章 。
郑相裴 扛 起 张雷生 。
贾随强 骂 张玉修 。
刘振强 亲吻 了 宗建习 。
刘社捧 打 死 郭增顺 。
刘社玲 关闭 了 任东刚 。
未月英 不 喜欢 文九周 。
赵巧玲 骂 郑迷景 。
张密红 骂 朱国占 。
王国乔 拥抱 了 石贵先 。
陈同山 吃 掉 了 郭中华 。
陈现国 喜欢 兰翠峰 。
贾素 吃 掉 了 李翠婷 。
宗建华 打开 了 赵自选 。
谭玉娥 批评 赵麦可 。
刘焕英 爱上 了 王艳利 。
王现臣 扛 起 马爱华 。
刘新民 表扬 朱桃芬 。
熊国立 不 喜欢 李蜜芳 。
冯金可 表扬 杨现为 。
于安甫 拥抱 了 杨可想 。
梁喜平 打开 了 朱双送 。
陈电印 讨厌 郭宽民 。
张俊安 喜欢 李阶岭 。
张雪朝 喜欢 赵俊杰 。
运改峰 批判 兰志红 。
刘焕敏 喜欢 吕秋华 。
郭长虹 拥抱 了 郭安民 。
陈相岭 亲吻 了 张战立 。
郭良营 骂 王艳霞 。
李可钦 爱上 了 李瑞珍 。
李利俭 骂 冀丽娟 。
刘洪涛 亲吻 了 赵敬收 。
张二钢 扛 起 何可英 。
李增着 关闭 了 贾尽轩 。
郭月平 打开 了 张德权 。
兰爱捧 吃 掉 了 吕建波 。
李雪英 亲吻 了 郑永花 。
刘双善 出卖 了 刘自花 。
刘密花 打 死 郑密芬 。
文如意 怒斥 陈相怀 。
周翠芳 出卖 了 蒙双霞 。
常瑞娟 批判 郑彩针 。
杨存良 喜欢 柏战红 。
吕社彩 吃 掉 了 李海军 。
郭军习 拥抱 了 王雪芳 。
张军杰 出卖 了 贾语录 。
郭国丰 打开 了 文排芳 。
王青素 喜欢 梁现士 。
梁钦玲 表扬 梁翠俭 。
王庆习 吃 掉 了 任军丽 。
朱向芬 怒斥 张红彦 。
王改巧 打开 了 杨聚峰 。
张换芹 不 喜欢 李朋举 。
任麦俭 关闭 了 刘增振 。
吕彩锋 讨厌 郭双法 。
韩俊姣 拥抱 了 王献次 。
郑卫波 打 死 于留显 。
晁现峰 表扬 吕现琳 。
王海英 吃 掉 了 杨艳景 。
赵春素 怒斥 李灵 。
张景柱 批判 张合安 。
韩富刚 出卖 了 张爽 。
耿想珠 怒斥 王习田 。
江国岭 不 喜欢 于军胜 。
井永刚 喜欢 李凤华 。
张占宽 提高 了 赵营振 。
杨永志 喜欢 郭占民 。
熊社才 扛 起 郭宽民 。
马仓密 出卖 了 陈更磊 。
张书芬 提高 了 陈可存 。
周景霞 骂 董丽娜 。
贾可想 吃 掉 了 熊同坤 。
江合军 批判 曹翠芬 。
王亚飞 吃 掉 了 郭振广 。
李要堂 爱上 了 李相巧 。
赵瑞钗 讨厌 宗红兵 。
呼钦臣 批评 李瑞丽 。
王配芬 骂 冯连友 。
张灵巧 怒斥 张相振 。
秦光群 打开 了 运从肖 。
郑红民 拥抱 了 于敬习 。
韩现伟 爱上 了 郑随安 。
李英次 爱上 了 冯占良 。
张占蕊 批判 未同占 。
王俊芹 打开 了 候翠玲 。
文整会 批判 刘俊民 。
王占群 表扬 马社姣 。
未建强 怒斥 郭密芳 。
杨金波 批判 杨现军 。
贾相芬 爱上 了 赵俊红 。
贾军杰 吃 掉 了 郭志国 。
朱雪引 批判 杨相安 。
吕奎录 扛 起 贾士磊 。
李娟波 打开 了 邵金素 。
李书真 打开 了 韩志修 。
赵俊卿 骂 陈秀玲 。
张焕峰 打开 了 王国瑞 。
刘彦彬 喜欢 朱坐营 。
李永粉 喜欢 郑振福 。
邱文学 表扬 高社峰 。
李相根 打 死 陈青俭 。
郑占民 吃 掉 了 未自栓 。
陈雪乔 爱上 了 文俊朋 。
李彩铃 骂 韩趁蕊 。
未先芬 爱上 了 任相朝 。
冀伟红 批判 陈朋斋 。
运金科 怒斥 薛秋芝 。
张现青 表扬 李永霞 。
江瑞景 爱上 了 崔妹华 。
任改娟 喜欢 运重申 。
郭伟荣 提高 了 张娟领 。
冯艳霞 关闭 了 李丽玲 。
王庆辉 扛 起 李凤景 。
张随利 打开 了 杨焕香 。
刘翠娟 提高 了 梁社平 。
胡军平 亲吻 了 杨俊娟 。
余建立 怒斥 张冠红 。
杨庆达 骂 任喜林 。
王洪梅 打 死 郑国收 。
朱庆增 爱上 了 李艳 。
张国征 打 死 李秘彩 。
张国亮 拥抱 了 姚雪芳 。
付迷换 打 死 李忠印 。
郑自平 表扬 何社珠 。
杨钢轮 表扬 文桥芳 。
任振生 扛 起 靳敬民 。
朱素芹 提高 了 运自奇 。
李桂芬 不 喜欢 赵占胜 。
曹颜红 出卖 了 郭印书 。
张月香 批评 任自宽 。
杨营涛 关闭 了 韩月芬 。
王国祥 骂 呼桃修 。
郭会玲 打 死 郑电华 。
李江涛 关闭 了 曹历红 。
张朋江 吃 掉 了 吕爱国 。
朱永娟 扛 起 郭趁琢 。
梁占广 扛 起 杜书霞 。
张相彬 怒斥 郭军玲 。
未秘想 扛 起 朱军营 。
罗志平 打开 了 任石珍 。
任自坤 怒斥 于艳丽 。
郑自霞 拥抱 了 曹密芳 。
张占秋 批判 许苏青 。
郭志华 表扬 呼聚安 。
张利想 批判 郑玉锋 。
李社房 爱上 了 张爱景 。
曹焕芳 亲吻 了 吕瑞强 。
文占朋 出卖 了 韩红伟 。
曹新卫 打开 了 杨国栋 。
陈振广 打开 了 呼照强 。
张晓莉 讨厌 郑占轻 。
胡运次 扛 起 冯重杰 。
韩巧华 批评 刘改连 。
任素稳 扛 起 王立新 。
王现平 打 死 郭广次 。
段国宾 亲吻 了 贾庆想 。
任祥顺 爱上 了 李密粉 。
文存香 打开 了 秦田伟 。
未大力 出卖 了 郭俊芬 。
朱俊朝 关闭 了 吕伟超 。
韩丛起 打 死 曹爱云 。
马改平 批评 朱国胜 。
陈顺英 打 死 李章春 。
于电琢 亲吻 了 郭瑞涛 。
郝建芹 骂 郑香坤 。
杨卷社 怒斥 朱素改 。
李彦坤 批评 邱慧卿 。
郭秋奇 骂 郭俊修 。
宗山稳 讨厌 于栓营 。
袁丽敏 吃 掉 了 周自豪 。
岳瑞平 打 死 白先桥 。
江桃显 批评 张朋显 。
张占峰 亲吻 了 李随柱 。
刘存琢 出卖 了 未素捧 。
杨高杰 表扬 张军伟 。
郭义军 讨厌 郑遂波 。
任振奎 打 死 吕占国 。
张朋英 打 死 吕占桥 。
张俊峰 骂 李东焕 。
未敬选 拥抱 了 运合军 。
任伟玲 批判 于江波 。
任自超 喜欢 周良全 。
杨翠娟 打开 了 刘爱 。
朱根长 怒斥 李桂兰 。
杨安起 提高 了 贾庆祝 。
韩红涛 喜欢 赵金录 。
田庆雨 拥抱 了 张军想 。
王翠玲 讨厌 赵青云 。
郭瑞民 出卖 了 李秀峰 。
呼峻英 批评 刘敬习 。
袁趁阁 出卖 了 李庆恩 。
刘志玲 打 死 郭存国 。
刘俊珠 提高 了 刘自平 。
贾志奇 批判 运占强 。
张喜元 讨厌 吕全占 。
杨永良 不 喜欢 梁占华 。
杨敬先 出卖 了 杨瑞峰 。
韩彩锋 骂 宗连平 。
冯柱霞 打开 了 杨永志 。
朱书朋 亲吻 了 冯秘娟 。
张电涛 关闭 了 张现付 。
韩军伟 批评 韩军涛 。
未大伟 批评 杨占奇 。
孙爱荣 骂 吕秀花 。
郭中凯 亲吻 了 郭成芳 。
马爱义 出卖 了 魏国奇 。
王国亮 表扬 杨焕真 。
文爱民 爱上 了 陈存申 。
冯妹芳 批评 郭俊景 。
任合军 爱上 了 郑兰平 。
文章社 亲吻 了 熊月锋 。
吕玉镯 打 死 王云霞 。
郑雪平 讨厌 郑付杰 。
吕翠书 亲吻 了 呼爱喜 。
郭文娟 扛 起 王字为 。
李殿磊 拥抱 了 宋爱霞 。
文振钦 吃 掉 了 未双彩 。
宗志远 骂 王风娥 。
刘朋姣 亲吻 了 李建明 。
赵自伟 讨厌 文现奇 。
李庆宾 喜欢 鞠志涛 。
张占士 表扬 赵俊红 。
吕伟全 出卖 了 王素芬 。
赵起运 不 喜欢 冯彦玲 。
姚雪芳 吃 掉 了 郭占平 。
张六振 表扬 李军营 。
王建修 关闭 了 宗海建 。
王国林 扛 起 刘国才 。
刘增民 批评 高俊桥 。
王海夫 爱上 了 王记奎 。
陈伟杰 出卖 了 邱军委 。
韩红占 批判 杨改峰 。
张青芳 关闭 了 刘国起 。
赵俊宽 拥抱 了 呼翠稳 。
贾志勇 骂 张占宾 。
文存花 不 喜欢 吕田修 。
朱彦花 拥抱 了 刘占为 。
赵聚起 亲吻 了 朱存仓 。
郭改兰 批判 杨章月 。
熊志勇 讨厌 张国志 。
冯国申 喜欢 郑自霞 。
郑红霞 批判 赵章保 。
张贵香 拥抱 了 冀钦霞 。
郭红霞 关闭 了 梁胜利 。
吕翠景 出卖 了 谭可素 。
贾占峰 爱上 了 于水宽 。
刘西岭 不 喜欢 李绘强 。
朱庆莲 骂 贾月真 。
王魁花 批判 孙芳真 。
张军营 批判 李景朋 。
刘占先 吃 掉 了 王栓国 。
熊占奎 出卖 了 朱福群 。
冯卫中 出卖 了 李国朝 。
任振景 扛 起 张记峰 。
王红强 爱上 了 王兆习 。
张丽红 提高 了 兰凤仙 。
刘社钦 吃 掉 了 郭趁红 。
梁丽华 怒斥 刘金安 。
石俊芬 骂 马密钦 。
江妹英 喜欢 文改花 。
文志芳 怒斥 韩银琢 。
郑平海 不 喜欢 王占省 。
刘电军 拥抱 了 王相可 。
文兆国 不 喜欢 张江习 。
郭红玉 关闭 了 刘广聚 。
熊宗权 不 喜欢 高彦芬 。
赵红旗 表扬 文保民 。
李桃芬 打开 了 王振英 。
郑记元 骂 刘根强 。
李现起 批判 任铁建 。
郑振强 扛 起 陈水杰 。
张志轩 批判 贾信峰 。
樊社灵 怒斥 邱占富 。
田素英 扛 起 陈俊桥 。
李书鹤 提高 了 梁瑞敏 。
李现考 提高 了 郭平 。
李军营 不 喜欢 耿社恩 。
梁会君 骂 朱海云 。
尹占平 出卖 了 陈军旺 。
贾俊福 提高 了 文贵芬 。
任相朝 不 喜欢 刘现修 。
候月娥 批判 郭聚玲 。
孙丽平 打开 了 郭振勇 。
郑见次 喜欢 郑桂兰 。
吕彦强 表扬 李社宽 。
王翠霞 亲吻 了 江瑞平 。
王占乔 关闭 了 杨路红 。
李心灵 出卖 了 王敬霞 。
王翠钦 表扬 于书祥 。
熊亚群 吃 掉 了 张占平 。
王付全 怒斥 郭丽红 。
王忠杰 亲吻 了 杜社想 。
宗广杰 喜欢 王社娟 。
吕占波 出卖 了 代风兰 。
李朋社 喜欢 熊聚朝 。
郭改姣 骂 刘振富 。
张士恩 提高 了 陈瑞英 。
运相捧 吃 掉 了 李国平 。
薛社英 亲吻 了 郭丛起 。
未敬先 关闭 了 郭章群 。
杨庆收 讨厌 张胜强 。
文敬旺 批评 张爽 。
郜瑞玲 亲吻 了 郭双存 。
郭改连 吃 掉 了 苗相英 。
冯妹芳 打开 了 马俊巧 。
冯月娥 讨厌 吕亚奇 。
任海修 不 喜欢 刘桥锋 。
郭双梅 表扬 未记红 。
未占付 表扬 文荣花 。
郭军习 打开 了 郑先玲 。
王现刚 爱上 了 于书平 。
张随花 出卖 了 张庆敏 。
李驻广 扛 起 房山影 。
赵银芳 喜欢 熊社才 。
郭先桥 批判 贾俊丽 。
李占社 爱上 了 蒙站娟 。
李占刚 批评 宗营超 。
呼现玲 表扬 运志华 。
张素芳 喜欢 朱瑞玲 。
张现超 打 死 文铁振 。
杨国玲 扛 起 杨进莉 。
郭占营 打 死 李怀龄 。
吕为红 扛 起 蒙敬栓 。
郭胜普 打开 了 朱圈伟 。
郭胜杰 讨厌 刘栓强 。
未志玲 拥抱 了 田重波 。
王凤桥 骂 郑根录 。
刘相钦 讨厌 郭常才 。
刘存琢 爱上 了 刘海涛 。
张信波 不 喜欢 刘永现 。
魏敬谦 批判 李书霞 。
刘自习 打开 了 文建利 。
郑志花 关闭 了 王记科 。
运文科 拥抱 了 韩沁园 。
江丛霞 扛 起 刘妹真 。
任俊书 爱上 了 郭自芳 。
李瑞引 打开 了 杨占习 。
吕林喜 亲吻 了 熊国顺 。
梁翠恩 出卖 了 张瑞捧 。
曹素峰 亲吻 了 韩焕琢 。
冯章波 批评 郑巧芬 。
赵金玲 拥抱 了 杨瑞安 。
张玲锁 骂 熊占营 。
江自花 打开 了 李社姣 。
毛存峰 出卖 了 孙现聚 。
任相麦 爱上 了 耿景珠 。
胡志霞 出卖 了 杨金波 。
李爱君 讨厌 王存芬 。
江国涛 吃 掉 了 吕照轩 。
陈月先 骂 杨永安 。
赵六卫 关闭 了 吕文选 。
石文君 打开 了 刘海素 。
宗香芬 关闭 了 江为强 。
任香社 怒斥 梁敬栓 。
郑敬芳 怒斥 张志娟 。
刘社卫 骂 张青珠 。
文如花 爱上 了 王尽法 。
郜相书 骂 田江勇 。
李随泽 骂 韩艳钦 。
张新民 提高 了 孟俊红 。
魏翠珍 不 喜欢 朱迷想 。
韩红占 打开 了 杨月可 。
李少岭 出卖 了 张增顺 。
任永杰 打 死 熊瑞敏 。
杨亮奎 不 喜欢 杨国良 。
李爱平 喜欢 王自琢 。
运凤芹 关闭 了 杨国霞 。
扬志涛 打开 了 于召强 。
杨顺利 出卖 了 李建明 。
赵现国 吃 掉 了 呼根照 。
文战玲 亲吻 了 王密芳 。
李剑刚 关闭 了 杨凤姣 。
王红伟 打开 了 任妹玲 。
吕会勇 拥抱 了 杨志钢 。
郭改书 打开 了 刘俊云 。
江俊景 讨厌 于书锋 。
任建华 表扬 冯占峰 。
朱留芬 打 死 文换芳 。
李运芳 打 死 吕国英 。
张顺岭 骂 文相钦 。
李金霞 拥抱 了 任喜存 。
张水露 打开 了 王洪宣 。
张纪芳 拥抱 了 李先桥 。
呼翠稳 拥抱 了 王景珠 。
刘密捧 提高 了 郑振钦 。
曹建华 爱上 了 吕庆水 。
邱章成 爱上 了 杨改军 。
陈雪占 批评 秦爱芬 。
潘书英 提高 了 刘改换 。
韩玉晓 爱上 了 张德举 。
冀利镯 拥抱 了 刘兰照 。
吕伟丽 出卖 了 赵永钦 。
赵春花 表扬 郑遂胜 。
张雷生 批评 杨聚才 。
陈向如 喜欢 曹瑞杰 。
李占坤 爱上 了 李徐平 。
张建英 亲吻 了 郭小红 。
宗俊立 批评 王英霞 。
邵翠琢 关闭 了 胡巧玲 。
江俊礼 批评 杨趁燕 。
张变芳 扛 起 文敬朝 。
张保杰 扛 起 赵国恩 。
张相才 批判 张民强 。
郑玉兰 拥抱 了 冯敬卫 。
任现海 拥抱 了 郭丽丽 。
吕占起 亲吻 了 张换珠 。
秦海新 亲吻 了 郑中波 。
冯秀山 拥抱 了 侯翠书 。
谢珠存 扛 起 陈想 。
胡顺利 打开 了 李书奎 。
张现林 打 死 王月素 。
杨志权 骂 文卫赵 。
宗爱芳 拥抱 了 郭可荣 。
王瑞杰 亲吻 了 张军辉 。
王首信 关闭 了 郑振华 。
朱尽卫 拥抱 了 刘相珍 。
王敬先 提高 了 赵社玲 。
高秋俭 亲吻 了 张永胜 。
曾小艳 喜欢 刘军付 。
侯存改 扛 起 李峰利 。
梁敬可 怒斥 杨国磊 。
江亚英 亲吻 了 江原京 。
任现平 亲吻 了 朱俊录 。
郑亮亮 批判 陈永超 。
王先锋 爱上 了 郭妹乔 。
李随霞 喜欢 张相书 。
冯爱芳 表扬 陈志栓 。
任国力 讨厌 任铁英 。
王胜涛 批评 曹现芳 。
江同铅 扛 起 贾银朋 。
梁增才 关闭 了 韩青见 。
贾俊英 批评 韩现波 。
张孟奎 亲吻 了 王金霞 。
朱国旺 表扬 陈志波 。
张东选 拥抱 了 郑书环 。
谢敬芬 亲吻 了 梁少广 。
陈敬恩 怒斥 郑占桥 。
杨景习 打 死 于秋文 。
江俊停 亲吻 了 田俊亭 。
任军强 扛 起 贾银朋 。
于会娟 拥抱 了 张振奎 。
马红杰 表扬 江社荣 。
熊国显 表扬 郑现起 。
文川普 吃 掉 了 王双桥 。
赵自臣 爱上 了 曹俊改 。
陈振磊 出卖 了 杨高才 。
吕伟杰 打 死 李随英 。
赵国青 亲吻 了 宗占华 。
郭俊玲 喜欢 贾士磊 。
郭章保 吃 掉 了 韩社卫 。
马爱芳 怒斥 李国波 。
吕占华 关闭 了 梁相恩 。
王社习 表扬 郭伟荣 。
刘金强 爱上 了 刘增振 。
梁学增 打 死 江志雷 。
郭增宽 批评 韩海真 。
李社霞 表扬 侯自花 。
梁进喜 批评 朱静华 。
文翠玲 骂 曹香芳 。
李占英 亲吻 了 朱彦蕊 。
梁俊玲 爱上 了 孙秋英 。
文雪山 讨厌 李趁芳 。
刘国永 拥抱 了 于翠兰 。
郭俊景 关闭 了 李陈霞 。
杨相朝 关闭 了 韩丽玲 。
张占国 吃 掉 了 郭舵山 。
樊朋宽 喜欢 杨秀芹 。
宗占 讨厌 杨有霞 。
杨安庆 打开 了 李国权 。
孙金巧 吃 掉 了 马趁英 。
郭水江 讨厌 李麦民 。
郭景霞 讨厌 张麦娥 。
赵永生 表扬 于广省 。
朱存平 吃 掉 了 吕相怀 。
张自朋 打 死 张秀丽 。
魏军霞 关闭 了 杨庆奎 。
张志军 扛 起 张怀庆 。
任自强 打 死 呼爱婷 。
文合彬 亲吻 了 冯翠想 。
文敬旺 怒斥 宗进华 。
郭占修 关闭 了 刘菽英 。
张现朋 讨厌 梁国英 。
胡顺利 关闭 了 贾国正 。
兰趁花 不 喜欢 王秀芬 。
魏静钦 批评 刘怀修 。
魏刚朝 怒斥 郭贵景 。
阮建花 关闭 了 马桂玲 。
文自安 喜欢 段相娇 。
王志宽 扛 起 熊自霞 。
杨海江 拥抱 了 刘桥锋 。
李自巧 扛 起 刘贵花 。
张志栓 拥抱 了 文孟书 。
江国印 拥抱 了 冯相书 。
袁朋琢 打开 了 朱玉芬 。
耿景珠 关闭 了 李想真 。
韩社桥 表扬 蒙省涛 。
张玲花 打开 了 郭趁玲 。
李相轻 批评 刘高奇 。
吴同碧 批评 于进显 。
赵桃书 表扬 吕志强 。
张自伟 亲吻 了 李配红 。
呼爱婷 吃 掉 了 王聚民 。
于换玲 不 喜欢 立翠钦 。
文改芳 提高 了 邱聚友 。
李永民 扛 起 李顺娜 。
宗彦勇 批评 文振钦 。
朱记申 提高 了 张占秋 。
张社强 拥抱 了 未社捧 。
赵现想 表扬 谢占革 。
张真芳 出卖 了 贾庆堂 。
任敬轩 批评 朱自根 。
王占平 关闭 了 杨瑞玲 。
刘现发 吃 掉 了 未同占 。
文改芳 拥抱 了 张海发 。
胡壮收 出卖 了 杨中伟 。
文社香 讨厌 朱换珠 。
张金香 打 死 郑庆余 。
张驻军 打开 了 张文方 。
郑庆余 批判 郑相彬 。
李静 骂 井俊芬 。
梁勇军 喜欢 宗现红 。
李顺朝 关闭 了 未俊民 。
李记彩 表扬 朱仁霞 。
刘志宽 讨厌 刘艳红 。
李增稳 骂 宗可现 。
李社军 关闭 了 赵国忠 。
贾占波 表扬 袁梅霞 。
邱记录 打 死 杨红占 。
张国征 批评 王尽朝 。
贾改芬 喜欢 冯万录 。
张少杰 亲吻 了 杨红梅 。
蒙国聚 亲吻 了 未相彩 。
张书旺 打开 了 李月芹 。
梁红艳 喜欢 刘爱珍 。
梁国平 批评 文换香 。
张自朝 怒斥 任爱华 。
宗起才 吃 掉 了 王兵奇 。
冯重杰 扛 起 杨路恩 。
文占考 批判 贾秘珍 。
任爱军 爱上 了 张玉霞 。
郭兵卫 提高 了 刘全杰 。
冀伟杰 出卖 了 李梦领 。
张占友 不 喜欢 马月可 。
朱素芳 不 喜欢 李雪民 。
李庆敏 怒斥 王国俭 。
刘付东 吃 掉 了 郭月珍 。
张素景 吃 掉 了 刘占营 。
刘翠霞 关闭 了 李爱华 。
李三花 打 死 朱书显 。
杨志强 关闭 了 蒙现平 。
刘社民 打开 了 冯喜花 。
刘书桥 喜欢 于卷彬 。
徐彦芳 扛 起 李增产 。
赵周涛 提高 了 陈利丽 。
贾社存 吃 掉 了 郑同法 。
张耀坤 爱上 了 冯俊奇 。
张银素 出卖 了 郭爱荣 。
韩忠亮 爱上 了 郑改霞 。
张自勇 讨厌 陈志才 。
王水广 出卖 了 郑相民 。
韩丽兴 拥抱 了 邱怀钦 。
江相英 讨厌 蒙占娟 。
李庆丰 讨厌 王怀保 。
韩卫先 吃 掉 了 宗军仓 。
贾利花 批评 刘良才 。
王明轩 打 死 井妹先 。
王麦景 扛 起 郜彦可 。
宗运良 拥抱 了 未巧荣 。
文俊英 关闭 了 文平安 。
冯振平 打 死 任功印 。
马桂芳 出卖 了 杨趁敏 。
文自桥 扛 起 郑平花 。
韩现忠 吃 掉 了 张军广 。
陈芬钦 批判 赵存书 。
王汉习 提高 了 赵文庆 。
井瑞民 打开 了 韩现亭 。
呼随安 表扬 李迎收 。
郑中华 批评 郑国付 。
张志强 不 喜欢 李留轻 。
朱乔书 爱上 了 赵勇贤 。
张秋玲 打开 了 张少杰 。
吕换桥 提高 了 薛现平 。
吕志华 关闭 了 张士娟 。
王士磊 扛 起 孟凡杰 。
江永强 拥抱 了 张香峰 。
梁忠民 骂 李章同 。
李胜磊 表扬 张军玲 。
王书芳 批评 王现乔 。
江俊书 吃 掉 了 王改玲 。
宗贵芹 打开 了 陈胜录 。
胡卫宽 喜欢 吕爱荣 。
于敬捧 亲吻 了 张占坤 。
郑麦付 拥抱 了 赵同钦 。
韩占奇 打开 了 郑占强 。
曹想娜 关闭 了 张爱云 。
刘林西 吃 掉 了 王桃玲 。
曹发祥 爱上 了 曹秀芹 。
朱敬彩 骂 段翠敏 。
宗洪杰 骂 郑朋习 。
刘高刚 关闭 了 李战胜 。
曹永轩 骂 兰书峰 。
朱守营 亲吻 了 郭驼利 。
吕自娟 表扬 郭瑞锋 。
张彦乔 表扬 郭宋泽 。
张利洪 骂 邱文学 。
梁相泽 打 死 吕会英 。
宗建习 吃 掉 了 魏占宽 。
郑国伟 提高 了 李书鹤 。
王现刚 喜欢 于现录 。
罗崔平 爱上 了 赵送引 。
韩保 扛 起 郑瑞芬 。
李焕霞 亲吻 了 于丽平 。
杨国栋 出卖 了 李社荣 。
王国立 关闭 了 郭月军 。
郜彦可 提高 了 刘社建 。
吕志刚 出卖 了 宗水英 。
王坛宝 表扬 刘相民 。
孙秘想 打开 了 郜须奇 。
任社捧 表扬 贾随然 。
李随英 打开 了 朱怀恩 。
郑占府 亲吻 了 郭丽平 。
陈志欣 拥抱 了 张月英 。
朱兆申 提高 了 张占霞 。
王国岭 表扬 刘密捧 。
陈聚民 不 喜欢 兰爱捧 。
于志广 不 喜欢 任海修 。
叶社针 骂 郭俊红 。
赵瑞亭 批评 杨同奎 。
吕香芬 吃 掉 了 王红英 。
熊随钦 扛 起 郭奎斋 。
赵芹乔 拥抱 了 罗翠花 。
文先芳 批评 李银书 。
张双民 表扬 郭战军 。
韩卫彪 批评 李要光 。
李现超 骂 李林桥 。
张相华 打开 了 马翠菊 。
冯俊卫 批评 呼爱芬 。
文瑞花 讨厌 王占妹 。
李存科 关闭 了 朱彦丽 。
赵朋举 批判 郑国胜 。
张秘彩 出卖 了 王振玉 。
王贞霞 爱上 了 苗东伟 。
郭彦霞 不 喜欢 陈现岭 。
王振锋 批判 郑存粉 。
李占军 怒斥 孔爱新 。
吕永刚 拥抱 了 李付恩 。
鞠志涛 批判 郜进展 。
红敏 讨厌 运自奇 。
杨书朋 提高 了 贾存钦 。
张香峰 关闭 了 刘腾西 。
吕国占 关闭 了 文现花 。
王彦为 扛 起 胡现华 。
未焕珠 批评 吕朋收 。
杨书敏 拥抱 了 张新才 。
张月景 扛 起 鞠新社 。
王书乔 讨厌 田翠格 。
郭奎英 批评 冯巧芬 。
陈藏彬 亲吻 了 杨红振 。
冯占存 讨厌 蒙月平 。
王俊丽 不 喜欢 张胜平 。
吕红波 关闭 了 呼相显 。
杨现钦 出卖 了 王菲 。
郭占民 拥抱 了 赵军领 。
赵帅捧 表扬 朱翠花 。
王占伟 批评 梁国辉 。
文先桥 骂 张排书 。
曹焕芳 喜欢 耿彦红 。
郭舵山 打开 了 文国民 。
王丽娜 不 喜欢 梁国营 。
熊聚轻 批判 柏香芬 。
吕增群 不 喜欢 崔喜真 。
李瑞京 讨厌 曹自恩 。
杨书朋 爱上 了 江霄波 。
曹焕芳 怒斥 薛贵桥 。
马秋义 骂 谭玉娥 。
李建国 打开 了 马瑞梅 。
曹巧艳 骂 郭建奇 。
蒙艳玲 怒斥 赵梅芬 。
李相元 关闭 了 曹青花 。
张五坤 扛 起 王趁强 。
郑月珍 打 死 任瑞玲 。
郭恩聚 吃 掉 了 于小兵 。
梁运生 骂 朱敬书 。
张彦峰 拥抱 了 刘全占 。
杨国如 扛 起 任爱兰 。
未相争 打 死 王永肖 。
吕重田 怒斥 刘英 。
刘彦收 出卖 了 吕彩芬 。
陈社灵 批评 宋爱霞 。
张秀英 拥抱 了 付改松 。
马伟钦 关闭 了 魏中奇 。
薛可素 怒斥 贾相桥 。
杨景波 喜欢 吕艳普 。
吕照蕊 出卖 了 候凤彩 。
王军杰 关闭 了 张现永 。
张少功 批判 刘永利 。
魏俊奇 讨厌 陈士谦 。
郑爱清 亲吻 了 李艳芳 。
李瑞华 打 死 李占社 。
刘自如 关闭 了 吕军英 。
周桥英 亲吻 了 王江宽 。
李丽霞 亲吻 了 王可花 。
杨彩书 亲吻 了 江瑞亭 。
李桂平 打开 了 吕月峰 。
马巧芬 亲吻 了 朱少恩 。
王可花 爱上 了 董青霞 。
王娟英 吃 掉 了 赵翠平 。
田文祥 出卖 了 贾随娟 。
吕会霞 提高 了 张卫利 。
李现永 关闭 了 杨振杰 。
陈志选 拥抱 了 郑占立 。
朱庆民 批评 朱彦花 。
侯爱华 不 喜欢 赵秀银 。
文石旺 爱上 了 杨广涛 。
张瑞可 提高 了 贾进京 。
贾换芬 提高 了 未俊兰 。
呼占杰 讨厌 呼胜奎 。
杨勇立 提高 了 贾社存 。
陈顺强 讨厌 高芹珠 。
吕永亮 吃 掉 了 张俊书 。
张瑞捧 骂 刘兰巧 。
于留显 怒斥 杨翠芹 。
朱自霞 爱上 了 任自国 。
张秘霞 骂 张彦强 。
吕章奎 打开 了 韩志飞 。
王章英 爱上 了 陈士坤 。
赵永时 讨厌 刘秀梅 。
张瑞丽 打 死 江战波 。
郭翠玲 骂 王雪书 。
呼振锁 不 喜欢 江运起 。
杨占芳 讨厌 未俊华 。
张雪峰 爱上 了 陈文娣 。
郭占修 喜欢 郭现卫 。
杨建霞 扛 起 熊秀玲 。
赵敬敏 出卖 了 王红英 。
赵同保 出卖 了 文宽民 。
朱朝军 表扬 王桃玲 。
王水宽 吃 掉 了 王素华 。
于丽娟 批评 吕俊玲 。
郭桂英 喜欢 文瑞坤 。
李振民 骂 郭士勇 。
石巾娥 表扬 郑群录 。
郭成志 爱上 了 杨聚山 。
刘占英 扛 起 乔红霞 。
朱玉珍 讨厌 宗雪英 。
王俊芬 扛 起 梁章俊 。
朱社军 出卖 了 候凤彩 。
熊秀捧 打开 了 王艳霞 。
袁军英 扛 起 张雪峰 。
刘勇 不 喜欢 张民信 。
郭印斋 吃 掉 了 张现花 。
张雪英 批判 朱海现 。
任永波 讨厌 郭项立 。
宗高芳 表扬 郜青山 。
吕继勇 打开 了 文相国 。
呼爱丽 表扬 李瑞芬 。
梁莉花 批判 运振生 。
郭奎英 提高 了 王利霞 。
冯计田 拥抱 了 郑书卫 。
吕翠捧 骂 于广磊 。
张章秋 亲吻 了 曹艳香 。
檀伟净 不 喜欢 刘利平 。
宗彦勇 讨厌 白桂芳 。
郑瑞霞 拥抱 了 李社丽 。
白利娟 爱上 了 李俊峰 。
刘排京 讨厌 孙社存 。
李现玲 亲吻 了 任敬芳 。
王振英 扛 起 刘永现 。
郑利涛 怒斥 吕纪想 。
孙瑞亭 打开 了 李军玲 。
王存芳 不 喜欢 张雪堂 。
李银花 亲吻 了 刘现波 。
于麦文 爱上 了 苗自英 。
文国民 怒斥 未书霞 。
付贵引 批判 张全朝 。
刘东亮 打开 了 郭良营 。
郜春其 提高 了 郑亮亮 。
江占峰 拥抱 了 郜国芳 。
梁相民 打 死 马秘霞 。
文兆国 批判 胡芳彩 。
韩红伟 表扬 梁永强 。
张志彬 讨厌 张改峰 。
未俊兰 怒斥 刘捧钦 。
付社娟 怒斥 张国信 。
杨朋景 拥抱 了 付彦敏 。
吕文才 亲吻 了 吕占起 。
郭海宽 出卖 了 刘京宽 。
樊收轩 爱上 了 杨章顺 。
任社英 讨厌 郭章群 。
刘振锋 亲吻 了 杨国刚 。
未瑞英 扛 起 赵英涛 。
谭称意 怒斥 王利明 。
赵现想 关闭 了 邱娟次 。
郜金现 吃 掉 了 吕方波 。
张段芬 爱上 了 杨得印 。
梁月真 提高 了 韩妹英 。
贾庆贤 出卖 了 文国泽 。
江英花 亲吻 了 李增宽 。
王翠英 骂 梁翠书 。
鞠迎涛 出卖 了 周长恩 。
贾聚恩 出卖 了 陈卫录 。
张敬栓 批评 刘纪先 。
任振景 表扬 郭聚玲 。
王巧云 怒斥 张路奇 。
朱翠景 亲吻 了 杨志广 。
赵瑞亭 关闭 了 刘银波 。
郭聚臣 喜欢 刘相平 。
未翠想 爱上 了 张莉 。
李随泽 扛 起 李庆蕾 。
于进良 批评 杨先娥 。
井瑞民 骂 朱俊华 。
吕秘环 批判 贾亚超 。
文同录 批判 冯章夫 。
罗自蕊 不 喜欢 呼朋习 。
朱俊芬 喜欢 李江波 。
王秋社 关闭 了 朱社俭 。
谭运琢 出卖 了 阉留钦 。
袁改松 吃 掉 了 张纪军 。
孙占英 爱上 了 孙麦娥 。
张邵军 出卖 了 吕春奇 。
张红乔 扛 起 王利明 。
杨天兴 不 喜欢 梁月真 。
郑章芳 提高 了 宗金保 。
杨修海 批评 薛雪梅 。
张书伟 打 死 王胜利 。
呼占琢 表扬 郭江顺 。
杨喜社 打开 了 苗可巧 。
郑相民 提高 了 郑占京 。
田翠芳 关闭 了 任志刚 。
任省伟 爱上 了 陈军霞 。
刘双福 拥抱 了 李自恩 。
郭彦丽 关闭 了 张秀婷 。
李胜强 讨厌 于兵福 。
陈记元 扛 起 吕翠钦 。
宗国轩 爱上 了 谭志玲 。
刘仕灏 提高 了 刘社占 。
李同江 打开 了 梁现为 。
王彦娜 扛 起 吕国朝 。
梁再宽 批评 梁相书 。
张相花 喜欢 刘中波 。
王瑞英 打开 了 郭相针 。
张瑞霞 拥抱 了 王记花 。
兰俊芬 爱上 了 韩随田 。
文现英 亲吻 了 文可娇 。
樊艳芳 骂 吕可霞 。
郭姣平 批判 李水宽 。
郭敬春 批判 孙林英 。
郭占霞 打 死 张俊鹃 。
马伟钦 爱上 了 王彦红 。
邱先友 亲吻 了 冯敬涛 。
韩兆民 扛 起 郭广强 。
吕照朋 批判 吕金山 。
王春付 爱上 了 江社锋 。
郑相占 打 死 熊俊想 。
于自强 喜欢 冯会涛 。
刘便可 骂 江富强 。
李进生 吃 掉 了 陈现岭 。
贾现录 不 喜欢 呼士杰 。
宗广强 出卖 了 郭红杰 。
刘志国 吃 掉 了 王翠景 。
冯秘花 爱上 了 江瑞红 。
梁雪峰 扛 起 刘国霞 。
刘庆艳 怒斥 郭广建 。
王雪起 不 喜欢 李世忠 。
陈敬民 喜欢 朱胜娟 。
熊聚占 拥抱 了 赵国领 。
王留军 打 死 梁守祥 。
吕俊臣 批评 刘进捧 。
郭同建 喜欢 杨爱国 。
谢丽华 吃 掉 了 杨花蕊 。
文玲 怒斥 文志国 。
刘敬国 出卖 了 张占福 。
李洪强 打 死 运先芳 。
胡国轻 打开 了 运灵选 。
张合锁 出卖 了 杨进莉 。
郭瑞峰 批评 刘麦顺 。
张彦垒 讨厌 郭占波 。
罗丽省 提高 了 郭章营 。
郭瑞捧 亲吻 了 赵素景 。
李银花 批评 郭社强 。
贾社桥 打 死 周志波 。
江雪平 表扬 李林桥 。
韩瑞强 关闭 了 江焕巧 。
樊朋广 打 死 孙聚刚 。
刘发涛 扛 起 杨国庆 。
冀雪江 不 喜欢 蒙占杰 。
赵彦峰 批评 李自轩 。
张进轩 关闭 了 陈宁波 。
王钦芬 批判 任社娇 。
张爱桥 吃 掉 了 李新巧 。
未敬先 骂 吕赵英 。
李振峰 怒斥 张元坤 。
李霞 爱上 了 贾月芳 。
田成堂 提高 了 曹振国 。
文现奇 提高 了 李随真 。
刘军委 怒斥 文相朝 。
马晓娟 提高 了 江艳花 。
郭永超 出卖 了 宗银峰 。
江建峰 提高 了 文改花 。
郭战霞 批判 赵瑞钦 。
李现英 不 喜欢 王志军 。
王莉娟 喜欢 赵桂荣 。
乔改姣 批判 陈浩然 。
江建福 喜欢 郑自军 。
郑彦超 不 喜欢 江社书 。
张志刚 吃 掉 了 朱进玲 。
薛利娟 吃 掉 了 文国省 。
张江山 出卖 了 曹可芹 。
郭书桥 关闭 了 冯妹芳 。
李自胜 关闭 了 文合彦 。
付瑞敏 批判 冀瑞玲 。
熊瑞玲 表扬 贾翠花 。
朱俊芳 打开 了 张青珠 。
蒙殿举 打 死 王英存 。
王海燕 批判 王秋海 。
王战录 拥抱 了 马焕玲 。
文秋良 拥抱 了 熊志娟 。
郭粮站 不 喜欢 呼占杰 。
任建岺 怒斥 朱密钦 。
梁现江 爱上 了 柏密桥 。
刘换英 批判 贾军瑞 。
张相印 出卖 了 段秘霞 。
蒙江水 讨厌 李进忠 。
郑占录 拥抱 了 郭志杰 。
张彦芳 骂 田国习 。
王红臣 怒斥 贾秋景 。
吕纪想 讨厌 胡须顺 。
文敬力 吃 掉 了 尹雪芳 。
马月可 打 死 吕雪英 。
郜敬存 出卖 了 郭章信 。
薛巧连 吃 掉 了 呼小梅 。
王银霞 提高 了 朱占力 。
刘志中 喜欢 刘月书 。
朱建伟 打开 了 郑国占 。
文自朝 骂 胡卫杰 。
杨改芬 打开 了 吴相书 。
赵俊坤 拥抱 了 贾月芳 。
宗代良 打开 了 郜现宾 。
贾俊录 表扬 曹兵强 。
张桃芬 打开 了 吕田起 。
李段想 不 喜欢 胡卫杰 。
文姣平 骂 郭志华 。
李麦峰 拥抱 了 薛建英 。
杨瑞钦 出卖 了 尧艳青 。
张聚强 怒斥 赵桃钦 。
樊玉花 吃 掉 了 朱军士 。
魏双玲 扛 起 刘自花 。
张志霞 表扬 赵敬宽 。
文瑞敏 喜欢 刘娟红 。
熊国民 提高 了 吴彩霞 。
王建芳 打 死 杨青莉 。
吴敬芬 怒斥 呼照强 。
呼占华 爱上 了 江建福 。
郑平娟 爱上 了 郑香义 。
陈英杰 亲吻 了 杜社录 。
于永涛 扛 起 朱俊峰 。
王国营 批判 韩国恩 。
刘军 亲吻 了 朱瑞英 。
宗建波 吃 掉 了 杨京伟 。
郭变存 提高 了 王桃想 。
张随姣 亲吻 了 文整旺 。
郑朝栓 关闭 了 郭志谦 。
曾静 批评 梁利敏 。
杨兰英 提高 了 宗建波 。
王瑞宽 不 喜欢 宗水豹 。
吕秋华 打开 了 贾改芬 。
王改社 拥抱 了 李现玲 。
王得功 扛 起 井志忍 。
田永宾 喜欢 张爱巧 。
贾玉巧 提高 了 任水钦 。
冯存芳 出卖 了 文永现 。
杨志权 拥抱 了 王贵英 。
杨焕钦 拥抱 了 赵艳胜 。
文爱珍 扛 起 朱翠镯 。
郭社英 爱上 了 丁永红 。
梁现琢 批判 张改真 。
郭整恩 不 喜欢 张建文 。
江占岭 表扬 宗建朝 。
张利广 提高 了 于书祥 。
冯中卫 打开 了 张金兰 。
王卫生 表扬 文山顺 。
郭新月 爱上 了 刘合存 。
朱凤书 关闭 了 张占伟 。
李贵峰 亲吻 了 杨社训 。
任占广 出卖 了 于敬伟 。
杨先征 亲吻 了 张现才 。
张军杰 喜欢 杨国磊 。
李明亮 批判 吕桂香 。
田利霞 亲吻 了 于建花 。
王章素 亲吻 了 运建刚 。
梁雪巧 不 喜欢 李彦强 。
王俊花 讨厌 刘东红 。
张铁成 打开 了 郭磊 。
冀志军 打开 了 张麦芬 。
张雪娟 怒斥 吕玉岭 。
王建修 讨厌 张自忠 。
冯占玲 批评 刘得现 。
郑红霞 打开 了 李建立 。
贾俊玲 打开 了 张桃芬 。
刘彩 提高 了 杨先征 。
郭路长 提高 了 朱卫兵 。
郭振胜 亲吻 了 熊俊才 。
曹臣西 讨厌 王社姣 。
郑震宇 提高 了 李红梅 。
陈相菊 打开 了 郑章红 。
王改芬 批评 冯永波 。
赵德朝 亲吻 了 宗军强 。
郑随江 骂 朱玉霞 。
刘敬可 打 死 张运平 。
梁金涛 讨厌 曹贵芳 。
王敬敏 打 死 吕付军 。
郭志平 扛 起 王红勇 。
刘月书 喜欢 刘敬次 。
张树申 喜欢 刘成须 。
郭相景 扛 起 刘建华 。
宗社恩 拥抱 了 郭艳东 。
刘自营 喜欢 赵麦可 。
王艳花 出卖 了 熊自刚 。
吕九锋 批评 宗趁花 。
王中占 不 喜欢 宗现普 。
宗国恩 讨厌 韩晓静 。
张瑞玲 吃 掉 了 兰国立 。
吴军华 怒斥 运海英 。
文贵芬 拥抱 了 韩敬国 。
张良 打 死 谭称意 。
封改芝 出卖 了 张志强 。
扣九任 打 死 郜敬次 。
王中霞 骂 李英 。
樊艳芳 批评 王占卫 。
邱慧录 表扬 任现海 。
张勤月 喜欢 郑红斋 。
朱彦静 喜欢 杨印广 。
卜凤娥 关闭 了 闫俊霞 。
邱占芳 提高 了 付艳静 。
魏静钦 喜欢 杨洪涛 。
刘月真 亲吻 了 郑自霞 。
冯俊普 骂 张凤彩 。
贾改芬 不 喜欢 张聚刚 。
郑守卫 关闭 了 宗秀香 。
郭广振 亲吻 了 于广省 。
李瑞波 扛 起 刘占生 。
杨天兴 关闭 了 朱翠姣 。
任振江 批判 王亚飞 。
刘根强 爱上 了 张志霞 。
孔换平 提高 了 朱燕平 。
郭卷岭 表扬 宗国朝 。
吕趁彩 吃 掉 了 郭彦秋 。
郑国旺 吃 掉 了 于敬收 。
郑首敬 打开 了 赵建英 。
王艳瑞 表扬 刘自刚 。
运占为 喜欢 郭相存 。
杨军花 出卖 了 马俊芳 。
张迎涛 出卖 了 宗尽录 。
刘红梅 出卖 了 任金永 。
宗红兵 提高 了 张永宽 。
赵景 讨厌 吕存修 。
郑社峰 讨厌 郑志想 。
运志华 打开 了 韩聚钦 。
吕趁芬 不 喜欢 任利涛 。
王朝杰 怒斥 杨素钦 。
任占如 打开 了 吕晓兰 。
任爱霞 怒斥 刘占杰 。
张换芹 爱上 了 任建捧 。
宗喜全 讨厌 陈素芳 。
杨庆英 扛 起 刘密钦 。
王海云 拥抱 了 乔社姣 。
王桃俭 出卖 了 刘振营 。
郜敬次 关闭 了 孙社存 。
郑丽英 喜欢 贾改芬 。
赵翠想 批评 郭振社 。
杨胜利 怒斥 韩敬生 。
熊根才 喜欢 朱德胜 。
周全良 讨厌 王翠花 。
朱海朝 怒斥 胡桂芳 。
郭月书 拥抱 了 宗继勋 。
赵秀云 关闭 了 王敬勇 。
宋彩书 打开 了 郑军省 。
邱俊景 拥抱 了 张顺奇 。
郑先玲 出卖 了 吕月峰 。
邱俊彩 骂 郭桂娟 。
朱瑞坤 讨厌 樊利 。
郑素娥 关闭 了 文发军 。
吕香芬 打 死 朱国印 。
张彦涛 爱上 了 张志朋 。
文合修 出卖 了 李秀霞 。
于章军 骂 韩志修 。
杨进莉 骂 李战奇 。
曹彦英 拥抱 了 冯俊强 。
王芳 表扬 文振英 。
张瑞利 吃 掉 了 张士坤 。
于志杰 批评 李任桥 。
陈俊想 批判 王淑霞 。
文花捧 表扬 连慕花 。
张月香 打开 了 丁聚芳 。
王翠芹 表扬 熊伟彬 。
冯统帅 喜欢 吕翠玲 。
石金凤 亲吻 了 胡现华 。
朱彦霞 提高 了 井士杰 。
岳瑞平 亲吻 了 谢敬芬 。
张敬水 表扬 杨红恩 。
赵肖丽 怒斥 李敬霞 。
张社镯 拥抱 了 朱素芳 。
王存书 骂 王天军 。
郑根府 喜欢 张现霞 。
孙素芹 出卖 了 吕文进 。
孙爱荣 不 喜欢 王彩玲 。
郑爱郊 拥抱 了 王澜涛 。
韩焕琢 骂 王江宽 。
仇记真 扛 起 付可姣 。
张秀婷 不 喜欢 宗占权 。
于敬川 爱上 了 王发强 。
梁香桥 不 喜欢 李军霞 。
刘旭明 喜欢 朱振忠 。
任振霞 表扬 高丽芳 。
贾建凤 打开 了 郑卫习 。
李现真 出卖 了 郭献权 。
梁凤书 爱上 了 呼敬娟 。
刘西利 不 喜欢 朱永娟 。
蒙珠燕 批判 任利涛 。
文付安 讨厌 孟先芹 。
刘敬花 表扬 张俊平 。
宗文京 提高 了 贾先梅 。
张义霞 打 死 葛亚平 。
江军霞 讨厌 未占修 。
江明亮 亲吻 了 李先荣 。
王香可 批判 赵彩芳 。
王国站 表扬 张晓东 。
张贵芳 不 喜欢 王占霞 。
文战平 拥抱 了 王富强 。
王俊奇 提高 了 张桂花 。
李建习 吃 掉 了 吕国英 。
冯艳红 扛 起 运先菊 。
王排真 拥抱 了 梁尽峰 。
魏现国 拥抱 了 文兰顺 。
宗艳红 怒斥 张自钦 。
郑元录 喜欢 任合法 。
孙社花 吃 掉 了 曹占芬 。
王瑞英 吃 掉 了 朱国勇 。
韩元修 喜欢 刘莲连 。
梁现军 不 喜欢 文现玲 。
王玉芬 喜欢 李静霞 。
王相钦 亲吻 了 刘瑞桥 。
王现广 扛 起 潭军涛 。
张银素 打开 了 陈社灵 。
文雪芳 亲吻 了 杨居民 。
韩书玲 喜欢 郭电霞 。
运俊彩 不 喜欢 李秘书 。
薛月俭 提高 了 郭伟 。
邱保增 打 死 刘中次 。
李玉芳 怒斥 井丽 。
张志才 关闭 了 李书玲 。
罗志玲 出卖 了 樊朋献 。
杨国庆 出卖 了 宗莉霞 。
李金芳 批判 高俊彩 。
陈志起 亲吻 了 梁月真 。
任尽捧 扛 起 李绘强 。
陈风乔 吃 掉 了 杨留习 。
陈雷民 表扬 王自芳 。
苏妹花 怒斥 任东全 。
郑电杰 怒斥 陈志华 。
郭占柱 爱上 了 江军强 。
王想真 打 死 李仲建 。
张记秋 不 喜欢 马爱香 。
陈瑞玲 关闭 了 张爱先 。
赵如宽 怒斥 刘捧钦 。
郑巧英 吃 掉 了 朱秘芬 。
郭相存 出卖 了 任占军 。
呼海臣 提高 了 王景存 。
朱九云 不 喜欢 冯连友 。
王俊峰 吃 掉 了 王自钦 。
郭新江 扛 起 赵钦如 。
曹献恩 不 喜欢 王改兰 。
毛军彩 打开 了 梁书霞 。
郑东改 骂 檀志敏 。
文军侠 表扬 王军芳 。
张雪现 关闭 了 郭志娜 。
张恩民 吃 掉 了 郑如习 。
杨振娜 吃 掉 了 熊聚钦 。
任根全 拥抱 了 朱占芳 。
赵现卿 打 死 付迷换 。
王彦为 吃 掉 了 文志勇 。
江占申 表扬 郑占魁 。
宋丽花 喜欢 孟艳红 。
冯振杰 提高 了 陈顺平 。
宗可霞 扛 起 侯春彩 。
陈利波 扛 起 郭中波 。
郭香彩 怒斥 梁素恩 。
赵换香 出卖 了 朱忠民 。
梁金素 批评 呼想密 。
刘瑞然 吃 掉 了 杨兰英 。
呼艳红 打开 了 陈小琴 。
杨坤山 爱上 了 王占霞 。
王伟民 出卖 了 陈西印 。
文秀梅 打开 了 未翠想 。
李世忠 亲吻 了 王彦为 。
陈玉根 爱上 了 郑见习 。
未合宽 讨厌 任永志 。
范敬真 打开 了 鞠中选 。
王进考 提高 了 朱中印 。
白军芳 讨厌 呼俊平 。
杨秀芹 怒斥 朱永胜 。
张俊泽 打开 了 张文朝 。
陈尽镯 批判 马英花 。
任占海 关闭 了 郑会丽 。
贾现民 批评 赵红卫 。
冯军强 打开 了 杨跃宗 。
李庆瑞 扛 起 贾翠红 。
韩相景 吃 掉 了 王云霞 。
冯瑞霞 关闭 了 王晓红 。
李志玲 讨厌 朱秋真 。
江彦雷 批判 郑相仑 。
李秀峰 怒斥 郭会奇 。
郭少山 讨厌 赵社乔 。
文翠芬 打开 了 朱建起 。
张俊丽 怒斥 郭合芬 。
文娜 打开 了 王伍现 。
李敬民 提高 了 朱双建 。
张双成 出卖 了 刘善收 。
陈小宁 拥抱 了 郭俊卫 。
尹桃真 不 喜欢 张灵巧 。
赵春素 批评 赵翠芳 。
郭印强 拥抱 了 张密芳 。
呼雪兰 表扬 张素景 。
任江停 亲吻 了 熊水英 。
李自稳 批判 宗起才 。
冯敬红 打开 了 杨瑞英 。
赵社可 出卖 了 郑焕芹 。
张梅姣 出卖 了 魏士英 。
邱改存 扛 起 朱兆杰 。
朱自芬 拥抱 了 杨国普 。
张现良 扛 起 吕付生 。
王国申 关闭 了 杨志安 。
张永平 讨厌 宗伍山 。
张焕萍 批判 刘彦钦 。
田红波 扛 起 刘振发 。
李配红 表扬 杨伟广 。
赵翠芳 关闭 了 郑密芬 。
熊占强 表扬 郑占永 。
呼占强 打 死 任高生 。
张纪军 爱上 了 王振 。
李段花 打 死 刘同善 。
邵庆琢 怒斥 刘荣华 。
郭占池 不 喜欢 张瑞丽 。
江先义 批判 郭海花 。
呼彩平 喜欢 任起素 。
高环芳 扛 起 刘密捧 。
张占福 批评 赵云朋 。
任元起 表扬 梁俊蓬 。
张国敏 讨厌 杨先芳 。
刘月书 扛 起 文自章 。
张新华 批评 韩玉朝 。
王战录 打开 了 贾贵华 。
贾军次 吃 掉 了 赵广利 。
呼金虎 喜欢 袁建华 。
王普选 扛 起 韩占国 。
朱社景 打开 了 任建广 。
宗安泽 提高 了 司自霞 。
蒙敬栓 吃 掉 了 李自巧 。
郭俊峰 扛 起 贾自民 。
杨建功 打开 了 李贵平 。
王香媒 表扬 刘相霞 。
郭相岭 批评 李占雪 。
周章朋 提高 了 赵可先 。
任连英 扛 起 王高杰 。
岳颜霞 不 喜欢 李国升 。
苏翠花 批判 任文庆 。
郑瑞生 喜欢 王兵强 。
王忠显 打开 了 韩晓丽 。
梁社柱 喜欢 王士杰 。
冯康卫 打 死 郭胜杰 。
文大军 提高 了 郑风娟 。
文桂花 讨厌 梁翠喜 。
熊俊梅 吃 掉 了 朱香月 。
任素芳 表扬 韩金良 。
于钟举 喜欢 王敬选 。
冯占备 表扬 吕雷雷 。
张随宾 扛 起 潘红梅 。
李怀修 批评 段士娟 。
宗俊霞 表扬 陈向如 。
张雷刚 拥抱 了 陈振轻 。
侯占水 批评 王敬现 。
韩英臣 吃 掉 了 王国起 。
黄永钦 亲吻 了 李庆祥 。
赵占营 不 喜欢 文铁录 。
吕瑞捧 打 死 熊社娇 。
薛翠丽 拥抱 了 陈栓红 。
李少勇 表扬 郑凤想 。
李朋 打 死 刘军祥 。
田占军 打开 了 李风存 。
李现恩 批判 吕换桥 。
王建普 出卖 了 张相坤 。
张增利 不 喜欢 朱俊广 。
郜川周 喜欢 李进岭 。
冯海夫 出卖 了 李保书 。
朱存付 出卖 了 王兴伟 。
郭俊杰 怒斥 朱翠粉 。
吕秋妹 打开 了 李辉 。
曹保坤 打开 了 宗翠琢 。
文银豹 吃 掉 了 赵俊想 。
郭密存 喜欢 文彩训 。
吕永霞 不 喜欢 张变霞 。
江相民 出卖 了 郭整岁 。
李凤华 出卖 了 张用栓 。
熊俊想 喜欢 熊振发 。
李现军 亲吻 了 韩瑞刚 。
苏可真 打 死 韩忠涛 。
梁秋旺 喜欢 郑电如 。
张文书 表扬 于占彬 。
刘记存 骂 黄秀真 。
裴梦华 拥抱 了 王选景 。
曹银霞 表扬 曹建玲 。
曹东升 扛 起 王国印 。
郑豪强 怒斥 陈志永 。
杨雪次 讨厌 张永宽 。
江建超 提高 了 贾平社 。
贾月婷 骂 李为民 。
王占收 骂 龚志霞 。
文现国 喜欢 吕会勇 。
张新改 表扬 王富强 。
赵保山 提高 了 王香芬 。
朱秘娟 关闭 了 张书广 。
张振刚 讨厌 张相存 。
张留根 喜欢 王墨言 。
王荣安 表扬 王改盼 。
樊玉花 扛 起 张占芳 。
郭相巧 打 死 郭自兵 。
冀妹珍 出卖 了 王敬勇 。
于利花 打开 了 张社珍 。
刘占生 拥抱 了 兰国立 。
文相起 提高 了 梁新占 。
赵社荣 怒斥 吕江奎 。
周振波 不 喜欢 于现真 。
郭军岭 出卖 了 李景奇 。
吕王岭 吃 掉 了 文刚强 。
霍华庆 关闭 了 张丽娟 。
冯增夫 拥抱 了 张德全 。
王明亮 提高 了 张锐刚 。
刘占山 讨厌 黄永钦 。
宗晓娜 扛 起 王社起 。
王俊姣 表扬 朱改真 。
刘红站 吃 掉 了 陈占胜 。
运胜强 提高 了 刘利涛 。
朱立现 表扬 文国华 。
吕田起 不 喜欢 郑平占 。
蒙振平 怒斥 郑红英 。
张泽民 吃 掉 了 贾岭涛 。
吕文才 拥抱 了 李爱珍 。
苗翠英 出卖 了 郭志伟 。
李月真 关闭 了 杨新房 。
赵路勤 亲吻 了 梁会玲 。
朱桃珍 提高 了 郭中辉 。
贾占社 讨厌 井延延 。
杨密芳 怒斥 高俊彩 。
梁金涛 打 死 郜相书 。
陈向芬 骂 王军强 。
郑见林 打开 了 文军芳 。
李萍想 表扬 郑国轩 。
于改引 吃 掉 了 孙社平 。
郑存良 喜欢 杨书英 。
冯秘娟 不 喜欢 鞠相娥 。
赵现国 喜欢 未记红 。
李社红 扛 起 张广轩 。
郑桃平 骂 王振玉 。
张兆民 骂 张保权 。
冯大刚 拥抱 了 邵占琢 。
吴秀真 提高 了 井藏仁 。
田军民 批评 朱建莉 。
文庆山 扛 起 郭志全 。
呼敬娟 批判 陈姘姘 。
刘三敏 爱上 了 朱桃芬 。
樊建平 讨厌 运栓玲 。
郑聚强 批判 文士安 。
张振显 怒斥 赵改换 。
刘兵社 不 喜欢 吕趁芳 。
呼翠稳 批评 赵永钦 。
张书伟 扛 起 王付朝 。
朱月粉 打 死 李建英 。
张彦花 提高 了 张排书 。
刘世敏 吃 掉 了 杨香凤 。
王香书 不 喜欢 井占民 。
冯占甫 表扬 未金凤 。
冯秘玲 骂 郑建永 。
张自恩 扛 起 李合奇 。
熊国才 讨厌 任占朝 。
郜臣江 出卖 了 刘社强 。
任建恩 打开 了 冯重杰 。
宋爱霞 怒斥 韩元修 。
陈秋民 喜欢 王佩女 。
文社存 骂 高记真 。
郑朝建 怒斥 郭存杰 。
郑娟芳 爱上 了 王背 。
李宁宁 拥抱 了 韩永刚 。
文瑞萍 怒斥 未香素 。
魏利英 出卖 了 张瑞钦 。
郭向娟 吃 掉 了 郭振普 。
郭祝军 不 喜欢 张贵芬 。
郭章才 批判 郭普文 。
梁进仓 拥抱 了 宗巧存 。
李电兴 打开 了 吕志刚 。
赵麦忍 出卖 了 赵爱民 。
张丽栓 扛 起 未同栓 。
张趁玲 批判 立翠钦 。
曹敬平 拥抱 了 朱军杰 。
杨平波 扛 起 刘自霞 。
郑现玲 打开 了 唐秋菊 。
江同昌 批评 邱永波 。
王红刚 扛 起 张玲霞 。
宗进辉 骂 赵战胜 。
王在桥 提高 了 候月英 。
张社捧 提高 了 郭会霞 。
贾相霞 讨厌 赵发增 。
宗麦峰 出卖 了 刘东红 。
熊占坤 出卖 了 于国习 。
杨朝习 怒斥 王占备 。
张如兴 批判 杨国江 。
宗建朝 不 喜欢 郭普军 。
扣九任 打开 了 赵麦忍 。
冯军玲 不 喜欢 郭朋举 。
王留旺 打 死 刘军祥 。
王毫权 吃 掉 了 郭奎英 。
韩红志 爱上 了 王占捧 。
赵自轩 爱上 了 李景奇 。
运凤英 关闭 了 王景士 。
李雪芳 表扬 李彦玲 。
运现录 骂 呼新泽 。
贾庆堂 扛 起 韩红涛 。
郑章爱 出卖 了 郭书占 。
江平芬 打 死 刘想钦 。
胡朋赵 亲吻 了 杨可想 。
文金花 批评 韩敬芬 。
郑现玲 表扬 杨俊香 。
郭翠改 批判 韩占为 。
任永强 提高 了 贾杰民 。
于敬畅 表扬 张改景 。
柴书英 骂 于青花 。
侯记铃 不 喜欢 文占景 。
赵凤真 不 喜欢 李记彩 。
王学用 讨厌 郭艳国 。
郑雪民 怒斥 韩军习 。
魏彦杰 关闭 了 陈桂英 。
马自芬 怒斥 赵胜仓 。
魏翠英 批判 郑庆福 。
高秀兰 爱上 了 郭驼利 。
檀志敏 不 喜欢 冯春环 。
蒙英民 骂 陈胜利 。
鞠九书 表扬 王士磊 。
刘月芬 打开 了 李永华 。
郭红杰 不 喜欢 刘许哲 。
李同海 出卖 了 郑敬桥 。
张玉霞 打开 了 李麦民 。
高俊强 怒斥 李可捧 。
王武相 扛 起 王占平 。
赵青次 出卖 了 刘东红 。
王美荣 出卖 了 韩国普 。
李朋伟 扛 起 梁士强 。
李军营 打 死 周运生 。
杨振英 怒斥 朱合旺 。
刘雪峰 批评 赵自祯 。
贾尽显 打开 了 郜代军 。
王照明 打 死 文敬超 。
艾自英 爱上 了 安改华 。
张爱霞 扛 起 贾俊合 。
寇军利 喜欢 张社俊 。
冯俊奇 批评 薛娜 。
于翠敏 提高 了 张国田 。
张占秋 打开 了 王彦彩 。
薛红娟 批评 梁培峰 。
王桃芬 关闭 了 高先芳 。
张国岭 关闭 了 文铁振 。
鞠瑞钦 怒斥 曹社军 。
张利红 怒斥 任永信 。
朱少恩 骂 贾翠丽 。
于桂峰 亲吻 了 杨爱云 。
冯振琢 吃 掉 了 周玲 。
刘桂英 出卖 了 宗社魁 。
张书彦 出卖 了 杨双付 。
王现钦 亲吻 了 赵正桥 。
曹建华 吃 掉 了 井葆花 。
郭广习 批评 梁军芳 。
熊林振 提高 了 李进伟 。
任江伟 不 喜欢 李海霞 。
张明行 关闭 了 张增占 。
李章民 讨厌 朱根长 。
文山庆 扛 起 马素芹 。
王彦琢 亲吻 了 韩青见 。
马俊花 出卖 了 王同虎 。
郭存艳 不 喜欢 袁趁玲 。
张妹彩 拥抱 了 郭荣敬 。
朱德胜 爱上 了 贾现民 。
王社景 爱上 了 于社桥 。
杨东旺 批判 呼根强 。
朱静华 出卖 了 郑瑞芬 。
张敬彩 批评 张保轩 。
文常有 打 死 任净敏 。
杨中华 拥抱 了 陈俊桥 。
吴敬芬 爱上 了 冀同修 。
王洪刚 亲吻 了 赵金才 。
鞠景社 亲吻 了 刘志玲 。
蒙电聚 吃 掉 了 赵军宽 。
郑金磊 出卖 了 张玉芳 。
郭社先 怒斥 李艳璞 。
毛爱芳 爱上 了 张伟宽 。
郑兵申 出卖 了 宗怀录 。
郭占江 打 死 韩海真 。
田重权 喜欢 候朋芬 。
陈俊桥 吃 掉 了 熊海顺 。
靳志岭 表扬 郭会玲 。
张瑞轩 爱上 了 邱雨生 。
朱志平 表扬 郭勇轩 。
李玉华 喜欢 张秋英 。
杨金聚 亲吻 了 宋海占 。
赵士玲 怒斥 张存起 。
王高杰 讨厌 朱永波 。
赵秀银 出卖 了 贾贯霞 。
贾士民 亲吻 了 郭建修 。
韩记修 表扬 文敬超 。
文自钦 批判 刘相贤 。
王金霞 打 死 杨红光 。
杨国占 骂 朱敬霞 。
未同胜 打 死 邱怀彦 。
郭相省 打 死 张玉华 。
邱彦丽 表扬 陈宗收 。
王社真 喜欢 江改英 。
张明景 怒斥 高士娟 。
郑占元 关闭 了 王存书 。
杨俊义 批判 吕敬西 。
陈社田 骂 于桂华 。
梁勇军 批评 李占香 。
李胜民 怒斥 杨双怀 。
于现振 亲吻 了 罗俊荣 。
杨彦敏 提高 了 呼新泽 。
郜妹芳 怒斥 田胜利 。
李清霞 吃 掉 了 张书钦 。
郑占卫 批评 郭江顺 。
杨香彩 批评 李献库 。
江景书 骂 冯连友 。
赵存书 打开 了 张月俭 。
王军广 批评 王省伟 。
朱玉芬 批评 刘社峰 。
曹敬平 批判 吕成群 。
熊聚书 打开 了 杨瑞安 。
江留芬 批判 李随泽 。
李先桥 出卖 了 任建波 。
未翠书 怒斥 朱爱选 。
王二娟 不 喜欢 蒙亚平 。
吕爱可 拥抱 了 王自岭 。
杨俊景 拥抱 了 韩换景 。
呼晓明 拥抱 了 刘海涛 。
李聚坤 批判 蒙占娟 。
吕密琢 批判 韩沁园 。
罗记锋 骂 郑志娟 。
王从想 吃 掉 了 吕增田 。
任翠荣 爱上 了 郑未斋 。
杨高波 扛 起 张社朝 。
宋九爱 扛 起 王红习 。
孙全景 喜欢 李运芳 。
郭兵义 喜欢 刘瑞玲 。
吕英杰 出卖 了 兰子凯 。
马电钦 拥抱 了 贾晓丹 。
王文英 批判 李建省 。
宗记坤 提高 了 马社红 。
刘贵霞 爱上 了 张双民 。
王庆杰 批判 张孟元 。
赵建华 怒斥 王自杰 。
杨焕乔 怒斥 冯社钦 。
于现杰 不 喜欢 刘军岭 。
文永刚 喜欢 任建仓 。
朱肖静 拥抱 了 候月英 。
未同为 打开 了 薛利霞 。
郭敬春 怒斥 陈芬钦 。
曹素景 出卖 了 吕俊玲 。
朱彦霞 亲吻 了 郭记修 。
文自平 批评 呼瑞英 。
杨焕友 拥抱 了 韩利永 。
杨敬着 关闭 了 任永生 。
运占义 喜欢 杨素钦 。
文庆宽 吃 掉 了 杨自钦 。
呼洪涛 骂 高俊钦 。
郭军勇 打 死 赵志英 。
陈敬可 打开 了 郭秘英 。
郜章夫 讨厌 梁尽峰 。
郭秘杰 爱上 了 任朝振 。
郭海显 拥抱 了 郑遂芳 。
张俊奎 怒斥 赵月英 。
熊密钦 亲吻 了 冀伟红 。
张随利 亲吻 了 张随姣 。
郭国现 表扬 宗金山 。
郑君平 打开 了 郭春玲 。
刘彦收 打开 了 任焕菊 。
王芳 拥抱 了 李振杰 。
张改景 关闭 了 未社民 。
陈占胜 不 喜欢 李存申 。
贾瑞桥 吃 掉 了 陈浩杰 。
郜川坤 批评 井社修 。
赵现朋 批评 刘现军 。
于会娟 扛 起 王占录 。
郭爱玲 提高 了 宗俊真 。
李新房 批评 刘振铎 。
张社镯 出卖 了 邱保增 。
张占士 出卖 了 贾振法 。
孙翠真 不 喜欢 张社想 。
李艳霞 怒斥 王中伟 。
未素可 吃 掉 了 王水宽 。
张晓茹 不 喜欢 蒙军明 。
郭本善 批判 郜进展 。
孟艳红 吃 掉 了 连排景 。
郜玉习 拥抱 了 刘章振 。
杨换芳 关闭 了 王志娟 。
李自为 讨厌 张国显 。
韩金忠 爱上 了 杨江勇 。
宗东占 扛 起 张妹彩 。
未改想 批判 李庆山 。
谭瑞平 讨厌 郭怀坤 。
任珠峰 爱上 了 李宁宁 。
文同录 怒斥 未俊峰 。
刘红站 打 死 王志国 。
王菲 讨厌 周江花 。
文国山 骂 井印普 。
高翠平 打 死 罗艳霞 。
张少强 提高 了 呼瑞景 。
吕月艳 批评 张趁峰 。
李庆军 关闭 了 张瑞芬 。
宗艳杰 怒斥 杨贞芳 。
王军山 亲吻 了 王七改 。
刘改平 喜欢 赵水为 。
郑合社 讨厌 王献同 。
呼海录 出卖 了 陈先玲 。
郭相中 亲吻 了 杨成印 。
朱根奇 讨厌 周志波 。
朱雪芬 打 死 王建刚 。
郭胜强 打 死 吕改姣 。
郭双梅 骂 杨喜梅 。
张瑞可 扛 起 江月增 。
赵建英 批判 张彦霞 。
孙彦亮 批评 江雪涛 。
张卫利 打开 了 贾庆昌 。
赵付卫 批判 刘记芳 。
杨水强 爱上 了 马振娥 。
王现礼 吃 掉 了 田丽英 。
周想珍 爱上 了 杨美霞 。
吕红昌 打开 了 运广太 。
王中伟 骂 郭自姣 。
王根杰 扛 起 李爱社 。
陈俊兰 批判 张冠军 。
韩素粉 出卖 了 宗翠琢 。
张振营 怒斥 孙可芬 。
赵敬收 爱上 了 董连改 。
梁俊玲 爱上 了 梁兵显 。
蒙敬栓 爱上 了 李阳安 。
李士平 批判 呼民选 。
刘桂英 关闭 了 冯翠娟 。
郑合平 提高 了 高九青 。
韩翠娥 吃 掉 了 曹素景 。
苗秘引 打开 了 王瑞军 。
刘密锁 打开 了 张藏波 。
郭建修 爱上 了 赵志红 。
李战奇 爱上 了 梁相泽 。
呼增振 怒斥 郭瑞峰 。
李伟星 提高 了 运瑞芬 。
郜俊芳 爱上 了 马瑞玲 。
刘进捧 怒斥 郭自钦 。
任雪景 扛 起 郑中次 。
张书旺 批判 李增科 。
吕水长 提高 了 朱军杰 。
刘自强 打开 了 郭芹增 。
文现士 喜欢 陈敬斋 。
胡银兰 吃 掉 了 马正昌 。
冀瑞红 拥抱 了 熊同坤 。
熊瑞涛 喜欢 潘书英 。
郑见立 爱上 了 任玉镯 。
张安成 表扬 朱相士 。
于志坤 拥抱 了 杨焕真 。
陈尽如 亲吻 了 于现振 。
吕相彩 批判 李凤英 。
郜青山 表扬 张路强 。
郭国现 表扬 吕志国 。
韩麦乔 拥抱 了 薛建英 。
郭俊峰 打 死 郑怀恩 。
贾同显 喜欢 梁合军 。
郑如习 打开 了 任铁成 。
朱国聚 怒斥 候利霞 。
任占刚 提高 了 孙建华 。
任自桥 出卖 了 郭相科 。
刘敬霞 骂 郭战军 。
郭社景 批评 熊振忠 。
李兆强 喜欢 朱江营 。
张雪芬 喜欢 郑章红 。
刘庆芬 批判 罗志玲 。
李随恩 怒斥 李臣生 。
罗会丽 出卖 了 运密霞 。
冀同修 怒斥 陈现奇 。
杨翠玲 拥抱 了 庞少勇 。
王卫群 骂 运香芬 。
郑书民 怒斥 任建岺 。
李顺朝 亲吻 了 于广现 。
李尚坤 提高 了 刘随芬 。
王利杰 打 死 霍华庆 。
李有风 不 喜欢 孙社华 。
李艳璞 讨厌 郜春巧 。
郭社 不 喜欢 冯金亭 。
赵俊保 爱上 了 未爱芬 。
周水强 关闭 了 吕成修 。
刘占芳 表扬 孙月娥 。
赵付顺 打开 了 刘淑娟 。
白随桥 提高 了 段利霞 。
李相珠 批评 杨未起 。
陈社富 打 死 曹青桥 。
梁书亮 打开 了 王彦红 。
赵梅芬 扛 起 贾占桥 。
梁现岭 讨厌 任铁安 。
张斌 爱上 了 宋香针 。
王国虎 出卖 了 张占民 。
郜爱巧 亲吻 了 冯占玲 。
郭秀芳 爱上 了 杨兵月 。
于敬攻 批判 江合军 。
付社娟 拥抱 了 郑存景 。
任俊娥 批评 江俊朝 。
文俊奇 拥抱 了 张密霞 。
王换芳 扛 起 谭称意 。
王二霞 出卖 了 陈利波 。
王志民 表扬 连自花 。
江同铅 拥抱 了 梁柱涛 。
曹乔真 出卖 了 赵丽 。
郜艳霞 打开 了 刘凤卫 。
韩艳华 批判 朱玉芬 。
宗进辉 不 喜欢 吕艳增 。
曹素景 表扬 张记峰 。
韩朋习 出卖 了 王荣安 。
文雪景 不 喜欢 韩红强 。
文香芬 怒斥 宗巧景 。
王宗华 爱上 了 李起凡 。
张军民 骂 张国敬 。
张换女 扛 起 杨书霞 。
兰俊想 批评 邱海平 。
刘现国 拥抱 了 张德权 。
张雪峰 关闭 了 任东刚 。
王文相 提高 了 郭社 。
张相英 骂 史爱香 。
孙彩桥 打 死 王排真 。
郭俊修 吃 掉 了 王毫权 。
王素涉 出卖 了 赵根印 。
李相珠 出卖 了 张明尚 。
刘双普 爱上 了 赵雪玲 。
文国营 提高 了 王社峰 。
张段华 关闭 了 吕占起 。
朱瑞平 喜欢 范秋红 。
周自宽 批判 郑焕芳 。
宗振广 关闭 了 李书臣 。
运素英 扛 起 冯振平 。
郭占须 爱上 了 贾建发 。
杨现玲 关闭 了 文合真 。
李社平 怒斥 江占申 。
杨美霞 亲吻 了 刘贵花 。
宗高泽 爱上 了 杨志彬 。
郑利华 吃 掉 了 宗广强 。
刘敬琢 批评 李红娜 。
郑海卫 喜欢 李金朝 。
冀志杰 批评 赵瑞强 。
霍磊英 拥抱 了 郭卷岭 。
蒙凡飞 提高 了 杨永杰 。
李可姣 打开 了 郭占永 。
贾庆瑞 喜欢 郭呈玉 。
张军英 骂 杨俊花 。
陈荣丽 扛 起 任朝臣 。
曹长花 批判 郭爱伶 。
韩现东 提高 了 马小会 。
朱秘强 表扬 任趁红 。
任占强 吃 掉 了 王玉桥 。
未彦想 喜欢 李便方 。
朱付军 提高 了 王士芹 。
呼艳花 喜欢 候贵利 。
刘社强 表扬 刘德红 。
郭振强 亲吻 了 文晓花 。
运国如 打 死 宗会玲 。
韩俊姣 亲吻 了 杨社藏 。
杨关杰 拥抱 了 张利涛 。
刘彦军 关闭 了 郭付臣 。
王锋彦 拥抱 了 井瑞忍 。
李翠钦 吃 掉 了 文银花 。
魏丽花 批评 赵俊泽 。
文俊霞 关闭 了 赵彩霞 。
郭瑞平 亲吻 了 赵二玲 。
金彩霞 不 喜欢 梁建峰 。
郭怀岭 不 喜欢 王趁华 。
未占素 表扬 任占权 。
张金香 亲吻 了 运雪芳 。
曹相泽 提高 了 陈国祥 。
刘社芳 喜欢 刘彩书 。
白艳红 批判 韩占奎 。
刘勇 爱上 了 郭向阳 。
王风英 拥抱 了 江敬梅 。
李小琢 批判 张自高 。
刘向兰 提高 了 宗改藏 。
李利平 亲吻 了 贾建垒 。
陈显达 出卖 了 张可想 。
运从利 骂 孟西芹 。
冯瑞平 不 喜欢 王栓占 。
张墨杰 拥抱 了 刘相林 。
郭占普 关闭 了 郜雪锋 。
刘少军 拥抱 了 曹翠华 。
候新彩 爱上 了 未香素 。
黄永红 爱上 了 冯金录 。
刘素红 喜欢 张旭娜 。
李麦峰 喜欢 陈利永 。
梁记民 拥抱 了 朱庆花 。
李聚景 喜欢 李宁宁 。
王锋亮 怒斥 王素英 。
郑国旺 批评 郭妹芳 。
张山虎 骂 熊自刚 。
冯翠俭 提高 了 吕建军 。
王士钦 怒斥 刘高刚 。
刘振停 怒斥 文兵现 。
曹雪景 拥抱 了 曹占付 。
王章栓 打开 了 郑海卫 。
曹社云 讨厌 张营涛 。
冯雪花 提高 了 曹妹先 。
郜东卿 打 死 陈可钦 。
王永录 骂 郭巧 。
呼利臣 出卖 了 王静军 。
蒙高行 讨厌 文国平 。
张用广 批评 张九完 。
王趁轩 提高 了 郑艳军 。
运翠英 扛 起 文社巧 。
运俊桥 打 死 吕瑞锋 。
李林桥 关闭 了 吕兆宽 。
李电珍 喜欢 裴梦华 。
张秘英 亲吻 了 郑秘山 。
朱民英 拥抱 了 韩银琢 。
未俊兰 拥抱 了 杨路选 。
郭章群 讨厌 王金霞 。
张国友 出卖 了 王海维 。
曹贵芬 提高 了 韩翠玲 。
杨改峰 吃 掉 了 刘素环 。
王自广 讨厌 宗记科 。
王怀聚 拥抱 了 贾付军 。
张现林 批判 高先峰 。
张俊朝 批评 郭振波 。
熊相珍 爱上 了 杨书英 。
王现安 不 喜欢 李芹锋 。
刘会敏 亲吻 了 吕照芳 。
韩满仓 关闭 了 王军杰 。
张姣芬 扛 起 乔焕巧 。
魏爱想 打开 了 张伟强 。
李存芳 讨厌 刘中波 。
宗国正 讨厌 郑存芳 。
贾慧利 讨厌 郭栓保 。
梁现华 不 喜欢 江瑞平 。
宗焕美 提高 了 蒙艳玲 。
赵密君 不 喜欢 赵奎涛 。
蒙江水 不 喜欢 贾国旺 。
张发聚 吃 掉 了 曹永强 。
高占敏 打 死 吕趁芳 。
何晓花 讨厌 李军修 。
江社书 提高 了 贾高伟 。
梁合宽 打 死 郭现平 。
李强 爱上 了 杨金磊 。
吕敬想 关闭 了 张景红 。
王风英 骂 贾占玲 。
袁香芬 怒斥 张振军 。
任振芳 喜欢 韩翠玲 。
杨国如 拥抱 了 马自乔 。
郑合垒 拥抱 了 郭俊书 。
梁现江 扛 起 刘素景 。
江存记 提高 了 李沛沛 。
郑从收 爱上 了 刘雪轻 。
杨丽英 关闭 了 许敬朝 。
李建英 表扬 付艳静 。
朱五玲 扛 起 房山影 。
李现芳 扛 起 呼敬涛 。
井志忍 怒斥 王留宽 。
刘先着 吃 掉 了 刘丽萍 。
刘丰善 吃 掉 了 朱占花 。
李桃真 打 死 刘现柱 。
王想爱 打 死 马秋景 。
朱爱云 爱上 了 艾自英 。
韩新巧 爱上 了 郜桥芳 。
于军胜 不 喜欢 朱守营 。
张雪粉 表扬 孔爱新 。
王明钦 讨厌 宗可景 。
梁进友 吃 掉 了 吕社彬 。
张素钦 打 死 王建党 。
杨聚峰 表扬 江桂芳 。
李曾录 批评 郭姣平 。
郭相法 怒斥 郭印强 。
李新姣 拥抱 了 刘姣芬 。
马改娟 讨厌 杨宗胜 。
田双梅 亲吻 了 尚海花 。
熊海军 怒斥 文中强 。
郜麦巧 扛 起 秦光群 。
刘香凤 批评 王社存 。
李国朝 爱上 了 韩英民 。
梁建军 出卖 了 王国留 。
王林朝 出卖 了 宗喜社 。
郭普军 吃 掉 了 朱秀花 。
马大香 扛 起 邵金霞 。
郭磊 吃 掉 了 陈凤珠 。
唐秋菊 表扬 运合军 。
文俊起 不 喜欢 郭敬书 。
苏俊华 打开 了 朱国珍 。
郜敬恩 讨厌 运艳蕊 。
冯爱景 吃 掉 了 薛爱华 。
李虽可 打 死 杨书敏 。
候雅萍 吃 掉 了 杨江国 。
江雪凤 关闭 了 王红强 。
郑进强 出卖 了 郭占涛 。
李现国 打开 了 李秀粉 。
王电录 怒斥 孙翠想 。
梁红卫 出卖 了 陈向前 。
梁中杰 批评 呼秀丽 。
高环芳 打 死 杨亮奎 。
朱换珠 打开 了 秦金普 。
韩忠涛 批评 李迎春 。
赵文英 扛 起 韩新巧 。
郑自平 亲吻 了 冯占钦 。
韩省军 关闭 了 吕翠玲 。
蒙永英 打 死 邱占刚 。
梁彦涛 批评 王洪峰 。
熊敬书 拥抱 了 雪占英 。
朱军士 表扬 王献普 。
李留仓 提高 了 郭京收 。
王爱真 关闭 了 郑占永 。
朱相申 骂 陈郭平 。
刘全民 批判 魏自霞 。
付玉玲 拥抱 了 邱相引 。
陈国胜 怒斥 宗志国 。
呼相显 出卖 了 贾社钦 。
江雪景 爱上 了 任振友 。
郭书平 打 死 于雪霞 。
王铁柱 打 死 宗翠峰 。
杨存峰 爱上 了 王密玲 。
文换香 亲吻 了 吕红泽 。
张秋玲 怒斥 王敬刚 。
朱仁霞 批判 宗可勤 。
郭占军 表扬 赵占英 。
梁柱安 提高 了 郑如收 。
胡彦利 拥抱 了 李现超 。
刘颖收 不 喜欢 刘军玲 。
陈胜利 批判 郭艳强 。
刘自轩 扛 起 李长山 。
张孟堂 表扬 覃晓红 。
王占鹏 出卖 了 韩臣顺 。
井国印 批评 李自玲 。
于较芬 批判 吕占波 。
贾振青 表扬 曹想娜 。
吕英杰 打 死 韩卫强 。
文群保 爱上 了 陈章民 。
王加强 亲吻 了 王彦华 。
贾占收 拥抱 了 杨志玲 。
张现选 打 死 朱红玲 。
郭秀芳 表扬 李瑞亭 。
井高生 亲吻 了 刘占岭 。
张书连 批判 李瑞星 。
文丽霞 亲吻 了 赵恩民 。
陈静花 打 死 刘翠平 。
陈相振 骂 张占保 。
冯俊霞 扛 起 李庆恩 。
梁翠可 亲吻 了 井红忍 。
张自高 亲吻 了 郑秀书 。
王占付 不 喜欢 宗国轩 。
于相芬 扛 起 刘中杰 。
冀运平 不 喜欢 周瑞粉 。
张建收 怒斥 李增强 。
李排柱 批评 王翠捧 。
曹相泽 出卖 了 文晓丽 。
刘雪梅 怒斥 吕雪君 。
王爱珍 讨厌 杨安录 。
陈娟敏 喜欢 吕焕铃 。
郭永平 怒斥 郭大强 。
李殿恩 拥抱 了 李忠芳 。
杨青莉 出卖 了 文俊京 。
赵芳霞 喜欢 周恩平 。
赵先峰 扛 起 梁红光 。
赵英花 批判 魏国洪 。
白电善 提高 了 郭合江 。
李凤伟 批评 运密玲 。
柏爱英 出卖 了 胡俊平 。
赵战胜 提高 了 杨敬良 。
刘改平 讨厌 邱先友 。
赵胜利 骂 吕付生 。
陈安庆 关闭 了 郭存义 。
梁社珍 扛 起 熊占奎 。
宗素可 讨厌 吕武广 。
贾社平 讨厌 苗朋肖 。
吕翠想 亲吻 了 苏朋社 。
郑会丽 关闭 了 杨利霞 。
江月芬 关闭 了 于进玲 。
朱庆功 亲吻 了 梁再宽 。
郑豪强 提高 了 梁志峰 。
杨磊 出卖 了 兰常桥 。
张素英 喜欢 王利红 。
张敬先 讨厌 呼雪峰 。
李改娥 怒斥 王建堂 。
李现峰 打 死 贾国正 。
刘雪霞 打 死 郑玉兰 。
李兵军 爱上 了 郝志涛 。
杨社想 吃 掉 了 赵喜换 。
任省伟 关闭 了 曹东升 。
郑香坤 出卖 了 张兰峰 。
杨秀芹 爱上 了 郭现杰 。
石胜坤 讨厌 朱自芳 。
陈秘英 打开 了 陈运书 。
冯占奇 打 死 邱密平 。
江战士 拥抱 了 任国奇 。
王改青 喜欢 陈士强 。
毛利敏 扛 起 朱敬超 。
张现瑞 亲吻 了 任殿军 。
于志坤 爱上 了 郑记元 。
郑志花 打 死 冯雷超 。
吕国英 怒斥 文志勇 。
张建勇 批判 王锋彦 。
吕运方 打开 了 马风娥 。
陈社桥 讨厌 胡军平 。
郑风娟 打开 了 熊秋珠 。
冯金田 批判 李自先 。
周水强 吃 掉 了 马爱香 。
郑兵占 爱上 了 李洪强 。
王大信 爱上 了 张会娟 。
陈水涛 拥抱 了 郑双花 。
吕改姣 扛 起 王春付 。
朱九云 吃 掉 了 郭彦平 。
王现改 不 喜欢 张国强 。
梁素恩 喜欢 赵银芳 。
宗俊英 关闭 了 刘军祥 。
于月书 爱上 了 杨奎华 。
任辉强 亲吻 了 吕永霞 。
赵社景 出卖 了 梁正峰 。
张磊 批评 李明江 。
赵永力 打 死 李明印 。
宗现良 拥抱 了 刘占举 。
王社芬 扛 起 李兰英 。
付建蕊 骂 曹瑞钦 。
熊国显 扛 起 郑相坤 。
袁永娟 亲吻 了 郑存枝 。
兰娟华 关闭 了 付秘霞 。
刘自典 怒斥 魏伟利 。
熊俊玲 批判 刘贵平 。
于可芬 骂 张录平 。
刘国敏 批评 杨妹香 。
贾现民 拥抱 了 刘桂英 。
文俊亮 喜欢 于建彩 。
王素芹 批评 贾俊平 。
李瑞良 亲吻 了 杨来锁 。
冯社英 怒斥 文相起 。
王随芳 扛 起 刘春芳 。
刘社军 亲吻 了 赵国福 。
刘庆杰 骂 朱自刚 。
郑东才 批判 杨战伟 。
魏焕丽 打开 了 刘高志 。
王俊彩 提高 了 赵社芬 。
陈现春 爱上 了 张国显 。
李尽良 爱上 了 白相姣 。
吕现玲 不 喜欢 于忠良 。
文自安 表扬 杨相朝 。
张金花 批判 郭志娟 。
呼密先 拥抱 了 朱自修 。
曹贵芳 爱上 了 郭见广 。
韩志修 骂 田银素 。
熊自忠 不 喜欢 杨占峰 。
宗占国 批评 郜改云 。
王密想 提高 了 魏俊庭 。
刘付东 扛 起 赵雪莲 。
邵金霞 打 死 李俊兰 。
宗翠琢 吃 掉 了 蒙亚省 。
刘秀花 爱上 了 江相英 。
朱起运 提高 了 王彦忠 。
朱俊录 讨厌 李书峰 。
李献京 表扬 张冠杰 。
韩红星 亲吻 了 张国胜 。
李雪奇 骂 杨存姣 。
郑士强 扛 起 任焕芬 。
梁书娥 出卖 了 朱密花 。
段换可 怒斥 杨焕友 。
马社芳 骂 阮建花 。
郜振选 怒斥 杨保安 。
张国用 喜欢 任敬国 。
张聚刚 不 喜欢 于书平 。
郭变存 打开 了 刘丛霞 。
李秀真 出卖 了 张增朝 。
吕换桥 批评 王增保 。
刘雪梅 喜欢 兰俊桥 。
韩瑞习 批判 李社荣 。
贾国民 骂 李留刚 。
于志杰 表扬 陈小琴 。
李社敏 批评 杨安为 。
曹雪景 讨厌 文娟彩 。
李永霞 打 死 陈丽敏 。
陈三玲 喜欢 李平安 。
赵章颂 怒斥 梁翠喜 。
文秋宽 表扬 王红生 。
刘焕敏 扛 起 宗艳华 。
李孟奇 打 死 杨书朋 。
未大伟 批评 任赵起 。
张瑞芬 扛 起 陈合群 。
朱占霞 喜欢 陈月书 。
赵送引 骂 江金龙 。
高彦芬 批评 蒙省涛 。
曹占强 讨厌 候翠锋 。
李自印 表扬 刘喜真 。
刘莉娜 提高 了 呼秀珍 。
王焕锋 亲吻 了 文瑞民 。
李国权 骂 刘红站 。
冯随现 亲吻 了 杨焕增 。
王洪波 讨厌 杨卷仓 。
未密英 提高 了 王胜雷 。
刘聚花 拥抱 了 陈娟玲 。
刘社可 拥抱 了 赵发增 。
张现奇 吃 掉 了 李秀捧 。
李大轩 喜欢 李进岭 。
李国胜 不 喜欢 王永花 。
李自先 爱上 了 杨高奎 。
宗俊习 批判 王国献 。
赵占玲 喜欢 李存柱 。
邱记录 爱上 了 贾华 。
吕趁彩 出卖 了 呼敬涛 。
李国庆 出卖 了 任麦献 。
乔翠想 打 死 张现次 。
杨战伟 骂 郭志伟 。
王晓亮 拥抱 了 蒙增民 。
宗金红 讨厌 陈相杰 。
王记奎 怒斥 郭红英 。
任建波 打开 了 刘桂平 。
李现起 出卖 了 杨振娜 。
郑进录 关闭 了 张书京 。
李战军 关闭 了 高俊兰 。
张玉珍 骂 张志霞 。
孙改珠 喜欢 陈社英 。
李瑞娟 扛 起 王三霞 。
王记峰 打 死 葛俊玲 。
刘自强 批判 郭爱荣 。
朱书现 讨厌 于高敬 。
梁秘花 骂 赵书红 。
张永轩 打开 了 张振生 。
江青芳 喜欢 吕志华 。
刘占府 吃 掉 了 文兵现 。
杨素利 扛 起 王巧玲 。
张俊强 扛 起 张玉岭 。
曹趁义 打开 了 田雪捧 。
运俊强 打 死 郭变存 。
韩秀花 不 喜欢 孙自霞 。
吕晓静 关闭 了 郑利玲 。
郭长虹 批判 杨双岭 。
王军次 爱上 了 李朋社 。
周二芳 打开 了 朱月琢 。
何社芳 吃 掉 了 贾凤桥 。
刘占为 喜欢 袁永娟 。
刘现强 爱上 了 王秋月 。
罗社想 不 喜欢 陈尽镯 。
于永刚 骂 呼军发 。
刘电军 表扬 任喜芳 。
杨爱珍 打 死 李艳红 。
未秘想 爱上 了 陈怀领 。
朱现宽 吃 掉 了 宗社英 。
苗姣粉 表扬 杨俊红 。
梁新改 怒斥 王现习 。
刘东方 亲吻 了 郑麦付 。
郭现伟 批评 邱平军 。
任振强 提高 了 王改盼 。
刘自着 拥抱 了 江胜永 。
平江平 批判 李瑞民 。
杨雪锋 批判 吕占华 。
魏自钦 亲吻 了 杨江起 。
于兵福 提高 了 吕俊峰 。
蒙省昌 喜欢 郑振姣 。
郭现修 亲吻 了 张永胜 。
郭军奇 表扬 韩现峰 。
王占芬 扛 起 郭彦书 。
江增强 拥抱 了 韩卫修 。
宗纪魁 亲吻 了 吕晓川 。
郭妹霞 打开 了 江合军 。
谭玉斋 喜欢 宗广杰 。
朱振永 喜欢 任保福 。
郜敬奇 爱上 了 薛秀芹 。
郭敏霞 吃 掉 了 王彦召 。
候可捧 亲吻 了 熊占坤 。
张月英 打开 了 李艳璞 。
江才民 批评 宗照华 。
梁国辉 吃 掉 了 王玉芬 。
马爱芳 打 死 陈俊霞 。
韩占奇 打开 了 张占芳 。
陈自民 出卖 了 井现振 。
吕兵娟 喜欢 贾现修 。
张随宾 表扬 王艳瑞 。
郑翠兰 拥抱 了 郑永娟 。
蒙娟镯 打 死 周俊彩 。
孙清苛 亲吻 了 郑相占 。
朱爱珍 批评 王娟花 。
呼现胜 不 喜欢 杨军杰 。
郭文现 出卖 了 张战立 。
韩新巧 批判 赵奎涛 。
王洪峰 打 死 赵怀青 。
魏志刚 喜欢 郑桃平 。
宗官仓 表扬 王芹珠 。
赵俊民 喜欢 杨冬岭 。
赵肖娜 扛 起 王彦为 。
高现旺 表扬 未自栓 。
林灵霞 打开 了 王江苓 。
冯永花 不 喜欢 邱雪亮 。
朱俊广 打 死 张振玲 。
江焕书 喜欢 朱庆祝 。
文志杰 打 死 朱秀安 。
刘雪占 爱上 了 王金才 。
未春雷 打开 了 郜川营 。
刘水敏 骂 魏翠钦 。
曹占芬 亲吻 了 梁香芳 。
李桂平 喜欢 胡桂芳 。
吕焕玲 骂 宋红芹 。
陈志杰 扛 起 张俊奎 。
郭现化 喜欢 郭现平 。
张永红 扛 起 蒙全占 。
冯玉存 批评 未敬先 。
朱社军 批评 郭风云 。
井瑞先 批判 李大轩 。
王士磊 表扬 冀宏伟 。
闫永军 关闭 了 张建国 。
杨相营 表扬 吕红昌 。
郑瑞华 出卖 了 刘东红 。
熊社钦 表扬 任焕可 。
贾国民 打开 了 杨艳霞 。
马瑞平 亲吻 了 候水真 。
吕文进 亲吻 了 赵晓着 。
朱国权 关闭 了 梁尽峰 。
刘相林 骂 李改红 。
李金芳 骂 王爱敏 。
王艳敏 出卖 了 马爱华 。
郑瑞超 喜欢 张良才 。
曹长花 表扬 李照轩 。
贾建垒 批评 张建花 。
王桃俭 不 喜欢 杨水强 。
李自显 批判 梁勇军 。
任素玲 骂 邱麦卫 。
未占广 喜欢 郭增路 。
吕永真 提高 了 刘永杰 。
李存姣 不 喜欢 朱红英 。
韩丛桥 吃 掉 了 吕现辉 。
文现勇 吃 掉 了 郑振姣 。
王伟民 关闭 了 刘红霞 。
王社全 不 喜欢 任铁安 。
张栓柱 批评 朱二英 。
杨相彬 表扬 李瑞星 。
赵平菊 爱上 了 赵德顺 。
梁净宽 表扬 刘敬花 。
罗会丽 吃 掉 了 李凤霞 。
朱肖雨 批评 呼利红 。
陈浩然 扛 起 李志忠 。
张红梅 批评 韩海真 。
赵社涛 批判 赵金宽 。
张芬霞 吃 掉 了 郭瑞先 。
李彦民 批评 薛爱英 。
许崇英 吃 掉 了 刘印朝 。
文金萍 怒斥 王胜雷 。
郭改峰 亲吻 了 贾随娟 。
赵彦收 拥抱 了 陈月芬 。
郑彦花 表扬 张国珍 。
张国首 亲吻 了 高记真 。
郑慧芳 打 死 田见伟 。
郑自恩 出卖 了 郑大民 。
郑换英 出卖 了 冯军旗 。
郭瑞珍 批评 井现海 。
王桃俭 喜欢 良纪芬 。
邱守营 骂 刘军芳 。
郭怀岭 爱上 了 许华新 。
冀现军 拥抱 了 凡娟 。
吕国占 爱上 了 朱青粉 。
刘相才 扛 起 张国平 。
陈德民 骂 运从宽 。
郑翠玲 骂 王现奎 。
张俊先 讨厌 熊喜祥 。
郭雪爱 批评 韩占方 。
冯兰英 打 死 陈户彬 。
张敬国 不 喜欢 王振彩 。
许自永 喜欢 郭丛起 。
朱现宽 扛 起 郭瑞民 。
王振奇 讨厌 冯军旗 。
郑根旺 亲吻 了 王凯玲 。
马雪芳 吃 掉 了 郭改连 。
赵东姣 亲吻 了 杨美霞 。
任洪轩 吃 掉 了 郭焕景 。
未孟华 喜欢 杨勇涛 。
周章波 不 喜欢 李海燕 。
郭先芬 骂 刘庆琢 。
刘志永 批判 曹趁银 。
吕瑞捧 亲吻 了 刘秘芬 。
韩昌英 讨厌 郭呈玉 。
吕秘环 批评 李振芳 。
王随文 讨厌 张现彬 。
袁丽敏 扛 起 贾改花 。
罗纪先 扛 起 刘现岭 。
未大力 关闭 了 江胜利 。
杨现平 不 喜欢 吕俊云 。
朱建珍 亲吻 了 文国瑞 。
郭占江 吃 掉 了 于现录 。
吕为红 怒斥 魏桂玲 。
吕爱荣 喜欢 李玉根 。
杨秀芹 表扬 邱慧录 。
刘胜委 打 死 贾改芬 。
宋可姣 打开 了 吕伟超 。
朱俊峰 吃 掉 了 刘敬国 。
贾改芬 拥抱 了 任洪轩 。
张里强 吃 掉 了 李翠芬 。
赵京阳 表扬 宗改芬 。
刘香凤 怒斥 秦金普 。
杨兵奇 爱上 了 吕社钦 。
薛翠玲 关闭 了 陈燕敏 。
贾瑞桥 出卖 了 张素霞 。
朱社科 喜欢 文社平 。
赵根山 出卖 了 孙秋英 。
贾翠花 关闭 了 曹忠华 。
宗占 骂 王习宽 。
冯铁柱 扛 起 李秘娟 。
王景立 爱上 了 朱海云 。
运金科 骂 郑彦花 。
宋改风 批判 孙密景 。
郑国现 讨厌 张书英 。
田照波 讨厌 于爱竹 。
张彦民 拥抱 了 文军侠 。
刘素英 批判 李雷刚 。
郭建锁 批评 杨勇 。
杨翠桥 表扬 王娟 。
呼凤巧 骂 宗章怀 。
田相国 打 死 江丁丑 。
张顺江 出卖 了 王普 。
陈占钦 吃 掉 了 郑翠英 。
罗瑞想 不 喜欢 李敬修 。
张志娟 关闭 了 任永杰 。
张军停 爱上 了 张爱次 。
邱雪敬 喜欢 李丽娜 。
朱肖静 吃 掉 了 任高峰 。
宗红波 爱上 了 刘会俭 。
周电稳 出卖 了 文孟修 。
郑建朝 扛 起 郭雪平 。
井藏仁 讨厌 张艳稳 。
张凤勉 亲吻 了 王永肖 。
冀翠云 讨厌 杨国兴 。
冯连友 喜欢 马海古体 。
运然超 吃 掉 了 张振栓 。
张瑞想 怒斥 朱素娥 。
李大轩 表扬 刘现峰 。
郑手庆 提高 了 刘连生 。
赵瑞真 喜欢 罗自蕊 。
马红霞 骂 于路玉 。
陈丽娟 吃 掉 了 王立起 。
朱怀恩 骂 张国权 。
赵瑞玲 关闭 了 张玉花 。
张国旺 提高 了 宗现民 。
周永钦 提高 了 熊国显 。
冯瑞花 表扬 任聚海 。
任春海 怒斥 韩社起 。
张现召 打开 了 江俊朝 。
朱建恩 关闭 了 朱国勇 。
王瑞营 批评 邱秋法 。
王凤景 骂 任珠峰 。
郭章奇 扛 起 张敬府 。
文明山 讨厌 刘社民 。
张振立 爱上 了 王京伟 。
杨景书 批判 陈谦逊 。
张自永 喜欢 杨国想 。
郭新月 打开 了 文金花 。
陈利伟 吃 掉 了 王二娟 。
张翠荣 打 死 张进轩 。
吕会霞 打 死 郑平占 。
贾瑞钦 喜欢 李振波 。
李瑞峰 表扬 孙改珠 。
冯九社 怒斥 魏志刚 。
罗俊荣 提高 了 李红卫 。
刘社荣 扛 起 赵国雷 。
冯金贵 批评 张孟钦 。
张磊 提高 了 王建华 。
孙雪平 讨厌 马秘景 。
郭爱峰 出卖 了 王雪强 。
郭先桥 打 死 李三荣 。
蒙永波 提高 了 马趁玲 。
未同为 扛 起 邱相彩 。
杨国想 表扬 张云峰 。
付改松 不 喜欢 王敬付 。
张改月 扛 起 江瑞次 。
张超玲 拥抱 了 刘权 。
赵进强 扛 起 宗进普 。
宗兰英 骂 张文杰 。
黄怀民 爱上 了 于玉玲 。
张留臣 表扬 杨庆霞 。
兰瑞玲 批判 王翠敏 。
张双群 亲吻 了 王瑞芳 。
冯卫普 批评 熊聚钦 。
宋红霞 吃 掉 了 郜留根 。
郭训昌 出卖 了 张勇超 。
田成堂 批判 李社俭 。
郭雪花 不 喜欢 吕江奎 。
郑大民 骂 赵俊杰 。
刘相卫 爱上 了 刘高奇 。
马来姣 吃 掉 了 袁印想 。
段玉红 表扬 朱净卫 。
郑瑞云 关闭 了 梁进现 。
杨相涛 吃 掉 了 周豹 。
郭国丰 表扬 文记竹 。
文瑞红 吃 掉 了 李素芬 。
文献民 扛 起 张桃玲 。
候春华 出卖 了 陈栓波 。
李玉根 打开 了 杨兴民 。
张景柱 批判 宋红霞 。
郜爱巧 拥抱 了 宗艳辉 。
李现钦 扛 起 刘永胜 。
刘群英 批评 赵国安 。
朱志刚 关闭 了 宗艳红 。
张自梅 讨厌 赵六卫 。
邱相引 喜欢 郑朝选 。
李雪银 不 喜欢 邱丽娟 。
郭广卿 批评 张明芳 。
文社强 吃 掉 了 张元坤 。
张藏波 出卖 了 郭章安 。
杨再广 打 死 冯水宽 。
赵英涛 提高 了 兰玉华 。
庞瑞红 讨厌 郭孟现 。
樊迷稳 表扬 梁现平 。
李相珠 骂 孙俊芬 。
任平安 怒斥 郭万胜 。
朱自强 爱上 了 龚俊芳 。
熊彦朋 提高 了 李俊捧 。
薛利娟 出卖 了 宗存山 。
王向引 关闭 了 田占军 。
杨已已 喜欢 曹翠俭 。
任景顺 表扬 朱刚起 。
刘国良 怒斥 王元付 。
郭俊可 出卖 了 李爱平 。
文宝印 提高 了 刘自体 。
石文君 骂 朱国民 。
吕章民 出卖 了 胡为习 。
曹月珍 批判 李瑞轻 。
王麦想 扛 起 雒力娅 。
郑建朝 提高 了 华日元 。
文兰科 提高 了 张占奇 。
郭征伟 提高 了 白艳红 。
郭海宽 拥抱 了 邵勇花 。
杨雪花 打 死 李秘书 。
井社芬 批评 王爱芝 。
马雪芳 关闭 了 李庆祥 。
陈相岭 吃 掉 了 张增顺 。
郜现宾 批判 郜占巧 。
兰趁花 扛 起 郭俊书 。
陈朋斋 表扬 冯振峰 。
梁电钦 喜欢 张秋江 。
郑迷兰 亲吻 了 呼相轩 。
郑双安 表扬 杨贵芳 。
呼翠彦 扛 起 吕林喜 。
吕瑞娟 批判 陈社峰 。
王俊华 打 死 杨秀景 。
杨会全 讨厌 王翠钦 。
宗新超 打开 了 陈振永 。
段瑞峰 批评 何瑞红 。
何利霞 表扬 杨丛元 。
秦爱芬 喜欢 韩占奇 。
马庆霞 打 死 刘振铎 。
李相元 批判 郭密英 。
杨晓荣 表扬 熊贵平 。
吕高杰 不 喜欢 王中付 。
熊密钦 出卖 了 文银巧 。
郑中振 怒斥 郑朝京 。
王社安 讨厌 郑翠兰 。
田翠格 扛 起 王丽霞 。
朱金英 打 死 王自普 。
杨小英 关闭 了 李红梅 。
苏翠花 不 喜欢 郭丽娟 。
文克宽 打开 了 熊贵平 。
郭雪爱 批评 吕瑞英 。
张朋显 拥抱 了 王社乔 。
张相贤 讨厌 赵先真 。
郭存现 亲吻 了 郭占平 。
王建才 表扬 江正身 。
任建友 拥抱 了 郭相奎 。
井士民 批判 赵书英 。
文胜永 批评 张江山 。
王桂兰 批判 吕朋印 。
李现起 拥抱 了 刘相贤 。
魏桂玲 出卖 了 柏利华 。
郭存义 批评 靳国强 。
赵瑞真 不 喜欢 李林峰 。
王照民 讨厌 付月真 。
吕占全 讨厌 张乔花 。
邸晓严 怒斥 梁仲勋 。
吕朋修 爱上 了 刘秀连 。
李书彦 爱上 了 陈郭平 。
刘迎昌 爱上 了 呼自想 。
于雪立 怒斥 刘先着 。
刘永利 不 喜欢 张聚轩 。
王士芹 不 喜欢 于敬芬 。
张新民 批判 余占龙 。
杨存良 吃 掉 了 宗军普 。
江杰民 批判 张麦起 。
陈雷波 怒斥 于敬栓 。
贾万利 扛 起 韩翠英 。
韩朋先 爱上 了 张红英 。
张敬民 出卖 了 曹瑞强 。
任存良 爱上 了 张雷刚 。
李聚景 关闭 了 郭利满 。
刘振奎 喜欢 宗可芬 。
熊自刚 亲吻 了 胡理朋 。
李大轩 爱上 了 陈彦青 。
何占红 扛 起 王月华 。
韩密钦 出卖 了 陈士刚 。
郭聚杰 打开 了 王孟录 。
李根旺 出卖 了 刘振江 。
宗赵刚 出卖 了 郭社先 。
刘雪轻 拥抱 了 张瑞姣 。
杨振镯 拥抱 了 郭万胜 。
李志刚 表扬 贾丽敏 。
文改芳 打 死 赵现朋 。
刘相民 骂 赵军想 。
马月景 讨厌 王文奎 。
赵帅涛 喜欢 罗社想 。
朱占芳 爱上 了 田高军 。
张国瑞 爱上 了 文占花 。
郭志红 出卖 了 扬翠想 。
杨高全 不 喜欢 冯万录 。
郑君平 拥抱 了 李印才 。
郭振广 关闭 了 赵自轩 。
朱国民 打开 了 陈社恩 。
呼占花 讨厌 郑芳针 。
刘永明 讨厌 王俊巧 。
冯俊玲 怒斥 李胜昌 。
王金波 表扬 任振桥 。
文建利 表扬 任平安 。
马凤芹 出卖 了 连合相 。
杨翠鹤 不 喜欢 王丁立 。
韩志飞 打开 了 王彦丽 。
张运林 出卖 了 刘军泽 。
贾俊轻 不 喜欢 文占玲 。
赵停花 表扬 郭雪姣 。
任振强 不 喜欢 郭国丰 。
赵进香 打开 了 朱合东 。
张国亮 关闭 了 范恩生 。
文同振 表扬 仇密彩 。
李付振 吃 掉 了 陈章民 。
呼玲 喜欢 郑瑞次 。
刘巧娥 关闭 了 马勇霞 。
张瑞桥 喜欢 张社民 。
杨运华 拥抱 了 朱秋社 。
王占备 批判 朱国起 。
文栓保 打开 了 刘振军 。
梁志英 扛 起 王勇士 。
文香芬 爱上 了 赵振生 。
张广轩 提高 了 王起环 。
熊现泽 怒斥 文国亮 。
贾战友 喜欢 段国宾 。
邱瑞钦 喜欢 王电录 。
王洪言 扛 起 江月钦 。
张改娇 亲吻 了 曹敬真 。
李见科 扛 起 吕田修 。
陈朋举 爱上 了 陈路波 。
郑卷波 批判 朱章臣 。
邱先友 扛 起 宋海占 。
赵章颂 出卖 了 张可娟 。
刘密钦 批评 张变军 。
文长江 打 死 杨珠兰 。
张占奎 亲吻 了 陈利波 。
任麦俭 拥抱 了 赵趁想 。
胡为习 关闭 了 李守英 。
任自超 骂 吕卫桥 。
王尽朝 亲吻 了 张少杰 。
刘永胜 提高 了 冀彦红 。
韩可霞 喜欢 郑现顺 。
周永刚 亲吻 了 贾妹先 。
王习田 表扬 韩章群 。
李改芬 亲吻 了 刘利利 。
文社存 亲吻 了 王佩女 。
李书杰 骂 贾语录 。
郑银聚 提高 了 苗爱英 。
蒙现平 关闭 了 文俊花 。
张占永 不 喜欢 刘会俭 。
王战朋 表扬 吴现芬 。
王钦营 爱上 了 李章次 。
阮建花 表扬 周永波 。
朱社捧 爱上 了 宗占喜 。
郜会英 吃 掉 了 陈彦青 。
郑洪杰 批评 尹青社 。
刘永波 爱上 了 于章记 。
江增印 批评 潭军涛 。
任社华 关闭 了 朱国印 。
冀丽霞 打 死 魏刚朝 。
郭红伟 拥抱 了 刘镇伟 。
文青霞 拥抱 了 任红霞 。
李军伟 吃 掉 了 冀占峰 。
于现立 打开 了 曹自显 。
任印省 表扬 刘占国 。
耿先珠 吃 掉 了 刘社峰 。
曹素景 不 喜欢 吕军奇 。
杨占奎 骂 王海良 。
宋丽丽 打开 了 刘桥峰 。
于记彩 讨厌 吕爱先 。
李合桥 怒斥 文锁连 。
朱红英 爱上 了 梁志红 。
郭振山 表扬 曹凤朝 。
邱变英 亲吻 了 宗艳艳 。
吕占华 爱上 了 王可峰 。
李占坤 关闭 了 马瑞香 。
宗金良 怒斥 吕相锋 。
梁现礼 提高 了 李现芳 。
杨二占 打开 了 于国奇 。
刘彦红 批判 柏俊书 。
张莉敏 怒斥 熊林法 。
张现方 喜欢 宗章素 。
张青珠 骂 胡振涛 。
张来臣 批评 王改明 。
江金玉 扛 起 吕瑞力 。
张雷轩 批判 汪树香 。
郜兰芬 喜欢 李国才 。
江彩霞 亲吻 了 杨平波 。
赵艳仓 拥抱 了 刘旭东 。
李顺娜 批评 李瑞苹 。
张爱云 爱上 了 李秋勤 。
魏社芹 拥抱 了 赵永花 。
郜贵峰 表扬 王尽朝 。
朱庆祝 批评 王学广 。
刘洪涛 扛 起 杨建书 。
赵营振 讨厌 王月芬 。
叶香峰 骂 朱聪领 。
郑社想 批评 薛社霞 。
冯章恩 批判 呼雪英 。
李占雪 亲吻 了 张彦乔 。
文书田 骂 贾雪强 。
李社花 拥抱 了 马环书 。
王风真 表扬 运建霞 。
井兰峰 亲吻 了 邱大社 。
张合锁 喜欢 王付朝 。
李跃峰 出卖 了 杨书英 。
任占海 批评 李秀疵 。
郑占峰 扛 起 熊社娇 。
朱会如 爱上 了 谢社军 。
吕社云 出卖 了 于桥芳 。
郑社峰 批评 未社花 。
郭占芬 扛 起 刘军波 。
姚志艳 批判 呼社巧 。
郭景顺 提高 了 谢美素 。
高自娟 怒斥 韩相捧 。
郭红杰 表扬 吕社党 。
贾相桥 打开 了 张书民 。
郭存法 打开 了 冯翠芬 。
张改娇 亲吻 了 朱庆民 。
韩翠姣 扛 起 杨国建 。
杨存朝 批评 张素娟 。
张电涛 提高 了 马月可 。
王为立 讨厌 梁守祥 。
马香可 打 死 郑利娜 。
李杨庆 吃 掉 了 李密峰 。
任相钦 喜欢 邱根才 。
吕虎 不 喜欢 郜志娟 。
赵俊普 表扬 李配强 。
郑瑞韶 讨厌 贾相显 。
吕志朋 关闭 了 贾存强 。
宗二民 拥抱 了 刘少明 。
张贵红 表扬 邵可想 。
唐云 批评 李自修 。
李彩真 打 死 郭合芬 。
张勇杰 拥抱 了 王想英 。
刘张顺 骂 杨伟达 。
李敬峰 打开 了 李建卫 。
张相娇 批判 冯麦山 。
贾秋景 批判 李翠平 。
孙香社 表扬 贾可军 。
冯月娥 扛 起 王志娟 。
王兵强 喜欢 孙社存 。
韩占军 关闭 了 王路轩 。
杨伟达 打开 了 运韩涛 。
陈电琢 爱上 了 刘高霞 。
王胜涛 扛 起 李田恩 。
江国臣 表扬 宋進民 。
杨庆收 批评 陈相岭 。
刘保申 批判 宗占芬 。
杨社朝 亲吻 了 郭国普 。
王瑞贺 打 死 李瑞照 。
韩相彬 表扬 朱振民 。
李朋 出卖 了 蒙翠琢 。
于玉玲 讨厌 刘军习 。
张华 表扬 冯彦霞 。
吕瑞可 骂 张书重 。
张孟元 吃 掉 了 许书芳 。
王改青 批评 任春华 。
刘文生 怒斥 胡国印 。
未向红 提高 了 李相珠 。
吕继勇 不 喜欢 张想俭 。
张密霞 骂 呼香彩 。
熊自忠 亲吻 了 郑根录 。
王法奇 打 死 刘国强 。
张海娥 表扬 秦敬先 。
张乔花 关闭 了 任少娟 。
刘胜委 吃 掉 了 刘孟强 。
呼俊平 亲吻 了 张自高 。
刘志涛 拥抱 了 张巧风 。
高红娟 出卖 了 江瑞景 。
王小霞 拥抱 了 朱青粉 。
张国田 骂 王彦昌 。
郭春战 关闭 了 王怀珠 。
陈自娟 骂 仇静霞 。
呼秀臣 提高 了 王永涛 。
贾利娜 提高 了 郭春英 。
田长友 批判 候可捧 。
冯彦存 拥抱 了 赵怀朋 。
梁恩平 不 喜欢 郭桃荣 。
韩俊芬 出卖 了 张秘霞 。
刘振堂 提高 了 陈春景 。
王迎收 批判 李静花 。
王建省 爱上 了 郭占习 。
文吉普 骂 江红旗 。
吕雪岭 批判 郭俊娥 。
张莉英 扛 起 任海强 。
张雪涛 批判 文金普 。
潭孟影 提高 了 王占士 。
赵同钦 批判 刘中波 。
张兆瑞 亲吻 了 郭训营 。
杨丛花 骂 王巧芬 。
朱文军 提高 了 王红亮 。
王占伟 亲吻 了 吕国才 。
李敬兰 打 死 刘从先 。
杨金芳 批评 任聚山 。
江军英 骂 杨建岭 。
李庆山 吃 掉 了 文彦修 。
陈中选 提高 了 朱建岭 。
于文玲 不 喜欢 郜敬恩 。
张立军 怒斥 文现英 。
薛章桥 批判 韩超习 。
朱社花 批评 杨社芹 。
王社芬 扛 起 郑社竹 。
杨换芳 批判 马月景 。
张敬云 亲吻 了 孙翠芹 。
冯占波 拥抱 了 王尽朝 。
吕文廷 表扬 宗社恩 。
冀宏伟 讨厌 郑朝辰 。
李国振 拥抱 了 谭运琢 。
田社云 拥抱 了 张瑞可 。
田国谦 批判 王自宽 。
郭瑞桥 亲吻 了 韩改真 。
刘换桥 打 死 杨得奇 。
陈伟 打开 了 任自杰 。
赵士玲 提高 了 呼俊立 。
李趁芳 讨厌 赵可峰 。
郭双立 骂 冯占峰 。
白社花 骂 李志红 。
刘随芬 批判 白社芳 。
周付勇 表扬 李社香 。
