江 主席 ， 你 觉得 董 先生 连任 ， 好 不好 啊 ？
好喔 ！
中央 也 支持 他 哈 ？
当然 啦 ！
那 为什么 这么 早就 决定 了 ， 而 不 考虑 别的 人选 了 ？
欧盟 呢 ， 最近 发表 了 一个 报告 说 呢 ， 北京 会 透过 一些 渠道 去 影响 、 干预 香港 的 法治 。 你 对 这个 看法 有 什么 回应 呢 ？
没 听到 过 ！
这是 彭定康 说 的 。
彭定康 说 的 就 是 真 的 了 ？ 你们 媒体 千万 要 注意 了 ， 不要 见 着 风是 得 雨 ， 接到 这些 消息 ， 媒体 本身 也 要 判断 ， 明白 这 意思 吗 ？ 假 使 这些 完全无中生有 的 东西 ， 你 再 帮 他 说 一遍 ， 你 等于 —— 你 也 有 责任 吧 ？
现在 那么 早 ， 你们 就 说 支持 董 先生 ， 会不会 给 人 一种 感觉 ， 就 是 内定 呀 ， 是 钦点 董 先生 呀 ？
没有 ， 没有 这个 意思 ！ 还是 按照 香港 的 、 按照 基本法 、 按照 选举 的 法 ， 去 产生 ……
但是 你们 能不能 ……
刚才 你们 问 我 呀 ， 我 可 回答 你 说 “ 无 可 奉告 ” 。 但是 你们 又 不 高兴 ， 那 怎么办 ？
可 ……
我 讲 的 意思 ， 不是 钦点 他 当下 一 任 。 你 问 我 支持 不 支持 ， 我 说 支持 。 我 就 明确 给 你 、 告诉 你 。
江 主席 ……
但是 你们 吧 ， 你们 …… 我 感觉 你们 新闻界 ， 还要 学习 一个 …… 你们 非常 熟悉 西方 的 那 一套 的 理论 ， 你们 毕竟 还 too young ！ 明白 这 意思 吗 ？ 我 告诉 你们 ， 我 是 身经百战了 ！ 见 得 多 了 ！ 西方 的 哪个 国家 我 没 去 过 ？ 你们 要 知道 ， 美国 的 华莱士 ， 那 比 你们 不 知 要 高 到 哪里 去 了 ！ 嗯 ， 我 跟 他 谈笑风声。就是说 媒体 呀 ， 还是 要 提高 自己 的 知识 水平 。 懂 不 懂 呀 ？
唉 ， 我 也 替 你们 着急 呀 ， 真 的 。 你们 就 我 以为 整天 的 …… 你们 有 一个 好 ， 全世界 跑 到 什么 地方 ， 你们 比 其他 的 西方 记者 ， 跑 得 还 快 ！ 但是 问 来 问 去 的 问题 呀 ， 都 too simple ！ 啊 ， sometimes naive ！ 懂 了 没 ？
可 江 主席 …… 哦 ……
能不能 说 一下 ， 为什么 要 支持 董 先生 ？
我 很 抱歉 ， 我 今天 是 作为 一个 长者 ， 跟 你们 讲 的 ！ 我 不是 新闻 工作者 ， 但是 我 见得 太 多 了 …… 我 不 …… 有 这个 必要 告诉 你们 一点 ， 人生 的 经验 。
刚才 我 很 想 啊 ， 就 我 每次 碰到 你们 ， 我 就 想到 —— 中国 有 句 话 叫 “ 闷声 发 大 财 ” 。
那 叫 什么 话 ？ 一 句 ……
我 觉得 什么 话 也 不必 说 ， 这是 最好 的 ！ 但是 我 想 我 见到 你们 这样 热情 呀 ， 一 句 话 不 说 也 不好 。 所以 刚才 你 一定 要 …… 在 宣传 上 将来 如果 你们 报道 上 敢 有 偏差 ， 你们 要 负责 ！ 我 没有 说 要 钦定 ， 没有 任何 这个 意思 。 但是 你 问 ， 一定 要 问 我 ， 对 董 先生 支持 不 支持 。 我们 不 支持 他 ？ 他 现在 当 特首 ， 我们 怎么 能 不 支持 特首 ？ 对不对 ？
但是 说 连任 呢 ？
哎 ， 连任 也 按照 香港 的 法律 呀 ， 对 不 对 ？ 要 按照 香港 的 …… 当然 我们 的 决定 权 ， 也是 很 重要 的 ！ 香港特区 、 特别行政区 是 属于 中国 、 中华人民共和国 中央 人民政府 ， 啊 ？ 到 那个 时候 ， 我们 会 表态 的 ！
但是 呢 ……
明白 这个 意思 吗 ？ 你们 呀 ， 不要 想 喜欢 ， 啊 ， 弄 那么 个 大 新闻 ， 说 现在 已经 钦定 了 ， 就 把 我 批判 一番 ！
但是 ……
Naive Naive 。 你们 呀 …… I am angry ， 你们 这样子 不行 的 。 我 今天 算 得罪 了 你们 一下 。
