《 热爱 生命 》
我 不 去 想 是否 能够 成功
既然 选择 了 远方
便 只顾 风雨 兼程
我 不 去 想 能否 赢得 爱情
既然 钟情 于 玫瑰
就 勇敢 地 吐露 真诚
我 不 去 想 身后 会不会 袭 来 寒风 冷 雨
既然 目标 是 地平线
留给 世界 的 只能 是 背影
我 不 去 想 未来 是 平坦 还是 泥泞
只要 热爱 生命
一切 ， 都 在 意料之中
《 怀想 》
我 不 知道
是否 还 在 爱 你
如果 爱 着
为什么 会 有 那样 一次 分离
我 不 知道
是否 早已 不再 爱 你
如果 不 爱
为什么 记忆 没有 随着 时光
流 去
回想 你 的 笑靥
我 的 心 起伏 难平
可 恨 一切
都 已 成为 过去
只有 婆娑 的 夜晚
一如 从前 那样 美丽
《 剪 不断 的 情愫 》
原 想 这 一次 远游
就 能 忘记 你 秀美 的 双 眸
就 能 剪断
丝丝缕缕 的 情愫
和 秋风 也 吹 不 落 的 忧愁
谁 曾 想 到头来
山河 依旧
爱 也 依旧
你 的 身影
刚 在 身后 又 到 前头
《 是否 》
是否 你 已 把 我 遗忘
不然 为何杳无音信
天 各 一方
是否 你 已 把 我 珍藏
不然 为何 微笑 总 在 装饰 我 的 梦
留下 绮丽 的 幻想
是否 我们 有缘
只是 源头 水尾
难以 相见
是否 我们 无缘
岁月 留给 我 的 将 是
愁绪 萦怀 寸 断肝肠
《 假如 你 不够 快乐 》
假如 你 不够 快乐
也 不要 把 眉头 深 锁
人生 本来 短暂
为什么 还要 栽培 苦涩
打开 尘封 的 门窗
让 阳光 雨露 洒遍 每个 角落
走向 生命 的 原野
让 风儿 熨平 前额
博大 可以 稀释 忧愁
深色 能够 覆盖 浅色
《 自爱 》
你 没有 理由 沮丧
为了 你 是 秋日
彷惶
你 也 没有 理由 骄矜
为了 你 是 春天
把 头仰
秋色 不如 春光 美
春光 也 不比 秋色 强
《 思 — — 题 油画 》
只 一个 沉默 的 姿态
便 足以 让 世界 着迷
不仅 因为 是 一 尊 圣洁
不仅 因为 是 一片 安 谧
还 因为 是 一 面 昭示
还 因为 是 一个 启迪
还 因为 她 以 现代人 的 形象
告诉 我们
— — 沉思 是 一种 美丽
《 豪放 是 一种 美德 》
我 从 眼睛 里
读 懂 了 你
你 从 话语 里
弄清 了 我
含蓄 是 一种 性格
豪放 是 一种 美德
别 对 我 说
只有 眼睛 才是
心灵 的 真正 折射
如果 没有 语言
我们 在 孤寂 中
收获 的 只能 是 沉默 … …
《 淡淡 的 云彩 悠悠 地 游 》
爱 ， 不要 成为 囚
不要 为了 你 的 惬意
便 取缔 了 别人 的 自由
得 不 到 总是 最好 的
太 多 了 又 怎 能 消受
少 是 愁 多 也是 忧
秋天 的 江水 汨汨 地 流
淡淡 的 雾
淡淡 的 雨
淡淡 的 云彩 悠悠 的 游
《 只要 彼此 爱 过 一次 》
如果 不曾 相逢
也许 心绪 永远 不会 沉重
如果 真 的 失之交臂
恐怕 一生 也 不得 轻松
一个 眼神
便 足以 让心 海 掠过 飓风
在 贫瘠 的 土地 上
更深 地 懂得 风景
一次 远行
便 足以 憔悴 了 一 颗 羸弱 的 心
每 望 一 眼 秋水 微澜
便 恨不得 泪水 盈盈
死 怎 能 不从容不迫
爱 又 怎 能 无动于衷
只要 彼此 爱 过 一次
就是 无憾 的 人生
《 也许 》
也许 ， 永远 没有 那 一天
前程 如 朝霞 般 绚烂
也许 ， 永远 没有 那 一天
成功 如 灯火 般 辉煌
也许 ， 只能 是 这样
攀援 却 达 不 到 峰顶
也许 ， 只能 是 这样
奔流 却 掀 不 起 波浪
也许 ， 我们 能 给予 你 的
只有 一 颗
饱经 沧桑 的 心
和 满 脸 风霜
《 跨越 自己 》
我们 可以 欺瞒 别人
却 无法 欺瞒 自己
当 我们 走 向 枝繁叶茂 的 五月
青春 就 不再 是 一个 谜
向上 的 路
总是 坎坷 又 崎岖
要 永远 保持 最初 的 浪漫
真是 不 容易
有人 悲哀
有人 欣喜
当 我们 跨越 了 一 座 高山
也 就 跨越 了 一个 真实 的 自己
《 我 不 期望 回报 》
给予 你 了
我 便 不 期望 回报
如果 付出
就是 为了 有一天 索取
那么 ， 我 将 变得 多么 渺小
如果 ， 你 是 湖水
我 乐意 是 堤岸 环绕
如果 ， 你 是 山岭
我 乐意 是 装点 你 姿容 的 青草
人 ， 不一定 能 使 自己 伟大
但 一定 可以
使 自己 崇高
《 永恒 的 心 》
岁月 如 水
流 到 什么 地方
就 有 什么样 的 时尚
我们 怎 能 苛求
世事 与 沧桑
永不 改变 的
是 从 不羞 于 见 人 的
真挚 与 善良
人心
无论 穿 什么样 的 衣裳
都 会 太 不 漂亮
《 默默 的 情怀 》
总 有些 这样 的 时候
正是 为了 爱
才 悄悄 躲开
躲开 的 是 身影
躲 不 开 的 却 是 那 份
默默 的 情怀
月光 下 踯躅
睡梦 里 徘徊
感情 上 的 事情
常常 说 不 明白
不是 不想 爱
不是 不 去 爱
怕 只怕
爱 也是 一种 伤害
《 给 我 一个 微笑 就 够 了 》
不要 给 我 太 多 情意
让 我 拿 什么 还 你
感情 的 债 是 最 重 的 呵
我 无法 报答 又 怎 能 忘记
给 我 一个 微笑 就 够 了
如 薄 酒 一 杯 ， 像 柔 风 一 缕
这 就 是 一 篇 最 动人 的 宣言 呵
仿佛 春天 温馨 又 飘逸
《 思念 》
我 叮咛 你 的
你 说 不会 遗忘
你 告诉 我 的 
我 也 全都 珍藏
对于 我们 来说
记忆 是 飘 不 落 的 日子
— — 永远 不会 发黄
相 聚 的 时候 总是 很 短
期待 的 时候 总是 很 长
岁月 的 溪水 边
捡拾 起 多少 闪亮 的 诗行
如果 你 要 想念 我
就 望 一 望 天上 那
闪烁 的 繁星
有 我 寻觅 你 的
目——光
《 背影 》
背影
总是 很 简单
简单
是 一种 风景
背影
总是 很 年轻
年轻
是 一种 清明
背影
总是 很 含蓄
含蓄
是 一种 魅力
背影
总是 很 孤零
孤零
更 让 人 记得 清
《 但是 ， 我 更 乐意 》
为什么 要 别人 承认 我
只要 路 没有 错
名利 从来 是 鲜花
也是 枷锁
无论 什么 成为 结局
总 难免 兴味 索然
流动 的 过程 中
有 一种 永恒 的 快乐
尽管 ， 我 有时 也 祈求
有 一个 让 生命 辉煌 的 时刻
但是 ， 我 更 乐意
让 心灵 宁静 而 淡泊
《 我 知道 》
欢乐 是 人生 的 驿站
痛苦 是 生命 的 航程
我 知道
当 你 心绪 沉重 的 时候
最好 的 礼物
是 送 你 一片 宁静 的 天空
你 会 迷惘
也 会 清醒
当 夜幕 低落 的 时候
你 会 感受 到
有 一 双 温暖 的 眼睛
我 知道
当 你 拭干 面颊 上 的 泪水
你 会 灿然 一笑
那时 ， 我 会 轻轻 对 你 说
走 吧 你 看
槐花 正 香 月色 正明
《 旅行 》
凡是 遥远 的 地方
对 我们 都 有 一种 诱惑
不是 诱惑 于 美丽
就是 诱惑 于 传说
即使 远方 的 风景
并不 尽如人意
我们 也 无需 在乎
因为 这 实在 是 一个
迷人 的 错
仰首 是 春 俯首 是 秋
愿 所有 的 幸福 都 追随 着 你
月圆 是 画月 缺 是 诗
《 祝愿 — — 写给 友人 生日 》
因为 你 的 降临
这 一天
成 了 一个 美丽 的 日子
从此 世界
便 多 了 一 抹 诱人 的 色彩
而 我 记忆 的 画屏 上
更 添 了 许多
美好 的 怀念似 锦 如 织
我 亲爱 的 朋友
请 接受 我 深深 的 祝愿
愿 所有 的 欢乐 都 陪伴 着 你
到 远方 去 到 远方 去
熟悉 的 地方 没有 景色
《 倘若 才华 得 不 到 承认 》
倘若 才华 得 不 到 承认
与其 诅咒 不如 坚忍
在 坚忍 中 积蓄 力量
默默 耕耘
诅咒无济于事
只能 让 原来 的 光芒 黯淡
在 变得 黯淡 的 光芒 中
沦丧 的 更 有 大树 的 精神
飘 来 的 是 云
飘 去 的 也是 云
既然 今天
没 人 识 得 星星 一 颗
那么 明日
何妨 做 皓月 一 轮
《 如果 生活 不够 慷慨 》
如果 生活 不够 慷慨
我们 也 不必 回报 吝啬
何必 要 细细 的 盘算
付出 和 得到 的 必须 一般 多
如果 能够 大方
何必 显得 猥琐
如果 能够 潇洒
何必 选择 寂寞
获得 是 一种 满足
给予 是 一种 快乐
《 感谢 》
让 我 怎样 感谢 你
当 我 走 向 你 的 时候
我 原 想 收获 一 缕 春风
你 却 给 了 我 整个 春天
让 我 怎样 感谢 你
当 我 走 向 你 的 时候
我 原想 捧 起 一 簇 浪花
你 却 给 了 我 整个 海洋
让 我 怎样 感谢 你
当 我 走 向 你 的 时候
我 原 想 撷取 一 枚 红叶
你 却 给 了 我 整个 枫林
让 我 怎样 感谢 你
当 我 走 向 你 的 时候
我 原想 亲吻 一 朵 雪花
你 却 给 了 我 银色 的 世界
《 我 把 小船 划 向 月亮 》
请 不要 责怪
有时会 离 群索 居
要 知道
孤独 也 需要 勇气
别 以为 有 一 面 旗帜
在 前方 哗啦啦 地 招展
后面 就 一定 会 有 我 的 步履
我 不 崇拜
我 不 理解 的 东西
我 把 小船 划 向 月亮
就 这样 划 呵
把 追求 和 独立 连 在 一起
把 生命 和 自由 连 在 一起
《 只要 明天 还 在 》
只要 春天 还 在
我 就 不会 悲哀
纵使 黑夜 吞噬 了 一切
太阳 还 可以 重新 回来
只要 生命 还 在
我 就 不会 悲哀
纵使 陷身 茫茫 沙漠
还有 希望 的 绿洲 存在
只要 明天 还 在
我 就 不会 悲哀
冬雪终会 悄悄 融化
春雷 定 将 滚滚 而 来
《 旅程 》
意志 倒下 的 时候
生命 也 就 不再 屹立
歪 歪 斜 斜 的 身影
又 怎耐 得
秋叶 萧瑟 晚 来 风急
垂下 头颅
只是 为了 让 思想 扬 起
你 若 有 一个 不屈 的 灵魂
脚下 ， 就 会 有 一片 坚实 的 土地
无论 走 向 何 方
都 会 有 无数 双 眼睛 跟随 着 你
从 别人 那里
我们 认识 了 自己
《 祝 你 好运 》
还 没有 走 完 春天
却 已 感觉 春色 易 老
时光 湍 湍 流淌
岂甘 命运 有如 蒿 草
缤纷 的 色彩 使 大脑 晕眩
淡泊 的 生活 或许 是 剂 良药
人 ， 不该 甘于 清贫
可 又 怎 能 没有 一点 清高
枯萎 的 品格
会 把 一切 葬送 掉
祝 你 好运
愿 你 的 心灵 和 运气 一样 好
《 那 凋零 的 是 花 》
你 的 生命 正 值 春光
为什么 我 却 看到 了 霜叶 的 容颜
只 因为 那 面 美丽 的 镜子
打碎 了
你 的 眷恋 深深
在 梦幻 旁 久久 盘桓
既然 伸出 双手
也 捧 不 起 水 中 的 月亮
那么 让 昨日 成为 回忆
也 成为 纪念
人生 并非 只有 一 处
缤纷 烂漫
那 凋零 的 是 花
— — 不是 春天
《 许诺 》
不要 太 相信 许诺
许诺 是 时间 结 出 的 松果
松果 尽管 美妙
谁 能 保证 不会 被 季节 打落
机会 ， 凭 自己 争取
命运 ， 靠 自己 把握
生命 是 自己 的 画板
为什么 要 依赖 别人 着色
《 选择 》
你 的 路
已经 走 了 很 长 很 长
走 了 很 长
可 还是 看 不 到 风光
看 不 到 风光
你 的 心 很 苦 很 彷徨
没有 风帆 的 船
不比 死 了 强
没有 罗盘 的 风帆
只能 四处 去 流浪
如果 你 是 鱼 不要 迷恋 天空
如果 你 是 鸟 不要 痴情 海洋
《 给 友人 》
不 站 起来
才 不会 倒下
更 何况
我们 要 去 浪迹 天涯
跌倒 是 一次 纪念
纪念 是 一 朵 温馨 的 花
寻找管 什么 日月 星辰
跋涉 分 什么 春秋 冬 夏
我们 就 这样 携 着手
走 呵 走 呵
你 说 ， 看到 大海 的 时候
你 会 舒心 的 笑
是 呵 是 呵
我们 的 笑 能 挽 住 云霞
可是 ， 我 不 知道
当 我们 想笑 的 时候
会不会
却 是 潸然泪下
《 叠 纸 船 的 女孩 》
他 长大 了
认识 了 一个
喜欢 叠 纸船 的 女孩
那个 女孩 喜欢 海
喜欢 海岸 金黄 的 沙滩
喜欢 在 黄昏 里 的 沙滩 漫步
有一天
那个 女孩 漫步
走进 了 他 家 的 门口
晚上 ， 妈妈 问 他
是不是 有 个 女孩子 来 过 了
他 回答 说
没有 ， 没有 呵
妈妈 一 笑
问 那个 纸船 是 谁 叠 的
