0
23
2
21
0
0
1
8
0
0
0
4
0
16
0
55
1
6
0
0
0
3
0
0
61
0
0
1
0
0
0
0
0
0
2
5
2
2
0
8
2
3
0
0
9
0
1
4
0
0
20
0
4
14
6
2
0
14
0
0
0
3
0
0
0
4
3
50
0
0
0
7
0
9
11
0
17
0
4
0
4
4
0
0
5
12
0
0
12
0
0
6
0
0
11
0
1
8
0
1
8
0
10
1
2
0
0
0
7
1
132
0
0
3
0
0
0
0
0
2
0
0
0
8
2
0
1
0
8
0
0
0
15
0
0
0
0
8
0
38
26
5
0
0
0
2
0
0
1
0
0
1
16
0
1
0
3
4
6
69
0
1
1
0
0
0
0
2
2
0
0
0
2
41
0
2
0
0
0
0
4
5
24
251
2
5
0
2
0
1
32
5
0
13
0
27
0
0
8
1
29
6
0
0
0
0
1
0
0
0
0
9
0
0
23
0
12
1
0
4
2
0
0
0
0
0
1
4
0
14
1
8
1
2
0
17
2
3
7
0
0
0
2
0
0
1
7
0
2
0
0
0
0
0
0
0
3
4
0
0
0
19
3
0
4
50
5
0
11
3
6
9
0
3
0
2
8
2
0
2
2
0
0
4
7
0
5
1
0
0
5
57
0
3
0
0
3
46
0
0
13
5
6
2
10
0
1
0
49
3
0
3
0
1
4
0
50
1
0
0
0
0
0
0
11
0
5
13
6
2
29
0
18
0
0
0
21
0
5
0
2
4
