553
795
795
787
1349
1043
1081
1336
1379
780
1558
1190
1621
1652
1053
1709
1204
1500
1357
2221
3416
3039
3452
3416
3502
3417
3825
3837
1139
5587
5367
5192
3425
2034
1860
3659
5894
5718
6796
6824
6995
7253
7479
7553
7668
4963
5629
7588
3388
6504
2346
7847
7836
2460
-1
5570
8553
8517
3830
8700
8785
8785
8806
8880
8976
8853
8672
8948
9628
9864
9819
8036
6742
4459
9933
10446
5686
10153
10163
10820
7801
5156
11085
2984
11378
11601
11516
-1
11735
11664
11756
10533
10025
4048
11766
10025
11767
12067
10051
12205
5092
12205
11107
12254
12186
-1
12196
12211
12811
13078
12862
9653
12974
13117
13376
13102
13092
-1
13160
11891
13376
13519
13839
12562
13508
11357
14163
10955
11809
14540
12467
10997
11370
11417
15328
4195
14859
10012
9638
13992
11031
12827
3278
16648
16766
13530
13592
15689
15938
17065
17457
14522
14883
17576
17576
18356
17964
16753
18417
18682
15712
18682
18351
12153
19437
12516
20053
17914
20235
20224
16368
20583
19821
19084
20490
20566
20352
17678
20352
21098
20973
21355
18486
16990
21713
20118
21719
19665
19954
21499
21524
21908
18255
21871
19631
19929
16769
22574
22496
22640
22489
19519
21136
15577
23244
22860
22204
23611
18591
20080
24468
23648
25124
23651
23623
23691
25662
24893
24523
26137
26087
26382
26003
26382
26705
26642
26826
27051
26811
24329
27529
14401
27161
24996
26280
28285
28845
28477
28843
28631
29120
21957
29482
28876
29120
29135
29657
27948
30262
30613
22854
31248
28194
19799
31712
32585
32322
32723
18237
32577
29186
33314
33030
33100
31467
33030
32946
31454
32724
27623
33168
32025
32580
31293
33766
34313
28877
34061
31949
30473
33870
34238
34441
25998
34919
29606
33395
35254
35710
35729
31826
32409
36267
36267
36123
36123
33427
36267
36399
21016
35585
35129
31863
37424
36947
37362
-1
37381
12025
37381
37235
35745
36424
34408
30590
38421
38465
30151
38854
26502
39287
39270
39103
38059
39527
40208
38403
40788
40869
40140
39036
33012
41831
39343
41744
42373
42956
27214
11514
42963
42719
43493
43654
28619
45004
44989
44989
44902
46088
46245
46346
44642
46497
-1
46269
40840
40570
34328
46282
46702
44743
46488
47115
45410
27544
47405
31873
47418
40364
47519
41285
41319
48494
48746
48269
48494
41981
44873
49052
48800
34873
48848
49174
39608
49113
46848
49441
42098
49549
49302
43387
47420
46051
49576
46763
47063
50171
45524
48418
47051
34275
50565
50594
35610
48858
46761
51066
51778
45961
51577
41381
52049
52466
51861
52617
50609
51929
52367
11703
-1
32490
40718
52499
52979
46858
50543
53446
53446
50252
54234
47753
53871
47574
54547
54420
54811
51009
54723
55059
21906
55260
55402
54207
56087
50490
55713
52298
56104
37689
56087
52210
32285
52305
32804
55392
47871
55233
55233
53089
35078
53236
57056
22611
52501
57343
56969
51263
53562
57393
47384
57788
52257
58266
53837
52806
35569
22297
58776
58575
55799
56764
40203
37278
59127
56588
52026
55740
59296
53657
59336
59530
55305
47229
59895
