486
1043
600
1527
1178
1917
1700
1917
1643
1665
1700
1700
-1
1506
2052
2618
2595
990
2666
552
2702
2820
2555
2324
2564
3014
933
3514
1808
3514
1225
3235
4385
4517
4010
3559
4589
4556
4996
3275
3996
5038
5159
4672
4316
5706
-1
5145
3393
6093
4772
6063
6328
6287
5956
5794
5784
6884
7216
6099
6035
6770
2412
7053
5955
8179
7679
7269
9034
9034
7507
8976
9508
2607
9054
5950
2535
9564
8342
9725
10417
10423
8199
10692
10494
7768
9741
7846
9760
9252
10652
10948
5984
11158
11062
11189
11432
11630
11434
9886
6147
11033
12806
12734
12906
8576
12911
11193
13050
9649
13171
10946
13171
11204
12975
11403
13130
13130
7071
13243
13306
13110
4817
13442
12928
13047
14050
14554
14554
14049
11971
11699
14963
11769
15180
15422
15743
15020
14461
15655
15380
15655
15616
15743
15972
7289
8041
16094
13381
16338
16383
15436
16114
16591
16646
16514
11564
11502
16514
16514
16753
5605
16752
16634
15806
16639
17101
-1
16979
17094
13427
17290
16829
17510
7422
18256
17125
18219
8910
18256
18443
18256
9209
7618
18410
18587
18457
18671
19275
17942
18939
18099
16422
18029
2263
15729
17085
19264
20571
20009
20617
19233
20616
20692
21821
17284
21926
9224
19930
18025
22508
21709
16732
22527
22594
13011
22589
22967
23113
16230
23582
20147
22060
24508
23840
10541
24390
14440
25006
24913
25288
25922
24252
27119
7159
26769
26500
26908
26985
27269
27983
27982
27455
27893
27983
22205
28141
28052
28210
28051
27962
27564
17007
28112
28336
28252
22124
28289
28015
28565
28054
28331
15636
28836
28945
23745
27935
29089
23415
29154
29128
29154
29428
19127
29042
29635
29740
30064
29833
29863
28563
29995
29995
30097
26262
30601
29324
30671
30737
30523
29618
14645
31837
31811
32302
32266
32368
32245
16238
33736
33624
33416
33991
33879
31748
31437
34592
31992
26669
22974
30573
34622
24625
34884
31235
29582
35736
35753
23027
34621
29860
34458
32845
34518
37119
25502
18236
37653
38255
36902
18251
38229
35912
38698
35040
38742
38707
38956
35577
23130
39399
30253
-1
27177
37610
39684
39401
30130
39593
39887
39189
34159
40082
40100
40565
37962
-1
40751
40777
40913
40574
40628
39184
40913
41269
29012
40825
41269
40994
42095
37897
-1
17183
43021
35863
43030
43003
43021
33750
43368
43350
43368
43628
41673
44204
43834
40009
36732
44381
36732
44753
44630
33766
39498
38229
44634
44956
21472
44790
45082
44736
44790
44790
45263
30441
45168
42267
45728
43991
27838
45471
45543
46048
46221
45835
46485
8291
47042
29946
47419
47255
25737
38752
14099
44539
47815
45642
25449
14694
47494
32550
45731
47873
-1
45705
47966
44531
48480
46240
41669
-1
48611
48808
47966
45479
48793
48559
48793
48668
41779
49116
48706
48919
22153
37358
49190
48348
27998
48881
32826
49406
48775
