-1
78
-1
18
154
145
-1
191
199
79
137
262
246
-1
269
139
270
105
221
-1
270
308
179
199
-1
304
199
366
329
251
228
370
544
243
408
-1
458
188
545
-1
511
-1
534
590
445
366
597
546
596
438
421
586
643
586
669
703
709
351
680
680
-1
-1
550
-1
738
651
708
708
740
770
611
809
714
382
838
809
808
808
143
63
-1
360
874
850
764
831
-1
909
553
944
800
974
974
1001
-1
991
633
671
-1
989
714
1193
1169
-1
-1
-1
1205
1048
1270
1323
1121
1256
1399
1162
1373
1254
-1
936
1508
1504
1305
1235
1505
1410
1549
1459
-1
-1
-1
1610
1702
1664
-1
467
-1
1703
-1
1748
1547
-1
1635
1241
974
1329
1764
1229
1672
1764
1693
-1
1773
754
1694
1817
1781
-1
1532
1857
1770
1888
1892
-1
1957
1966
1345
1963
1388
2008
1990
1960
2021
2029
2046
2057
2081
884
2082
2116
-1
1564
1511
2174
2101
1571
2260
1105
-1
2333
2269
2303
2294
2374
2374
2424
1182
2316
1957
1958
2427
2250
2427
2427
2425
2396
2397
-1
160
2484
2425
2509
2555
2586
2565
2398
1781
2549
295
2114
2537
1665
2066
2317
2554
2648
-1
1276
2713
-1
-1
2097
2682
2673
2665
2702
2754
753
-1
