889615229
931794256
742525908
660723167
970748466
404076511
272566101
417712230
669796129
790206744
637627659
729744416
108585951
210888553
704725633
670281806
70605225
450271378
84940156
189075880
811224831
312171587
227318635
452061689
291454925
279951612
293817889
178302197
729025811
244070888
319045867
80641844
853937499
904442097
343729581
610280636
308295285
321220334
767153566
123996456
12303444
845299296
343520643
986662653
842305122
939565951
740754778
749206080
852037426
276057113
745283973
982272812
635047400
432682548
47345676
368496068
189466748
547290644
150094084
883923512
80513385
949190309
58040141
302687300
528015971
548622130
653455694
582997131
558380017
660265479
437192917
284618492
633621033
817267847
411641724
728689266
511072285
106349391
243135572
47621918
711439690
688160760
580030780
924554476
893289464
71218633
545629059
275653880
953907889
349526121
476970732
353647569
705471125
379238215
453484194
116037774
126245766
962482662
55397237
219836903
446247148
50301421
410802337
452830655
164507071
659436460
76650448
715634513
308240058
766157638
484438952
931344618
533372959
905046905
256282743
911413529
720377688
292625601
272470024
526073137
64435903
13320844
418702844
752463619
833553271
397555014
419111953
278321448
156153814
516929341
455058921
47662752
491404075
689748800
739322954
135894254
338377126
25244595
732107021
596751496
284828222
491115805
125860869
527916907
758494394
70434047
579197901
221440287
569614190
421069563
377346504
497103955
739961667
572412287
21
412777766
473267194
390173052
314339230
63504840
120306274
293323986
521575167
216430375
60055557
899899483
74590251
402877736
171843352
883898177
707981778
784723480
764665381
673930964
546727532
801313565
205981295
332632940
466045337
575807152
92268385
516588901
157785486
463298397
631785222
34721398
438775290
746417228
999934417
659795233
648803749
432492333
218324064
717267116
951522788
644188190
979035275
115773608
298416861
317034455
853512032
431953476
338603752
65152398
128183270
537219132
771172097
72181473
572692971
330917794
203229164
888488337
563465058
510283354
131112659
265292014
40103069
692528445
692270058
755022556
138806659
52952532
617477457
963018211
14335494
572374486
473625305
589077498
729009587
270777974
374217845
702661107
738863347
196867479
630949474
17855171
1
188010510
449816573
661237376
310540371
502014666
223734074
743258532
366675102
551684744
192778985
906128323
431740466
673682151
425000780
223798598
75715926
521435613
105298828
977821296
232794893
463114768
535173996
616150327
819483666
957785178
570415261
151022966
502736181
997683944
40454452
475921123
31945489
989662416
68445585
770983625
943638929
763212493
434739416
413714357
875654115
134133802
851219835
148336592
233
670652965
601966580
264606738
351988367
598888845
140445271
549446750
266134442
308000784
834595786
136409360
982472792
401804009
746182800
436285358
436874233
323579032
231697424
735100470
112180729
483066628
546659529
332404749
535875952
961943743
26579829
292569212
816855984
175373839
701715030
529971186
50363373
394303941
407792059
596485271
898673057
5406153
763310977
914968088
453167095
855289755
774747470
976711285
845107488
215064401
284202575
763227439
627460220
421069563
334169683
804430989
190219638
414665074
841728247
199789220
847927781
818940375
304615456
729312218
808516263
802753409
481673278
861512199
756418951
442374233
584234443
212410725
135985163
950307949
864576548
263636904
438886628
911078469
575432831
135600870
146785402
327074807
979271740
584247638
636930055
677171313
934729421
271400438
107553304
643168628
670363996
962920060
55253307
641326556
375484487
348545448
938249627
178174125
361520712
288971660
179347735
738276047
951614689
29967870
267650401
172226224
291384339
566343061
892205490
474646633
840361939
107894733
311731406
963775416
383409132
354515298
612360352
615580947
792288279
657982054
661128208
720812000
681180012
347877558
795342453
447432502
679733797
397772866
239201860
336996591
511720254
394788370
62150525
416970299
5
187395049
377651720
918869389
590559250
176588919
700397625
734087891
797184661
207868294
457498308
597976286
28418285
752187006
725904874
423862799
780023389
487136816
333567497
451203515
122859017
127561375
489162083
282275997
110244323
715402529
896734650
435653916
213259981
643240247
992475651
23420850
310547545
284970258
935991869
247855024
645862696
44482974
977821296
525432792
698624054
531416018
943818960
993833712
865027468
295895732
472823951
707172813
327524275
9307076
192522651
551120349
869116088
69819493
1
118145991
515472567
637793476
285578902
576715698
306348017
775975600
181491517
876709154
702638964
48744174
756663513
255706769
358011857
437940018
859658426
50048006
991268129
546488308
748851290
194626978
775727762
504355702
142042429
452445798
813734619
1546179
708875561
995898218
213466988
554254282
540121981
167647488
803424382
233
148145402
44713015
466894465
915914512
706177772
853256470
5702887
736846961
976269263
15210501
79201238
600316488
829981074
253986415
510876143
128682286
339284600
49315545
211639379
2678418
900863812
881364975
938660898
941029842
320569089
416269970
712557378
338687223
617801575
251044227
950079689
518283868
180992514
310419971
931297411
26472656
390354769
403748047
560138148
907135751
845187572
784981618
189072133
844208136
209793741
916924437
908660680
668715998
328299376
830970736
198394466
713624339
892038397
720236745
292859496
262663135
690657454
900159406
849220125
60666470
119426950
707029032
360571702
724690056
119116376
670543099
718479215
94910013
349134936
305303353
781900921
439424534
55543178
399550278
378807390
58554674
724256915
7750017
737380891
802637812
379089556
831530761
162914168
57557043
86261345
714552235
209233902
143339605
53974476
491475095
541690484
964609855
881686692
973245663
219306486
141993074
175148091
536833730
215641280
995675867
558331214
206969735
489764480
732439347
890686070
686053399
665439048
681311795
888870518
894770493
132044204
556311654
337941605
175600496
744380515
324991511
508979380
435471112
709586269
844994652
352545183
198959720
456824242
850579495
708192266
238521294
460925308
983947558
963070375
614500722
661334847
136234072
829931
859611525
309178692
724996453
957271039
102777523
169704536
10946
508746735
905225584
382357148
792499927
560504586
580795048
612848573
917374140
628819614
808820689
756727560
664393244
176604277
712684119
358796992
920820515
312407685
324814622
954124081
269836267
447811845
236490486
436896141
923846183
128069995
262181873
157317537
344189833
66538345
488447363
372469188
124107335
318812069
545026811
412654631
200483241
792949266
385798281
965828128
634837574
470453067
818740361
10946
456133294
302727526
41098317
242197249
365629706
256956673
594617289
167009326
631179474
254732703
683422525
43146540
61001306
883883296
284754445
574769756
399382151
656232060
899690135
345969968
916122575
26549014
885190319
987866551
278574048
724304038
270889046
569716732
627068856
627515735
242218768
32635806
697806604
948010085
619241865
183593481
297558842
26828676
230114911
173966624
935634435
119049522
517970652
97138281
931299854
783086688
152607781
88634493
477231279
654792674
870876716
801334882
928819411
686221652
587613132
960972887
353026065
939095480
774370186
495353983
355658385
824706116
539332898
506817500
867038679
232519118
101321160
667933966
234442929
640886190
538139244
813265777
811882485
663171734
62333577
521207485
154202953
748311700
310969132
407118687
585507803
271509992
437412523
536734387
732107021
863078282
415570780
607496129
944857381
101470171
233
579946341
632127035
776554114
64884455
785144584
687648702
523432393
81874683
402648144
410593463
299880355
855972090
755072398
465676420
658658571
949167948
30693616
194374603
969036154
262157077
730861508
342827563
1615498
538195241
731864063
209120873
300740904
755252610
5
67084824
624005260
2
94773915
808359837
693724139
173514640
118423267
85650448
886662300
806884839
116342815
230360583
360770010
568486623
872134369
380977438
67212895
387839634
508919240
515647596
320749990
27203421
552907892
483938971
209527371
133053372
186625160
374122900
732112798
657728492
255046504
233
967128237
225423720
45018220
848904547
248841341
274024426
45244310
421857631
16291912
934887347
612909890
247692800
9096053
680589614
257310646
175256600
976195288
65185422
374038736
868971816
40634967
583679780
137937984
100830666
603667923
169529755
310442376
974102448
36132838
412263906
132593668
866211179
736846961
779501773
856050027
243536799
55730685
995351192
299223559
653756629
895121230
534694374
840380368
812782507
929768910
5702887
946388644
449392084
276058712
957753603
862073945
232365806
637244339
76827679
650274511
590127561
262618185
789967594
107225019
271341164
6836382
346618356
797427074
21
849818596
290184376
