495925319
406288103
21
465251231
671547416
685556524
747596614
306348017
5
794754462
296144910
296144910
794754462
123896062
956104508
77237661
347963174
306348017
456395090
465251231
57318765
77237661
455175357
537967286
171396505
1
953370131
285486163
843601769
537967286
406288103
685556524
114254967
306348017
896391145
877938922
596485271
77237661
1
671547416
776698087
77237661
123896062
287029229
537967286
287029229
463965364
685556524
25656069
685556524
485942649
565260452
473267194
306348017
347963174
2
565260452
455175357
544858368
280691045
537967286
1
843601769
240363759
57318765
850345969
176961185
455175357
565260452
850345969
221023796
899899483
280691045
945538639
5
495925319
812613589
1
485942649
76798093
2
1
565260452
109626286
221023796
827487324
812613589
544858368
620431104
544858368
358412343
544858368
57318765
176961185
158629551
358412343
57318765
894458572
60666470
904454112
162153378
25656069
589077498
287029229
406288103
30375291
37461084
896391145
406288103
114254967
495925319
77237661
347963174
284465732
812613589
514413201
945538639
277026772
236254856
747596614
953370131
5
473267194
157688361
980885286
347963174
589077498
236254856
119426950
784821368
57318765
2
544858368
1
37461084
529410440
894458572
347963174
396423527
685556524
827487324
792631717
894458572
171396505
109626286
850345969
277026772
277026772
792631717
465251231
114254967
537967286
473267194
10946
37461084
620431104
495925319
537967286
456395090
1
347963174
746646887
492511528
514413201
221023796
280691045
746646887
396423527
296144910
