625123727
285486163
544858368
877938922
850345969
358412343
240363759
233
620431104
695264397
456395090
620431104
776698087
365706550
784821368
945538639
284465732
10946
685556524
491355305
695264397
158629551
671547416
514413201
583861472
365706550
158629551
735334561
812613589
695264397
158629551
675644272
285486163
37461084
596485271
296144910
25656069
456395090
827487324
685556524
675644272
620431104
537967286
671547416
747596614
57318765
60666470
850345969
495925319
736846961
1
296144910
236254856
396423527
896391145
581489556
21
463965364
455175357
233
37461084
850345969
877938922
1
109626286
114254967
784821368
77237661
794754462
306348017
37461084
695264397
877938922
233
280691045
685556524
492511528
129171372
792631717
877938922
119426950
280691045
896391145
1
685556524
463965364
10946
296144910
5702887
285486163
675644272
358412343
894458572
455175357
77237661
158629551
1
529410440
473267194
491355305
157688361
685556524
21
899899483
463965364
746646887
109626286
158629551
544858368
30375291
162153378
473267194
747596614
2
904454112
784821368
544858368
296144910
5702887
158629551
899899483
685556524
287029229
157938201
236254856
736846961
114254967
896391145
76798093
285486163
30375291
956104508
358412343
1
456395090
57318765
784821368
899899483
544858368
2
565260452
119426950
277026772
280691045
77237661
252939603
25656069
296144910
784821368
157688361
583861472
746646887
171396505
456395090
596485271
850345969
695264397
492511528
176961185
57318765
620431104
221023796
537967286
463965364
894458572
358412343
252939603
544858368
236254856
581489556
746646887
565260452
123896062
827487324
514413201
236254856
794754462
465251231
25656069
792631717
21
747596614
583861472
514413201
157688361
529410440
620431104
296144910
171396505
1
794754462
537967286
21
953370131
1
240363759
465251231
827487324
25656069
827487324
953370131
899899483
565260452
445375678
1
747596614
529410440
171396505
746646887
396423527
736846961
123896062
157688361
284465732
406288103
176961185
736846961
784821368
2
252939603
306348017
347963174
827487324
158629551
445375678
109626286
514413201
30375291
492511528
736846961
456395090
956104508
2
583861472
1
171396505
1
495925319
843601769
463965364
465251231
37461084
5702887
980885286
746646887
899899483
736846961
544858368
746646887
109626286
406288103
358412343
675644272
953370131
233
158629551
492511528
77237661
162153378
157938201
76798093
514413201
899899483
456395090
980885286
296144910
896391145
5702887
485942649
236254856
280691045
896391145
129171372
114254967
625123727
794754462
158629551
904454112
685556524
158629551
2
685556524
485942649
60666470
25656069
240363759
945538639
894458572
581489556
5
287029229
980885286
812613589
747596614
514413201
21
980885286
695264397
463965364
596485271
904454112
695264397
157688361
240363759
171396505
25656069
21
287029229
776698087
455175357
784821368
287029229
236254856
30375291
625123727
473267194
792631717
157688361
596485271
2
2
240363759
285486163
171396505
284465732
2
904454112
877938922
37461084
252939603
358412343
171396505
904454112
57318765
894458572
365706550
76798093
176961185
843601769
60666470
109626286
843601769
953370131
129171372
904454112
252939603
589077498
514413201
956104508
25656069
776698087
114254967
492511528
812613589
736846961
37461084
746646887
1
675644272
776698087
365706550
5702887
583861472
492511528
899899483
236254856
514413201
445375678
396423527
794754462
284465732
896391145
252939603
529410440
583861472
685556524
76798093
277026772
843601769
776698087
221023796
76798093
396423527
956104508
877938922
445375678
162153378
10946
162153378
171396505
792631717
784821368
37461084
620431104
896391145
445375678
445375678
746646887
162153378
284465732
529410440
1
157938201
158629551
544858368
5
221023796
544858368
747596614
236254856
396423527
747596614
827487324
544858368
495925319
514413201
495925319
456395090
285486163
589077498
162153378
877938922
492511528
463965364
176961185
877938922
514413201
109626286
37461084
109626286
1
236254856
850345969
565260452
119426950
675644272
10946
537967286
445375678
529410440
953370131
625123727
827487324
792631717
60666470
162153378
877938922
233
843601769
358412343
583861472
491355305
76798093
581489556
596485271
119426950
953370131
233
695264397
625123727
233
625123727
306348017
776698087
37461084
347963174
980885286
119426950
25656069
776698087
596485271
827487324
445375678
157688361
675644272
221023796
1
445375678
157688361
894458572
119426950
358412343
109626286
465251231
812613589
277026772
10946
119426950
812613589
589077498
347963174
296144910
735334561
596485271
695264397
455175357
537967286
945538639
157688361
157938201
280691045
529410440
495925319
784821368
685556524
1
904454112
827487324
529410440
284465732
5
158629551
284465732
162153378
583861472
171396505
537967286
492511528
695264397
365706550
5702887
625123727
625123727
157688361
675644272
5702887
25656069
695264397
685556524
57318765
280691045
491355305
109626286
685556524
491355305
465251231
843601769
285486163
843601769
60666470
583861472
157688361
492511528
812613589
1
280691045
445375678
685556524
491355305
980885286
456395090
5702887
10946
76798093
119426950
240363759
843601769
581489556
21
109626286
114254967
176961185
455175357
176961185
491355305
25656069
953370131
158629551
123896062
129171372
37461084
492511528
980885286
37461084
358412343
529410440
581489556
76798093
514413201
287029229
953370131
1
747596614
287029229
5702887
5
746646887
21
565260452
491355305
123896062
236254856
565260452
581489556
583861472
746646887
736846961
1
252939603
158629551
843601769
491355305
625123727
406288103
492511528
736846961
589077498
221023796
296144910
1
827487324
280691045
445375678
306348017
565260452
277026772
877938922
794754462
473267194
465251231
171396505
784821368
158629551
284465732
877938922
685556524
5
695264397
695264397
625123727
959748993
581489556
746646887
565260452
583861472
77237661
236254856
776698087
581489556
114254967
445375678
747596614
747596614
980885286
176961185
850345969
956104508
296144910
589077498
736846961
904454112
583861472
746646887
445375678
514413201
365706550
784821368
685556524
171396505
76798093
784821368
60666470
589077498
473267194
123896062
296144910
114254967
176961185
284465732
285486163
671547416
896391145
5
157938201
565260452
25656069
850345969
455175357
221023796
285486163
1
812613589
57318765
406288103
162153378
287029229
287029229
904454112
792631717
537967286
596485271
776698087
812613589
284465732
581489556
492511528
284465732
285486163
491355305
492511528
21
492511528
514413201
827487324
157938201
37461084
485942649
956104508
171396505
21
589077498
695264397
473267194
491355305
25656069
10946
1
625123727
565260452
491355305
463965364
877938922
685556524
119426950
358412343
537967286
529410440
514413201
123896062
171396505
980885286
176961185
396423527
25656069
233
455175357
896391145
5
233
30375291
581489556
514413201
157938201
306348017
60666470
492511528
236254856
695264397
77237661
76798093
57318765
240363759
236254856
57318765
284465732
894458572
277026772
495925319
280691045
171396505
445375678
76798093
491355305
894458572
894458572
1
792631717
492511528
129171372
473267194
162153378
685556524
565260452
899899483
776698087
896391145
306348017
894458572
675644272
5
1
1
746646887
396423527
1
277026772
306348017
792631717
123896062
904454112
236254856
792631717
2
57318765
877938922
114254967
953370131
583861472
57318765
123896062
347963174
959748993
60666470
233
456395090
455175357
529410440
463965364
5702887
877938922
455175357
77237661
625123727
285486163
746646887
284465732
492511528
37461084
119426950
492511528
675644272
306348017
747596614
465251231
119426950
57318765
473267194
296144910
171396505
492511528
776698087
537967286
240363759
306348017
109626286
114254967
