894923832
973009454
871855984
728515878
607010446
846723569
823346090
221057462
852185828
813882557
204522467
509518909
386480502
7420433
72904324
932267454
215776148
21369707
232238936
485626663
806248258
32783237
971810318
167626993
624359253
620459123
604255920
2885306
94555026
928686509
105679498
835419297
863194396
185352711
628041295
820714556
613745982
671757394
34840803
885996489
363399089
23284096
242048894
685232913
695016746
571035260
815257202
439107795
495981141
801264028
743349324
422638440
421387703
676165423
577754817
144503327
263998533
926088372
528774065
149378122
247170766
612725478
803076505
591479077
695520866
527193803
872380854
280713181
552294652
640360066
989312678
350770695
25826249
509550315
872367801
442481212
70490801
223911505
803782267
75936289
283349174
465675201
470250422
383629104
911350021
500547548
9341841
988392467
10401443
873644273
291095583
999556779
109978666
567695512
547553638
552360064
694296449
939762760
55920795
599451756
697212477
743976002
549467773
501178317
862441425
634895162
387833215
493202008
580087385
222886513
107183592
88588840
834035266
916696154
607600381
145336161
942735343
137120917
556993736
713910330
421251995
493306975
544026000
44451389
581146475
560775823
634679609
462430940
15364498
317120435
654308776
653219228
734663844
712361548
846249248
166564876
910599842
846263317
290903782
148948103
723533603
534332033
849604281
286058422
483513656
177597841
957064767
619142971
964737453
735365790
453308048
190264659
588128698
291720208
511891236
685785779
439143484
797583111
394184907
767847547
403203351
900572808
111347246
328743175
802241586
786394245
716955055
456397729
38748144
267009447
287313862
774469492
517468748
807887673
117115515
218981356
134336958
975371599
45591716
857465332
772395268
954484532
875481942
709373550
763607928
318346271
999805747
262750967
132699092
918650467
510070340
599942389
561995392
38227113
868021241
645545140
227512105
118207101
624089519
906796530
23182921
942481135
631088708
566456540
477026207
877184465
581328877
758170876
658519797
396674188
983900031
543323213
484026086
600579341
45477166
382213821
583018378
412816929
898838072
743807779
358184975
212185842
18229768
421347679
54146097
464726772
991512687
490613966
209441519
96074231
276930933
712673892
231452684
875638907
290825924
367583179
804219463
67972584
452834260
411934843
74192910
278839219
677921912
665514884
948863563
547626848
616949591
982939116
888821915
856932573
674587543
860523875
141203197
166785443
671689154
226138680
354276189
226861331
119826803
370193030
437924399
484584160
858182183
601401578
593743032
840761570
591314321
126264109
436800424
242048894
709631338
236463542
881610039
300152611
757650482
856810302
405293214
51712013
393130761
335571696
37158266
759911031
855771499
318430901
596884141
689431904
670689701
874073178
343897858
616607378
802319013
965753559
944813235
703094632
63839917
51074822
887002460
109736373
204473135
368622394
423787483
180063420
299733674
359577797
37018286
760114093
126503295
818676044
771863155
629473244
224595883
78530137
814084242
955826900
993833712
672550261
618781761
638816221
358789106
825445728
90321016
131412419
885608160
332227481
779437390
69013352
811848321
202540538
510591377
764308535
209575551
900572808
330076590
236200638
469932720
801065525
830648401
958719980
256956727
238330314
457092492
515286484
141988298
696232999
968658685
180890613
123631242
737647918
280612746
759974986
295385881
6553150
750303593
951416050
874690131
688756965
298297011
804940645
218020208
635802515
685398844
56643385
683111386
834627789
923087165
168573859
915788735
357636644
603315632
102150848
577566686
966454286
535841620
102007965
840470713
793864631
24516198
179522926
140641479
224430760
737882953
857175805
127679919
625318944
842604200
466548609
980294421
305221524
160860890
257501047
428930671
660875396
927152857
814224145
600864215
640600570
456701453
619114603
873240055
60523499
949355446
168017138
688767011
86398500
813083387
292014014
473662921
555333961
459686793
547072407
223122382
744612377
993604311
82293973
79428151
807523574
888430842
330419575
879602475
273289135
362772751
539522257
635673239
597443208
87967898
337553778
497259178
210078964
198764179
985186086
224637048
210500826
318281010
438642353
462496906
680193179
