479757974
327367470
427664371
616160489
456303318
846169410
930575212
655378066
820903004
751170096
257381636
5383024
845650059
568698614
328923134
43871623
305416275
51557900
325841228
335929605
953064803
31669371
796624723
461255911
880192436
765713714
455865977
655181846
84778190
242738100
525416316
423223982
80046679
832857089
281995172
328260494
810916640
707952847
601885761
112180729
128196934
623962315
239476412
659625885
789046508
75369524
326750322
998943926
202169670
389448080
807743227
435368378
230133419
565605562
957559941
429150844
706003034
835384197
240972705
353901093
318911682
512197062
956129150
990380175
149908738
522964468
877830515
352495433
11656176
558913514
737383960
644629884
547879754
645472931
365535492
315692697
556536529
589406888
862990974
970698106
594934425
719397170
206986093
513600609
907975394
129130207
306938396
78189171
495131423
515312405
454410660
113357628
786242904
920839926
227948297
464808719
604405311
343977116
158656233
990504832
175173185
450169774
954791772
389663671
420766380
880157299
891579556
589787121
191465144
584733907
291880492
897240217
528220557
82947155
262673848
134133802
661437663
966124610
899396863
912649873
274945055
414776604
624993189
682998542
804558168
759911031
987860093
413634724
421973737
603452516
605632270
455523756
414317618
315776335
405769917
111891450
231577710
227724963
533590646
881040943
321945734
237923872
989727234
795975376
653958910
394709683
848248518
755205530
916587688
144789908
335607292
600624257
128239687
565925842
504439965
848881463
394972375
623880025
140918446
125224740
851247624
749327510
844640794
312140095
713899518
794714572
601243166
949534778
72708070
944034161
716743637
349372468
756265688
643657843
369700380
70583265
88106019
455523756
731100250
966733553
936267053
893771313
27022934
401059488
605841759
803486025
721485823
982659183
541017755
70770293
28257145
311287749
979202671
642572148
1049147
390258275
714076350
964362749
269854818
623777843
994653276
18122474
901380214
31924874
544013128
228964572
220591051
188138975
816164382
210084288
234605668
681370875
600892599
699290352
558395121
60334134
839428502
285711667
911745716
174022518
273084511
678000525
716436228
453794678
753985508
940198325
154821662
178868820
175583081
50680942
308683039
798454967
158190213
976274835
420488716
531555199
483401465
55829949
336484779
879724998
889325622
1766829
519866564
652589061
229146377
537573369
654808637
851881608
196411047
689328115
640070348
740034565
894035533
637241355
297852584
96787034
287346169
402859657
997512187
382948055
22148308
312603088
335854727
233400032
150132808
698312280
851280598
182522975
678115552
903383215
811916356
848885207
361140996
744913382
710051569
808556233
46548623
688111336
502736181
254289799
410088652
318289075
357004145
66039557
883061461
241865044
417460579
324916209
74672453
876980252
847723284
465818907
211777188
295976826
957883676
123217134
933474210
430263260
458929036
470694534
565855429
638258680
933505526
529225956
945436388
428620300
607628634
296716665
784551524
24713720
159954403
209647102
746236781
403789150
124052151
645983648
542597016
969152089
916040979
398107503
994464214
584933971
793942254
414546655
843799678
660501192
906432461
889439483
990329372
38518072
945436388
357342596
664605909
937836389
61256428
163199686
873743086
881550564
46104613
584545196
320578065
938413865
907289705
797806523
321662760
986122247
156112316
18616662
849567774
489262975
297655024
624643934
158967731
797590768
299301901
604144169
741347713
198201566
441160164
21333499
413852576
944663725
246336270
861982194
213321399
735122241
994171356
491475095
57377568
750137044
886557649
685075907
325234676
515091808
717306550
352428009
563291722
627935883
471320828
125190848
138323315
521164157
524797728
512134249
224635194
618222655
891259861
503466098
96556707
940161521
503009077
804537756
876832630
964655891
863965930
22033021
806498615
497616171
783986111
33006455
907630905
594749341
487234506
769138916
996759892
944143628
183923616
725985635
186972102
808353778
746791434
461166260
322635648
947757941
982773304
755871377
406413997
200486892
35257492
370903447
347809269
777461470
732954621
445066972
141498759
83464947
688370020
538397637
644698673
676055555
146452726
572521268
386549848
808725880
402100868
449214482
761161633
482914338
183963983
242105490
767235292
241311393
41815922
582915386
406999868
671337484
479715396
64761134
66722194
621949475
802580913
635964686
349274218
764048633
983015268
552399249
710552002
442339019
29693810
22735437
714669943
129232947
824175486
791299085
819963594
623096003
163461192
223484411
327737275
455643477
778705850
921433662
624914105
455712969
823877938
171237197
860795223
836547738
449214482
190407558
176963912
243654219
827133762
653610252
963246797
191494369
231148739
959776481
932793070
460890236
242890662
63997143
44925085
209705822
29118998
257065206
429472943
289766247
951307253
651982112
277425678
88718070
177684126
778934207
637068875
186386508
248206096
481707993
889633825
477046141
317497148
397451679
449395649
98371841
884681685
674149137
885528037
237050071
676777111
323424518
812416678
572618052
619668560
58387193
324059957
653045246
250616444
370134801
907975394
137979187
598638546
499737987
614698914
998374290
418379945
851458507
789827692
705445680
317574897
490841741
852377308
54130634
654098472
387995597
754502390
185825985
674956932
939782258
229548074
706300584
450417335
876075235
323021472
687999950
998066781
796818946
728456793
176777031
629209637
716018101
892224188
611516666
803524182
792670272
868028293
850388175
652719119
340389515
749098673
54342100
171083778
377715253
720718937
745905178
917079004
27429924
282274849
909250548
780471457
333799313
258764130
8327297
20104144
653622582
389823704
925473039
957779222
738809873
275766532
881324109
422169332
730559176
504855453
976686082
752612874
449944848
694630996
878847810
779307046
677631067
513921056
195683236
109261127
177093477
843287740
705399573
488233206
721583043
446802800
135567497
91390042
20351603
671093423
864891824
270870149
333590825
290962268
902787627
523884184
312171587
960087085
216162538
800635261
67663150
286984866
393227962
2276172
341243044
350662724
235785842
591410297
488262985
760252791
754511564
181767456
25439666
769849263
289092002
757280012
4768204
71128703
988974981
365020768
996524178
719244239
510434832
749293698
134977316
245449324
119582669
469770448
955892727
55489247
680710885
965641042
291480334
435117662
290499538
374354320
737319380
447401581
905554646
965884188
161960839
699960261
459575308
876566511
838268437
107914484
643405572
405724356
393904553
52321593
917617263
496791195
668251261
129373549
599881084
4691971
884746568
414720874
505827558
775882760
572277612
697076924
982944645
425500394
942353660
816848187
312526653
991642688
61755356
718063924
418569841
924841269
598024878
334538456
60357753
679963740
248373739
75374139
784260442
107129681
75926550
