4907178.372753
2549005.166398
25455007.117068
3567216.305061
24894417.598017
26168503.408827
4285411.469243
38647114.566491
35638746.264012
25248464.986314
22456173.824835
3925055.491501
4346370.765301
4036410.654190
4985224.893642
24436080.186893
7993593.196120
3039897.781803
3950288.344417
4710066.013498
3823090.977209
2861033.939544
3255331.934928
2372320.464998
34578576.861872
8353949.173862
2239267.036034
3927572.282802
1698665.105691
6435002.107862
3030249.921904
24226840.281212
2008625.216802
5904961.853560
2764439.319523
3790329.053580
6798697.356058
4234793.621865
35103749.145360
34220737.675431
3116673.694272
2720289.810793
4595149.599607
23784838.885373
25206446.371163
23119959.343496
27543638.459628
35242362.380533
3299436.438175
25058924.696184
2891636.686732
5869235.410417
2730159.651439
4810583.752732
35200343.765382
6265317.831301
24584679.467653
24039997.766009
2678271.195642
2366242.422495
3393945.170101
2988231.306753
22765911.955198
5345580.871384
2056504.292132
4450227.774990
2676202.533607
6307804.740653
2903052.554696
4949196.987904
2581676.575620
26564585.829711
28653217.172272
5508879.432676
3640328.233306
4219173.398093
25644848.869794
36162400.803046
22098334.638394
25109851.751142
4546822.395011
24000273.038498
23516343.226975
24535270.157150
6125041.996751
26524711.529454
23475100.755009
2366464.403243
23117261.568568
3426633.805384
24138886.273671
3351926.554949
4313983.592614
4588841.010163
22981346.108323
23077940.728345
36558483.223930
34888314.992235
1881427.849593
24096867.658519
