1.500000
0.386792
3.137931
6.166667
7.814751
0.241379
15.804598
5.000000
9.642857
2.190476
5.815364
5.142857
3.476190
4.500000
1.000000
5.669951
16.942529
5.687500
9.905660
4.275862
4.965517
7.409091
3.772727
12.977011
2.523810
17.632184
5.428571
0.937500
2.190476
6.056743
3.090909
4.928571
8.233766
2.272727
3.855501
6.905660
5.482759
5.928879
6.519481
5.250000
0.405660
6.642857
1.590909
5.315364
13.045977
2.409091
2.681818
18.149425
12.666667
6.551724
6.500000
0.379310
8.090909
1.636364
2.333333
9.500000
3.786535
0.310345
0.142857
7.551948
5.405660
2.689655
3.428571
