0.031915
0.607143
0.392857
0.821429
0.354518
0.153846
0.285714
1.400000
0.998999
0.508364
0.570427
5.474273
1.514872
0.724273
0.177570
4.938559
0.607143
1.407729
0.713284
4.000000
0.978535
1.657729
0.176948
0.320427
1.050000
0.174772
2.298963
1.474273
1.450000
1.370427
1.152845
1.763284
0.034091
0.784713
1.691820
0.639058
0.567629
0.750000
1.264872
1.174772
1.122015
0.463284
0.853343
1.156105
0.944444
1.548963
4.724273
0.617131
4.331416
1.943443
0.142857
4.153846
4.508364
1.729157
2.048999
1.142857
0.317629
1.763248
1.441820
2.264872
4.474273
4.617131
1.620427
0.331416
0.208863
0.474273
1.977534
0.639058
0.938559
1.227570
0.535714
1.320427
