3.969697
3.465669
0.819129
3.145602
0.965669
1.473958
0.937500
11.810133
0.573171
0.886837
2.848485
11.773674
1.502127
0.098958
13.833333
10.666667
1.967099
0.855587
2.939394
1.024390
1.434419
2.484848
0.073171
3.797118
2.826231
1.909091
3.272727
1.121212
0.524390
3.300443
4.297118
9.833333
3.754989
10.954545
2.800443
3.254989
0.500000
3.280777
0.067708
3.372875
1.442708
3.440583
4.393939
1.470877
13.803030
11.742424
0.031250
1.995268
1.403169
8.666667
4.815583
3.242424
4.843752
2.727273
3.864826
1.312269
1.976799
0.592099
2.121212
1.812269
5.239826
1.940341
2.645602
1.343519
3.181818
2.713311
0.028169
3.437500
3.872875
1.406250
0.787879
1.375000
