13.861173
2.583333
2.200000
0.011173
14.050000
1.308556
2.780250
2.516667
11.583333
1.224757
2.266667
1.485714
16.716667
11.558792
11.915935
14.250000
13.666667
1.150000
11.904762
2.333333
3.428571
2.580250
12.483333
0.250000
0.400000
5.000000
0.098266
14.000000
15.161173
0.214286
0.900000
11.333333
11.547619
1.213584
13.850000
11.344507
2.466667
1.085714
1.161173
16.516667
13.677840
2.257143
14.571429
1.366667
0.994972
0.094972
0.635012
2.268316
1.828571
0.313584
15.150000
2.352115
1.771429
2.716667
0.833333
0.911173
11.594507
1.244972
15.244972
0.063584
16.583333
14.061173
0.571429
