0.678571
0.571429
0.733333
5.220566
1.107143
1.466667
0.684319
3.553899
0.314286
3.888889
1.222222
3.000000
2.734852
3.339080
1.145677
1.102065
0.942857
3.624795
1.502065
1.066667
1.838534
0.092896
1.444444
0.828571
0.805747
0.005747
3.123016
0.832787
3.518501
1.112890
0.291461
0.678571
0.827176
0.577176
1.057143
1.089930
3.921676
1.485714
0.861358
1.518501
1.868185
1.832787
2.768732
1.139930
1.148604
0.035398
0.032787
3.333333
0.838534
1.733333
1.032787
0.285714
0.768732
1.035398
3.444444
0.800000
0.821429
2.934319
1.873932
1.000000
3.035398
1.666667
1.068185
2.928571
0.942857
2.444444
1.142857
2.518501
0.975644
2.485714
1.702065
2.702065
