91782399.485878
57322189.151728
33106696.613474
91022001.346647
7098014.654023
2459824.223361
29606643.345140
62085603.918398
80193583.292825
20973505.675741
88415882.756462
30934617.347034
86258586.579977
63451617.450751
58688202.684081
4897418.902045
21638326.122654
22712317.883398
11918987.582254
96959266.197400
39364538.874095
90071924.524014
29860625.586291
38083617.465074
62630725.583294
36378873.511783
89951478.821780
29450479.795676
32441876.166560
3285849.912856
29195805.139377
30803021.777446
37333486.502363
62381094.925884
45301803.724848
34668398.549919
88536328.458695
88791003.114993
36668666.055449
5029014.471633
40605663.400672
3402220.414516
62510279.881060
11794154.978199
58813035.288137
58817387.639257
63580802.405927
32470213.412353
61015081.393531
92195851.430730
88670557.412760
30115300.242589
87969061.541841
63576450.054806
31057696.433745
81264105.817692
38275882.693518
95888743.672534
62505927.529940
84722990.514658
3161017.308800
62501540.628118
32338617.842765
62626373.232173
3825837.755714
24910503.020964
22580722.313810
38407478.263106
4893066.550925
61135527.095765
1795003.776447
3533815.984104
30731401.204696
41075013.835959
89486405.281328
3290202.263976
31189292.003333
80314028.995058
4899829.516457
33387477.140899
37828942.808776
89741079.937627
96009189.374767
7222847.258078
34049092.804630
84977665.170957
11923339.933375
91661953.783645
7227199.609199
3950670.359769
92732476.308511
3955022.710890
4768233.946869
76500691.051022
10428141.445846
5024662.120512
33132802.484600
31396221.651610
5732001.121670
34180688.374217
