0.050633
1.266667
1.366667
3.425000
4.866667
0.531646
3.300000
2.000000
0.916667
2.817300
2.766667
4.425633
5.714286
6.879487
2.380848
3.998253
6.000000
1.600738
9.712821
2.385950
1.923077
4.917300
7.461905
3.992405
3.166667
6.795238
2.375000
10.295238
5.582025
4.025633
2.380102
1.258966
6.884589
2.880848
6.695238
0.900000
6.005102
3.305848
3.430848
3.600000
2.875000
4.851256
0.200000
3.656481
9.717923
1.448312
5.428571
0.126582
1.208333
8.012821
1.928179
2.033333
6.328571
0.125000
1.334916
8.017923
7.612821
5.576923
0.569620
8.595238
3.217300
0.392405
3.605848
8.195238
6.125633
4.846154
0.005102
3.423077
3.428179
3.950000
0.005848
3.650633
