1.499882
4.272003
2.073333
1.033333
2.556479
3.545455
2.600000
5.029855
4.765337
1.433333
2.956522
0.593215
2.636364
2.425000
0.734483
1.086549
2.749813
2.406667
0.566667
3.124882
1.766667
3.086957
0.026549
1.307816
0.060000
2.293215
3.099882
0.806667
0.499882
2.711549
0.726549
4.389855
3.225000
1.726549
0.700000
1.593215
2.099882
0.483146
2.150000
4.138670
0.482759
4.045337
2.625000
1.219882
0.034483
0.094483
0.333333
3.218215
3.016522
3.632003
0.900000
4.086957
1.526667
1.049813
1.467816
0.086549
0.956479
1.183146
2.107816
1.756479
0.473333
0.404494
2.325000
2.651549
2.266667
4.229855
1.026549
1.459882
1.193333
1.000000
3.656522
1.273333
1.676479
1.606667
5.223188
2.459882
3.572003
5.005337
2.301149
1.227816
3.293215
