64592002.771149
49347254.731500
70731486.475149
12845146.827114
45626208.096733
46374192.401861
43372304.428185
19631973.726707
55497894.384422
8895939.127360
61929391.830174
22844380.204416
62703602.221515
50013283.117539
25000838.568993
10739741.161416
58908620.787750
26900361.077730
50772658.306196
60322633.478917
67602533.427423
62595420.216213
63462977.410172
57603300.050120
42243279.067208
41483903.878551
47060806.657907
63354795.404870
51901683.667173
57711702.381500
65362499.918910
66491525.279887
47514608.646367
70623304.469847
59165445.700908
20828892.132957
64603124.730253
24892656.563690
50334790.985143
65351109.035381
58377730.767539
11872652.143963
62037573.835476
59574649.173789
25857367.689421
40817875.492512
50761267.422667
49511788.132185
41074700.405670
48229385.319446
62186216.743332
60334024.362446
49166212.323605
48909387.410447
53654092.350367
21871885.521266
63937096.344214
49604079.644658
59125715.072667
63451586.526644
8724253.089957
25973333.252143
59137105.956196
21647461.798166
49358410.680422
4753634.909178
58041167.371173
20674967.115016
64483820.765847
27872855.760881
62294398.748634
47470010.130789
7923444.444210
45217004.623852
46385583.285390
48217994.435917
2738146.837719
46803981.744749
49575415.796486
25865151.246841
51463816.346120
23957845.180684
60266131.317173
64193921.257372
42231888.183679
10829658.755655
13283014.148166
61463049.723423
3781140.226028
50323400.101614
66405615.021173
44960179.710694
12310519.465016
6880451.055901
72631008.983887
63343404.521341
57968527.294658
9767246.478266
11267526.076707
23849663.175381
