26118681.633860
32459243.921266
30319348.504801
30233502.544217
31119029.851729
30107782.746547
34291063.635274
27127154.134913
29995614.015328
29287210.137721
32065322.258224
21188444.367467
29385028.443974
22956760.302973
30271938.514761
24226787.198942
27068469.957006
29061293.954500
31259785.927854
34261039.627448
31668645.263423
34410182.244681
30278562.830497
25958014.002567
24810595.647945
23766147.788356
26464316.207197
31787763.872830
26744735.467532
28970476.844582
29227490.655172
30131182.438637
31116255.247600
26082706.275324
28115001.548005
32529812.823823
30397681.439904
26346685.612500
25074233.774271
28560909.745441
32578362.530673
27281005.673327
21100413.131408
28942519.677315
28052821.453448
23903052.709468
29049321.608833
34120283.551323
26247912.695924
34431819.711398
18755553.144952
28376555.942922
26728295.544373
26128794.086517
29495229.806268
23402668.500409
20981294.522001
16821413.325364
27106529.046953
29086734.579048
29089595.453988
19079287.634425
32288463.837316
24030127.125531
29766638.375848
28799696.760631
20810514.438051
31705694.125290
25338213.111447
27552437.244389
32050575.308427
28299362.724629
20924465.030291
25798443.061037
27017026.336151
18255168.935892
15776965.465775
28061474.195740
28496611.479879
29491469.992348
16040944.802951
31564938.049165
26244351.258473
32221355.392377
31287035.331550
31497865.179473
17809260.738457
27518894.202216
31406153.940957
34550938.320805
27508764.066786
29442903.886374
30557237.033690
32389056.747698
32206078.334349
32340474.001784
29350713.916223
27254914.865040
29733118.335157
21968912.889880
