203102606.658188
205400368.431923
190659321.937885
202544625.870392
205197205.157346
181383707.241367
190242433.016072
177317241.116889
200739989.129452
197844958.395274
201457427.180299
191188637.314975
196300696.586406
191102341.352645
192470527.973299
203336859.186440
178091514.559550
202825613.800953
202051340.358292
203054380.049009
177236962.240044
192428026.288628
200230234.950835
191615975.653793
201130739.032869
207692715.006813
193778492.270796
199464188.888662
204890614.253306
201253623.430599
198469757.980580
193416732.272202
200536825.854875
206975276.955966
195762720.655116
202851216.774432
203771818.099856
190579043.061039
179037718.858453
203820044.709035
203086162.728453
201598421.571489
197615205.661074
193184579.092802
198730306.908080
201431141.847901
202592852.479571
178352063.487050
197337629.179159
198302478.256991
201050460.156023
190075153.292483
190065408.759891
200824148.128828
182958615.765410
194725788.062362
177924234.835962
201737732.751941
199415962.279483
191433595.380545
201940896.026517
189387880.696565
202165561.403029
194552765.713457
193534625.697889
206117806.482770
195498970.012359
197101571.359926
201333902.307445
192731076.900799
193464958.881381
191696254.530639
202368724.677605
202108175.750106
190502981.943571
202899443.383612
189468159.573411
192303248.249711
194385485.989868
201971061.481447
201858970.498989
188874246.395418
179085945.467632
191266315.656957
200743869.251983
202658334.077365
191694144.308045
195547196.621539
191236863.924154
206465522.777349
201761950.662397
176723327.938896
197695484.537919
194813314.640956
206772113.681389
192379799.679448
193698213.393950
199419866.919317
201905012.475529
195109534.221932
