28499999971.500000
33499999966.500000
41999999958.000000
16999999983.000000
4999999995.000000
28999999971.000000
43999999956.000000
10499999989.500000
23499999976.500000
29499999970.500000
999999999.000000
30499999969.500000
4499999995.500000
36499999963.500000
48499999951.500000
2499999997.500000
44999999955.000000
45499999954.500000
39499999960.500000
40999999959.000000
49499999950.500000
14999999985.000000
499999999.500000
42499999957.500000
25499999974.500000
12499999987.500000
9999999990.000000
24999999975.000000
38499999961.500000
21499999978.500000
8499999991.500000
13999999986.000000
17499999982.500000
37999999962.000000
33999999966.000000
46499999953.500000
17999999982.000000
26499999973.500000
10999999989.000000
26999999973.000000
16499999983.500000
22999999977.000000
18499999981.500000
27499999972.500000
22499999977.500000
11999999988.000000
38999999961.000000
37499999962.500000
23999999976.000000
48999999951.000000
8999999991.000000
12999999987.000000
1499999998.500000
31999999968.000000
15499999984.500000
5499999994.500000
7499999992.500000
36999999963.000000
35999999964.000000
6999999993.000000
14499999985.500000
20999999979.000000
39999999960.000000
40499999959.500000
21999999978.000000
3999999996.000000
42999999957.000000
6499999993.500000
47499999952.500000
41499999958.500000
34999999965.000000
45999999954.000000
29999999970.000000
25999999974.000000
15999999984.000000
19999999980.000000
1999999998.000000
19499999980.500000
32499999967.500000
47999999952.000000
46999999953.000000
11499999988.500000
9499999990.500000
13499999986.500000
27999999972.000000
30999999969.000000
32999999967.000000
2999999997.000000
35499999964.500000
20499999979.500000
24499999975.500000
7999999992.000000
44499999955.500000
3499999996.500000
18999999981.000000
43499999956.500000
31499999968.500000
5999999994.000000
34499999965.500000
