378834
3341940
2420354
4043238
8407495
331766
3093209
2130629
11968522
8339550
250009
3612627
4771824
2005040
1587503
2608493
6589618
3313188
3066170
366063
1200550
9277439
4327844
937728
5082439
5357465
1329059
6491029
24198
3434482
1437817
7825694
32949763
1792361
3681649
4338500
4165781
17659157
8244551
355612
979492
16740741
511317
3764874
344404
10838618
1117927
15697219
60043
498684
3842045
223742
15451
1376512
15559598
1735586
379832
2282651
649701
1342033
6951866
236524
6187346
1439358
886818
8653745
321201
972796
2945329
4713104
1857798
260523
3403269
4377741
5266744
13933158
4761422
13493240
4677665
11385229
7140869
3009428
2351475
16643887
6389050
4459846
15662814
2616480
4951491
3870491
284447
168640
668154
1211726
1502382
1501233
2429761
498925
576292
14059873
13394117
4727059
609496
647397
11192706
86579
10225251
1019158
4539533
1172807
4390167
6905630
9745396
4696746
18607105
339779
5397755
501124
433256
825956
1144971
13167200
2503745
244879
2212307
176800
2824681
106870
11844775
14635804
13069951
10391563
2196302
5021703
3936373
1578666
523906
1625278
2825145
11870168
560798
7655834
1000668
4929051
46327
165347
3978503
283111
4498011
8148041
4025683
9951739
4550144
11336786
1199361
1026085
149682
13864512
581286
14950266
460327
2232727
3181705
1047438
701976
10415788
11534980
1098334
4860887
3447849
767465
9060420
5742155
14401086
224574
2212912
2166470
8412260
2298606
5176173
4285685
4708381
7079773
6268011
1523482
3008482
1113259
7287846
420311
491063
76576
909718
5103938
156871
431498
2063306
14564003
8779282
5557131
6165971
16794200
17206007
214196
5351697
140489
6015747
329888
18653438
9288335
4106986
5819325
20312057
8344750
4672287
3219450
2601504
1167718
933377
12385406
7024430
17365656
3049856
10584581
1908981
4952957
2102837
1090869
1868238
25661020
117636
148395
12416987
2399266
6177045
18645049
28392034
5091946
9083716
8032756
5449066
5504339
4796870
7504446
9238391
4139055
10394065
7105815
1034419
3728073
2383021
41133
22200033
7275609
12131753
1516756
9466928
29237186
35949
1173777
8941517
2277501
2562622
2569291
2202295
6851560
457623
8656587
5589421
238459
3827222
4522536
10027189
575890
7843902
6622152
404283
86834
1986791
16490351
820748
7339603
3002765
3163684
7383205
8793040
1062850
747153
6846868
8830874
355550
1516887
6142369
1266269
10306950
2455214
929355
1604746
6718727
26876967
3016221
52634
1743637
9085371
11642565
1627583
12092333
29766764
11907867
7184472
2787226
8702811
9308567
6395110
4895353
3946236
525694
19117976
9880752
558662
254910
26845954
1927066
6702280
520559
17257447
4689855
3594164
1663287
519301
6062773
3185805
24424206
25429663
275520
2334498
317348
8861965
2773306
2432631
4925683
40889
2955438
32586
25473740
489931
678062
726683
1752187
12977901
8386050
1420470
7263601
10105160
17322381
23777697
5053937
6669400
10004406
2126245
2237507
1033696
23849148
4585236
16085886
14369478
15475948
1712562
152077
1966528
1363908
5246936
17304773
15771676
7994638
5385593
3012543
109393
2297314
4499467
3245776
8056188
3650780
1248676
20916104
6933133
5520086
792019
180944
4347941
432787
58762
246289
16669890
772186
5229165
3498161
755670
1042507
1115004
32626
9886259
476508
13289181
4853124
58722
1159555
7649030
2433122
4063298
13029559
197811
2398661
4522588
9604102
1804563
627468
2403623
1470308
11709825
1715987
351352
17072783
9313676
1881007
2135782
3939088
1756539
14858087
156934
6841174
9612074
6852737
19652681
1613628
12937787
10217910
10475098
203832
362285
125600
12555229
1698027
15997622
2134455
1932729
37896
1537866
505455
1858492
705456
471106
4524386
786636
1454627
354071
2799800
5462603
3381883
9825623
21421
1953328
5651155
13866359
2810414
208829
7174311
34102
10335347
1038266
6927065
3498221
323793
4989868
1192492
28289821
429954
357524
1211464
767101
1059583
21065231
10105415
15038984
2421687
1893475
2230940
1214448
183437
3574662
761718
8906726
3172618
3960652
2161093
123716
6259308
30160424
19595970
1858719
9115584
9081688
1516084
17734
14525515
646872
3772120
2167584
971136
3042402
12297570
707004
1908813
5212224
722162
12718246
12010464
5654033
18199975
38196
4293879
431238
9132429
10975539
12177024
3305822
9518900
9258943
439376
21727617
7169709
8914540
14080062
1393270
12325830
6208358
109668
8737485
15743111
2972259
4305731
5614000
3872583
2008907
202394
3634071
6446016
345386
22677957
5789320
8727257
19150907
1428256
879328
1068453
14610670
14790223
4625817
14673407
1159269
476411
12804043
6015896
1199102
597290
1266760
832198
7837046
20325241
4286010
1483096
606978
2884436
34320
976037
290840
879662
6805303
4922406
5664405
929577
3586065
281872
5656198
5712560
7648653
336430
1777168
5305807
310877
1296281
2200189
54954
3677012
8354674
7451548
5402069
321010
7944067
578153
107277
6785627
7854968
225206
16814517
514156
910687
12559624
5718104
167779
10880071
76672
2100308
553064
19223488
9497363
13359051
1833680
8094221
131768
1125578
2410820
27122379
14166104
9801672
2429066
293562
138640
2172547
13183053
5103869
505036
3740790
5461707
151833
8138880
1011264
997403
126122
4206626
94382
7350731
10432291
4992543
713632
4574070
716282
15029660
22412313
1785029
1820084
14180489
1259402
1931479
315209
875797
230469
603538
2135820
1657874
3607109
11722249
8042875
979057
16647636
4959769
10711842
19240999
1172800
5413476
2557246
4704520
2320335
8037753
437243
1202309
16378157
1381145
402646
657555
3061067
17889075
34544
19402057
11892550
4038682
5258593
1615548
24326755
14346526
1747326
30430
7700327
99285
98862
334768
158746
16816476
9953928
9140637
2531959
2279766
20647036
77053
1894465
21772450
73800
16568113
2046457
2203305
215232
375220
2502511
1816528
225408
1309550
3391590
391522
1628716
12485742
77207
3837745
733975
6018945
3829262
12732686
14858174
5899986
2556027
6680062
624098
9216451
553216
259999
4565772
5429066
588805
468795
520343
898406
8340937
6049592
1002170
7546388
4863094
7081961
663270
3506329
4860183
5027614
8223202
6441827
11233862
3303324
2368818
620526
3324061
3907421
140841
559929
4330786
681770
288399
5120767
12478615
4717344
5048936
8830890
894883
1607310
21188849
5573437
469491
24244
5095947
3794348
1259740
3932507
2050477
14146886
1917876
15618947
14694583
4536223
1259908
8593263
7701990
4813789
8337055
17315587
164835
1189196
315460
16111369
14514003
6641304
2593976
13009440
37666229
4143614
1583226
10230638
780068
2903971
32900
5914210
1097775
7258914
443553
5992204
448897
895856
960713
5834266
6950679
1351615
12248796
2246731
1245737
3362867
10949228
9991089
18901348
10240765
10764712
33613296
2349839
15275
1206502
407835
5560422
8143135
1390390
53930
4945369
9182957
4266766
8408273
1724669
4481698
9195912
730684
2111541
20281259
1285409
246938
8028312
1049538
1933875
14904067
16061060
2345271
12049670
209204
2422851
1580077
5039026
3107369
28189
859889
7519847
2113867
734457
126109
1560701
5063593
6228275
7348306
1193204
903381
1944090
670684
913738
1137098
2720706
10228506
1369954
8570169
1052620
20745
2290403
1227956
1860501
5502038
2911580
10994910
337153
2523807
4994762
2118382
3836039
1953077
234817
4285259
28571552
6727345
4993575
18018201
9342182
1656657
19828100
1342476
10931116
6222296
1320151
2247265
14052508
2077278
600308
4976892
6694731
1760157
195579
3720026
210335
2835883
4496363
3628170
8302864
2319935
19491274
2904536
1194684
13709891
8222599
3259034
26309793
276676
20614477
4922840
7376608
2914556
1102513
1018780
21335308
2065625
1133112
9195173
10572594
5469574
2814203
1804882
7842600
1752118
12035930
1004882
1524939
95055
2838907
427829
3541980
2852470
10471891
5560949
335509
92496
19318
1706380
19957
4409902
2584048
840265
6088719
573228
1466057
1832662
12780987
471677
2813339
3590858
5655566
27620747
14015442
4474987
205538
17010979
22637998
9560629
8820445
249601
1307532
2549837
6323459
2614121
6844141
4384180
359041
459018
388731
650662
975221
5702331
4167594
5623655
8154246
17669815
3988772
6665299
4152638
4303226
3799855
