14834
38042
30579
50601
91289
13417
48243
166541
44900
8615
12874
3157
1661
12304
150252
3708
16251
9650
10780
99210
81158
111476
221427
201669
81795
13601
68835
13826
9878
22441
75710
37284
265013
6071
20177
1130
5609
1476
33954
40709
22862
25521
4675
57746
254240
42635
92956
10860
45355
63659
2594
37681
20801
4319
53665
11421
30229
118859
5549
40013
338715
35760
4915
34049
2192
10017
176414
25294
23153
42495
107352
114492
423187
2112
73049
34466
11651
19016
109959
87939
152113
10921
6296
4284
7080
117457
86658
51210
90083
39200
64114
13673
31861
926
92744
36872
102419
24485
20626
1119
