116540
235690
34364
139121
1182
13236
22797
21159
63786
65077
59115
16900
45293
89118
34483
21154
70119
45601
44753
170536
20643
128269
151585
106310
144116
287112
131318
21300
26744
33175
48496
109512
37464
51062
67019
50679
10776
17830
14630
118664
33662
84352
50481
6042
12115
23624
35925
31547
74256
18742
15878
28719
11918
39584
44764
32325
16870
137619
18866
7322
5510
4578
49354
810
14651
86308
41900
119442
24247
8700
63541
12869
116068
20840
169890
1574
8446
63340
64029
40282
17715
77976
97850
35568
31238
40700
20561
12591
37421
14088
11758
166600
37725
5636
49150
5701
48885
180675
16093
35949
