32485
33608
6186
33362
76963
71537
15708
55542
144544
10658
71684
18010
89748
12592
51609
39424
4608
12492
1170
6287
131668
17953
147077
30437
1583
62459
87374
6080
53413
10915
5436
117887
36678
95909
95296
57630
10717
76727
2843
68908
210469
81434
2613
20293
143487
5163
219392
221249
6459
23462
30848
28938
38579
45507
78776
6451
5700
9294
14963
142951
33294
20554
35424
5340
12172
2793
25665
99634
32910
43214
7537
73652
3653
83588
33747
13587
4640
12166
13141
9615
47319
152475
10469
64750
69358
109811
226997
76392
133987
20362
134294
145576
143570
27625
9642
168404
47130
34961
94490
109126
