2951952
2365406
1641604
5852088
4655791
4971711
661544
14323746
3662064
3846990
2807245
6802071
13185243
1954433
7536691
9350252
936756
1053414
2393125
7857461
1503477
1515035
382593
842520
17766015
3766773
515251
126267
4872413
3832887
42087135
7546166
6201657
14344079
13021530
4408960
1652574
421511
373159
3624457
1304439
6333459
6229601
12041565
876374
10588554
2880521
6867793
4111332
16205565
5825616
4957134
5492219
821205
787112
1141312
410055
236514
7263567
2795982
371562
3154924
677260
2934382
5403924
1481352
9543796
5575890
10403361
3089318
5692654
12402307
667821
4328364
2948001
2988411
331996
1412895
1679275
3250507
5291606
6458743
1543493
205557
2851555
4108896
6169780
4289030
1554534
8305817
5741428
8492980
2263647
2554446
4843840
10614260
4807593
4937718
1396239
291096
2463558
13067851
4965697
1333128
468654
6529381
13150532
405569
5822042
5052308
247143
5653073
4422134
3738484
5156015
1558483
3019080
7732608
1657890
19199657
3509406
1547511
220520
90904
23609715
5037656
2212663
60176
925355
2446934
19786538
44228
7847438
778057
5575627
1509123
1908239
14236435
4910709
3427039
17297389
18958667
486613
12024909
8751863
1114238
541548
18075640
7755299
1225368
7091351
7856477
2621389
857127
8661253
5100593
3135795
7029337
2956611
1595180
9997728
1252375
14509132
2433047
19090214
28529915
5305669
8149805
3312430
5959887
11857085
6358886
5413464
2617740
35108864
7474578
1159793
56372
14358757
5824731
1830361
2990279
469962
1317894
2893912
15021902
2622111
128234
1397002
18041454
4506684
5933155
13989891
466972
4966024
1766232
1352673
13262084
19734751
5384394
3257843
597498
173995
866656
1006525
1602316
4450271
177606
10160073
12123306
2312549
691243
1215378
8483787
7649720
9094442
1445690
10404346
20665536
1328534
14226902
2216626
20795946
3836467
204554
1945781
561933
14391016
1478419
19905223
1788962
1176788
13947469
10404007
1435866
4917211
9803720
134025
1144082
347467
3264410
9187667
9209014
3449481
6512673
21567883
1026415
3376954
284307
8557656
6527646
916998
21510754
5709115
9543830
6838112
3289326
10308377
4308736
719567
194249
3357345
2347544
2387522
8418492
8723423
4016195
3833399
16658538
181425
13098014
1776008
1644614
1965174
892950
104972
2434163
5168995
1655652
11240
3797748
5327303
2064818
2660361
66482
904552
9269044
1769351
230685
4694675
3528212
441171
11284
1952766
518700
11874371
6894078
8974901
4474853
5203086
19613509
2610501
3888566
2958334
110959
2389248
10816396
1688036
3523896
490447
6800721
142566
461502
423893
2413328
2773813
4800467
305918
80959
14769160
10209807
2333445
5503623
2696160
166091
1313204
3517300
616306
12857358
1668896
4596253
12260331
7355197
13520396
32150921
239000
10278771
18731640
149292
4738487
479429
2686092
14134279
1240140
7377188
4272649
246401
632985
11044828
803181
9601341
1854337
1659320
627852
13386964
5150636
21626751
875436
9267262
54674
930483
1291169
12363003
174026
11080613
980241
5328563
1640431
13474414
1837525
15242430
4100254
3345359
2697357
12865896
562863
11753859
174489
4571285
6652446
3493183
87899
2651458
701651
9371023
2626245
4423822
2745729
6926164
1930682
688280
183556
3478018
841968
3631639
11360002
289766
34896857
2999048
20226452
7519075
9673024
742397
2654018
3159553
512287
24540924
1039874
4213757
456981
24292914
9042724
5288353
492442
11202289
63859
894306
6698891
1843586
66918
1951088
4295104
2469055
16760843
7148179
3816975
4427632
9449594
9868360
2019354
9306521
3556347
587091
401950
6637346
3562280
976827
859596
14781943
1910123
1657993
1132473
22265900
17154926
741625
5838201
2611220
231577
47354
3200599
752587
454794
301832
14929627
8024606
3126076
11086282
5970040
2299830
159617
4423372
9477403
3430788
17414072
2132115
3924252
377771
11042736
15386203
564128
6053431
1447197
1129547
567854
4544481
1788857
21601484
342165
2869431
12373146
14928987
11376476
2710944
4007697
3110172
647322
420274
1775699
5597363
3295149
241339
292680
1509694
9840764
10874436
7632499
9585486
2671583
8812037
2679958
131530
3314018
14460713
1121109
6470158
26676
800867
370707
8818385
306387
1123393
1156544
7054768
4335712
7268862
288160
3380378
1865443
1736401
2184188
12703379
500345
2656788
3217201
9205808
656495
5851630
12541262
1902325
7021349
3056641
6562
18363710
1914016
9487903
12557571
974456
157949
4479196
203352
11346593
2654800
84863
69192
2835724
298638
805620
25903339
517717
10505276
3504340
2614551
375683
7459538
7684896
8764874
16455491
2242829
14097125
3204706
1018675
1879706
984239
4324709
5562371
6632170
8440102
4526718
4973921
1201306
22063896
12915037
8139575
2739650
5474765
9289647
1100082
1779512
6354663
23329699
5151640
5742961
3292203
636898
1970506
17790658
61793
1662539
588470
4692321
1240235
73142
10102936
104564
2818015
5453240
245469
4092589
1818548
22281838
7419299
9625733
3986786
3701508
1104829
608123
1198673
283782
8678017
3823761
8195843
6736515
266455
4462753
9581700
17365981
768084
31231923
12353876
3216958
7809315
3367015
10176233
5011634
4422137
6977957
5918636
299286
10984393
9624973
327396
201456
13819346
4501243
631472
4143884
2646797
1072941
1059971
696296
14273578
671619
3294165
1216285
2301188
3103428
25412580
10412878
2950033
15832313
34760
623249
641840
16494544
2669424
612340
596509
9367898
3405396
1890910
96472
7178279
6687743
5273613
8556677
2099305
227463
1541952
6283630
4105952
2394314
6615739
61473
3754021
3069461
719304
17739646
26777338
19909196
2180821
18736203
17713413
8893842
18289195
1417765
11684091
3597688
924552
169050
5394168
1629225
2399879
2894794
3641111
1747514
13437248
1741268
2816006
7964034
19713392
2502352
4466528
4992544
8719650
2988910
4514120
10961040
4792423
22810999
1648677
3270688
4529953
603753
3529345
6822529
602577
4681370
1504348
5895071
1953678
15490489
2846889
816679
1825418
1189419
6674949
4518026
8165101
190453
6756546
1768708
41694
3043004
519028
6560313
1546049
3941488
4197281
653030
84962
1366230
2026654
7326647
1733930
10016797
291274
32317
22008550
1424996
7976676
23073616
215676
13090714
9374679
11488699
4329032
8206993
4037497
1661228
226852
1046939
735602
740989
4845804
9330483
5638178
36886077
806362
7280194
4626031
21480453
1891415
5907853
191646
13269230
471230
1906107
1059758
5063448
16012385
3014115
20014107
7639055
6651787
6117956
2804849
12748
9859606
14736498
758903
14022584
1015817
1828236
42432
426019
1891634
22464169
2150295
2402728
23140175
4511303
40056
20438242
863583
89232
8855690
4520826
9004087
2179747
6041699
279309
1258334
1984139
10084410
3982583
16469389
497340
6694229
2087461
9984240
22124987
2922381
33804650
208958
22446230
10526066
2314607
1533731
384510
851043
331043
5881306
11651128
10739287
11479193
15143002
11931327
1166489
16278691
7857902
4763342
1679075
245040
720714
17255106
6642314
5101749
18010275
6997576
8052034
1013299
1272383
5998657
7790442
2187790
19850408
5651936
1415571
587365
280442
6193006
2733081
1276730
5870312
1596168
419979
11521722
1367641
321954
4185788
19995552
6009094
6011261
1649339
710957
19465269
7787362
21894923
1596867
7250787
545845
7274478
8650683
6593710
11477046
6463276
10910181
2251683
9073045
4744699
11061813
1091041
2566232
14913623
197997
273873
5165369
5869331
526862
3538380
11758705
6848023
1499595
18016812
11317728
7517760
2706744
19390613
12320431
1270975
23347816
2312850
4339493
2005936
3335132
2475494
3070653
5802743
2974543
2478248
3895519
289278
12204991
5500763
1262037
2386132
3639675
3291127
3382982
2146951
503935
49917
11735378
2263423
1500987
3128689
145332
3857047
12444886
856526
3332007
4196910
3063288
455410
5340500
8688391
3386492
6736400
7344169
3504617
9252074
1458141
23440697
14464396
9834498
1149529
16511398
1754098
180987
2229889
939358
29156663
10231
1153403
12792769
5195828
1350760
107139
890221
5160790
3803054
33695738
2737656
2669262
16069308
3893788
33061
4428831
1218087
458187
4879966
768743
17153698
1741659
23222489
3332114
9296709
4617182
379992
1224587
40353944
136555
5293968
74562
27524
3365231
26907
1004999
1264823
2232135
