1272431
2707539
3245467
4250963
765665
6994159
28560768
4438545
10404508
513170
124050
2453295
12605098
4510338
6229049
6339828
2562901
7746081
628817
10189482
7819153
719373
208193
2355921
4019079
625400
1964582
8369386
1852791
11069132
4842430
4625193
5720620
2663219
2028735
171408
21029818
2237032
11368031
1510773
8626579
8558220
1501592
2008374
2933140
4872868
499243
7051019
2823254
2239991
5908593
8518729
3883901
599410
1592446
11003319
2405391
12715440
64870
344925
7489354
1771501
1680594
2015728
7841778
1114943
753865
7065306
6677633
2679510
12083773
82858
832742
6977833
391778
1183234
11159875
6542300
7773245
29212635
3794342
2475694
600153
131074
309247
12602619
5012274
1001285
289557
14280702
3114276
10678436
2551380
4248494
857888
13828325
1768880
2299889
1655362
9256979
9613463
65889
15605792
2865788
165386
2566408
501647
2084557
1088217
14792116
6290064
577556
1481102
249565
1350443
1881188
6742922
5157939
2980621
2344662
156349
269989
12393
400604
7384334
3561988
5402511
5224347
11133765
11805465
12859949
7816769
4648127
2384089
418653
2799918
7350392
8856824
3902267
488283
8114637
1539841
12826899
2727075
353584
1651730
5989213
8324255
350446
9238678
5617601
7085120
2524776
9954776
351441
4221808
3555951
11465892
7481596
4795546
6899233
9289017
436248
7722565
7842397
11058720
14500783
4274829
2704677
10484641
9178042
15867886
145097
10321765
1342544
54835
910460
3246018
1649098
7285348
746558
4438993
3552563
1224793
4076781
508895
3524224
2900998
2465525
5537274
9398223
1368002
11786016
2228360
2903132
10078105
4478462
2809873
732265
8086300
2205186
9964942
6028416
342627
3316342
1776129
16853232
2508435
2825140
12986495
8739079
7044171
68909
7474772
13949923
18462090
1493271
1138779
1033366
842562
184904
20355745
12060366
988023
9784528
5298518
2196032
3716772
1267938
2176595
4126615
2878762
193287
8449520
5897363
2503106
13414780
6386885
9849677
1472951
535310
3270089
10081549
2865221
4581642
4093820
10580643
441761
270067
2107256
9918163
10853103
782432
5293921
4761688
21593
12685861
2486783
8863211
2244714
9503830
4157738
9804673
11630143
6574854
10055405
3936106
9373740
3369432
5446644
2140452
265323
740680
7786572
7841405
121089
3059272
24323492
5942393
15843282
1395657
33007
946782
10405875
20838354
677678
11192140
10034985
4279328
11292976
3973588
4783032
1537748
4557842
4313336
4159487
8009021
5585955
940084
24291595
18484032
3067569
2118606
944070
609518
26048849
6604489
9326993
8372694
766803
161288
5022986
3655447
2033416
11507276
18088594
354263
18135180
6335946
4061336
399365
3561902
828421
7105147
4843768
1287390
833775
2515214
11635551
408712
2954230
3223459
10021251
1286822
2967254
1772819
18179689
3293483
784849
5230020
386208
384003
604334
1266626
2371116
1499618
5673699
4083722
1314533
7816293
2578353
4556989
7805462
2320414
3787525
864650
38628
2337645
732070
83905
247351
857978
610673
3490027
322207
3359676
5646273
4997129
33097593
2334715
2184039
495331
3411881
2528971
7646942
18220735
867637
10143083
5147791
3707696
3203110
11452972
11870899
802780
3667578
7786654
1142694
1711006
16390794
4226826
11188028
27817921
1003397
5997487
270345
7426295
3541072
6977246
289230
4041723
456233
244584
11740841
5310320
158599
142826
8859659
134369
2498997
9244129
1960800
572040
4751017
2711451
373292
601784
20202865
2189427
3707056
5845210
229766
7210531
102217
211007
1835183
3056691
9278696
19908221
16934707
21989574
1611121
5063844
8374346
41297
1055893
3412831
24834814
3609489
8740502
3024769
6696301
3277226
15568380
7087818
1876544
505537
431349
209083
11321754
1485838
1401868
3127999
11240312
2710902
1112698
769823
1141447
11880277
2639850
7271449
12106636
14748735
13292439
2249251
3324313
482087
8387451
4112686
4771657
21644170
785566
47561
14027210
16270063
5095037
711226
107053
6805982
14370141
3712403
4179968
6684018
684509
356799
507644
5202094
706490
4453190
3538118
276748
11581854
690488
10967939
3241817
1057362
7113116
1962237
1853064
8413775
4276580
359051
13828893
457813
1139562
447612
15630712
6611640
3564041
30624097
3627811
6586744
5371470
10972780
1006066
94271
3755546
3441299
4327123
8079338
10882204
10440656
7813158
5022362
2292417
3252382
706133
206104
8188449
1034384
2359578
3053935
1276639
11685074
1701107
2955838
12913855
14245902
15940
71620
2879649
1571726
8384443
8956665
14185103
4602398
6576700
5988968
6201529
7669521
1018593
2537302
168922
1224786
7957554
3756567
1480874
6248478
22697421
4912446
14862043
766463
3576802
3780784
2496527
5991697
21097154
1751833
988128
5097849
821401
18857164
1901185
2118608
534350
62765
25622
149103
3068089
206465
9239257
24244784
3835548
1196029
530893
62965
18487046
8435265
22339644
3144474
1297490
26445166
25004213
9333315
1964742
2640908
1365582
1558658
12104089
653823
7198531
1961575
13925668
2396439
10749
3522111
4465357
2263485
15166784
14737105
781342
9259496
12985910
9488611
274121
4453661
7476862
7650220
6812083
641322
12430361
3513679
5984007
2390897
1677029
14915814
7258709
82303
6360805
774927
3439615
863356
279576
322233
645089
5879513
11805626
136268
8174298
1776262
5048498
8185618
5835548
16336697
7622076
15939823
523878
15139161
698138
17307906
4665125
7615586
9191976
16442670
10802150
398937
75178
454268
17046741
11945058
6822904
3455213
243699
49610
9791554
14499262
7690962
10039378
365376
11768126
4192342
48246
2285463
20398318
2784135
2251484
439555
1849739
1106931
5577997
1268245
8845300
2291838
874779
2445344
7632368
859463
4582510
26423023
131880
1945943
774012
67668
5642614
459931
10436353
3531658
6112369
9645948
262065
6354723
2177062
38520183
8024690
7545995
19225417
11704646
1701440
209665
4535229
2028777
1989198
2701701
4960314
4648885
3438627
1382947
4776833
5827161
3396316
105012
10224065
6593358
3570923
28445537
649615
2255603
7791734
178911
2638068
673825
7799181
1683647
25347559
2141444
25760739
10843466
8701144
19636599
177605
9340
7337386
12178212
4981445
3216483
584678
2421507
6306562
6879561
1707985
992738
1078897
897352
4479962
11499811
1699225
5943880
14928068
18909798
2677862
779748
17107138
781833
4858134
867025
149619
1778714
5152247
238900
2341474
2028414
14415650
615861
523650
4672190
4176149
14129567
1173435
16879888
2154704
8355229
21274731
6578244
7175093
1396107
13783352
6050285
6848048
4190604
22034675
9861566
3876116
283283
6264567
3448737
1663724
9582304
22804289
11204809
5718400
649451
28463831
1153002
15632128
8564845
3779584
3175224
3269092
3374225
14422208
649111
4152280
2430510
593479
21838522
10810857
3335464
3920896
18270535
708276
2485224
4216756
11869247
18546831
8763465
14907518
7242768
4234740
3284376
6831787
3355101
19974092
8489975
6991864
324219
1960644
9670320
7448318
709742
3439736
1206907
5065884
734139
1386427
6220364
555790
2776937
19379116
3686531
220011
3579030
4047923
1101060
4240440
380164
7299873
13753244
9674241
366341
100061
6014889
252181
608865
2633696
4621076
10220321
3967415
616800
12507084
2736434
5728353
1935793
8198756
4057930
19575623
1521256
1334687
3677159
4940784
8133303
228610
8997430
1345428
3454428
1520496
8424849
1308906
1591463
2129325
585587
26497
9226180
2243582
2997065
1424149
331861
60492
2298242
909914
7179508
10883966
10038117
1282048
5975100
695539
2649577
663065
7122582
1210231
242573
3049899
3036057
15016384
1215512
11813997
2073180
1887489
11195169
17441359
3018098
85658
16855203
1763857
11300375
2351196
1499135
2885717
282702
10294
573817
4181640
5678620
173796
25253559
4675527
8025769
7820930
9646925
240943
2169228
16029659
7336454
9203463
28268
574455
1014464
10399688
2101641
18151524
10401582
2047384
14351559
6927036
8781720
18618
2862930
3416815
1846889
690377
2784816
2960898
91853
7243266
4240345
3243971
2642190
3970272
14103482
8679899
3664124
25712463
1000380
2656126
1282385
921367
27486969
2975551
5560947
1512078
17704715
2722792
7135473
1842884
409659
5896663
5033281
3153258
2556737
174365
1401270
14282286
10121885
17907663
13000534
10215423
16367029
2375174
24420481
1279904
19431685
62879
