2533227
2860403
701925
24007451
1332722
2055775
3905761
63033
174632
8166388
5174468
520040
8129777
2951339
1855048
2990807
3414586
11552123
7407015
1135196
26850285
195084
8084805
1823954
7596229
6400626
7494983
3284022
3326528
11041127
642100
7744165
952458
6985522
2693596
566032
8834038
5230266
7013208
5429055
124385
105277
9879021
9992981
6449501
2089952
2649745
1802401
12885673
717746
447143
2162087
3385336
3043539
2912717
2708420
1607482
811744
2038222
9611475
356770
1297034
7820113
398813
1091767
18862967
7803115
2067294
1150277
155327
22750421
21286622
6599865
4874305
1702745
712854
3989710
1781949
4891152
323440
4484814
6794600
3322324
3370565
136025
10905149
2356733
8210474
23401727
8363760
276181
697297
2237019
10255430
17757203
3589486
2424250
17448992
690954
4709825
72282
1593362
10141241
17723439
5069120
3555986
466404
182692
433810
2555529
1414626
15719705
22133200
1660647
10025225
5458288
1865272
10742520
5912673
9975177
2332061
11027201
341254
6240926
2812360
9424325
33101352
216339
5957069
9028258
9485959
5924933
2816867
900177
2639624
12842504
16323530
600877
1008867
1806561
2512058
12371119
35156456
4923780
4700195
6353378
1085647
442510
249269
18442018
2731437
9964924
758206
6894514
9364971
8413205
2142791
11028153
13741515
13187413
10395389
3617538
18947008
5755678
22430316
5138020
1166156
6393679
1797258
5663642
13136007
3238477
9867949
9273377
3711700
12068618
579707
15732053
6317272
172293
398896
419166
1388544
6168677
17598227
5898122
8837832
2243767
3563495
2210981
516686
9141274
4555154
2386754
1906475
194390
65914
1232150
337088
14882894
6010790
2312746
1254194
236104
10608391
81161
1339745
1455418
2293743
23389903
1772048
3962491
10052417
1381864
17692676
2135569
3549791
186290
20597221
3206691
6753683
601362
1914250
79551
19270354
6703738
8717706
5076176
1641201
11617458
8740929
5531386
1294585
1878140
14271633
17210147
6247146
6869893
2163860
2086371
3042293
3096225
6539398
2258205
10024433
3999660
10669327
5634859
2644470
13824789
2979967
15587659
27879
9427836
1209663
13930209
6612124
4123028
3357639
4026553
6158137
14943868
956705
106435
3262972
1723971
6282795
3069224
4046340
407034
5211096
1588420
6654140
11047160
874343
1020598
8541105
12459837
6665436
6824137
33211560
372890
5345186
62380
7506825
13674
2952451
27970664
1215750
982179
1447721
568301
2511617
10413910
2886576
57167
1408517
4079673
12474422
4902578
16508046
2256307
6041858
1253844
1808304
1327343
353394
3610766
450973
1725720
34642
4163930
6935321
354646
2644537
319685
3319574
6754564
1900602
4308020
2656065
2441471
45608
4061638
2289917
1628349
900037
14312731
2302958
5646403
64445
12656065
1471684
22344621
7980365
1846293
15254985
14411150
506569
1033455
624835
4438662
19853731
6246340
2900286
5881835
151773
6078102
6004143
2958606
11475535
6656096
205439
2584931
8993422
1413578
1317160
89258
305020
30224468
4508988
9043042
215253
2290287
4134272
9803420
2856209
323543
20679450
6427735
407632
1093760
10454193
404005
10782893
18494518
1306453
3170684
1020963
1072281
3437629
3973589
9196822
4380702
2469053
4197661
2628217
19616818
3902052
4457925
2164540
191588
30676612
472004
8697966
21413488
416814
17372293
1724853
5378553
4188608
857084
3991430
25402751
2766997
6115105
4135031
10852987
2180129
4345968
10917227
7255039
11944196
8892378
6677354
10651014
6853053
2004072
1518456
1662601
11662069
16774724
19829199
364670
3211013
54459
15009696
5543103
7135601
589345
438557
2571421
15236627
6123519
2239626
3819406
6159159
8110792
18006437
375588
485259
434507
1519613
1457003
678526
2775286
69617
4687755
18665673
9732900
6842474
9528958
6734033
3410086
2291959
1458800
723557
9613345
298513
1438686
837479
216854
336083
1128437
16257917
7590675
106964
3275785
352397
8347877
14048041
534133
4689545
15097480
9168747
5044368
815949
29149364
879212
175958
6067397
10660740
5012252
357153
1558331
1253445
9233979
6744751
20059
14416427
15308137
12063344
14467368
3209010
6294307
5649861
2781470
1392911
1378151
2146641
5617274
453323
14213777
17649749
56810
16536580
11694221
362647
6130911
22812194
732934
5846718
2911195
1884712
15318898
13510553
1009761
13680285
2494898
5581587
5960524
1923678
433172
13390501
2326252
149017
5982481
436595
4618181
149138
6956706
4972489
3859724
990251
9466120
791071
404478
2157688
3031797
1122288
1457765
2476445
1741154
6750302
857951
6955529
1940773
8040381
6843507
1049948
87562
2054831
20835397
883012
3452519
4948154
247470
1877824
930900
30769070
583890
4649084
8404511
2238409
1073275
25932512
14707389
2836495
4951153
108341
18824770
5524068
828908
14298468
4030040
4487719
105213
14326538
18887438
592754
10845242
1706174
514574
3025052
126382
5759760
1139962
8097556
6099122
4292642
3331883
5639173
6511058
19325019
331037
3514745
11605131
14149936
20205979
1903153
25587929
27887580
25121
3183909
2241358
2450077
3304687
557458
1023657
2080895
717686
1734704
472152
6970918
3662870
25196672
12791350
16387049
1819030
6907852
2543928
60277
96963
20727039
1702492
12111638
6620653
7866128
22461575
1061640
1257987
16037087
4663707
631129
6573988
4084468
3047863
2396862
8967516
349248
2565421
4243454
1198910
10522056
778997
459990
723955
5612464
2080687
2541099
2520147
13651223
10398148
22505406
9740886
4080746
189048
6218634
6346151
480315
1255377
3625602
4665783
2014143
7976457
953684
4539068
6785616
3827859
367772
16816536
1561526
13146882
3178412
738400
818757
223212
2399706
16307316
17310864
453180
7957323
1307653
1695637
3657102
9126358
4098449
5389002
1502890
686890
880558
3091014
29999
25236292
3459994
694160
10462363
3420021
2255347
26256180
24255208
3117354
34682629
1272502
1591838
4301448
844513
7040683
11987675
13355342
31190723
14960973
1526510
1519093
1637220
18049581
5294149
5843049
797479
3155959
1854780
3209788
541650
3363363
5369010
892350
8029691
1178453
3661842
4857989
25146767
3700016
5320025
8312901
11211100
13496573
658406
1112657
8739805
81302
11269327
2114583
12116823
239823
2228097
1544141
114134
14665716
15505348
684657
859443
302015
12859201
7478088
735453
4653399
2426081
539931
522965
23884996
194624
723198
3617552
9169410
482531
468705
6625850
22779
785380
2984165
148708
7848663
4046437
5247226
1797993
5457573
4591789
634595
2204521
24336046
19024518
19124693
1946487
6138383
3771070
7651910
102735
144061
17990063
2632783
735303
20453115
32194533
3430645
428900
941539
932831
5925998
95943
4064015
543227
1400218
4981752
16115219
5666350
5246173
12160113
5572228
2486617
7452081
106152
2571046
1962144
887976
5100272
2188964
218012
20862543
1882299
246057
6218394
7149301
270127
11589275
4184635
529434
3481746
4347298
489115
595137
5466430
639047
10556303
669651
2269724
13453313
1764356
6372420
89943
5415394
3746612
4982197
21976977
1323188
13358426
11169303
1196743
1427891
4611051
3050357
19183321
451902
618930
12608754
7685329
3821581
2846
4101852
539263
279763
2080468
126786
8960477
7697783
744788
5655989
2240743
899628
1244505
12406494
12667804
3790766
6405685
1352024
5910366
405500
522144
9224924
248131
18130533
2463279
2237890
2001298
6077260
1839725
18222363
15337094
8321733
3120039
11334788
1503638
5056092
2046283
988248
8742031
1942374
8111797
3872193
6377764
5224521
15131841
2904551
196584
31950
13182962
15737959
4062477
28129
1816447
8960128
3509203
4222760
2713157
16743387
64499
1432153
514460
293911
1269940
16853296
2586950
11204311
613573
6050158
825052
169075
1800295
247512
9628776
15249786
175802
4859382
12067810
1872228
5639542
6740045
1731114
11084506
5877727
2563920
9814800
13298744
7417257
202908
14092251
1452783
975590
24359852
2241298
200295
2432732
12707370
1514419
904122
2795005
5404830
4925044
4169107
398930
4702547
6726218
187727
12258003
11150216
112777
1348037
10222913
6659945
3312269
162438
3760781
5528440
12097041
337284
10892747
980004
2598647
2693376
97701
1665216
2998854
13875981
207709
8455935
67608
197039
108107
204454
24644772
6504846
3327867
6942620
2111330
2807121
11749218
1421954
711166
2521670
740122
9500299
