0
802
0
58
0
0
0
0
0
134
28
0
49033
47834
46721
928
1195
0
0
0
0
0
0
47841
47959
47797
50055
48690
48487
48041
48490
136
0
0
0
0
48942
47130
48145
48377
1738
48645
47079
48436
47945
49099
48176
195
0
0
0
259
259
0
48244
0
0
9
0
122
0
0
0
0
49257
49315
0
0
0
0
0
730
48216
48582
47759
47784
49579
49190
49194
47247
1229
0
48129
47001
0
0
48867
48574
0
0
48583
48537
50440
0
0
46815
46634
0
0
0
0
0
0
173
0
49166
48390
0
0
0
0
0
0
49788
48248
50318
48984
50389
46966
419
48114
49212
48724
49670
0
50722
0
0
48179
0
827
0
0
0
0
0
0
0
0
0
0
0
0
0
0
0
47762
47795
48715
49225
46566
2413
849
2419
2045
74
1905
46397
0
49088
48341
47810
49289
48059
48304
49821
49833
48267
47856
49376
50606
0
0
0
152
0
48424
48107
47126
48613
46940
49364
0
0
0
0
0
0
0
0
0
0
46872
50754
48194
49230
0
0
0
0
0
0
0
0
0
0
0
0
0
0
0
0
0
0
0
0
0
48660
48057
0
0
0
0
0
0
0
0
0
0
0
0
0
0
0
0
0
47687
48041
0
0
0
0
0
0
0
0
0
20
114
0
0
0
0
0
48495
47926
10
105
0
1341
46754
2473
660
2430
1241
46417
48891
48579
46892
48178
48573
48707
49043
47290
50436
48741
0
0
0
50002
48607
48311
45931
49794
50162
0
0
0
0
0
0
0
125
56
0
0
0
0
0
0
0
47218
47307
48323
47684
49152
49937
814
47603
0
42
0
0
0
221
0
47193
47445
0
47983
46227
49321
0
19
47286
49777
47279
0
0
150
0
0
0
45645
0
174
0
47603
0
46017
0
0
0
0
0
0
0
46574
0
0
0
0
0
0
47700
48667
48158
47981
0
0
0
0
0
0
0
0
0
0
0
0
0
28
0
0
0
0
0
0
0
0
46760
47737
116
1920
350
1331
612
319
0
0
0
0
129
0
47965
47736
0
0
0
0
0
2094
0
2351
2351
0
0
0
0
0
585
0
0
0
62
124
124
124
0
1872
2095
152
0
124
48903
47875
48118
0
48652
0
49474
49240
695
0
120
0
1376
49490
48786
0
0
48793
47858
47305
47757
48248
0
0
0
0
0
0
46092
48957
48003
49454
47199
0
945
1565
1657
0
96
0
384
0
684
336
0
0
0
0
0
0
0
0
0
47214
47360
0
48773
693
693
0
0
246
542
47988
49422
0
137
32
1190
0
454
1649
0
0
26
0
0
0
0
0
0
1461
50121
0
0
48446
48203
46766
50216
48474
5730
0
0
0
0
0
0
0
708
0
0
0
0
0
0
48578
46495
297
0
0
48287
48751
0
0
49886
1576
2272
1576
319
0
515
1016
48806
46312
48305
46490
0
0
0
0
0
0
0
0
0
0
0
0
0
0
0
0
0
0
0
215
0
0
0
0
47181
0
0
1427
0
0
0
48849
49993
49580
0
0
44466
0
0
0
0
387
0
0
0
0
49790
0
0
0
0
0
0
0
39
0
0
0
0
0
0
0
0
0
0
0
0
0
0
0
0
0
0
46557
47040
0
0
0
0
0
0
47826
49145
47475
0
0
0
0
49248
2582
2551
695
0
0
0
0
0
0
0
0
0
0
0
0
0
1369
0
0
0
0
0
48985
951
48142
45896
49291
48858
0
49540
49566
48482
1028
0
0
0
997
0
582
0
49266
841
426
0
0
47107
47390
48837
48759
47492
48975
49588
48065
48006
50106
0
0
141
0
0
0
0
0
0
0
0
0
0
0
0
0
0
0
0
48223
48960
48494
49772
0
0
508
0
508
0
508
0
508
508
86
0
0
0
0
0
0
0
0
140
0
46283
0
0
0
0
48185
48232
0
50295
48949
50953
48878
47362
48961
47289
47307
49089
48887
1010
474
1050
101
0
49492
51372
0
0
913
1052
0
0
1241
1005
28
0
0
0
0
0
0
0
49848
47727
49858
47535
49490
47928
48165
46766
48099
0
0
0
0
0
0
0
0
0
0
0
0
0
0
181
0
48641
0
0
0
0
0
0
0
0
0
0
102
46551
47986
6883
6900
0
0
668
0
831
0
48909
47582
140
1280
492
3161
0
1420
2109
32
423
1618
1520
797
306
0
610
47961
48905
48884
48492
51247
47209
50462
49411
50861
45839
47916
49582
0
0
0
48680
0
0
48035
0
0
0
0
48627
0
0
0
0
0
0
3
0
0
0
0
0
3
49201
48288
45792
45792
45792
0
0
0
0
0
0
0
0
0
0
0
0
0
1045
189
290
0
0
0
0
0
0
0
0
0
0
0
0
0
0
0
0
0
0
0
0
0
0
0
0
0
0
0
0
0
0
0
0
0
0
0
0
0
0
0
0
0
0
0
1112
0
0
419
1405
943
0
0
0
0
0
0
0
0
0
0
0
0
0
0
0
46968
0
0
0
47038
48062
48073
0
0
0
0
0
0
0
0
0
0
0
0
0
0
0
0
0
0
50977
0
2288
217
1134
0
46498
0
0
0
50897
47217
50834
50825
48028
48121
1681
1733
0
193
48610
0
0
0
0
0
0
0
1771
1110
0
2608
48940
506
2674
2738
0
2201
849
560
46513
0
48055
49155
47901
48597
46784
889
49960
47136
48259
50426
49469
48861
500
47991
48521
46782
47942
48065
47763
0
0
0
0
0
41538
0
0
0
0
0
0
0
0
0
0
0
0
0
112
508
0
0
0
0
27
0
0
0
0
0
51515
0
0
0
0
0
0
56
0
0
0
0
0
0
46777
0
0
0
0
0
0
0
0
48137
46441
46706
49113
50733
46593
0
0
466
2382
166
0
0
0
0
0
0
0
0
0
0
0
0
0
0
45847
7
0
0
0
0
0
0
1880
2384
1620
46998
49365
47941
50106
1701
579
49426
48995
0
0
0
0
0
0
0
0
0
47100
0
0
0
818
45964
501
0
0
0
0
0
0
0
0
0
0
0
0
0
58
58
7397
0
0
25
0
0
0
47542
48439
0
265
265
0
0
48167
0
0
0
0
0
0
0
46740
47349
0
0
0
0
0
0
0
0
48306
0
0
48311
48840
49593
49606
48814
47817
48380
48284
48000
48552
48979
47094
46242
0
0
0
0
882
48117
0
1164
96
46528
47225
46284
0
49243
47471
49230
145
0
0
0
0
50364
49260
0
0
0
0
0
50652
0
49301
46444
46462
47235
49529
107
873
48753
0
0
0
0
0
0
0
45395
0
0
0
0
0
0
0
0
0
48291
48670
46219
46617
46797
46974
47057
0
0
0
0
0
0
0
0
0
0
0
45799
4201
1048
1285
0
432
0
0
362
0
0
0
0
71
0
0
708
1501
388
0
30
19
50465
50089
49830
47392
239
2062
0
0
0
50271
49695
49974
47125
48027
49585
48311
48497
0
0
0
0
0
0
0
0
0
1280
0
0
0
0
0
0
0
0
0
0
0
0
0
0
0
1544
0
652
0
0
0
0
0
0
64
0
0
120
0
0
145
0
0
4
0
0
0
0
0
0
1800
1502
541
0
0
0
0
161
47521
48919
46900
752
48969
47371
50429
161
0
0
282
0
0
65
47363
47954
1423
2993
48830
0
313
48909
49284
48495
47416
48979
50541
0
0
0
47913
48904
998
1288
140
48426
46094
47818
0
0
0
0
0
0
0
0
0
48662
47894
48882
48245
0
0
0
0
0
0
780
133
49922
47783
47808
47910
966
46974
0
0
0
0
0
0
48263
48476
47441
0
0
639
0
0
0
0
0
0
0
0
0
0
1298
0
0
0
0
0
0
0
0
0
0
0
49921
47516
48383
49072
0
0
0
428
428
428
0
0
0
0
428
0
470
101
0
206
1159
144
1107
0
0
48009
46987
48527
0
49741
47723
48019
48237
48652
0
0
47201
0
0
0
0
0
0
0
0
0
0
0
0
0
79
0
0
0
0
582
898
1657
503
0
0
0
0
0
46299
48139
0
0
0
0
0
0
47421
47862
50193
731
0
0
0
288
357
37
0
0
47287
0
48860
47425
48350
46208
48807
49246
50015
50176
50206
49266
49811
2078
0
0
0
0
48442
111
0
0
0
0
0
7865
0
49314
48630
0
48451
0
48890
0
47479
49617
0
0
0
0
47096
275
0
417
49195
50975
5839
0
0
0
0
48955
49051
49736
50403
50649
49759
0
0
1352
1352
7
0
0
0
0
0
0
0
0
0
194
0
0
0
0
47404
0
0
0
0
0
0
46768
48095
46984
48095
2846
2846
691
0
1017
425
0
47446
50273
1019
610
1987
0
0
0
50088
48654
47865
49291
0
0
0
0
0
47582
46947
47008
0
0
0
0
0
0
0
47756
47234
0
46394
626
1669
2326
0
0
0
0
0
0
0
0
0
0
0
0
48098
49330
50433
47421
0
47707
47053
48974
47120
46761
48974
550
0
0
0
0
0
0
0
0
0
0
0
0
0
0
207
0
120
61
665
665
0
48068
46774
1751
1863
1670
1111
336
0
345
591
0
0
47007
48682
45945
0
1430
33
1552
681
0
269
49813
48787
47276
49194
48786
47166
47342
49520
48901
0
47976
0
0
0
0
0
0
0
0
0
0
0
0
0
0
0
209
0
173
0
203
0
0
0
0
43173
43173
43089
43191
0
0
0
0
0
0
0
0
0
0
79
255
0
0
0
0
0
0
0
0
0
48719
48777
50391
0
423
47869
0
0
0
0
0
0
0
0
0
0
0
0
0
45663
47484
47764
0
0
0
0
0
0
0
0
0
0
0
0
0
2325
0
0
0
0
0
0
0
50219
0
0
0
0
0
0
0
0
24
0
47723
0
47290
1937
0
47262
48256
46803
768
0
0
0
0
0
0
46126
47131
48391
0
993
911
0
0
17
0
0
0
166
48374
47839
0
696
0
0
0
0
0
0
0
47829
46750
49094
1472
979
219
0
0
186
0
1037
0
48651
0
2438
0
49358
49495
1684
193
0
0
0
0
46803
772
0
682
943
0
46410
49070
47803
49210
0
47300
46392
48579
47949
0
0
0
0
0
0
48124
0
0
0
0
0
0
0
49535
47834
49535
48057
48303
47856
0
0
0
0
47358
47595
47980
365
262
46597
47144
47310
0
0
0
0
0
874
1046
47525
45570
48310
0
0
0
255
0
0
0
199
221
266
0
0
67
586
47320
46486
49500
31
0
1173
0
0
0
0
0
0
0
0
576
48936
2878
956
48170
0
492
5
0
0
0
0
47589
0
0
0
0
47688
46574
603
47685
49409
49368
47697
0
0
49689
50822
49912
49929
47690
63
0
0
0
0
0
0
0
0
0
0
0
0
0
0
0
25
582
0
0
0
0
0
0
0
0
0
46892
0
0
0
0
0
0
47737
49327
0
0
0
29
0
2302
843
2695
2534
2094
52
47069
0
0
0
0
0
0
0
0
47125
970
902
47948
47401
50670
50001
50196
49879
49829
49059
49639
0
223
0
47953
48765
49562
834
0
0
0
0
0
1216
0
0
0
0
0
2317
49691
49035
0
48577
50483
1496
1001
0
47547
46931
46983
49903
49207
48925
48416
0
0
303
0
0
0
0
0
0
0
0
0
0
0
0
0
0
0
0
0
0
73
49678
48668
50356
0
0
0
0
46593
46486
48538
50394
46932
46763
47491
48364
48672
50358
48947
48522
47825
0
1781
1371
0
0
0
0
46754
0
0
0
0
0
47704
49983
48542
0
0
0
0
1148
0
0
0
0
0
0
0
0
1051
1749
0
0
0
0
0
0
0
0
0
0
48939
47266
47708
0
0
0
0
0
0
0
48
48979
48408
47921
49430
0
0
0
0
149
0
0
0
0
0
0
0
47817
49703
48277
64
0
0
609
0
0
0
50440
46928
0
0
452
0
0
0
0
0
0
545
545
0
0
0
0
0
268
0
704
0
48580
0
0
48952
48511
45825
0
0
0
0
0
0
0
0
44
47754
0
0
0
0
0
0
0
166
45751
49045
0
1248
1845
0
0
1099
494
1808
1853
49397
49651
47119
48349
48145
48972
50975
47921
48114
49830
49556
47683
49475
50185
47032
48366
48479
46948
50574
46817
46528
50541
0
0
0
0
0
0
0
0
0
0
396
0
50148
45940
50272
1389
0
0
0
263
47608
49524
48206
464
451
0
15
0
0
0
0
0
0
0
0
0
0
0
0
0
0
0
0
0
48773
49360
49707
49707
47420
49166
47861
49138
49707
48850
2948
3135
0
0
0
85
0
0
0
0
49332
48555
47295
47521
46878
48223
47662
49142
48051
48325
49188
0
47868
239
0
958
31
0
102
0
313
0
0
0
0
0
0
0
0
0
0
42120
49671
49670
47411
1567
0
0
0
46035
47421
46143
0
46437
0
0
0
0
0
0
0
0
0
767
0
1382
702
0
0
0
0
0
236
329
0
0
0
0
0
0
0
50170
841
1440
0
46629
0
558
311
0
0
48098
47658
715
186
0
0
0
79
0
0
0
48713
0
0
0
0
0
46610
46689
0
0
0
0
0
49540
48306
0
0
0
0
0
41838
973
543
973
0
49085
0
4
0
0
1804
47710
47175
50338
0
0
0
49027
48363
46612
993
0
0
0
0
0
0
49157
48109
48457
0
0
1232
0
0
0
0
0
0
0
0
0
0
0
0
749
0
2080
2029
0
0
0
0
0
0
0
0
0
0
0
0
0
0
920
0
0
0
0
0
0
341
0
0
647
0
0
0
0
0
0
809
0
46426
45933
46881
49859
49475
47252
0
85
0
0
0
0
0
0
50321
1500
47854
0
50010
48351
48874
49369
48706
0
0
714
239
49358
47606
47944
48576
0
0
0
0
0
0
0
0
0
0
0
0
0
0
0
0
0
0
0
0
0
0
0
0
0
0
0
48379
48469
3155
2976
1694
467
3303
58
0
0
0
848
0
867
0
1049
49027
48339
5309
4134
1079
0
51032
50215
51239
257
29
0
0
0
0
554
0
571
637
0
0
0
48166
47252
48144
49319
48758
1236
2248
2837
1146
0
282
0
0
0
0
0
0
0
0
0
0
0
0
0
0
0
0
0
0
0
0
49136
0
0
0
0
0
0
0
0
0
0
0
0
511
0
0
0
0
0
0
0
0
0
0
0
47998
0
0
0
0
1056
45315
0
0
0
755
0
0
226
0
88
0
0
0
0
46586
50372
49634
50372
49763
47798
50902
0
1087
0
48629
48309
0
0
6
0
0
0
0
0
49549
49515
48237
47460
46673
46389
0
0
48995
866
0
0
0
0
0
0
0
0
0
0
0
0
0
0
0
0
0
0
0
0
0
0
0
0
0
0
0
0
0
0
0
0
0
0
943
1812
1330
0
49435
48848
0
0
0
477
0
0
0
0
47392
0
51001
49291
48948
49346
50431
233
0
0
0
48
0
48
0
0
48135
47352
47631
48908
49907
818
48140
1004
165
699
2165
315
622
0
0
0
917
0
48711
49106
49915
0
0
0
202
102
0
48281
0
0
0
0
0
0
0
0
0
48366
50143
36
49403
0
128
0
724
404
66
454
724
134
0
250
49068
49948
47097
46730
50258
0
473
0
0
1493
0
0
0
0
0
0
0
0
0
0
0
48532
0
0
0
0
0
1590
0
0
0
0
0
0
48465
0
0
0
0
0
0
0
0
0
0
165
44025
43967
0
0
0
0
49
49245
259
0
0
0
47133
48436
48537
0
0
0
0
0
0
0
0
0
0
0
0
97
0
0
0
0
0
0
0
0
0
0
0
41
342
0
0
0
0
193
0
185
0
42
0
0
0
0
45870
46686
46898
46644
46615
46520
47719
48992
48880
48847
0
718
0
0
0
0
0
0
0
0
0
0
0
0
0
0
0
0
0
0
0
0
0
0
0
0
0
0
0
0
0
0
0
0
0
0
0
0
0
47724
35
75
0
0
0
0
0
0
0
0
47273
844
844
0
0
0
0
50209
0
47822
0
0
0
0
0
49086
0
0
0
0
38
0
0
0
0
108
0
0
0
0
0
0
0
0
46942
48593
49625
49822
48325
48319
49063
48466
48204
47551
0
0
307
0
682
0
0
48076
47158
46542
0
125
0
205
0
799
0
0
0
0
0
0
402
0
0
0
552
914
47116
7554
0
0
0
0
0
57
0
180
0
40441
0
0
0
0
0
0
0
0
0
0
0
0
0
48037
49049
51381
50448
1033
52
47808
2477
0
0
0
698
381
0
0
0
0
0
45186
47662
47243
48396
49229
0
133
0
74
0
0
0
0
0
0
0
0
0
0
0
0
0
0
0
0
0
47883
48981
1851
133
0
0
0
0
0
0
0
0
0
0
0
0
0
105
0
0
0
0
120
37
120
48303
47196
50391
49895
49136
50083
47959
47677
47118
75
0
0
49627
47371
47799
48640
0
0
0
0
0
0
0
0
0
0
788
0
47856
0
0
0
0
0
0
0
0
0
49042
48444
48934
0
0
0
0
0
47072
47885
0
0
0
0
0
0
0
0
0
0
0
0
0
0
20
0
0
0
0
0
0
0
0
0
0
0
0
0
652
0
0
0
0
0
49137
47487
49175
699
699
0
0
0
0
0
0
0
0
48425
47272
48445
47740
49027
48236
48076
48225
0
129
51410
49889
47447
49000
0
0
0
0
0
49429
47446
48812
47859
48321
48708
0
0
0
1013
46816
47849
48567
47490
46906
398
0
0
0
347
0
0
48906
48495
48989
0
0
0
0
0
0
0
0
47992
48366
48796
49461
46909
49953
51474
50055
50120
48223
49565
46285
0
47450
48349
50358
48027
50211
49867
48032
49075
3083
0
0
0
48505
49075
47254
48700
46921
0
0
0
0
0
0
0
0
0
0
0
48240
47956
18
0
51017
50186
0
0
0
0
0
0
12
0
0
0
0
0
0
0
0
0
49469
49851
1918
279
2226
2226
426
0
51200
46348
48234
50497
0
1191
2370
0
0
0
0
0
0
0
0
0
47735
0
107
0
0
0
0
0
0
0
0
0
0
0
48949
48605
48536
48916
4239
0
0
0
0
0
0
0
0
0
0
49859
48414
49514
47722
50235
49957
48380
48753
50690
46390
48596
48304
49196
49752
46619
48264
50474
46515
47087
0
0
0
0
50018
48054
49931
46486
46804
46139
46804
46039
46804
46804
0
0
0
2134
0
47961
0
0
0
0
0
0
0
46069
48693
561
0
0
181
0
47405
47454
48105
47986
49304
47529
1156
435
0
1548
48836
50184
48460
0
0
0
0
0
0
0
0
0
0
0
0
0
0
50440
49295
49006
46393
47055
49659
265
647
0
102
0
46905
47548
47548
47778
1307
781
917
0
0
0
0
0
170
45928
48545
49285
47714
47679
0
0
0
0
0
0
0
50234
46418
46477
48764
0
0
0
0
0
48705
0
0
0
0
0
9
0
0
0
0
0
0
0
0
0
0
49904
49626
0
0
0
10
0
0
0
4
0
0
0
0
0
0
0
108
45
0
0
0
0
48158
49231
49491
47693
49073
48592
1598
1335
48059
48601
48479
47987
47426
47710
49460
46856
762
0
762
0
0
549
549
549
0
0
347
0
902
0
0
0
936
936
936
0
0
0
0
47009
50013
49968
49691
49451
49110
47875
48367
49742
49451
1334
0
0
0
0
49158
48343
47853
46370
47345
45757
50189
48281
0
0
0
0
0
0
0
0
1130
0
169
938
1788
1160
469
1630
1630
556
952
0
778
1612
0
702
623
46977
47803
48796
46771
0
0
921
814
0
47696
50883
47088
49153
46678
2166
2070
48926
49996
0
0
48212
45881
50827
48260
48843
47369
47282
48503
48219
0
0
0
0
0
0
0
0
0
0
0
210
0
0
3
0
320
60
0
0
0
0
0
0
0
0
0
0
0
0
0
48316
49695
49679
0
47603
0
0
48140
48631
48615
47388
829
0
0
385
0
425
826
391
391
208
391
401
391
0
49250
48560
0
0
0
175
0
0
202
0
0
0
0
0
0
0
0
177
0
0
0
0
0
45945
46127
48381
0
1337
0
1148
0
1208
1161
0
2085
464
47742
47359
48674
47528
0
0
0
0
0
0
0
0
0
0
0
0
0
1407
1689
39276
0
408
1021
287
0
49891
49715
46577
47720
50175
181
0
48171
48115
47465
47486
0
493
1564
1600
0
0
0
0
0
0
0
0
0
0
48194
48194
46202
48276
48194
0
50967
1771
0
0
0
544
0
0
48016
47748
48571
48615
1404
0
46372
0
0
0
0
0
0
47157
48018
51152
48515
48688
48004
46370
50225
0
0
0
0
2635
2378
575
2659
1091
47499
48813
0
0
0
0
0
0
0
49721
0
0
0
0
0
0
0
0
0
0
0
0
0
459
0
608
0
564
0
47853
90
649
0
0
0
0
0
0
0
18
0
0
48315
47502
48950
49640
48338
104
47816
2696
1029
2580
1075
47469
48161
50209
49276
47535
48133
937
2063
47432
46387
48765
48402
0
0
0
0
37
335
177
0
0
0
0
49997
49287
0
0
0
0
84
0
0
46920
0
373
0
0
0
0
235
0
753
0
0
0
0
46179
49060
0
0
49346
0
0
0
0
0
145
92
0
0
0
145
0
0
0
49057
49579
48303
49264
49871
47509
47429
48288
46260
48960
0
0
0
0
0
0
0
0
0
0
0
0
44
0
0
0
340
0
0
0
0
0
0
0
0
0
0
0
57
1876
49514
47531
47055
51123
47288
47518
48010
49793
0
0
0
0
48047
49367
46241
0
0
0
0
0
0
0
0
0
0
0
0
0
23
0
393
0
0
47198
47717
47333
0
0
0
0
0
0
48326
48385
46783
133
0
0
0
0
0
0
0
0
0
0
0
0
0
0
0
768
0
0
0
0
0
0
0
0
0
0
0
47620
0
0
2706
0
1321
1828
761
0
0
0
0
0
47306
46707
518
505
518
540
1090
0
0
0
0
0
0
47357
2492
0
0
0
0
0
0
0
0
0
0
0
0
0
0
0
0
0
0
0
47392
48568
48990
47081
47166
45684
1005
49050
47808
47317
47727
67
0
0
0
0
0
0
0
0
0
0
0
509
0
0
25
0
0
0
48939
49197
0
0
535
51150
47688
50120
50366
47372
48551
48028
47602
46784
50253
47530
51141
2111
829
644
225
457
47709
49377
46586
49734
47960
50302
377
123
123
48702
47252
0
0
0
0
0
0
0
0
0
0
0
0
0
0
102
0
0
0
0
0
0
0
0
0
0
0
49733
48994
47795
49349
49697
48708
48260
143
491
47698
510
47852
50316
49609
48949
47570
48134
49194
47389
47334
51542
50117
47914
50526
49609
0
0
202
0
0
46858
46858
47716
48862
49584
47852
48157
134
0
0
0
0
50439
47635
47139
0
0
0
0
0
0
0
48679
50406
0
0
0
0
0
0
0
0
0
0
0
0
0
0
46216
46961
46909
47108
0
0
0
328
0
0
0
0
0
0
0
0
0
0
0
0
0
0
0
0
0
0
0
0
0
0
0
0
0
49608
48949
49373
46637
46570
50371
48511
48672
48419
48570
48693
575
1043
49327
48068
1187
49101
49525
349
0
45982
481
0
846
0
947
0
178
455
154
154
154
154
0
921
72
46348
48396
48283
0
0
0
0
535
48288
46623
47028
48945
85
37
0
0
0
0
0
133
0
0
0
0
0
0
168
0
113
374
168
0
0
0
0
0
0
0
0
0
0
0
0
0
0
0
0
0
0
0
0
0
0
0
0
0
0
0
0
0
0
0
0
0
0
0
0
47166
46274
0
0
0
47667
162
0
47025
48219
47132
48852
38
522
1945
470
0
0
0
0
0
0
0
0
0
0
877
702
1536
1574
73
50009
47090
47445
50161
0
0
0
0
46876
49578
49080
49819
46798
543
0
0
0
0
0
0
0
0
0
0
388
0
0
0
49034
45965
49037
204
35
0
49173
0
458
46836
130
0
0
257
0
210
0
0
0
0
0
0
0
0
202
46778
48454
50211
48075
199
0
0
620
0
46525
46183
49706
0
459
0
0
146
0
0
0
0
0
0
0
0
0
0
0
0
0
49167
50404
47121
0
0
0
0
0
48012
47885
0
277
89
0
173
287
0
1164
1774
48156
287
16
0
0
769
0
0
0
1044
0
0
0
0
0
0
0
47536
222
0
0
0
0
0
1542
1794
1370
427
0
0
0
0
0
0
0
0
0
0
0
48049
48049
47711
903
903
514
0
514
514
514
0
0
0
0
0
0
0
0
0
48091
46740
48480
47287
46368
0
0
0
0
293
293
0
0
0
0
0
0
0
46536
0
0
0
0
0
0
0
48522
190
190
0
0
0
24
0
111
0
0
111
0
0
0
0
0
0
48188
0
0
0
0
54
0
48798
46249
49200
47687
50062
0
49265
48547
0
0
47860
47011
46171
46225
198
48462
0
0
0
0
0
0
0
0
0
0
0
