0
0
0
0
0
0
0
0
0
282
0
0
0
0
0
0
0
0
0
0
0
0
0
0
0
0
0
0
0
0
0
0
185
0
442
0
453
865
0
0
0
0
0
0
0
0
0
0
0
0
0
0
0
0
0
337
0
0
0
0
0
0
0
0
0
0
0
0
0
0
0
0
0
0
0
0
0
0
0
0
0
0
0
0
0
0
0
0
0
0
0
0
0
0
0
0
0
0
0
0
0
0
49471
1599
49597
48905
47273
0
48986
0
0
0
0
0
0
0
49718
1242
0
0
0
0
0
0
0
38
0
0
0
0
0
0
0
0
0
0
0
0
0
0
0
0
0
48594
48448
49110
0
0
0
0
0
0
0
0
0
0
0
0
0
445
0
0
0
0
0
0
0
50373
48747
0
0
0
0
0
0
0
0
0
0
0
0
0
0
0
0
0
0
0
0
0
0
0
0
0
0
0
0
0
0
0
0
0
0
0
0
0
0
0
0
0
0
0
0
0
0
0
0
0
0
0
0
0
0
47728
47642
0
0
0
0
0
0
0
0
0
0
0
0
0
0
0
0
0
0
0
0
0
0
0
384
0
0
0
0
78
0
0
0
0
0
0
0
0
35
0
0
0
0
48320
49510
47103
50063
47066
0
0
0
0
0
0
0
0
0
0
0
0
0
47729
0
0
0
47794
0
0
0
1341
0
177
0
0
46858
48857
0
0
0
794
794
0
0
0
0
0
0
0
0
0
0
0
0
0
0
0
0
0
0
0
0
0
0
0
0
0
0
0
0
0
1768
49755
47064
0
47382
47469
48098
0
0
0
0
0
0
0
0
0
774
0
0
0
0
0
0
0
0
0
0
0
0
0
0
0
0
0
0
0
48606
46811
0
0
0
0
0
0
0
0
0
47476
47131
46808
46679
46808
46808
1487
0
0
0
0
0
0
0
0
47273
0
0
0
0
0
0
0
0
0
0
0
0
0
0
48777
48728
47259
48843
0
0
0
0
0
0
0
0
0
0
0
0
0
0
0
0
0
0
298
0
147
0
0
46
272
0
0
0
0
0
0
0
0
0
0
0
0
0
0
0
0
0
43156
0
0
0
0
0
0
0
0
0
2760
1006
0
0
0
0
0
0
0
0
0
0
0
0
0
0
0
0
0
0
0
0
0
0
0
0
0
0
0
0
170
102
0
0
0
0
0
0
0
38
0
0
0
0
49159
0
0
0
0
0
0
0
0
0
0
0
0
0
0
0
0
0
555
870
0
593
0
598
0
0
0
0
0
0
0
0
0
17
396
0
0
0
0
0
0
0
0
0
0
0
0
0
0
0
0
0
0
0
0
0
0
0
0
0
0
0
0
0
0
0
0
30
0
0
0
0
743
0
49431
50247
46425
48474
49306
0
756
2163
1008
0
49005
46779
46692
49467
2148
0
725
1354
2905
1471
3750
2138
3446
0
0
0
0
0
0
0
0
0
0
0
0
0
0
0
0
0
0
0
0
0
0
0
0
0
0
0
0
0
0
0
0
0
0
0
0
0
0
246
0
0
0
0
0
0
1687
378
78
1687
0
427
1687
0
47474
0
0
0
0
0
0
0
0
0
0
0
0
0
46584
48121
46953
0
0
0
0
0
0
0
0
0
0
0
0
0
0
0
118
0
0
0
0
0
0
0
0
0
0
0
0
0
0
0
0
0
0
0
0
0
0
0
0
0
0
0
0
0
0
0
0
0
0
0
0
0
0
0
0
46101
48569
46944
46512
48405
46469
599
599
599
0
0
599
48
0
0
0
0
0
0
0
0
0
0
0
0
0
0
0
0
0
275
0
0
0
0
6
0
0
0
0
0
0
0
0
0
0
0
0
0
0
0
0
0
0
0
0
0
0
0
0
0
0
0
1338
653
690
0
0
0
0
0
0
0
0
0
0
0
0
0
0
0
0
0
0
0
0
0
0
0
0
0
0
0
0
0
0
0
0
0
0
0
0
0
0
0
0
0
0
0
0
0
0
0
0
0
0
0
0
0
0
0
0
0
0
0
0
0
0
0
0
0
0
0
49499
4891
47194
47006
46418
46446
46478
48505
0
0
0
0
0
0
0
0
0
0
0
0
0
0
0
49314
0
323
1417
0
0
0
0
0
0
0
0
0
0
0
0
0
0
0
0
0
0
0
0
0
0
0
47630
49422
49909
47279
49454
47308
49556
0
0
0
0
0
0
0
0
0
0
0
0
0
0
0
0
0
0
0
0
0
0
0
0
0
0
0
94
0
0
0
0
375
0
0
0
0
0
205
0
0
0
0
0
0
0
0
0
0
0
0
740
0
0
40982
0
0
47029
47357
0
0
0
496
49720
47598
47604
787
0
0
0
0
0
0
0
0
0
47318
48352
48704
49737
49350
49566
48502
49716
49755
49058
46909
49284
46281
49203
2381
3658
4468
1813
0
0
1218
0
249
718
0
0
0
0
0
0
0
0
0
0
0
0
41607
39551
39371
39505
40340
41986
40226
0
0
0
0
0
0
0
0
0
0
0
0
0
0
0
0
0
0
0
0
0
0
0
0
0
0
0
0
0
0
0
0
0
0
0
0
0
0
0
0
0
0
0
0
0
0
49912
48969
47400
0
486
0
0
0
0
0
47604
86
0
0
0
0
0
0
0
0
0
0
0
49049
49672
0
0
0
0
0
0
0
0
0
0
0
0
0
0
0
0
0
0
0
0
0
0
0
0
0
0
381
381
381
0
381
0
244
154
0
0
0
0
0
0
0
0
0
0
0
0
0
0
47471
46148
47904
47334
46370
46327
0
1176
0
0
0
0
0
0
0
0
49618
0
0
0
0
0
0
0
0
0
0
0
0
0
0
0
0
0
0
45816
46264
1333
0
49045
576
0
146
284
47480
382
0
0
46637
0
0
0
493
493
0
0
0
0
0
0
0
0
0
0
0
0
0
0
351
351
2767
2916
2082
0
47882
47816
0
0
21
48111
50392
46122
48688
46850
47009
49410
593
593
0
0
0
0
0
0
0
1140
48906
48994
0
0
0
0
0
0
0
0
48307
49653
47911
0
0
0
47657
49511
0
0
0
181
0
0
0
0
0
0
0
0
0
0
0
0
0
0
0
0
0
0
0
0
0
0
0
0
0
0
0
0
0
0
0
0
0
0
0
0
0
0
0
0
0
0
0
0
0
0
0
0
0
0
0
0
0
0
0
0
0
48617
0
0
0
0
0
0
0
0
0
0
0
45
0
0
1
0
54
99
0
0
0
0
0
0
0
0
0
0
0
0
0
0
0
0
904
0
0
0
0
0
0
0
0
0
0
0
0
0
0
0
0
0
0
0
0
0
0
0
0
0
0
0
0
0
0
0
0
0
0
0
0
1636
742
45697
0
0
0
0
0
0
0
48555
49292
0
0
0
0
0
0
0
0
0
0
0
0
0
0
0
0
0
0
214
983
0
0
0
0
0
0
0
0
0
0
0
0
0
0
0
0
0
0
0
0
0
0
1219
219
0
0
177
0
0
0
0
0
0
0
0
0
0
37
0
0
0
0
0
0
0
0
0
0
0
0
0
0
0
0
0
189
0
0
0
0
0
3270
47876
47002
47619
0
0
0
0
0
0
0
0
0
0
0
1157
692
1470
0
0
0
0
0
0
0
0
0
0
0
0
0
0
0
0
0
0
0
0
0
0
0
0
0
0
0
49329
48943
1136
0
0
0
0
0
0
0
0
0
0
0
0
0
0
0
0
3
0
0
0
0
0
0
0
0
0
0
0
0
0
42860
0
0
0
0
0
0
0
0
0
0
0
0
0
0
0
0
0
0
0
0
0
0
0
0
0
0
0
0
0
0
0
0
0
0
544
0
0
0
0
39
0
0
0
0
0
0
0
0
0
0
0
0
0
0
0
0
0
0
0
0
0
0
0
0
0
0
0
0
0
0
0
0
0
0
0
0
0
0
0
0
0
0
0
0
0
0
0
0
0
0
0
0
70
0
0
0
0
0
0
0
0
0
0
0
0
0
0
0
0
452
0
0
0
0
0
0
0
0
2193
1130
0
0
0
0
0
0
0
0
0
0
0
0
0
0
0
0
0
0
0
0
0
0
0
0
0
0
0
0
46763
47124
46414
47124
47124
0
0
0
0
0
0
0
0
0
0
0
0
0
0
0
0
0
0
0
48665
0
0
0
0
0
0
0
32
0
0
0
0
0
0
0
0
0
0
0
0
0
0
0
0
0
0
0
0
0
0
0
46743
47407
0
0
0
1192
0
0
0
0
0
0
0
0
4
0
0
0
0
0
0
0
0
0
0
0
0
0
0
0
0
0
0
0
0
0
0
0
0
0
0
478
0
0
345
0
0
940
0
0
0
0
0
844
816
698
1543
697
1523
51113
46041
47035
49926
48385
0
0
0
0
0
0
0
0
0
0
0
0
0
0
0
0
0
0
0
0
0
0
0
0
0
0
0
0
0
0
0
0
0
0
566
0
150
0
0
47658
47
0
0
0
0
0
0
0
0
0
0
0
0
0
0
0
0
0
0
47954
0
0
0
0
0
48017
836
0
0
0
0
0
0
0
0
0
0
0
0
0
0
0
0
0
0
0
48968
48555
0
0
0
0
0
1947
0
0
48222
641
0
0
0
0
0
46651
49013
47883
47182
0
0
616
48049
46838
48007
48487
47074
0
39
0
0
0
0
0
0
0
0
0
0
0
0
0
0
50710
49543
48900
50104
48681
46507
0
1942
496
1764
0
0
0
3831
2406
2388
0
0
0
569
0
1506
0
0
0
0
0
0
47139
47953
46890
49119
386
1155
49466
49545
460
884
0
0
399
0
0
215
0
186
0
100
0
0
155
0
0
0
549
0
0
0
0
0
0
0
0
0
0
0
0
0
0
0
0
0
47203
49755
0
0
0
0
0
0
0
0
0
0
0
0
0
0
0
0
47810
0
47654
0
0
0
0
0
0
0
0
0
49482
49360
48290
49363
46702
0
0
0
0
0
0
0
0
0
0
0
0
0
0
0
0
0
0
889
0
0
0
0
7
226
0
0
0
0
0
0
0
0
0
49420
0
0
0
48483
48483
0
0
0
320
0
0
0
0
0
0
0
0
0
0
0
0
0
0
0
46245
48063
0
234
0
0
0
0
0
0
0
0
0
0
0
0
0
0
0
0
0
0
0
0
0
0
0
0
0
0
0
0
0
0
0
0
0
0
0
0
0
0
0
0
48009
0
3594
2607
47026
47847
49297
899
46866
46214
47374
1011
47580
49496
48574
50501
48558
48480
48312
47615
1215
2851
1079
48410
46501
51341
0
625
0
47524
49493
0
63
0
0
0
0
0
0
0
0
0
0
0
0
0
0
0
0
0
0
0
0
0
0
0
0
0
0
0
0
0
0
0
0
0
0
0
0
0
0
0
0
0
0
0
0
0
0
0
0
0
0
0
0
0
0
0
0
0
0
0
0
0
0
0
0
0
4020
46691
48491
50404
48315
48947
0
0
0
0
0
0
0
0
0
48655
47706
46964
1317
1317
1317
644
1317
0
0
0
0
47643
0
0
0
0
0
0
0
0
0
0
0
0
0
0
873
0
0
0
0
0
0
0
0
0
0
0
0
0
1571
1669
738
0
0
0
46193
46751
50640
47655
51422
49241
50849
48600
0
0
0
664
484
0
0
0
824
0
0
0
0
0
0
0
0
0
0
0
0
0
0
0
0
1605
0
0
0
0
0
0
0
0
0
0
0
0
0
0
0
0
0
0
0
0
0
0
0
47304
49655
49270
47392
0
48775
48983
7054
0
375
49260
51174
46699
47116
48777
0
44797
0
47510
0
0
0
206
0
0
0
0
0
0
0
0
0
0
0
48426
47598
47471
46743
0
0
0
0
0
0
0
0
0
0
62
0
3
0
0
0
0
0
0
0
0
82
0
0
0
0
0
0
0
0
0
0
0
0
7
0
0
0
0
0
0
0
0
0
0
0
0
0
0
0
0
0
0
0
0
0
0
0
0
0
0
0
0
0
0
0
0
48161
0
0
0
0
0
0
0
0
0
0
0
0
0
0
0
0
0
0
0
0
0
0
0
0
0
539
0
0
0
0
0
0
0
0
0
0
0
0
0
0
0
0
0
0
0
0
0
0
0
0
0
0
0
0
0
0
0
0
0
0
0
0
47481
48172
0
0
0
0
0
0
598
0
47927
48065
48979
0
0
0
0
0
0
0
0
0
0
0
0
0
0
488
488
0
488
488
263
488
0
0
0
0
0
0
0
0
0
0
0
0
0
0
0
0
0
0
48755
48047
48951
48698
47259
48404
49171
47535
0
0
0
0
0
0
0
0
74
0
51128
48710
47561
48211
49569
48740
47188
0
0
0
237
207
49427
48289
1671
2574
2192
1997
0
0
0
0
0
0
0
0
0
0
0
0
0
0
0
0
48132
48040
48125
41
0
0
0
0
0
0
0
0
0
0
0
0
0
0
0
0
0
0
0
0
0
0
0
0
0
0
0
0
0
48707
49133
48762
48788
0
0
0
0
0
0
0
0
0
0
0
0
0
0
0
0
0
0
0
0
0
48823
48827
50202
48221
50537
50186
0
0
0
0
0
0
0
0
174
48065
46604
46175
47887
49974
48444
46613
49176
49828
51442
48461
48617
0
49961
0
0
49225
527
0
162
49014
48230
576
200
0
0
47299
48251
48199
47531
49448
47206
48223
49666
47419
1998
0
1505
1795
0
0
1774
1875
1847
1256
0
0
0
0
0
0
0
0
0
0
0
0
0
0
0
0
240
0
0
0
0
0
0
0
0
0
0
0
0
0
0
0
0
48908
49181
0
0
0
0
0
0
0
0
0
0
48937
0
0
0
48179
0
0
0
0
0
0
0
0
0
0
0
0
0
1231
0
0
0
0
0
0
0
0
0
0
0
0
0
0
0
0
0
47429
47248
47464
47594
46863
0
0
0
0
0
0
50985
48609
49164
741
0
1118
0
0
0
0
0
0
0
0
49321
48081
0
315
48550
46699
47692
47940
0
0
0
16
0
0
0
0
0
0
0
0
0
0
46545
0
0
0
0
0
0
248
143
213
0
0
0
0
0
0
793
0
0
0
0
47630
0
0
0
0
47560
0
0
0
0
0
114
385
0
47227
0
0
47062
46422
47062
104
104
49013
0
0
0
0
491
0
0
0
0
0
0
0
0
0
0
0
0
0
0
0
0
0
0
0
0
0
0
0
46118
46496
0
0
74
0
2553
2185
48573
48054
0
49174
47919
51397
641
2476
1964
696
777
1964
1118
0
0
0
0
0
0
0
0
0
0
0
48152
1145
46668
0
0
48950
49002
50801
47307
47378
1849
2019
2378
1491
1786
55
1035
2077
821
0
0
0
0
0
0
0
0
0
0
0
0
0
0
0
0
0
0
0
0
48604
47361
47018
51720
48971
46650
0
0
0
4018
6470
6406
47017
226
1637
167
0
167
167
392
0
158
0
0
0
0
0
46544
48100
0
0
0
0
0
0
0
0
0
0
0
0
0
0
0
0
0
0
0
0
0
0
0
0
0
0
0
0
0
0
0
0
0
498
0
0
0
0
0
0
0
0
0
0
0
0
0
158
0
0
0
0
0
0
49367
47356
43098
49131
46665
1515
719
0
2270
672
2013
48301
0
151
1786
2465
716
0
48512
47967
46665
48433
47959
49766
0
0
1291
48171
48008
45617
48504
48549
292
0
0
0
1136
0
0
0
0
46422
47120
46996
47789
0
0
0
0
0
0
0
0
0
0
0
0
0
0
472
0
0
0
0
2295
1822
759
1145
0
120
0
0
0
0
0
0
0
0
0
0
0
48402
0
0
0
0
0
0
0
0
0
1402
0
0
0
0
0
0
0
0
0
0
0
0
0
0
0
0
0
0
0
0
0
0
0
0
0
0
0
0
1370
0
0
0
0
0
0
0
0
0
0
0
0
0
0
0
0
0
0
0
0
0
0
0
203
0
0
49034
354
1526
0
1103
0
490
0
0
0
0
0
0
0
0
0
0
0
0
0
0
0
0
0
0
0
0
0
0
0
0
0
0
0
48155
47111
49028
49197
49755
48759
46150
46828
49688
50215
47082
47506
47701
46950
0
0
0
0
0
0
0
0
157
157
0
0
50209
619
0
364
0
190
46701
0
0
0
0
0
0
0
0
0
0
0
0
47419
0
0
0
173
0
0
0
0
0
0
0
0
0
0
0
0
1395
0
0
0
0
1112
0
0
0
902
0
600
92
0
0
0
0
0
0
0
0
0
0
0
0
0
0
0
0
0
0
0
0
0
0
0
0
0
0
0
0
0
0
0
0
0
0
0
0
0
0
0
0
0
46847
0
0
0
0
0
0
0
0
0
0
0
49302
47269
47902
0
0
0
0
0
777
0
0
0
0
0
693
5573
5573
5573
0
0
0
0
0
21
0
0
0
0
0
0
0
0
0
0
0
0
0
0
48328
47290
47796
849
0
0
49007
0
0
0
0
0
0
0
0
0
0
0
0
48641
47752
46805
601
1944
0
50101
48852
0
49720
46774
0
0
2541
147
0
0
49955
0
461
0
0
48573
48575
46830
48916
0
207
49073
322
47733
1770
1076
47608
48518
48362
48578
47646
48472
48885
49627
3524
49398
49107
49829
0
0
50152
45716
0
0
1485
537
981
0
0
0
0
0
0
0
0
0
0
0
0
0
0
48374
48561
48724
46875
0
0
0
0
0
0
0
0
0
0
0
0
0
0
0
2505
0
0
36
40
0
0
0
111
10
1115
0
1571
833
737
0
1931
628
84
0
0
0
0
0
0
0
0
0
0
980
0
0
0
1541
1602
1418
0
0
0
0
0
0
0
0
0
0
0
0
0
0
0
0
0
0
0
0
0
0
0
0
0
0
0
0
0
1348
1151
0
0
0
0
0
0
0
0
0
0
0
0
0
0
0
0
0
0
0
0
0
0
0
0
0
0
0
0
0
0
0
0
0
0
0
0
0
0
0
0
0
0
0
0
0
0
0
0
0
0
207
0
263
0
0
0
0
0
0
0
0
282
0
34
47897
48127
48260
47275
46942
49042
49020
47686
46609
47690
138
0
0
0
0
0
0
0
0
0
0
47610
47822
48195
47728
46661
48297
49400
50168
2472
2790
49542
48382
0
50594
48304
1945
0
0
0
0
0
0
0
1273
0
0
46358
0
0
0
0
46850
0
0
0
0
0
0
0
0
0
48787
47993
668
0
0
0
0
0
0
0
0
0
0
0
0
0
0
0
0
0
181
1271
2249
46586
47630
48356
48496
49151
48817
49566
48140
48194
49950
48354
48949
48936
1472
0
0
0
0
0
48741
337
2442
49485
48691
50191
0
0
0
0
0
0
0
0
0
0
0
0
0
0
0
0
0
0
0
0
0
0
0
0
0
0
0
0
0
0
0
0
0
0
0
0
0
0
0
0
0
0
0
0
0
0
0
0
0
0
0
0
0
0
0
0
0
0
0
46495
48598
0
0
0
0
0
0
0
0
0
0
0
0
0
0
0
48844
48533
46956
381
0
0
0
0
0
0
0
0
0
0
45732
49191
48741
46137
48514
50224
49098
49108
0
0
0
0
0
0
0
0
0
0
0
123
49593
47800
48243
0
0
0
0
0
0
5746
46522
0
0
0
0
0
0
0
0
0
0
0
0
0
0
0
0
0
0
0
0
0
0
0
0
0
0
0
0
0
0
0
0
0
0
0
0
0
0
0
0
0
0
46495
47710
0
0
0
0
0
47597
120
0
120
46529
48660
46979
48039
47234
48236
47655
47857
46165
46276
0
0
0
47572
1644
0
0
0
0
47010
47010
46319
46458
0
177
46355
0
0
0
0
0
0
1718
0
0
0
0
0
0
0
0
0
0
0
0
0
0
0
0
0
0
0
49872
46079
48873
48228
49857
46561
48055
48379
49299
46335
0
0
0
0
0
0
0
890
2535
0
0
0
0
2392
0
245
71
0
0
0
0
0
0
0
0
367
48120
46321
46622
46130
47808
48120
46375
0
0
0
0
0
0
0
0
0
0
0
0
0
0
0
0
0
0
0
0
0
0
0
540
48250
0
49036
49420
1225
538
0
0
0
0
0
0
0
0
0
0
48374
47449
47527
47730
0
0
0
0
0
0
0
0
0
0
0
0
0
0
0
0
0
0
0
0
0
0
0
0
0
0
0
47804
46394
48465
45890
48461
0
0
0
0
0
0
0
73
0
0
0
0
0
0
0
0
0
0
0
0
48259
48646
48610
49949
0
244
96
0
0
0
0
0
0
0
0
0
0
0
0
0
0
0
0
0
0
0
0
0
0
0
0
0
0
0
0
0
0
0
0
0
0
0
0
0
0
0
0
0
0
0
233
0
0
0
0
0
308
284
0
0
0
0
0
0
0
1437
8
0
0
0
0
0
0
0
0
0
0
47541
47611
48755
47910
210
1461
284
0
0
0
0
0
739
0
48377
0
0
0
0
0
0
0
0
0
0
0
0
0
0
47783
2222
0
1081
0
446
47813
47855
849
49690
47088
411
0
0
0
0
51099
49643
49561
47136
47181
47408
49733
0
0
0
0
46855
48413
999
8176
48448
48577
49016
48980
50212
890
1531
0
1632
49990
744
49672
2424
463
49629
2913
3755
48365
50478
49952
2862
984
0
459
46195
0
0
0
0
0
0
0
0
0
0
0
0
0
0
0
0
0
0
0
0
0
0
0
46866
48475
46290
49916
902
18
1466
47322
819
720
41
45898
0
0
0
0
0
0
47507
47078
49791
49278
963
963
0
0
0
0
0
0
0
45976
46071
0
0
0
0
0
49293
0
0
0
0
0
0
0
0
0
0
0
0
0
0
0
0
0
0
0
0
0
0
0
0
0
0
0
0
0
0
279
48487
47833
46994
49047
490
0
0
0
0
0
0
0
0
0
0
0
0
0
0
0
0
0
0
0
0
0
0
0
0
0
0
0
0
0
0
115
0
0
0
0
0
0
0
0
0
0
0
0
1673
48730
47691
0
0
0
0
0
0
0
0
0
0
0
0
0
0
0
114
0
0
0
0
0
0
50665
51203
94
804
50817
49705
0
0
50655
50150
50330
49596
601
0
979
0
48224
0
0
0
0
0
0
0
0
0
49495
49832
48447
48630
50084
51379
49331
48985
47359
48966
50468
48783
47949
47642
1188
1508
0
0
0
49077
49489
48425
48376
0
49803
48289
48884
48547
48842
48039
49474
0
0
0
0
0
0
0
0
0
0
0
0
0
0
0
46795
47468
48385
47246
46575
50039
0
121
0
0
0
0
0
0
0
0
0
0
5
0
0
0
0
0
0
0
0
0
0
0
0
0
0
0
76
0
0
0
0
0
0
0
0
0
0
0
0
0
0
0
0
0
0
49402
50820
47718
49863
50513
48198
0
0
0
0
0
0
0
0
0
0
0
0
0
0
0
0
0
0
0
0
0
0
0
0
0
0
316
0
1142
227
701
2566
1672
0
0
0
0
0
0
0
0
0
0
0
0
0
0
46806
48157
47827
0
0
0
0
0
0
0
0
0
0
0
0
0
0
0
0
0
0
0
0
0
0
0
0
0
0
48879
0
0
0
0
0
0
0
0
0
0
0
0
0
0
0
0
0
0
0
45786
985
2923
3989
0
961
446
73
0
46856
50293
50025
48794
46837
0
0
0
0
0
0
0
0
0
0
0
410
0
410
0
0
0
0
0
0
0
0
0
0
0
0
0
0
0
0
0
0
0
0
0
47593
0
0
0
0
0
0
0
48787
0
0
0
0
0
0
0
0
0
47634
0
0
0
0
0
0
0
0
0
0
0
31
0
0
0
0
0
0
0
244
244
0
0
0
0
0
0
0
0
46612
48324
47752
47664
47605
46455
0
914
49307
47758
49800
47505
47806
716
0
1228
47805
50298
0
48061
0
0
0
0
0
0
0
0
0
0
0
0
0
0
0
0
0
160
0
0
0
0
0
0
0
0
0
0
0
0
0
0
0
0
0
2
0
0
0
0
0
0
2030
0
0
0
281
0
47185
0
0
0
49385
47992
48216
116
0
0
0
0
0
0
0
93
0
0
0
0
0
0
0
989
0
0
0
0
0
0
0
0
0
0
0
0
0
0
0
0
0
0
0
0
0
0
0
0
0
0
0
0
0
0
0
0
0
0
0
0
0
0
0
0
0
0
0
0
0
0
0
0
0
0
157
0
0
0
0
0
0
48310
149
0
48235
46900
47989
0
0
0
0
0
0
46678
48180
0
0
0
0
0
0
0
0
0
0
2
0
0
0
0
0
0
0
0
0
0
0
0
0
635
0
0
0
0
0
48005
48777
48388
696
1116
0
748
1117
0
0
0
0
0
0
0
0
0
0
0
0
0
64
0
0
279
0
0
0
0
0
0
0
0
0
0
0
0
1632
687
0
0
0
0
0
0
0
0
0
0
0
0
0
0
0
0
0
0
0
0
0
0
0
0
0
47253
48899
45904
5286
5251
8135
49285
48635
51676
48356
49213
49324
48849
0
94
0
0
16
917
39
23
0
210
450
0
0
50049
48572
49129
49122
47134
48359
49644
0
0
0
0
0
45904
0
0
0
0
0
0
0
0
47049
47282
47598
46713
898
0
898
0
0
0
0
0
0
0
49880
46716
48599
261
2119
2418
47231
49548
48090
47836
46626
47598
851
49321
48914
49361
45840
48039
47286
48165
2338
47114
47921
49373
49608
0
0
547
0
0
0
0
0
49684
46456
48863
0
0
204
0
16
0
48243
0
0
0
0
48781
48123
7791
0
0
0
0
0
0
0
0
0
0
0
0
42733
40687
0
0
0
0
0
0
0
0
0
0
0
0
0
0
0
0
0
0
0
0
0
0
0
0
1055
0
48743
0
0
0
0
0
0
48822
47941
0
0
47128
46311
0
0
0
0
47369
0
0
0
0
0
0
0
0
0
0
0
0
0
0
0
0
0
0
47926
467
0
1285
143
0
1554
1554
0
0
3
0
0
46699
49337
46133
47015
48414
146
87
0
0
0
0
0
0
0
0
0
0
0
0
0
0
0
0
0
0
0
0
0
94
0
0
0
0
0
0
0
0
0
0
523
50383
49219
49802
0
75
425
0
0
0
425
382
163
0
0
0
0
0
0
0
260
0
0
0
0
0
0
0
0
0
0
0
0
47561
47743
48872
837
0
0
0
0
46291
50106
50439
0
0
0
0
0
0
47875
49732
48852
47490
47365
50147
48449
3928
48000
0
0
0
0
0
0
0
0
0
0
176
0
48691
0
0
0
0
0
0
0
0
0
0
0
0
0
0
0
0
0
0
0
0
0
0
0
40
0
0
0
0
0
0
0
0
0
0
0
0
0
0
0
0
0
0
0
0
0
0
0
0
0
0
0
0
0
0
0
0
0
0
0
0
999
124
0
0
0
47674
0
0
0
0
0
0
0
0
0
0
0
0
0
0
0
0
0
527
0
0
0
18
0
0
0
0
0
0
0
0
0
0
0
0
0
0
0
0
20
661
373
0
551
0
3000
0
450
608
0
114
511
0
641
0
641
46579
47726
47638
599
790
0
515
337
0
0
48069
47788
0
0
72
48029
48511
51375
46748
0
649
546
1313
554
710
20
182
0
0
0
0
0
0
0
0
0
0
0
46994
47654
48713
0
0
0
0
0
0
48143
47723
48395
0
0
0
0
0
0
0
0
0
0
0
0
0
0
0
48949
49604
50303
47883
0
0
0
0
0
29
29
0
0
6
0
267
1477
48868
47315
47373
0
0
0
0
0
0
0
0
45345
0
0
0
0
0
45434
0
0
0
0
0
0
0
48096
48480
48568
46943
0
0
0
48841
0
0
659
0
0
47442
1567
0
1424
0
806
0
0
0
49408
47894
48052
48018
48722
295
705
0
0
0
0
488
0
601
0
0
0
0
0
0
0
0
0
0
0
46258
45717
46920
0
0
0
0
0
0
0
0
0
0
0
0
0
0
0
0
0
0
0
0
0
0
0
0
0
0
0
0
370
0
0
0
0
0
49316
0
0
0
0
0
0
0
0
0
0
0
0
0
0
0
0
0
0
0
0
0
0
0
48747
0
0
0
0
0
0
0
0
0
1503
0
0
0
0
0
0
0
0
0
0
0
0
0
0
47210
0
0
0
0
0
0
0
47317
0
0
0
0
0
254
254
0
0
0
0
0
0
0
0
0
0
0
0
0
47502
47992
1170
354
2625
2367
0
0
0
0
272
0
0
190
0
0
0
0
0
0
0
0
0
0
0
0
0
0
0
0
0
47804
47274
47520
49800
2380
0
0
592
118
145
145
145
0
0
0
0
0
0
0
0
0
0
0
0
0
0
0
47550
47889
0
0
0
0
0
0
0
0
0
0
0
0
0
486
486
0
0
416
834
1373
0
1160
0
0
0
0
0
0
0
0
0
0
0
0
49970
47676
47908
49675
0
0
0
0
0
0
0
0
0
0
0
0
1767
0
0
0
47289
47667
0
0
0
0
0
0
0
48774
0
0
0
0
0
0
0
0
0
0
0
0
0
0
0
0
0
0
0
0
46016
0
0
0
48510
49694
50060
47803
48702
49839
0
0
0
0
0
0
0
0
0
0
0
0
0
0
0
0
0
0
0
0
0
0
50321
47440
48397
49984
50152
0
0
0
0
0
0
0
0
0
0
0
0
0
0
0
0
0
0
0
0
0
0
0
0
0
45995
0
0
0
0
0
50125
49543
48545
49150
49275
47767
48948
48852
48694
48732
50746
45915
46685
0
49177
0
0
0
0
0
0
48471
47265
45612
1381
48895
0
0
0
0
0
0
0
0
0
0
58
0
0
0
0
0
144
0
0
0
0
0
0
0
125
0
0
0
0
0
0
0
0
0
0
0
0
0
0
0
0
0
0
0
0
0
0
0
0
0
0
0
0
0
0
0
0
0
0
0
0
9
0
0
0
0
48622
49033
0
0
0
0
0
0
0
0
0
0
0
0
0
0
0
0
0
0
0
0
0
0
0
0
0
0
0
0
50456
48158
246
22
0
246
0
0
246
0
0
48006
0
0
0
0
0
0
0
0
0
48703
48703
47249
0
215
0
0
0
0
0
0
0
0
0
0
0
0
0
0
0
0
0
0
0
0
0
0
0
0
0
0
0
0
0
0
0
0
0
0
0
0
0
0
0
0
0
0
0
0
0
0
0
0
0
0
0
0
0
0
0
0
0
0
0
0
0
0
0
0
0
0
0
0
0
0
0
0
0
0
0
0
0
0
0
0
0
47066
0
0
0
0
0
0
0
0
0
0
0
0
0
0
0
0
0
0
0
0
0
0
0
0
0
0
0
0
0
0
0
0
0
0
0
0
0
0
0
0
0
0
0
0
0
0
0
45740
47325
0
0
0
0
0
0
0
0
0
0
0
0
46694
47341
0
0
0
0
0
0
0
0
0
0
0
0
0
0
0
0
0
0
0
0
0
0
0
0
397
0
0
0
0
0
0
0
0
0
0
0
0
0
0
0
0
0
0
0
0
0
0
0
1525
0
0
0
0
0
0
0
0
47260
47355
47351
0
55
0
75
0
0
0
0
0
0
0
0
0
0
0
0
0
0
0
25
0
0
0
0
0
0
24
0
0
0
0
0
0
0
0
0
0
0
3
0
0
0
0
0
411
0
0
0
0
0
0
0
0
0
0
0
0
0
0
0
0
0
0
164
0
164
0
0
0
0
0
0
0
0
0
0
0
0
0
0
0
0
0
0
0
0
49860
47799
47369
50550
219
48496
47543
48804
48162
46539
48227
50079
46978
48508
0
0
0
0
0
0
0
0
0
0
0
0
0
0
0
0
0
0
0
0
0
0
0
0
0
0
0
0
0
0
0
0
0
0
0
0
0
0
0
0
0
0
0
0
0
0
0
0
0
0
0
0
0
48740
0
691
79
0
0
0
0
0
0
0
0
0
0
0
0
0
0
0
0
0
0
20
0
0
0
0
0
0
0
0
0
47237
47656
0
66
90
47023
360
0
438
47295
47358
46606
48792
48465
45754
49849
49849
406
10
0
0
0
0
0
0
0
0
0
0
0
0
0
0
0
0
46909
47886
47559
0
0
0
803
830
0
0
0
49540
48809
118
0
0
0
601
151
0
48866
48024
47340
103
47374
47799
47510
2762
1192
659
247
50056
46610
49774
49028
1576
634
282
48052
48454
47384
47882
47460
48731
47428
47045
0
0
0
0
0
0
0
0
0
0
0
0
0
0
0
0
0
0
0
0
0
0
0
46382
46471
0
0
0
0
49090
584
49641
46153
0
0
0
0
216
0
365
169
0
0
0
0
1702
48947
0
0
0
0
0
0
0
0
0
0
0
50208
46944
1182
47666
2773
853
48213
46294
48648
46965
46573
1759
48439
47260
46511
45751
0
0
214
0
0
0
170
130
0
0
0
351
0
0
0
0
152
0
254
0
0
0
769
0
0
0
46632
48022
46736
47238
47802
0
47617
47829
0
0
48024
48187
49815
48109
0
782
1211
6
1465
50817
654
0
0
0
0
0
0
0
0
0
0
0
0
0
0
0
0
0
0
0
0
0
0
0
0
0
0
0
0
0
228
0
0
0
0
0
0
0
0
0
0
0
0
0
0
0
41147
47607
0
0
0
0
0
0
0
0
0
0
0
853
0
49148
0
0
41241
0
0
0
0
0
0
0
0
0
0
0
0
0
0
0
0
0
0
0
0
0
0
0
0
47722
0
0
0
0
0
0
0
0
297
0
0
0
0
0
0
211
0
0
0
48042
48795
49432
1409
811
1281
0
0
0
0
0
0
0
46862
48133
0
0
0
0
709
0
0
0
0
0
0
0
0
0
0
0
0
0
0
906
1418
0
254
0
667
667
0
559
222
0
0
46669
0
1349
0
0
833
0
0
0
0
0
0
0
0
0
0
0
0
0
0
0
0
0
691
0
0
0
0
0
0
0
0
0
0
0
0
0
0
0
0
0
0
0
0
0
0
0
0
0
0
0
0
0
0
0
0
0
0
0
0
0
0
0
0
0
0
0
0
0
0
0
0
0
0
0
0
0
0
0
0
0
0
0
0
0
0
0
0
0
0
0
0
0
0
0
0
0
0
0
0
0
0
0
131
0
840
314
2460
0
0
0
0
0
0
0
0
0
0
0
0
0
0
0
0
0
0
471
317
0
0
0
0
0
0
0
0
0
0
0
0
0
0
0
0
0
0
0
0
0
0
0
0
134
0
0
0
0
0
0
0
0
0
0
0
0
0
0
0
0
0
0
0
0
0
0
48790
47170
721
0
0
0
48967
48368
0
0
0
0
0
0
0
0
0
0
0
0
0
0
0
0
0
0
0
0
0
0
339
391
0
500
0
0
0
47992
0
0
0
0
0
0
0
0
46154
0
0
0
0
0
0
0
0
0
0
0
0
0
0
0
0
0
0
0
0
0
0
46868
0
0
0
0
0
0
0
0
0
0
0
400
400
0
0
0
0
0
0
0
0
0
0
0
0
0
0
0
0
0
1366
1366
0
0
0
0
0
0
0
0
0
0
0
0
0
0
0
0
0
0
0
0
0
0
0
0
0
0
0
0
0
0
1963
0
743
2249
702
0
0
0
0
0
0
0
0
0
0
47539
0
0
0
0
0
308
0
0
0
0
0
0
0
0
0
0
0
0
0
0
0
0
0
0
0
48987
48424
0
0
0
0
0
0
0
0
0
0
0
0
0
0
0
0
0
0
0
0
0
0
0
0
0
0
0
0
0
0
0
0
49821
47917
0
0
0
66
0
0
0
0
0
0
0
0
0
0
46617
47867
0
0
0
0
0
0
0
0
0
0
0
0
0
0
0
0
0
0
0
0
0
0
0
0
0
0
0
0
0
0
0
46575
48528
0
0
0
0
46651
48631
50825
49762
603
1739
48735
0
0
43697
45785
0
0
0
0
0
0
927
0
706
404
0
0
0
0
0
1425
0
0
0
0
0
0
879
0
0
0
0
0
0
0
0
0
0
0
0
0
0
0
0
48483
253
0
0
228
0
1228
0
0
0
0
0
0
0
0
0
0
0
0
0
0
0
0
0
0
0
0
0
0
0
0
0
0
0
0
0
0
0
0
0
0
0
0
0
0
50461
0
0
0
0
0
0
0
0
0
0
0
0
1959
0
0
0
0
0
0
0
0
0
0
0
0
0
0
0
0
0
0
0
0
0
0
0
0
0
0
0
0
0
0
0
0
2
0
0
0
0
0
0
0
0
0
0
47077
0
0
0
0
0
0
0
0
0
0
0
0
0
0
0
0
0
0
0
0
0
0
0
0
0
0
0
0
0
0
0
0
0
0
0
0
0
0
0
1253
740
967
0
0
0
0
0
0
0
0
0
0
0
0
0
0
0
0
0
0
0
0
0
0
0
0
0
0
36
146
49215
47433
46367
0
0
46584
49123
50833
50428
0
59
47564
48736
47445
0
47015
1242
0
0
0
0
0
0
0
0
0
0
0
0
0
0
46881
46881
47062
1600
0
0
0
0
0
0
48793
0
0
0
0
0
0
0
0
0
0
0
0
0
0
0
0
0
0
0
0
0
0
0
0
0
0
0
0
0
0
0
0
0
0
47202
47315
0
0
0
0
0
0
0
0
0
0
0
0
0
0
0
0
0
0
0
0
0
338
0
0
48829
48982
47201
274
0
183
0
0
163
0
931
0
0
0
0
0
0
0
0
0
618
607
0
0
48815
47676
50193
48939
0
0
0
0
0
767
0
0
0
0
0
0
41689
41346
0
0
0
0
0
0
0
0
0
47171
47670
45901
52
0
48328
0
0
0
0
0
47491
49287
49718
46912
305
0
270
0
0
0
0
0
0
0
0
0
0
50157
0
0
0
0
0
0
2130
0
392
0
0
0
0
0
0
0
0
0
0
0
0
0
0
0
0
0
0
0
0
0
0
0
0
0
0
0
0
0
0
0
0
0
0
0
0
0
0
0
0
0
0
0
0
0
0
0
0
0
0
0
0
0
0
0
0
0
0
0
0
0
0
0
0
0
0
0
0
0
0
1383
0
65
0
0
0
0
0
0
0
0
0
0
48249
0
0
0
0
0
0
0
0
0
0
0
0
0
0
0
0
0
0
0
0
0
0
0
0
0
0
0
0
0
0
0
0
0
0
0
0
0
0
0
0
0
0
0
0
0
0
46246
45919
0
0
0
0
0
0
0
0
0
0
0
0
0
0
2760
21
2760
0
0
50377
50792
48563
664
0
2661
528
48361
48059
0
0
87
0
0
287
0
0
0
0
0
0
0
0
0
0
0
0
0
0
0
0
0
0
0
0
0
0
98
46474
46884
47599
0
349
349
0
0
0
0
0
0
0
0
0
0
0
0
74
0
0
0
46978
0
0
276
0
0
0
0
47353
0
0
0
0
0
412
0
0
0
43540
0
0
0
0
0
48276
0
78
491
475
0
0
0
0
0
0
0
0
0
47293
47142
0
0
0
0
155
0
0
1
1
0
0
0
0
1043
0
456
456
0
0
0
0
0
0
0
0
0
0
0
0
2404
0
474
0
341
0
0
0
789
0
0
0
0
0
0
0
0
207
45655
47539
0
0
0
0
87
0
0
0
0
0
0
0
0
0
0
0
0
0
0
0
910
1204
0
760
1104
494
0
0
0
0
0
0
0
0
0
143
143
143
0
0
0
0
0
0
0
0
0
0
0
0
47228
48568
0
0
0
0
0
0
0
0
100
0
0
0
0
0
0
0
0
48782
48484
49276
0
0
0
0
0
0
0
0
0
0
0
0
0
45723
48105
46668
47968
48669
375
0
0
0
0
0
0
0
0
0
0
0
0
0
0
0
0
47588
0
0
0
0
0
0
0
0
0
0
0
0
0
0
0
0
0
0
0
0
0
0
0
0
0
0
0
0
0
0
0
0
0
0
0
47308
49669
46919
0
0
0
0
0
50662
48631
47302
48184
48504
48713
47792
50537
0
0
49201
50689
0
0
0
0
48745
365
0
252
1176
0
0
0
0
0
0
0
0
0
0
0
48772
48630
49465
0
0
0
0
0
0
0
0
0
0
0
0
0
0
0
0
0
0
0
0
0
0
0
0
0
0
0
0
0
0
0
0
0
0
0
0
0
0
0
0
0
0
0
0
0
0
0
0
0
0
0
0
176
48261
46290
48122
1886
81
3525
0
49499
0
0
0
0
0
0
0
0
0
0
0
0
0
0
0
0
0
0
0
0
0
0
0
0
0
0
0
0
0
0
0
1264
0
0
0
47254
47932
48104
48671
48016
49336
0
0
0
0
0
0
0
0
0
0
1124
1194
1024
46020
0
0
0
0
0
0
0
0
0
0
0
0
0
0
0
0
0
0
0
0
0
0
0
0
0
0
0
46656
45687
47135
0
0
0
0
0
1102
0
0
0
0
0
0
0
0
0
0
0
0
0
0
0
0
0
0
0
0
0
46480
48148
57
57
0
0
0
0
0
0
0
0
0
0
0
0
0
0
0
0
0
0
0
0
0
0
0
0
0
48424
50660
49704
50514
1198
0
0
0
0
0
0
0
0
0
0
0
0
0
0
0
0
0
0
0
0
0
47838
0
0
0
0
0
0
0
0
0
0
0
0
0
0
0
0
0
0
0
0
0
0
0
0
0
0
0
0
0
0
0
0
0
0
48063
0
0
0
0
0
0
0
0
0
0
0
0
0
2077
0
49680
0
0
0
0
0
0
0
0
0
0
0
0
0
0
0
0
0
0
0
0
0
0
0
0
0
1218
1084
0
0
232
50020
0
0
0
0
48887
49179
0
0
0
0
0
28
0
0
1
0
0
46920
49091
0
0
0
0
0
0
0
0
0
0
0
0
194
344
0
0
0
0
0
48855
49209
49101
49143
46921
50539
48461
47074
48479
51570
0
0
0
0
0
0
0
0
0
0
0
0
0
0
0
0
0
0
0
0
0
0
0
0
0
0
0
0
0
0
0
0
0
0
0
0
0
0
0
0
0
0
0
0
0
0
0
0
0
0
0
0
0
0
0
0
0
0
0
0
0
0
0
0
0
0
0
0
0
0
0
0
315
0
409
0
0
0
0
0
0
0
0
0
0
0
0
0
0
0
0
0
0
0
0
0
0
0
0
0
0
0
0
0
0
0
47
0
0
0
0
0
0
0
0
0
0
0
0
0
46541
0
0
0
0
0
0
0
1677
1002
0
0
0
0
0
0
47825
46466
46384
47825
47825
46299
0
0
0
52
0
0
0
0
0
0
0
47822
46140
48703
0
0
0
0
48796
47180
48472
745
0
0
0
0
47384
0
0
48083
0
0
0
0
0
570
0
0
0
0
0
0
0
0
0
0
0
0
0
657
0
0
0
0
0
0
0
0
0
0
0
0
0
0
0
0
0
0
0
0
0
43434
0
0
46846
0
50008
46690
48882
47578
0
0
0
0
0
46978
0
0
0
0
0
0
0
0
0
0
0
0
0
0
0
0
0
0
0
0
0
0
0
0
0
0
0
0
282
0
0
0
0
0
0
0
0
0
0
0
0
0
0
0
0
0
0
0
0
0
2763
2530
2403
2922
947
46771
0
0
0
0
0
0
0
0
0
0
0
0
0
0
0
0
0
0
0
0
0
0
0
0
0
0
0
0
47977
0
0
0
0
0
0
0
0
80
0
0
0
0
0
46072
0
0
0
0
50218
48074
0
0
0
0
0
0
0
0
0
0
0
0
1006
0
0
0
0
0
0
0
0
0
0
0
0
0
0
0
0
0
0
0
0
0
0
0
0
0
0
0
0
0
0
0
640
0
0
0
0
0
0
0
0
0
0
0
0
0
0
0
0
0
0
47848
49708
0
0
33
48523
47557
47603
0
49014
526
652
0
0
0
0
46735
48868
50512
47635
1455
1373
854
1531
1220
47655
47739
0
0
0
0
0
0
0
0
0
0
0
0
0
0
0
0
0
0
0
0
0
0
0
48053
46293
0
0
0
0
0
0
0
0
0
0
0
0
0
0
0
0
0
0
0
0
0
60
56
0
0
0
0
0
0
0
0
0
0
0
0
0
0
0
0
0
0
49157
47589
0
448
0
0
0
0
0
0
0
2364
49
0
205
321
0
0
346
499
417
0
0
0
51090
47698
47011
49057
48610
48780
0
0
47771
160
0
0
0
48596
6225
49782
47357
0
0
0
0
0
0
0
0
0
0
0
0
0
0
840
579
1678
0
0
0
0
0
47969
47789
47745
609
164
0
47171
869
46191
46345
0
0
0
0
0
0
0
0
0
0
0
64
0
0
0
0
0
0
0
0
0
0
0
0
0
0
0
0
0
0
0
0
0
0
0
0
0
0
0
0
0
0
0
0
0
0
0
0
0
0
0
0
0
0
0
0
0
0
0
0
0
0
0
0
0
0
0
0
0
0
0
0
0
0
0
0
0
0
0
0
0
0
0
0
0
48976
49284
3840
0
106
0
0
0
0
0
0
0
12
0
339
0
454
0
48282
49804
50037
47655
608
92
0
0
0
0
58
0
0
0
0
0
0
47775
0
0
0
0
0
0
0
0
0
0
0
0
0
0
0
0
0
0
0
0
0
344
0
0
989
9
0
0
0
0
0
0
0
0
0
0
0
0
0
0
0
0
0
0
47091
46580
0
0
0
0
0
1073
0
0
2127
184
0
381
0
33
0
615
0
0
0
0
0
0
0
0
198
0
2009
2120
1234
74
0
144
0
67
0
0
0
0
1517
0
0
0
0
0
0
0
0
0
0
0
0
0
0
0
0
0
0
0
0
0
2134
48840
2309
47609
50648
48821
0
662
439
0
0
0
0
0
48640
49105
48681
48884
48096
49688
0
0
0
0
0
0
0
0
0
0
375
0
0
0
0
0
0
0
0
0
0
0
0
0
0
0
0
0
0
0
0
0
0
0
0
0
0
0
0
0
0
0
0
46437
47781
46920
46096
0
0
0
0
0
0
0
0
0
0
0
0
0
0
0
0
0
0
0
0
0
0
0
0
0
0
0
0
2078
0
0
0
46292
48041
2615
918
188
2615
0
0
0
0
0
0
0
0
0
0
0
46288
47335
0
0
0
0
0
0
0
1401
3124
48342
45678
46546
1407
0
0
0
0
0
0
0
0
0
0
0
0
0
0
0
0
0
0
602
518
261
518
0
0
0
0
0
201
0
0
0
0
0
0
0
0
0
0
0
0
0
0
0
0
0
0
0
0
0
0
0
0
0
0
48216
372
0
0
0
0
0
0
0
0
0
0
0
0
0
0
0
0
0
0
0
0
0
0
0
