400
1644
4716
5352
28632
50192
107328
410104
1069960
4013440
3810736
24009536
25366448
67854432
120228976
412808640
101690137
527519106
34442282
982388947
492569696
883203059
74392168
741365755
736133628
62932325
776525364
549928121
478961212
646400858
24220865
18291742
426868465
56706789
865749098
345340873
17498646
886373754
926740544
374244404
100787558
163470333
330823607
583359586
354812045
578519
771908669
950566074
811136170
264268311
568974942
283344073
470678431
659830200
997864864
445974099
144235017
