2
565260452
233
1
5702887
877938922
1
565260452
10946
959748993
959748993
5
5702887
233
5
877938922
1
21
21
959748993
2
1
544858368
1
5
877938922
671547416
1
21
583861472
544858368
21
233
233
2
5702887
583861472
5702887
583861472
5
233
21
1
671547416
671547416
877938922
583861472
583861472
671547416
877938922
1
877938922
5702887
959748993
583861472
671547416
2
21
5
2
583861472
1
959748993
671547416
5702887
233
671547416
21
565260452
10946
1
583861472
1
2
959748993
959748993
1
1
671547416
233
21
1
1
5
671547416
10946
21
544858368
233
5
1
544858368
959748993
671547416
10946
959748993
10946
1
2
2
21
565260452
5
5702887
671547416
2
1
1
671547416
544858368
2
5702887
1
671547416
959748993
21
544858368
565260452
583861472
1
5702887
2
544858368
233
1
21
1
671547416
565260452
544858368
233
233
2
583861472
2
5
1
583861472
5702887
5
2
5702887
1
5702887
10946
1
5702887
877938922
2
877938922
1
233
1
1
877938922
5
565260452
671547416
21
233
21
565260452
5
671547416
877938922
2
565260452
877938922
583861472
565260452
5
1
1
544858368
2
2
877938922
959748993
5
5702887
5702887
1
2
2
1
671547416
5702887
671547416
565260452
5702887
5
10946
959748993
959748993
877938922
10946
5702887
565260452
544858368
1
5702887
671547416
1
877938922
1
233
1
583861472
1
1
2
671547416
10946
671547416
21
5702887
5
959748993
583861472
233
671547416
2
1
233
1
565260452
1
233
10946
565260452
21
1
21
21
2
5
671547416
2
233
583861472
1
877938922
10946
544858368
1
544858368
877938922
1
959748993
959748993
10946
1
565260452
583861472
671547416
565260452
671547416
583861472
877938922
959748993
21
544858368
565260452
5
1
1
544858368
1
877938922
2
565260452
2
5
1
10946
5
5
10946
233
5
877938922
21
959748993
1
671547416
544858368
5702887
10946
21
583861472
583861472
1
671547416
1
671547416
5702887
5702887
544858368
1
877938922
959748993
5702887
1
21
5702887
233
1
877938922
233
10946
1
5
233
1
5
1
1
21
877938922
671547416
565260452
565260452
959748993
583861472
2
565260452
583861472
21
21
583861472
1
2
5
1
