790402794
384686288
410399264
859472436
897111623
13518894
557016077
459569179
710312769
780813992
963642306
67333181
926493742
37749236
214938069
132268975
406288103
471620593
329053041
742303521
945886774
794090652
372073491
572392633
434952598
622763147
548225748
485711863
36771328
761636426
399102198
969154778
60666470
181443005
76798093
474155465
651340079
596270980
864890671
303553425
388745685
928837942
2
277661753
738735786
939262869
834899772
397869963
160276790
693327571
363934626
633035543
571741674
440439767
660307947
733624919
964408178
561170897
455378176
624163278
282088845
562622513
588399644
353832296
298172301
579623434
5395796
29083902
815960754
944739087
659465705
826064483
556149791
155806073
894965619
365951882
36508259
918611160
546844486
286525687
817941070
189140674
212113590
662543175
649793738
658413731
422664730
233101017
694882723
829014300
495834379
37095311
185384950
487956980
113152367
752371625
957413081
756459442
894640711
81135606
826517866
199795829
66892974
875459346
418005531
173822171
10946
235381549
761178554
173450716
458504940
128066351
403541745
948719336
100529986
363428357
7870995
252594333
754420593
942368310
78821055
978962517
732917586
71079628
668390000
573741449
408069436
334734867
966773877
408323493
797040472
663865434
2
352421806
897519338
573461365
148977779
476513655
337726351
601444510
878458781
79201238
267132477
281762276
490769482
359765360
739133665
871197497
816475925
618387146
830350356
699429647
755007770
662240532
184968022
449067531
39141976
259473921
734693560
499414439
967526067
97858761
705951111
467016167
746344848
147471492
56805505
978947126
159088206
343794875
279094800
157688361
656091651
650678429
542207600
316076514
41890050
567736596
547956988
571035260
678000742
234074687
743024902
610396352
917558412
37811076
898603244
475921123
199950692
103776489
533318367
575757333
661413283
980746081
501914168
409643334
441075630
509984278
337384447
294715264
78432736
981762248
31502407
883044963
314146088
485224627
246853508
379532776
733702673
997740256
352451933
956095559
250329767
788492590
449935237
916979625
90953966
524417410
3202623
843601769
83132961
959240236
650292641
656746917
656039983
167672906
584522420
546893729
979988225
678871205
869679597
448199282
537967286
222921200
727330199
541506302
883898177
870729500
958620449
214918589
666069148
772762573
621403830
494696181
701391402
582190822
336146491
283469010
852816974
994305631
449473168
484584160
869231762
505329870
805162554
696817344
299264015
917506482
976259702
12726424
92265751
846662165
286920982
961193754
461968435
233
475772097
830060418
519616299
947100109
664063422
520631779
225780639
338577479
406593537
180625329
896276973
880633836
623728600
289247672
437968294
610046881
23230248
375083425
356473636
608549781
88588840
948658635
599262515
311303793
9749144
193906007
396667374
168210887
162637166
277661753
126578112
119426950
933963708
700779545
492549679
198460883
79184975
23815051
718860739
805008709
526458003
195785241
426161762
603381330
421457754
88577514
178089351
768124730
426660182
142049431
742645580
58395166
205176875
377068632
148058605
780461208
234567783
262909236
651771147
685854193
738270537
312084154
488532221
611383891
869740444
492654153
922756997
741282548
800181967
570800294
965173130
620222282
550723626
470967405
562844123
370300518
518522290
551802581
150000094
722932769
398310791
971731596
425079800
52033937
95077064
995898218
615440602
808988589
872862745
590548399
269460297
748560337
498275109
428157124
183972356
385257892
409194272
982311549
310905342
565577116
645158289
96172981
304768430
10229555
586939765
269390901
404414232
516327705
608667553
397763417
56111182
125870064
997101649
72867362
820593535
900821032
273958227
113191730
112208375
616759638
383813728
354481642
864135904
114984486
268089135
876572178
414065800
585740074
148386190
508992210
301488332
420472347
106362098
292294576
750000619
731346184
787311726
975891651
560795982
580085713
806541175
696152052
598826156
65383799
477170897
191107925
