550882916
846804524
135331861
95079553
17418053
724175614
200651362
23417331
269153457
833142055
627903326
510669337
563252463
269662589
310873150
604624374
705988334
470610808
15337528
135862631
932374856
207200360
661938592
515370955
2
611531083
348238118
213264973
664004434
128530436
487083534
324414603
474340489
738742077
271811317
314836593
740743372
803869882
670037218
17796226
700437620
277932592
698913059
856394820
343804086
48328188
667229036
982875598
308366175
675455274
305708689
384228723
187358662
383420112
686499210
812199989
280522922
9149270
486659130
485958605
261984155
412815257
316523913
683089107
8109877
713690765
159633718
53078315
639780889
130347297
580660089
327552581
633398814
483711857
968458515
580061466
929878890
582802796
552366492
436618254
106425434
884016943
893062237
286988417
234524849
431802863
582845222
600566535
302095348
269633230
648184172
558577829
184068132
126292603
58901412
575913280
915277198
397282063
478709767
11404843
909047706
676949159
367379491
741330959
813774845
332176428
416392747
465451545
925620910
905089266
188447584
778867528
570225642
289446689
449386784
730923060
89522570
368129105
551578342
759329379
965712329
421251995
428525064
254226729
498766933
5675218
121731465
595886879
264006362
18429728
75578578
642103869
32028352
412606607
898824657
399032728
527033061
624464219
4152846
275091529
342063312
595642524
795004264
145752381
836960556
757362830
193136769
844187776
78566294
267040531
297086218
175113359
5
487436043
827743747
618679185
852632362
414206147
292351485
117298688
923229031
735902835
194387250
898720776
678503120
92346718
162644357
18294874
22138095
397857654
454797346
24974065
194597262
848692542
726277172
136660645
719996077
432312480
383666879
575926579
375917772
492454179
244496928
168437998
981606560
313746017
725315147
648101743
964784257
159215362
278268816
857671055
620372436
158629551
135808929
18555793
156674224
634214521
75086217
918274067
365951882
817750656
339420913
564018448
182146494
97685629
975686182
952218261
568442514
129171372
873096814
201293173
636128185
911902457
369797161
612306443
78260183
839428502
746908932
858491861
716416675
896391145
20573835
894453559
997529395
274061174
878846604
919511033
724145564
505597351
977498398
203675008
892619078
199434708
766201694
194344639
10364906
427795594
28756544
728738700
33586367
353377923
998063533
594569316
444697066
267989635
993617860
76437621
31075071
281011846
347963174
869978084
135567497
601233569
245603144
223170387
233
88470965
465255478
965769775
731901671
950293908
905465386
290536489
864154253
246354474
434980
401825756
399020352
39091179
770984368
481364596
925667158
89365152
179482068
508139358
131978149
565742712
462085248
628736047
932740807
838269727
912457764
735257424
744291258
22341838
304064876
70412010
316595989
575804804
896073867
601489819
312917760
927019989
893559504
154831358
426530471
565798969
939971026
219388234
105459970
374001304
20498608
959788812
502000226
125452190
488879051
922886301
953451384
44447230
801619084
829194654
108429341
144264072
345805183
10943159
94175993
421157505
65941927
972732004
337807642
289997202
606884455
132779685
95986621
23786578
541883989
742586690
107079915
348022802
85534731
983155048
43714500
146303006
995087653
655979183
179265838
700036566
620126772
153186171
64661102
358172390
614961268
547398885
758810393
895557897
451883618
546541106
543416570
849201545
36264019
108939142
963947876
860740400
797014587
352376248
873559850
144580296
551906716
549778861
929994509
299048444
609718905
487352849
193569586
456822963
552973831
378818185
757510307
626321512
937697063
409051101
749822962
51160737
965676525
994394782
361486540
647701530
157623263
431953476
210255434
231954508
879251953
801882622
590575062
558591744
283605380
362572880
813404667
855721549
269477881
70939409
873683701
555809899
788156657
385398452
313248599
349140367
558293465
490562201
439801029
187433223
508163488
969806574
723378584
400879424
203205916
550059141
359798829
626695011
289453043
126753539
191191925
884888414
612440916
818896549
280615169
79194674
704894541
852249737
578498978
357902183
289714132
801598982
203282562
502430197
771617837
301488332
551645430
237539411
103061597
767153566
737385375
360773715
118597400
729976004
225345389
814826689
978930392
236292048
604508178
915608159
611819873
934502769
136894323
542113059
604015988
540924774
825147561
272936993
139229473
629091403
96006748
711652512
485956614
791822246
43941489
452400114
605841759
585878402
291582464
865107593
839574612
647437666
366341651
161284000
686316018
981135858
522926744
652994186
655709998
144604544
783028925
284140445
942084815
949924732
188312809
584814675
237523532
595148996
574286717
260164796
183299021
21502317
161786437
95934258
463330859
926676131
641651871
542064385
777672229
54441289
47691776
350974574
732890193
989610388
604484894
241741952
542391781
977743423
789140388
129171372
112229614
352927484
506579678
596188465
901959458
740636823
667584971
297514388
442108145
665913478
78298073
20664850
103274365
890366574
249910876
980647650
39329760
850877084
652546746
236395949
661060431
246956881
440949388
426746947
275864317
830513828
570126372
198680120
397504634
352843487
9456168
654455009
90497713
257776982
517708860
662984884
618571047
83464947
996562856
476988790
621456499
297428783
751775111
502036158
5702887
740947400
311020545
736767954
935622277
1
540961624
417565056
731605216
192959987
123896062
185510509
635385572
531384127
164653146
636043148
633035607
295976353
10784894
470729146
459010837
62085247
759917807
301006606
142314863
502821623
1148820
446044476
837209195
402550134
954791772
472374777
695457108
723437188
69731182
45965546
801973023
597882551
330340958
938164997
353406980
78390778
99873782
348957192
844107900
81403597
422900997
328806609
749328260
531802589
575317431
814814054
640328092
732882139
218477930
547491883
919801888
538317077
757355397
460562104
144631480
626371318
445375678
900292488
194171377
454957987
10136482
489336968
179452579
426159720
390531986
562622513
95734317
960620596
695497193
695457108
350085478
947075758
897683812
453947734
518105823
795033960
532743605
256776272
222056024
64374370
349444863
689054781
651537592
256008249
317120435
215686356
574110816
155403860
41652420
620901976
266902985
986262802
611127029
479626281
628643522
284706441
450439115
286775557
180885511
728393067
980324590
435636060
271496408
257556920
131203729
480069191
571982214
550497023
711358999
686189388
95725457
605384542
470916394
851811147
110337451
768213923
11883004
478076134
615784011
981608968
913117996
805325715
4398094
655757970
514137151
432149497
45661592
61514127
236404527
621512236
881755723
142063603
801701934
884170780
755225601
994970670
558162846
705822403
692277898
819224324
316874209
398884692
918416122
756259475
674382070
134825779
53642586
390666292
330444184
893915903
172089274
180717153
826013887
636180057
347862790
713987153
734126432
88879805
411284774
143594486
306637457
503550368
649745489
77841689
816315023
472343019
330336795
766331137
556784199
237558392
446424401
741138338
608623751
583085479
385691706
425086104
672589460
773151753
886940012
163509595
20310150
820158358
942327114
462708226
631724110
447546084
672557518
493855493
380793414
238457561
926025587
125849422
194903319
616931177
474596531
317812455
418062131
467021836
261162684
682525718
340801833
548539692
620011761
710762992
270462179
421608037
67956606
10861057
846851676
210255434
596717351
618555988
558323851
815294989
243571616
557839678
717503753
836224281
891038887
440406557
579492859
758683905
189016090
217350423
861724936
647816805
501932089
467707635
354654767
660416359
