773
43
11
34
16
0
16
0
0
0
0
0
0
0
0
0
0
0
0
27
767
734
758
723
13
6
0
0
0
0
0
0
0
0
6
747
738
711
717
727
751
29
1
0
728
717
745
714
727
711
719
763
0
0
0
18
6
0
557
731
713
20
4
3
29
0
4
0
0
0
0
0
0
758
731
738
730
731
742
730
0
0
0
0
0
0
0
0
0
9
0
0
0
0
0
28
21
13
0
13
0
11
0
0
0
8
0
0
0
0
0
67
720
726
717
14
27
11
0
19
13
10
20
22
24
14
711
0
0
0
0
0
0
0
0
0
15
0
0
0
0
786
718
10
750
748
737
734
764
0
20
0
0
0
393
390
1
6
0
0
0
0
0
0
419
746
738
0
3
0
9
16
0
0
0
734
736
758
737
0
0
753
0
0
0
0
0
10
0
0
10
19
274
274
285
289
285
285
279
0
0
0
0
0
0
0
0
0
0
0
743
0
0
0
0
0
0
25
23
19
1
19
7
729
0
2
0
6
0
0
0
0
747
761
755
7
735
749
13
0
0
719
708
2
0
0
0
0
0
0
0
0
1
15
0
0
0
0
0
0
770
779
8
0
2
717
719
736
736
0
0
0
750
0
741
755
0
0
0
6
0
41
0
0
0
0
726
764
736
756
747
733
753
739
741
727
780
762
704
9
754
0
0
0
10
730
743
733
0
0
10
784
755
754
750
731
0
0
0
0
0
0
0
0
0
0
0
0
0
0
0
19
8
705
744
732
0
749
779
733
783
734
0
0
0
0
0
0
0
0
0
0
0
0
0
0
735
713
770
708
787
783
730
760
734
730
713
756
717
745
755
751
715
722
708
711
762
727
760
740
0
711
0
0
0
0
0
0
0
0
0
0
14
0
0
0
0
0
0
0
732
0
763
9
727
751
0
746
748
734
12
739
733
774
770
733
728
726
774
727
739
733
36
772
762
729
726
51
54
35
36
738
748
0
1
0
6
0
7
0
0
0
0
7
0
0
3
25
0
0
0
0
708
728
0
719
727
737
0
17
724
2
3
9
1
746
752
19
19
3
0
13
759
760
743
0
0
0
10
3
3
0
0
0
0
0
0
0
0
0
0
2
0
0
0
0
725
744
747
758
756
747
724
734
725
717
777
722
717
748
735
780
782
762
774
736
0
0
11
743
5
33
24
0
0
0
257
249
0
0
747
145
4
0
2
4
0
0
0
0
0
0
8
0
0
0
0
0
0
0
0
0
9
15
0
7
9
5
0
0
5
0
0
0
0
19
8
0
0
705
0
0
0
0
0
0
0
0
744
763
765
751
770
0
0
0
0
0
0
0
0
0
0
0
506
0
0
0
0
2
0
12
0
0
0
725
0
0
0
0
0
0
0
11
0
6
9
9
0
0
0
0
0
0
733
753
12
1
5
4
0
0
0
0
0
0
733
0
0
0
0
0
0
0
0
0
0
0
0
0
0
0
0
21
23
0
9
0
0
0
0
0
0
0
0
0
0
0
0
0
0
0
0
0
0
0
0
0
0
0
0
6
26
27
0
0
0
0
0
0
0
0
0
0
0
0
0
0
0
0
0
0
0
35
10
0
0
0
0
20
20
20
753
736
732
0
0
0
0
0
0
0
0
0
0
0
0
0
0
0
0
0
22
24
44
0
0
20
16
3
6
0
24
0
0
0
6
9
776
733
746
731
0
0
0
2
0
720
711
0
0
0
0
0
0
0
0
0
0
0
0
0
0
0
0
0
0
0
0
0
728
11
0
31
0
0
0
0
0
0
4
0
0
0
0
0
0
0
0
0
0
0
0
0
0
0
0
0
0
0
0
0
731
769
726
767
756
751
758
745
741
0
0
0
0
0
0
0
0
0
0
0
0
0
0
0
0
0
730
780
4
8
4
23
11
0
0
0
0
0
0
0
0
0
0
0
0
0
711
0
0
0
0
0
0
0
0
0
758
742
745
0
0
0
0
0
0
0
0
717
736
748
743
757
717
724
727
14
0
16
0
731
0
7
0
5
0
1
0
708
749
0
0
0
0
0
0
0
16
0
726
20
0
0
0
0
9
13
4
42
39
12
1
0
1
772
720
1
0
718
753
720
0
19
21
739
754
731
24
0
725
741
705
750
729
729
729
0
0
0
762
742
742
733
773
762
753
735
740
0
10
0
0
0
0
0
0
0
742
12
0
12
7
0
0
0
8
0
0
0
0
0
