0
0
0
0
0
0
0
0
0
0
0
0
0
0
580
815
46524
0
0
0
0
0
0
0
0
0
0
0
0
0
0
0
0
0
0
0
0
0
0
0
0
0
0
0
0
0
0
0
0
0
0
0
0
0
0
0
0
0
0
0
0
0
40931
963
0
0
0
0
0
0
0
0
0
0
0
0
332
1418
0
0
0
0
0
0
0
0
0
0
0
0
517
0
2253
173
0
0
0
0
0
0
0
0
0
237
0
0
0
0
0
48745
264
1133
48576
46891
47994
0
0
1218
0
46036
47867
49443
2428
47482
46233
46864
47996
0
0
1322
2610
116
404
2610
2891
281
239
0
0
71
0
0
71
0
71
0
245
0
211
0
46529
49525
47976
50146
884
1165
1921
0
0
0
0
0
0
0
0
0
0
0
0
0
371
0
0
0
0
3
0
0
0
0
0
49
0
0
0
0
0
0
0
0
0
0
0
0
0
0
0
0
0
0
0
0
0
48139
0
0
0
0
0
0
0
0
0
0
0
0
0
0
0
0
0
0
0
0
26
0
0
0
0
0
0
0
0
0
0
0
0
0
0
0
0
0
0
0
0
0
0
0
0
0
0
0
0
0
0
0
0
0
0
0
0
0
0
0
0
0
0
676
0
49828
0
0
0
48344
47987
48973
350
0
0
0
0
0
46065
46257
47939
46970
45958
48187
0
0
0
0
0
0
0
1495
48626
48907
48072
48343
0
0
0
0
0
0
0
0
561
348
786
472
472
472
0
0
0
0
0
0
0
0
0
0
0
0
0
0
0
0
0
0
0
0
0
0
0
0
0
0
0
0
0
0
0
0
0
0
0
0
0
0
0
0
0
0
0
0
0
12
0
0
0
0
0
0
0
0
2023
0
0
0
0
0
0
0
46211
0
0
0
48001
48097
45878
0
0
0
0
0
0
0
0
0
0
0
322
0
0
0
0
0
0
0
0
0
0
0
0
0
0
0
0
0
0
0
0
0
0
0
0
0
0
0
0
0
0
0
0
0
0
0
0
0
0
0
0
0
557
943
0
0
0
0
0
0
0
0
0
0
0
0
5
0
110
0
22
0
0
0
0
0
0
0
0
0
50036
48620
50158
49043
0
519
41094
40272
0
0
0
924
0
0
48123
48913
46983
5
0
0
0
0
0
0
0
0
0
0
0
0
0
0
0
0
898
898
898
0
0
0
0
0
0
0
0
0
0
0
0
0
0
0
0
0
0
0
1
0
0
0
0
0
0
0
0
0
49056
2493
1883
3204
3319
46638
48870
0
0
46487
1931
2655
3377
0
0
1099
0
0
0
0
0
0
0
0
0
0
0
0
0
0
0
0
387
0
474
0
0
0
46689
48986
47147
47917
46898
48620
47309
48442
0
0
0
0
0
0
0
0
0
0
0
0
0
0
0
0
0
0
0
0
0
0
0
0
0
0
0
0
0
0
0
0
0
0
0
0
0
0
0
0
723
0
0
0
0
0
0
0
0
0
0
0
0
0
0
0
0
0
0
0
0
48260
46847
48362
48812
0
0
0
0
47563
47090
47
0
0
0
47713
0
1180
23
0
0
1714
1909
1070
48783
47581
0
0
0
0
0
0
15
0
0
47470
47484
0
0
0
0
23
0
23
0
23
46648
46648
1214
1214
0
0
0
0
0
972
0
0
0
0
0
0
0
0
0
0
0
0
0
0
0
0
0
0
0
0
0
0
0
0
0
0
0
0
0
0
0
0
0
0
0
0
0
0
0
48916
49990
48266
0
1887
0
1230
1975
890
0
0
0
0
0
0
0
0
0
0
0
0
0
0
0
0
0
0
0
0
0
0
0
0
0
48707
48712
48675
46868
47234
50477
394
924
1221
0
200
0
0
49885
46991
46644
47762
46679
50141
49499
47345
1576
47760
48767
49196
48447
49654
51117
47625
49417
47538
48785
49234
670
0
0
0
0
0
0
0
0
0
47454
47314
45890
0
0
0
0
0
0
0
0
0
0
0
0
0
0
0
0
0
0
0
0
0
0
0
0
675
0
0
0
0
0
0
0
0
0
0
0
0
0
0
0
48794
0
0
41654
41874
42454
373
373
0
0
373
0
0
323
323
0
0
0
0
0
0
0
0
0
0
0
0
0
0
0
0
0
0
0
0
0
21
0
0
0
0
0
0
0
0
0
0
0
0
0
0
0
0
0
0
0
0
0
0
0
0
0
0
0
0
0
0
0
0
0
0
0
0
0
0
0
0
0
0
0
0
0
0
0
0
0
0
50793
0
9
0
0
0
0
0
0
0
0
0
0
0
0
0
0
0
0
0
0
0
0
397
48529
0
0
0
0
0
0
0
0
0
0
0
138
0
0
511
0
55
0
47354
1001
241
1044
0
709
801
48907
47191
0
0
0
0
0
0
0
0
0
0
0
0
43009
42431
0
0
0
0
46933
0
0
0
0
0
0
0
0
0
0
601
811
0
0
0
0
0
0
0
0
0
0
0
0
0
0
0
0
0
0
0
0
746
0
0
0
0
0
0
48257
46511
46766
0
0
0
0
0
0
0
0
0
0
0
0
0
0
0
0
0
0
0
0
0
48330
0
578
0
0
1094
0
0
1316
571
0
63
51318
47812
0
0
0
0
0
46134
0
2644
47579
48646
0
0
47380
47272
50362
50177
48075
30
0
0
230
48735
0
0
0
0
0
0
0
0
0
1777
1777
0
0
0
0
0
0
0
0
0
0
0
0
0
0
0
0
0
0
0
0
0
0
0
0
0
0
0
0
0
0
0
0
0
0
0
0
0
0
0
0
0
0
0
0
0
0
0
0
0
0
48602
47204
49354
478
478
0
0
0
0
0
0
0
0
0
0
4336
357
943
0
0
0
0
0
0
0
0
0
0
0
0
46737
0
0
0
0
0
0
0
0
0
0
0
0
0
0
0
0
47723
48925
47896
46757
49749
49754
49385
0
0
0
0
0
1136
48105
49029
49588
145
47342
47577
45821
48425
698
0
0
0
0
779
0
0
962
1485
534
0
0
0
46330
47415
0
0
0
0
0
0
0
0
0
0
0
0
0
0
0
0
0
0
0
0
0
0
0
0
0
0
0
0
0
0
0
0
0
0
0
0
0
0
0
0
0
0
0
0
0
0
0
0
0
0
0
0
0
0
0
0
0
0
0
0
0
392
0
0
0
392
0
0
0
0
0
0
0
0
0
0
0
0
0
0
0
0
0
0
0
0
0
0
0
307
0
0
0
0
0
0
0
0
48602
0
0
0
0
0
0
0
0
0
0
0
0
0
0
0
0
0
0
0
0
0
0
0
0
46689
46411
0
0
0
0
0
0
0
0
0
0
0
0
1497
0
0
0
0
0
0
0
0
0
0
0
0
0
0
0
0
0
0
46355
2794
2508
2345
1205
50146
48022
47993
49423
47888
47269
0
0
0
0
0
0
0
0
0
0
0
0
0
0
0
0
0
0
0
0
0
48261
48360
46957
50112
50124
0
0
0
0
2344
0
0
0
48893
0
0
0
0
0
0
0
0
0
0
566
47622
49004
46067
0
0
0
0
0
0
0
0
0
0
0
0
0
0
0
0
0
0
0
0
0
0
0
0
0
0
0
0
0
0
0
0
0
0
0
0
0
0
200
0
0
0
0
0
0
0
0
45932
1473
1473
206
928
0
0
0
0
0
0
0
0
0
46738
0
0
1412
266
46977
46893
47616
46476
47223
46716
32
0
0
0
0
0
0
0
0
0
0
0
0
0
0
47606
0
0
0
2028
2125
455
45948
0
0
0
0
2035
1186
0
0
0
0
0
0
0
0
0
0
0
49988
47256
48629
0
0
0
0
0
0
0
0
0
0
41406
0
0
0
0
0
0
0
0
0
0
0
0
1141
1141
1141
0
0
0
0
0
0
0
0
0
57
184
0
0
55
0
46554
46373
47949
0
50249
47080
47151
47352
49846
50471
49818
49556
47484
49902
47434
47754
47878
0
1762
46675
193
0
697
74
0
0
0
0
0
0
0
0
0
0
0
0
0
0
0
0
0
0
0
0
0
0
0
0
0
0
0
0
0
0
0
0
0
0
0
0
0
0
0
0
0
0
0
0
0
0
48877
0
44165
45685
49222
47018
47518
0
0
0
0
0
0
0
0
0
0
0
0
607
0
0
0
0
0
0
0
0
82
0
0
0
0
0
0
0
0
0
0
0
0
0
0
0
0
0
0
0
0
0
0
0
0
0
0
0
0
0
0
0
0
0
0
0
0
0
0
0
0
0
0
0
0
0
0
0
0
0
0
0
0
0
0
0
0
0
0
46443
198
0
0
0
47593
0
0
0
0
0
0
0
0
0
0
0
1315
0
0
0
0
0
48142
48315
48174
47829
47766
48672
48950
0
0
0
0
0
0
0
0
0
0
0
0
0
0
0
0
0
0
0
0
0
0
0
0
0
694
0
0
379
0
0
159
0
443
0
0
0
318
0
443
0
0
0
443
9
0
0
0
443
20
395
0
0
0
0
0
0
0
0
0
0
0
0
0
0
0
0
0
0
0
45805
0
0
0
0
49476
49867
0
0
0
0
0
0
0
46180
49572
48719
47090
48054
0
0
2
0
0
46475
46737
0
0
0
0
0
0
0
0
404
36
243
0
0
0
0
0
0
0
0
0
0
0
0
0
47281
5574
49991
48762
49239
48760
47798
0
6
0
0
0
0
0
0
0
0
0
0
0
0
0
0
0
0
0
0
0
0
359
0
0
0
0
0
0
0
0
47554
0
0
0
0
48619
50496
49553
48716
48823
0
0
0
0
48500
0
0
0
51
0
0
0
0
0
0
0
0
0
0
0
0
0
0
0
0
0
0
0
0
0
0
0
0
0
0
0
0
0
0
0
49094
0
1539
4645
4438
3927
3669
3686
530
2207
0
119
593
50098
49548
0
0
0
0
0
0
0
0
0
0
0
0
0
0
0
0
0
47287
48560
46317
0
0
0
0
0
0
46386
0
0
0
0
0
0
49312
49194
48880
50571
353
1393
0
0
0
0
0
0
0
0
0
0
0
0
0
0
0
0
0
0
0
0
0
0
0
0
0
0
0
0
15
0
0
0
0
0
0
0
0
0
875
0
46667
0
0
0
0
0
0
0
0
0
0
0
0
0
0
0
0
0
0
0
0
1500
0
1343
411
0
0
0
0
0
0
28
317
0
0
0
0
0
0
48305
49510
47505
48428
49279
48251
47193
49498
46440
46683
0
0
0
0
0
0
0
0
0
0
0
0
0
0
0
0
0
0
0
0
0
0
0
0
0
0
1050
111
0
0
0
0
0
0
0
0
0
0
0
0
0
0
0
0
0
0
0
0
0
0
0
1243
46424
0
0
0
1252
88
0
0
48613
48851
48333
0
0
0
0
0
0
0
0
0
0
0
0
0
0
0
0
0
0
0
928
0
377
1599
785
1599
47459
48012
46431
49427
0
0
0
0
0
0
0
0
0
0
0
0
47774
47789
48467
47725
47491
0
0
0
0
0
0
0
0
0
0
47204
7468
0
0
0
1798
0
0
1998
297
48
97
1650
0
0
0
48194
46868
49332
49189
1061
0
47246
50626
0
0
0
0
0
0
632
702
804
55
0
0
0
0
0
0
0
0
0
260
0
0
46073
49776
49166
48455
46874
47148
48045
0
0
0
0
0
0
0
0
0
0
0
0
0
0
0
0
0
0
0
0
0
0
0
0
0
0
0
0
0
0
0
0
0
0
0
0
0
0
0
0
0
685
45
0
311
0
0
0
0
0
0
0
0
387
0
17
0
0
0
0
0
0
0
0
0
0
0
0
0
0
0
0
0
0
0
0
0
46093
50571
0
0
0
0
0
0
0
0
0
0
0
0
0
47661
0
0
0
0
0
0
0
0
0
0
0
0
0
0
0
0
0
0
0
0
0
0
0
46791
48734
48734
0
0
0
0
0
0
0
0
0
0
0
0
0
0
0
0
1826
0
0
0
0
0
0
0
0
0
0
0
0
0
0
46572
46121
266
0
0
48233
49577
48296
0
0
0
0
0
0
0
0
1972
0
0
0
0
0
0
0
0
50497
48798
50303
547
0
47773
0
0
0
0
0
0
0
0
0
0
1048
322
838
0
0
0
0
0
0
1209
1090
2746
2278
2457
49161
46054
48589
48662
49999
49858
48442
48458
0
0
0
0
0
0
0
0
46627
0
427
0
0
0
0
0
0
0
0
0
0
0
0
0
0
0
0
0
0
0
0
0
0
46979
46764
46979
46979
0
0
0
0
0
0
0
0
0
0
0
0
0
0
0
0
0
0
0
0
0
80
80
0
0
0
0
0
0
0
0
0
0
0
0
0
0
0
0
0
0
0
0
0
0
0
0
0
0
0
0
0
0
0
0
0
0
0
0
0
0
0
0
0
0
0
0
572
0
0
0
0
0
0
0
0
0
0
0
0
0
0
0
0
0
0
0
0
0
12
0
0
0
0
0
46416
0
0
0
49134
49015
49646
48404
49673
1700
2259
0
0
0
0
0
0
0
47466
48404
47182
0
0
0
0
0
0
48925
49075
0
48532
49811
47009
759
759
528
759
759
0
0
0
0
0
0
0
0
0
0
0
0
0
0
2621
1205
47497
47916
48709
49027
0
0
0
0
0
0
0
0
0
0
0
0
0
0
58
0
0
42
1428
2362
2428
46314
47186
48094
47612
0
0
48238
48682
49068
47615
48858
47785
48229
2553
2467
0
0
0
0
0
0
0
0
0
0
0
0
0
0
0
0
0
0
0
47435
46372
0
0
546
0
0
0
0
0
48737
0
0
0
0
0
37
0
0
0
0
0
0
0
0
0
0
0
0
48319
47354
51250
45764
48626
48902
1110
184
50316
49995
49046
0
0
0
0
0
354
0
0
0
0
0
0
0
0
0
0
0
0
0
0
0
0
0
0
0
0
0
0
0
0
0
0
0
0
0
0
111
0
0
0
0
905
775
0
0
0
0
0
0
0
0
0
0
714
0
153
574
0
0
0
48249
47720
49898
49582
51034
0
0
0
0
0
0
0
0
0
0
0
0
0
0
0
0
0
0
0
0
0
0
0
0
0
0
0
0
0
0
47805
48858
339
0
0
0
0
46341
49954
48374
49724
47571
49062
50185
47348
48063
50254
1174
2872
1669
48053
0
0
0
48013
50120
49462
47662
300
236
812
0
0
0
0
0
0
48766
49660
49793
325
49140
191
719
48361
1791
3275
2926
0
0
1208
646
2216
2229
652
0
0
0
719
0
0
0
46825
48054
1499
49578
49459
1568
4945
2878
0
1525
2708
811
50455
49503
482
0
0
705
758
466
46568
817
241
2560
785
2141
0
0
0
0
0
0
0
0
0
0
0
0
0
0
0
0
0
0
0
0
0
0
0
0
0
0
0
0
0
0
0
0
0
0
0
0
0
0
0
0
0
0
0
0
0
0
0
0
0
47154
0
0
0
0
0
0
0
0
0
0
0
0
0
757
0
0
0
0
0
0
0
0
0
0
0
149
0
47180
224
0
0
0
0
0
47787
0
0
0
0
0
0
0
0
0
0
0
0
0
0
0
48146
47552
0
2
0
0
0
0
0
0
47398
47014
49107
49107
48575
48407
0
46865
0
0
0
0
12
0
0
0
0
0
784
1235
0
0
0
0
0
0
0
0
381
381
0
0
0
0
0
0
0
0
0
0
0
0
0
0
0
0
0
1660
0
0
0
0
0
0
0
0
0
0
0
0
0
0
0
0
0
0
0
0
0
0
0
0
0
0
0
0
0
0
0
0
0
0
0
0
0
0
0
0
0
0
0
49384
0
95
0
49538
1304
0
0
1554
829
0
49901
1012
46882
0
0
46990
47367
47367
0
0
0
0
0
0
0
0
0
0
0
0
0
0
0
0
0
0
0
0
0
0
0
0
0
0
0
0
0
0
0
0
0
0
0
0
0
0
0
0
0
0
0
0
0
0
0
0
0
0
0
0
0
0
48840
46620
0
0
0
0
0
0
0
0
0
0
13
0
263
0
216
0
0
0
0
1961
0
0
0
0
0
0
0
0
1925
1925
1925
1925
0
0
0
0
0
0
0
0
0
0
0
0
0
0
0
0
0
0
0
0
0
0
0
0
253
0
0
0
0
0
0
4
0
0
0
0
0
0
0
0
0
0
0
0
0
0
0
0
0
0
0
0
0
0
0
350
0
0
0
0
0
0
0
0
0
0
0
0
0
0
0
0
0
0
0
0
49302
0
48567
0
0
0
0
0
0
0
0
0
0
0
0
0
50436
48027
47777
2006
47244
49009
0
0
45758
47083
47805
47985
0
389
820
0
0
0
0
990
47482
48502
0
1068
1386
1363
47792
79
0
0
0
0
0
0
0
0
0
18
0
0
0
0
557
47452
48127
48169
0
0
0
0
0
0
0
0
0
0
46908
219
643
0
1069
812
64
643
0
0
0
0
0
0
0
0
45164
45164
0
0
0
0
0
0
0
0
0
0
0
0
0
0
0
0
0
0
0
0
0
0
0
0
0
0
0
0
571
0
107
0
0
0
0
0
0
0
0
0
0
0
0
0
0
49019
49118
0
0
0
0
0
0
0
0
0
0
0
0
0
0
0
0
0
0
0
0
0
0
0
0
0
0
0
0
0
0
0
0
0
0
0
0
0
0
0
0
0
47238
46407
46472
0
0
0
0
0
0
0
0
0
0
0
0
0
0
0
0
44157
0
0
0
0
0
0
0
0
0
0
0
0
0
0
0
0
0
0
0
0
0
0
0
0
0
0
0
0
0
0
0
0
0
0
0
0
0
0
0
0
0
0
0
0
0
0
0
0
0
0
0
0
0
0
47394
45851
47688
45927
47418
0
0
0
0
0
0
0
0
0
0
0
0
0
0
0
0
0
0
0
0
0
0
0
0
0
0
235
0
0
1366
0
0
0
0
0
0
0
0
0
0
0
0
0
0
0
0
0
49034
0
0
0
0
0
0
0
0
0
0
0
0
0
0
0
0
0
0
0
0
0
0
0
0
0
0
0
0
0
0
0
0
0
0
0
0
303
0
0
0
0
0
0
0
0
0
0
0
0
0
0
0
0
0
0
0
156
0
0
0
0
0
0
0
0
0
0
0
0
0
0
0
0
0
0
0
0
0
0
0
0
0
0
50544
48739
45620
48862
0
0
0
0
0
0
47093
0
0
0
0
0
0
0
0
0
0
0
0
0
0
0
0
0
0
0
0
0
0
0
0
0
7
0
304
0
0
0
0
0
0
0
0
13
0
19
0
0
0
0
0
0
0
0
0
0
0
0
0
0
0
48337
892
130
0
0
0
637
637
0
0
0
0
0
0
0
0
0
395
606
92
152
46870
0
459
755
948
0
0
0
0
0
0
0
0
0
0
0
0
0
0
0
0
0
0
0
0
0
0
0
0
0
0
0
0
0
0
0
0
0
0
0
0
0
0
0
0
0
1046
2775
0
0
0
0
0
0
47515
0
0
0
0
0
0
0
0
0
0
0
0
0
0
0
0
0
0
0
0
0
0
31
0
1486
877
0
0
0
0
49130
47132
46873
47220
0
0
0
0
0
0
0
0
0
0
0
0
0
0
0
0
0
0
1309
0
0
0
0
47524
46450
0
0
0
0
0
0
0
0
0
48965
47304
48722
49737
47883
0
678
434
1700
45951
48638
46814
47652
47489
48005
0
46230
48568
49852
48474
47783
46907
0
483
0
0
1117
0
0
0
0
50501
49680
47192
48120
51030
51248
49926
0
1518
0
49883
48459
48466
2923
40440
0
0
0
0
0
0
0
0
0
0
0
0
0
0
0
0
0
0
0
0
0
0
0
0
0
39376
40977
0
0
0
0
0
0
0
0
0
0
0
0
0
0
0
0
0
0
0
0
0
0
0
0
0
0
0
0
0
0
0
0
1738
1096
0
0
0
0
0
0
0
0
0
0
0
0
0
0
0
0
0
0
0
0
0
0
0
0
48
0
0
0
0
0
0
0
0
0
0
0
0
0
0
0
47919
288
0
0
0
0
0
0
0
0
0
0
0
0
0
0
0
0
0
0
383
0
48527
50591
48959
0
1132
49526
51361
48340
49622
0
0
0
0
0
0
0
0
0
0
0
0
0
0
0
0
0
0
0
0
0
0
0
0
0
0
0
0
0
39401
474
0
0
0
48323
49803
46577
0
0
0
0
0
0
38
0
0
0
0
0
0
0
0
0
0
0
0
0
0
0
0
0
0
0
0
0
0
0
0
0
0
0
0
0
0
0
50316
47868
48340
48711
47166
49103
49618
48982
48580
49530
47189
1321
48043
48783
46042
0
0
0
0
0
0
0
0
0
0
0
0
0
0
0
0
0
0
0
0
0
0
0
0
0
0
0
0
0
0
0
0
0
0
0
0
47916
46247
0
0
0
47876
5017
4606
4540
0
0
0
0
0
277
0
0
0
9
0
0
0
48849
47146
47875
50966
0
49527
48282
46295
50384
48089
57
0
0
0
0
0
0
0
0
0
0
0
0
0
0
45885
49253
46899
0
0
0
0
0
0
0
0
0
0
0
0
0
0
0
0
0
49524
49001
47459
48581
48151
1099
229
0
0
0
48159
50714
0
361
595
0
0
0
951
104
0
621
0
0
0
0
0
0
0
0
0
48236
47379
0
0
0
0
0
0
0
0
0
0
0
0
0
0
0
48240
48512
47776
48983
47831
49680
0
0
0
0
0
0
0
0
0
0
0
0
453
0
48180
48427
49830
50277
50042
50069
47723
0
47918
47918
0
0
0
0
0
0
0
0
0
0
0
0
0
0
0
0
0
0
0
0
0
0
0
0
0
0
0
0
0
0
0
0
0
0
0
0
0
0
0
0
0
0
0
0
0
0
0
49481
49007
48814
48615
4385
50183
46126
49003
49152
50939
48915
0
0
0
0
0
0
0
0
0
0
0
0
0
0
0
0
0
0
0
0
0
0
0
0
0
0
0
335
0
0
0
0
0
0
0
0
0
0
0
49540
48087
1478
48268
0
0
0
0
101
0
47403
48434
325
325
0
1331
265
0
0
0
9
0
0
0
0
0
0
0
49474
48220
50405
48813
50754
163
0
48321
50309
47275
49118
2102
48269
50344
47801
50149
48087
167
0
0
384
384
0
557
0
0
0
0
0
0
384
0
0
0
0
0
0
0
59
0
0
0
0
0
93
0
42654
0
0
0
0
0
0
0
0
0
0
0
0
0
0
366
1716
1713
0
0
49581
1344
0
0
0
0
0
0
0
0
0
0
0
0
0
51534
46852
50935
0
0
1672
0
0
0
0
0
0
0
0
0
0
0
0
0
0
0
870
1715
1716
1431
882
918
0
0
0
0
0
0
0
0
0
0
0
0
0
0
0
0
0
0
0
0
0
0
0
0
0
0
0
0
0
0
0
0
0
0
46339
47962
47347
48500
48500
48500
47832
48500
47608
45682
48500
0
0
0
0
0
0
0
144
342
0
0
0
0
0
0
0
0
0
0
0
0
0
0
0
0
0
37
0
0
0
682
0
0
0
0
