47711
0
0
0
0
41217
41217
0
0
0
0
0
0
48529
0
0
0
0
0
0
0
0
0
0
0
0
0
49910
48131
47130
48422
47423
49495
49073
49122
2797
1459
964
755
811
50586
48817
47928
49664
49098
47820
49287
49629
50519
292
0
0
0
0
0
47552
49356
46950
47730
47261
0
205
924
1518
1460
657
449
0
0
181
0
46644
46960
47518
48175
48272
0
463
0
984
0
805
514
695
565
1055
47252
50925
0
0
0
0
0
0
0
0
0
0
0
0
49080
48597
49967
47493
0
190
0
45
0
0
0
0
0
0
0
0
0
0
0
0
0
0
0
0
0
0
0
373
373
373
0
0
0
0
0
0
0
0
48950
49156
47352
45962
0
0
0
0
0
0
0
0
0
0
0
0
0
0
0
0
0
0
0
0
0
0
0
0
0
0
0
0
0
0
0
0
0
0
0
0
0
50474
49808
46572
49080
47690
49907
50616
49571
48877
1712
49294
0
0
0
0
0
0
338
352
832
0
0
0
0
0
0
0
0
0
0
0
0
0
0
0
0
0
0
0
0
0
0
47955
49108
0
0
0
0
0
0
0
0
0
0
0
0
0
1741
2549
2042
0
0
0
0
0
0
0
280
0
0
0
0
0
0
0
0
0
0
0
0
0
0
0
0
0
0
48308
0
0
0
0
0
0
48263
46745
0
0
671
0
487
671
0
0
0
0
0
259
609
609
47962
48133
48303
50429
0
0
0
45596
46469
47688
47237
0
0
0
0
0
0
0
0
0
0
0
0
0
0
0
0
0
0
0
0
49161
50302
50443
47246
47565
2056
0
0
0
0
0
0
0
0
0
0
0
0
0
0
0
0
48797
0
0
0
49921
1336
0
0
0
0
0
0
0
0
0
0
0
0
0
0
0
0
0
48409
0
0
0
0
0
0
0
0
0
0
0
0
0
0
47789
0
0
0
0
44
0
0
0
0
0
0
0
0
0
0
0
0
0
0
0
0
0
0
0
0
0
0
0
0
0
0
0
0
0
0
0
0
0
0
0
0
0
0
0
0
47416
49610
48237
50406
49155
48915
49197
0
0
21
0
0
0
0
0
0
0
0
0
0
0
48198
47510
48267
51019
0
0
0
0
0
0
0
0
0
0
0
46868
0
49128
49321
47486
0
0
0
0
0
0
0
0
0
0
54
0
0
0
0
0
0
0
0
0
0
0
48555
49592
49246
48892
0
0
0
0
0
0
0
0
0
0
0
0
0
0
0
0
0
0
0
0
0
0
0
0
0
0
0
0
0
46273
46501
46501
3583
3583
3583
3583
3583
3583
0
0
0
0
0
0
0
0
0
0
0
0
0
0
0
0
0
0
0
0
0
0
0
0
47904
48734
47379
48503
840
0
0
303
840
49239
48167
47791
51
0
0
0
0
0
0
0
0
0
46177
50435
50154
49219
47177
47228
50397
50243
0
49
0
0
0
0
0
0
0
0
0
0
0
0
0
0
0
0
0
0
0
0
0
0
0
0
0
0
0
0
0
0
0
0
0
0
0
0
0
0
0
0
0
0
0
0
0
0
0
0
0
0
0
0
0
0
0
0
0
0
4
0
0
0
0
0
0
0
0
0
0
0
0
0
1326
0
0
0
0
0
0
0
0
0
0
31
0
0
0
0
0
0
0
0
0
0
0
0
0
0
0
0
0
0
0
0
0
0
0
0
0
0
0
0
0
0
0
0
0
0
0
0
0
0
0
0
0
0
0
0
0
0
47664
49421
46657
49032
47317
0
0
0
0
0
0
0
0
0
0
0
0
0
0
0
0
0
0
0
0
0
0
0
0
1810
2854
0
0
0
0
0
0
0
0
0
0
0
0
0
0
0
0
0
0
0
0
0
0
0
0
0
0
0
0
0
0
0
0
0
0
46013
391
0
0
0
0
0
0
0
0
0
0
0
0
0
0
0
0
0
0
0
0
0
48599
49978
43057
0
0
0
0
0
0
0
0
0
0
0
0
0
0
0
0
0
0
0
0
0
0
0
0
0
0
0
0
0
0
0
0
0
0
0
0
0
0
0
0
0
0
0
0
0
0
0
0
0
0
0
0
0
0
0
0
0
0
0
33
0
0
0
0
0
0
0
0
0
0
359
0
0
330
0
0
0
0
0
0
0
0
0
0
0
0
0
0
0
0
0
0
0
0
0
0
0
0
0
0
0
0
0
0
0
0
0
46918
47879
66
0
0
0
0
0
153
0
0
0
0
0
1095
1095
1095
1095
0
0
0
34
0
0
0
0
325
0
460
0
671
555
0
0
0
0
0
0
0
0
0
0
0
0
0
46
0
0
0
47578
1573
847
45947
0
0
0
0
0
0
0
0
0
0
0
0
0
0
0
0
47905
0
0
0
0
0
0
0
0
0
0
0
0
0
0
0
0
0
0
0
536
0
0
0
0
0
0
0
1366
0
0
2183
1433
0
3556
50098
50499
1927
388
820
0
0
0
268
0
50155
48043
47088
47764
49072
1110
276
0
0
0
49379
49421
0
0
0
0
0
0
0
0
0
0
0
0
0
0
0
0
0
0
0
0
0
0
0
0
0
0
0
0
0
0
0
0
0
0
0
0
0
0
0
0
387
0
0
0
0
0
0
0
0
0
0
0
72
199
0
0
0
0
0
48097
0
0
46759
48125
48069
48107
49156
47311
47497
48283
47790
49061
46708
226
0
0
0
0
365
0
0
0
0
0
0
46782
45975
46261
0
67
0
0
47071
49182
0
0
0
0
0
0
0
0
46304
49240
4124
5254
49229
48410
0
0
49924
49010
51000
48364
2612
47621
0
0
0
42575
42034
42405
678
1027
401
2060
541
2060
558
8071
7101
49991
47822
47967
0
0
0
0
0
0
0
0
0
0
0
0
0
0
0
0
46757
0
0
0
0
128
0
0
0
50923
49132
49051
50527
0
0
0
0
0
0
0
0
0
0
0
0
0
0
0
0
0
0
0
0
0
0
0
0
0
0
0
0
0
0
0
0
0
0
0
0
0
0
0
0
0
0
0
0
0
0
0
0
0
670
351
0
0
0
0
0
0
0
0
0
0
0
0
0
0
0
0
0
0
0
0
0
0
0
0
0
0
532
0
0
0
0
0
0
0
0
0
0
0
0
0
0
0
0
0
0
0
0
0
0
0
0
0
0
0
0
0
0
0
0
0
0
0
0
0
0
0
0
0
0
0
0
0
0
0
0
0
0
0
0
0
0
0
0
0
30
0
0
0
0
0
0
0
1842
417
48295
46319
47692
48358
47192
48809
49059
48294
0
0
47929
0
0
0
0
0
0
0
0
0
0
0
0
0
0
0
0
0
0
0
0
0
0
0
0
0
0
0
0
0
0
0
0
0
0
0
0
0
0
0
0
0
0
0
0
0
0
0
0
0
0
48574
49429
48056
0
0
0
0
0
0
0
0
0
0
0
0
0
0
0
0
0
0
0
0
0
0
0
0
0
46159
0
0
0
156
0
0
49349
49550
49696
47366
0
0
49712
46822
48331
50744
48219
49332
0
0
737
49289
47604
48616
48147
49322
47918
49053
47347
48155
50280
0
0
662
0
0
0
0
4
0
0
0
0
0
0
0
409
0
773
0
1870
1179
88
0
0
50140
47510
49278
50111
0
0
1497
2852
871
0
0
0
0
46607
47053
49159
46860
0
0
0
0
0
0
179
0
1592
286
0
0
0
0
0
0
0
0
0
0
0
0
0
0
0
0
0
0
0
0
0
0
0
0
0
0
0
0
0
46779
0
0
0
0
0
0
0
0
0
0
0
0
0
0
54
0
0
418
0
0
0
0
0
47204
47698
67
0
0
0
0
0
0
0
48996
0
0
0
0
47991
48449
49027
1805
0
0
407
2082
610
49023
50446
1777
0
0
0
0
0
0
0
0
0
0
0
0
0
0
0
0
0
0
0
0
0
0
0
0
0
0
0
0
0
0
0
0
0
0
0
921
909
0
0
0
0
0
0
0
0
0
0
0
0
0
0
0
48888
48607
48738
47711
47845
0
0
0
0
0
0
0
0
0
0
0
0
0
0
0
0
0
48261
8158
2171
0
0
0
0
0
0
0
0
0
0
0
0
217
0
0
0
0
0
0
0
0
0
0
0
0
47896
0
0
0
0
0
0
0
0
0
0
0
0
0
0
48672
0
0
0
0
0
0
0
0
0
0
0
0
0
0
662
0
0
0
0
0
0
0
0
0
0
0
0
0
0
0
0
0
0
703
47893
49980
0
0
0
0
0
0
0
0
0
0
0
0
0
0
0
0
0
0
0
0
0
0
0
0
0
0
0
0
0
0
0
1541
0
78
177
0
822
0
0
0
0
0
0
0
0
0
0
0
0
0
0
107
0
0
0
0
0
0
0
0
0
0
0
0
0
0
49745
48568
48810
0
0
0
48163
0
0
0
51061
0
0
0
0
0
0
0
0
0
0
0
0
0
0
0
0
0
49498
48018
47272
0
0
0
0
0
0
0
0
0
0
0
0
0
0
0
0
0
0
0
0
0
0
0
0
0
0
0
0
0
0
0
0
0
0
0
0
0
0
0
47083
0
0
0
0
0
42571
0
47651
0
0
0
0
0
0
0
0
0
48102
47998
0
48190
50415
46918
0
0
0
0
0
0
0
0
0
0
0
0
0
0
0
0
0
0
0
0
0
0
46990
48350
47334
47347
374
0
0
0
0
0
0
0
0
0
0
0
0
0
0
0
0
0
0
0
0
0
0
0
0
0
0
0
0
0
1936
1936
1480
48982
49754
49230
46725
47897
49612
0
0
0
0
0
0
49090
1385
49495
48783
2073
346
0
0
0
0
0
0
0
0
0
0
0
0
0
0
0
0
0
0
0
0
0
0
0
0
0
0
0
0
45754
45754
45754
0
0
0
0
0
0
0
0
0
0
0
0
0
0
0
0
0
0
0
0
0
0
0
0
0
0
0
0
0
39981
0
0
136
0
136
0
34
0
0
136
136
0
0
0
1533
1441
1255
0
0
0
0
0
0
0
0
184
0
184
0
0
1689
422
422
0
63
0
0
750
48756
49129
49227
48905
0
0
0
0
0
0
0
0
0
0
0
0
0
0
0
0
0
0
0
0
0
48066
47412
47764
261
0
0
0
0
0
0
0
0
0
0
0
0
0
0
0
0
20
0
0
0
0
0
0
0
0
0
0
0
0
0
0
0
0
0
0
0
0
0
0
0
0
0
0
51146
48482
50359
964
0
48749
43
0
0
0
0
0
0
0
0
0
0
0
0
0
0
0
0
0
49363
0
0
0
0
0
0
0
0
0
235
0
0
1275
0
0
0
0
0
0
0
0
47811
48243
48859
48803
48557
47171
47036
49856
46097
0
0
0
0
607
0
0
977
0
0
0
0
0
0
0
0
0
0
0
0
48542
47873
46837
0
0
46048
0
0
0
47881
0
0
0
0
0
0
0
465
0
0
0
0
0
0
0
0
0
0
0
0
379
480
480
0
0
46265
0
46354
0
0
0
0
0
0
0
0
0
0
0
0
0
0
0
0
0
0
0
0
0
0
0
0
0
0
0
0
0
0
0
0
0
0
0
0
0
0
0
0
0
0
0
0
0
0
0
0
0
0
0
0
0
0
0
0
0
0
0
0
0
0
0
0
0
0
0
0
0
0
0
0
0
0
0
0
0
0
0
0
0
0
0
0
0
0
0
0
0
0
0
0
0
0
0
23
50737
0
0
0
0
0
0
0
0
0
47121
49015
47099
0
0
0
0
0
0
0
0
0
0
0
0
0
0
0
821
0
0
0
0
0
0
0
46605
0
0
0
0
0
1267
0
0
0
0
0
0
0
0
0
0
0
0
0
0
0
0
0
0
0
0
0
0
0
289
0
0
0
879
167
0
0
0
0
0
0
0
0
0
0
0
0
0
0
0
49588
49108
0
0
0
0
0
1155
0
0
0
0
0
0
0
0
0
0
0
0
0
0
0
0
0
0
0
0
0
0
57
0
0
0
0
0
0
0
0
0
0
0
0
0
0
0
0
0
0
0
0
0
0
0
0
47037
47729
48228
48228
2
390
0
0
1239
1112
0
0
0
0
0
0
0
0
0
0
0
0
0
0
0
0
0
0
0
0
0
0
0
0
0
0
0
0
0
0
0
0
0
0
0
0
0
0
679
1423
16
1423
775
0
887
0
0
0
0
0
0
0
0
0
0
0
0
0
0
0
0
0
0
0
0
0
0
0
0
0
0
0
0
0
0
0
0
0
0
0
0
0
0
0
0
0
0
0
0
0
47644
0
0
0
0
0
0
0
0
0
0
0
0
0
0
0
0
0
0
0
0
0
47265
0
14
0
0
0
0
0
0
39346
39022
39692
39692
39692
0
0
0
0
0
0
0
0
47968
0
0
0
0
0
0
0
0
0
0
0
0
0
0
0
0
0
0
0
0
0
0
0
0
0
0
0
0
0
0
0
0
441
0
0
0
0
0
0
0
0
0
0
0
0
0
0
0
0
124
0
0
0
0
0
0
0
0
0
0
0
0
0
0
0
0
0
0
0
0
0
0
0
49233
48492
0
46039
47838
48055
0
0
0
0
0
0
1415
0
0
0
76
1481
0
0
0
0
251
0
1438
47096
49241
0
48291
49006
50938
45906
47879
47829
47951
47389
7553
6877
6522
6096
6287
49175
49119
48449
49532
51719
49550
49814
48098
1016
0
0
0
0
0
0
0
0
0
0
0
0
0
697
0
0
0
0
0
0
0
45419
0
0
0
0
0
0
0
0
0
0
0
0
973
0
0
0
0
48409
0
0
0
0
0
0
4
0
0
0
0
0
0
0
0
0
0
0
0
0
0
0
0
0
48465
49162
2524
1438
0
48066
0
0
0
0
0
0
0
209
0
0
0
0
0
0
0
0
0
0
0
0
0
0
0
0
0
0
0
0
51038
51280
48680
49690
45990
49026
47735
0
0
0
595
50
0
0
47611
0
0
1588
46498
47484
47230
50749
47719
48641
48758
0
0
0
0
0
0
0
0
0
0
0
0
0
0
0
0
0
0
0
0
0
0
0
0
648
0
0
0
0
0
0
0
7882
47277
0
0
0
0
0
0
0
0
0
0
0
0
0
0
0
0
0
0
0
0
0
0
0
0
0
0
0
0
0
0
0
0
0
0
0
0
0
0
0
0
0
48693
1470
46672
49571
48510
47539
50211
47774
0
48981
49308
46741
49659
0
0
0
0
0
0
0
0
0
0
0
0
0
0
0
0
0
0
0
0
0
0
0
0
0
0
0
0
0
0
0
0
0
0
0
0
0
0
0
0
0
0
0
0
47490
48263
48987
0
0
0
730
0
0
0
0
0
730
0
49575
0
0
0
0
0
0
0
0
0
0
0
0
0
0
0
0
0
0
0
0
0
0
0
0
0
0
0
0
0
0
0
0
0
0
0
0
0
0
0
0
0
0
0
44324
0
0
0
0
0
0
0
0
0
0
0
0
0
0
0
0
0
0
0
0
0
0
0
1812
0
0
0
47956
47486
0
0
0
0
0
47464
49468
46715
48944
47638
48903
0
0
0
0
0
0
0
0
0
0
0
0
0
0
0
0
0
0
50917
47915
50250
46791
49100
48015
49284
48539
1448
0
0
0
0
0
0
168
0
0
0
0
0
0
0
0
0
0
0
0
0
0
0
0
0
0
0
0
0
0
0
0
0
0
0
0
0
0
0
0
0
0
0
0
0
0
0
0
0
0
0
0
0
0
0
0
0
0
0
0
0
19
0
0
0
0
0
0
0
0
0
0
0
0
0
0
0
0
0
1389
0
0
0
0
0
0
0
539
539
102
539
0
0
0
0
0
0
0
0
0
0
0
0
0
0
0
0
0
0
0
0
0
0
0
0
0
0
48435
0
0
0
0
0
0
0
0
0
0
0
0
823
448
0
0
0
0
0
0
0
0
0
0
0
0
0
0
0
0
0
0
0
0
0
0
0
0
0
0
0
0
0
0
0
0
0
12
0
0
0
0
0
0
0
0
0
0
0
5
0
0
0
0
0
0
0
0
0
0
0
0
0
0
0
0
0
0
0
0
0
0
0
0
0
0
1398
0
46565
46978
0
0
0
0
96
0
1395
49489
0
0
215
0
0
0
0
0
0
0
0
0
46634
0
0
0
0
0
0
0
0
0
0
46445
1935
47963
60
1518
1755
1112
0
0
0
0
0
0
0
0
0
0
0
0
0
0
0
0
0
0
0
0
0
0
0
0
0
0
0
0
0
0
0
0
0
0
0
0
0
0
0
0
0
0
0
0
0
0
0
0
147
0
0
0
0
0
0
0
48485
48434
48291
48114
46924
50207
49606
50377
4901
48001
48934
1793
1975
48951
46766
0
0
0
0
0
0
0
0
0
0
0
0
0
0
0
0
0
0
0
0
0
0
0
0
0
0
0
0
0
0
0
0
0
0
0
0
0
0
0
0
0
0
0
0
0
0
0
0
0
0
0
0
0
0
0
0
0
0
0
0
0
0
0
0
0
0
721
0
0
0
0
0
0
0
0
74
0
1080
843
0
0
0
0
0
0
0
0
0
0
0
0
0
0
0
0
0
0
0
0
62
0
62
49946
47589
49580
0
47332
49811
1225
2111
2111
1391
2111
2111
0
48022
0
2944
1663
48931
0
0
0
0
0
0
0
0
0
0
0
0
0
0
0
0
0
0
46613
47823
0
0
48695
47532
48415
46258
46995
48581
0
0
0
0
0
0
0
0
0
0
0
436
212
92
0
0
0
0
0
0
0
0
0
0
0
0
0
0
0
0
0
0
0
0
0
627
0
0
0
5814
3815
49510
0
0
0
0
0
0
0
0
0
0
0
0
0
0
0
0
0
0
0
190
330
1310
0
0
0
0
0
0
0
0
0
0
0
0
0
0
0
0
0
0
0
0
0
0
0
0
0
0
0
0
0
0
0
0
0
0
0
0
0
0
0
0
0
0
0
0
0
0
0
0
0
0
0
0
0
0
0
0
0
48084
47990
1149
289
0
0
0
0
0
0
0
0
0
0
0
0
0
0
0
0
0
0
0
0
0
0
0
0
0
0
0
0
0
0
0
0
0
0
0
0
0
0
0
0
0
0
0
0
0
0
0
0
0
0
0
0
0
0
0
0
0
0
0
0
0
0
0
0
0
0
0
47832
0
0
0
0
0
0
0
0
0
0
0
0
0
0
48248
47024
0
0
0
0
0
0
0
0
47617
0
0
89
0
293
0
293
0
0
0
0
0
0
0
3134
608
1112
250
47912
46356
0
55
0
177
0
0
0
0
0
0
0
0
0
0
0
0
0
0
0
0
0
0
0
0
0
0
0
0
0
0
0
0
0
0
0
0
0
0
0
0
0
0
0
0
0
0
0
0
0
105
0
0
0
0
0
0
0
0
0
0
0
0
0
0
0
0
0
0
0
0
0
0
0
0
0
0
0
0
0
0
0
0
0
0
0
0
0
0
0
0
0
0
0
0
46039
46501
46501
0
0
0
0
0
0
0
0
0
0
0
0
0
0
0
0
0
0
0
0
0
0
0
0
0
0
0
803
0
49561
48953
49961
49961
49881
0
0
0
0
0
0
0
0
0
0
0
0
14
0
0
0
202
0
0
0
0
0
0
0
0
0
0
48054
46329
48304
49182
1274
46374
47866
49622
47255
49701
0
0
0
0
0
795
435
795
0
676
593
1456
2559
3087
49974
49654
46188
48035
47484
46315
48409
0
0
0
0
1280
1680
466
0
0
0
0
0
0
0
0
0
0
0
0
0
0
0
0
0
0
0
0
0
46836
46437
46011
0
0
0
0
0
0
0
0
0
0
0
0
0
0
0
0
0
0
0
0
0
0
46873
47671
48780
47862
47674
48409
46276
47615
47988
0
0
0
0
0
0
0
0
0
0
0
57
0
0
0
0
0
49353
50082
48184
47349
47270
4184
0
0
0
0
0
49089
48765
1955
1928
414
0
51278
49124
48193
47626
46511
50842
0
0
0
0
0
514
0
0
0
0
0
0
0
0
0
0
0
0
0
0
0
0
0
0
0
0
0
0
47947
48731
0
0
46602
47763
47619
47495
3963
3864
0
0
0
0
0
0
0
0
0
0
0
0
0
0
0
27
0
0
0
0
0
0
0
0
0
1037
0
0
0
0
0
0
2065
145
49860
46414
49048
986
0
0
0
0
0
0
0
0
0
0
0
0
0
0
0
0
0
0
0
0
0
0
0
0
0
0
0
0
0
0
0
0
0
0
0
0
45849
46713
48968
1679
0
0
0
0
0
0
0
29
0
0
0
0
0
47519
0
0
0
594
318
1483
0
0
0
0
0
0
0
0
0
0
0
0
0
0
0
0
0
0
84
0
0
0
0
0
0
0
49204
49365
0
2573
0
0
0
0
0
0
0
0
0
0
0
0
0
0
0
0
0
0
0
0
0
0
0
0
0
0
0
0
0
0
0
0
0
0
0
0
0
0
0
0
0
0
0
0
0
0
0
0
0
0
0
0
0
0
0
0
0
0
0
0
7
0
0
0
0
0
0
0
46844
46030
48220
0
0
0
0
0
0
0
0
0
0
0
0
0
0
0
0
0
0
0
0
0
0
0
0
0
0
1328
1328
1062
0
588
0
0
0
0
0
0
0
0
0
0
0
0
0
0
0
0
0
0
0
0
0
0
0
0
0
0
0
0
0
0
0
0
0
0
0
0
0
0
0
0
0
0
0
0
0
0
0
0
0
0
0
0
0
0
0
0
0
0
0
0
0
0
0
0
0
0
45732
48386
49867
240
0
0
45
0
0
0
0
0
0
0
0
0
0
0
0
0
0
0
0
0
0
0
0
0
0
0
0
0
0
0
0
0
0
0
0
0
0
950
0
0
0
0
0
300
48433
360
0
0
0
0
0
0
0
50736
50490
46956
47507
0
0
0
0
0
0
0
0
0
0
0
0
48424
119
0
0
0
0
0
47211
46380
48163
0
0
0
0
0
0
0
0
0
846
0
0
0
0
0
0
0
0
0
0
0
0
0
0
0
0
0
0
0
0
0
0
0
0
0
0
0
0
0
0
0
0
0
0
49887
48699
47701
49887
0
0
0
0
0
0
0
0
0
0
0
0
0
0
0
0
0
0
0
0
0
0
0
0
0
0
0
0
0
0
220
0
376
0
0
0
0
47821
47267
48888
49705
0
0
49190
49827
51415
47331
47008
47907
49163
47814
2914
0
2300
48374
48720
0
0
0
0
0
0
0
0
0
0
1015
787
0
0
0
0
444
261
2856
1256
0
843
49892
48824
3189
3465
3399
2675
408
0
0
0
0
0
28
214
0
46650
46575
46535
48672
46292
46822
45992
0
0
0
0
0
0
0
0
0
0
0
0
0
0
0
0
0
0
0
0
0
0
0
0
0
0
0
0
0
0
0
0
0
0
0
0
0
0
0
0
0
0
0
0
48912
49567
0
0
0
0
0
0
0
0
0
0
0
0
0
0
0
0
0
0
0
0
0
0
0
0
0
0
0
0
48675
49537
0
49110
0
0
0
0
0
0
0
154
0
0
0
0
0
154
0
0
0
0
0
0
0
0
0
0
49340
47931
48056
47480
47267
51203
48115
386
0
0
48823
0
0
0
0
46886
804
0
50743
244
0
0
0
0
0
0
0
0
0
0
0
49994
49972
48553
0
0
0
0
0
0
0
0
0
0
0
0
0
0
0
0
0
2230
2388
0
0
0
0
0
0
0
0
0
0
0
0
0
0
0
0
0
0
0
0
0
0
0
0
0
48753
48442
47540
47308
48158
48226
46564
46700
46589
48215
47945
0
0
0
0
0
0
0
0
47901
0
0
0
0
0
0
0
0
0
0
0
0
48074
48323
51058
48696
0
0
0
0
0
0
0
0
0
0
0
0
0
0
0
0
0
0
0
0
0
0
48727
48683
49635
0
964
1201
0
0
0
0
400
972
0
0
0
48865
51100
48033
49885
50217
196
0
0
0
1007
0
0
0
0
0
0
0
0
0
0
46150
46855
49254
46705
49297
49297
0
0
0
0
0
0
0
876
51028
0
0
0
0
47768
46597
0
0
0
0
0
0
0
0
0
0
0
0
0
0
0
0
0
0
0
0
0
0
0
0
1568
1122
0
0
0
0
0
48895
204
0
0
0
0
0
0
93
0
49842
48011
48974
49606
48183
46990
47235
47515
0
0
11
34
0
0
0
0
0
0
0
49269
47152
47818
48222
48343
47564
46725
46507
572
887
48900
47437
1671
652
0
0
0
0
0
0
0
0
0
0
0
0
47054
47054
46731
47054
0
0
0
0
0
0
0
0
0
0
0
0
0
49316
518
0
0
0
68
0
0
0
0
0
0
0
0
0
0
22
0
0
0
0
0
0
0
0
0
0
0
0
1012
931
1145
0
0
0
0
0
0
0
0
0
0
0
0
0
0
0
0
0
0
0
0
323
0
1500
47563
0
0
0
0
0
0
0
0
0
0
0
0
0
48049
0
0
0
0
0
0
0
0
0
0
0
0
0
0
0
0
0
0
0
0
0
0
0
0
0
0
0
0
0
0
0
0
0
0
0
0
0
0
0
0
0
0
0
0
0
0
0
0
0
0
0
0
0
0
0
0
0
0
0
0
0
0
0
0
0
44852
44620
0
0
0
0
0
0
0
0
0
0
0
0
0
0
0
0
0
0
0
0
0
0
0
0
0
0
0
0
0
0
0
0
0
0
0
0
0
0
0
0
0
0
0
0
0
0
0
0
0
0
0
0
0
0
0
0
0
0
0
0
0
0
0
0
0
0
0
0
0
0
0
0
0
0
0
0
0
0
49377
0
0
0
0
0
0
0
0
341
0
0
0
0
0
0
0
0
225
0
0
48720
47977
49464
48839
48406
49556
48077
0
1167
0
47925
50841
0
0
0
0
0
0
0
46799
48352
48352
47423
297
2860
908
0
3
0
0
0
0
0
0
0
0
0
0
4
0
0
0
0
0
0
0
0
0
0
47384
48170
48156
275
0
45910
49039
0
855
2073
0
0
0
0
0
0
0
0
0
0
0
50280
48954
48789
48531
49534
0
134
0
49030
49263
51247
47972
0
503
0
2508
50849
48489
50280
48286
333
0
0
0
48044
0
0
0
0
0
0
0
0
0
0
0
0
0
0
0
0
0
0
0
0
0
0
46
0
0
334
0
0
0
0
0
0
46042
0
48323
49928
47484
47850
48099
48161
48688
48191
48914
1316
369
2060
1924
1783
0
47955
0
0
0
0
0
0
0
188
0
0
0
0
0
0
133
0
0
0
0
0
0
0
0
0
0
0
0
0
0
0
0
0
478
0
0
0
0
0
0
308
0
0
0
0
48406
48639
48713
49552
47934
47221
0
0
48547
48898
48294
46942
47354
2042
61
0
0
0
0
48777
47399
48813
0
0
0
0
0
101
0
0
0
0
0
0
0
0
0
0
0
0
0
0
0
0
0
0
0
0
0
0
0
0
0
0
0
0
0
0
0
0
0
0
0
0
0
0
0
0
0
0
0
0
0
0
0
0
0
0
0
0
177
0
458
0
0
0
0
307
0
0
0
0
0
0
0
0
0
0
0
0
0
0
0
0
47278
46589
49503
0
0
0
0
0
0
0
0
0
0
0
0
49448
48689
50041
48247
48903
49062
49514
8398
0
47615
0
298
0
0
0
0
0
0
0
0
0
0
0
0
0
0
0
0
0
0
0
0
0
0
0
0
0
0
0
0
0
0
0
0
0
0
0
0
0
0
0
0
0
0
0
0
0
0
48842
0
0
0
0
0
0
0
47087
47087
0
49820
48075
0
0
0
0
0
0
0
0
0
0
0
540
0
0
41470
0
0
0
0
0
0
0
0
0
0
0
0
0
0
0
0
0
0
525
0
0
0
0
0
0
0
0
0
0
0
6940
48820
106
641
0
0
260
48561
45329
0
0
0
0
0
0
0
0
0
0
0
0
0
0
50108
48414
48018
48151
47579
48394
47786
50459
48223
48160
0
0
48397
2384
47966
0
0
0
0
0
73
0
0
0
0
159
0
0
0
0
0
152
0
0
53
0
0
0
0
1133
0
696
47669
49128
0
0
46806
0
0
370
708
0
0
0
0
0
0
0
0
353
0
0
0
0
47233
2528
46754
49966
0
0
0
0
0
0
0
0
0
0
0
0
0
46561
0
0
0
0
0
0
0
0
0
0
0
0
0
0
0
0
0
0
47562
50684
0
49693
0
253
0
0
0
0
0
0
0
47991
46591
0
0
46560
47709
0
0
1265
0
49668
322
47210
0
0
0
379
905
0
0
0
0
0
48572
0
0
0
0
0
0
0
0
48853
46600
46688
46984
0
0
0
0
0
0
0
0
321
0
0
0
0
0
0
0
0
0
0
0
0
0
0
0
0
0
0
0
0
0
0
0
0
0
0
0
0
0
0
0
48523
0
0
0
0
0
0
0
0
0
0
0
0
0
0
0
0
0
0
0
0
637
2307
1340
0
145
48449
0
0
0
0
0
0
0
0
0
47526
5874
1849
1896
0
0
0
0
0
0
0
0
0
1521
0
0
133
0
0
133
1093
1169
0
0
0
0
0
0
0
46209
46627
0
0
0
0
0
0
0
0
0
0
121
0
0
0
0
0
0
0
0
0
0
0
916
0
0
638
0
0
0
0
0
0
0
0
0
0
0
0
0
0
0
0
0
0
0
0
0
0
0
0
0
2687
0
0
0
0
0
1479
0
0
0
340
0
23
0
0
0
0
0
0
0
0
0
0
0
0
0
0
0
0
0
0
0
0
0
0
0
0
0
0
0
0
0
0
0
0
0
0
0
0
0
0
0
0
0
0
0
0
0
0
0
0
0
0
0
0
0
0
0
0
0
110
0
0
0
0
0
0
0
0
0
0
50893
50843
1424
1777
47584
47403
46303
49629
48076
49453
48155
0
0
0
0
0
47703
47786
47528
0
0
0
0
0
0
0
0
0
0
0
0
0
0
0
0
0
0
0
0
0
261
0
0
0
0
0
0
0
0
0
0
0
0
0
0
0
0
1501
2343
2343
0
0
0
0
0
48052
0
0
0
0
0
0
0
0
0
0
0
0
0
0
0
0
0
49436
49551
49551
0
0
0
0
0
0
0
0
0
0
0
0
0
0
0
0
0
0
47759
0
0
0
0
0
0
0
0
0
0
0
0
0
0
0
0
0
0
0
0
0
0
250
0
0
0
0
0
0
0
0
0
0
0
0
0
0
0
0
0
0
0
0
0
0
0
0
0
0
0
0
0
0
0
0
0
0
0
426
0
0
0
0
0
0
50642
0
0
0
0
0
0
0
0
0
0
0
0
0
0
0
0
0
0
0
47634
948
948
0
0
0
0
0
0
0
0
0
0
46306
0
0
0
0
0
0
0
0
0
0
0
49248
48690
0
0
0
0
0
0
0
0
0
0
0
0
0
0
0
0
0
0
0
0
0
0
0
0
0
0
49778
47915
0
0
0
0
0
0
45915
47199
48292
47057
48860
2533
47693
48813
0
0
0
0
0
46561
48297
47502
49403
0
174
0
0
0
0
0
0
0
0
0
0
48150
49136
47726
48172
49343
48263
46161
48773
0
0
0
0
0
0
0
0
0
0
243
47364
0
0
0
0
0
0
0
0
0
0
0
0
0
0
0
0
0
0
0
0
0
0
0
0
0
0
0
0
0
0
0
0
0
0
0
0
0
0
0
0
0
0
0
0
0
0
0
0
0
0
0
0
0
0
46384
48308
48121
48345
46900
46940
46940
46566
46429
46834
0
0
0
0
0
0
0
0
0
0
0
0
144
1836
2108
597
0
0
0
0
0
0
0
0
0
48394
0
0
0
0
675
0
0
0
0
0
0
0
226
0
0
47473
46762
1934
7144
5480
48977
50141
46934
47430
48181
48061
6
48728
47691
47903
0
49145
50834
0
0
0
0
0
0
0
0
27
0
0
0
0
0
0
0
0
0
2883
2263
49696
47456
47623
444
0
0
0
0
0
0
0
0
0
0
0
494
0
0
0
0
500
0
47094
47790
1198
1292
109
1434
0
0
49066
48338
47390
48315
47394
856
1220
0
82
290
0
0
0
0
0
0
0
0
0
0
0
0
49499
48752
0
0
0
0
0
0
0
0
0
0
0
0
0
0
0
0
0
0
0
44405
44816
44593
43704
0
0
0
0
0
0
0
0
0
0
0
0
0
46651
728
0
46437
49693
48661
268
0
837
0
0
0
0
0
0
0
47839
48726
1616
213
395
49380
49382
50351
48439
47171
47652
50723
49049
49323
50689
47950
48850
48230
0
0
0
0
0
0
0
0
0
0
0
0
48119
0
49017
48727
1615
145
0
47954
0
0
0
0
0
0
0
0
0
0
0
0
0
0
0
0
0
0
0
0
0
0
0
0
0
0
0
0
0
0
0
0
0
0
0
0
771
229
0
0
0
48645
46017
0
0
0
0
0
47996
47700
1666
0
47280
47471
0
46642
0
0
48430
0
0
0
0
0
0
0
0
0
45625
580
0
580
0
0
0
0
0
0
0
0
0
0
0
0
0
0
0
0
0
0
0
0
0
0
0
0
50036
0
0
0
0
0
0
0
0
599
0
0
0
117
0
0
0
0
0
0
47656
50395
49890
47222
47050
50178
48510
48168
0
0
0
0
0
47090
48856
1501
17
1193
0
0
49919
0
0
0
0
0
0
0
1
0
0
0
0
0
0
0
47142
48698
51013
0
0
0
0
0
0
0
900
0
0
0
0
0
0
0
0
0
0
0
0
0
0
0
0
0
0
0
0
0
238
0
0
0
0
0
0
0
0
0
0
49128
0
0
0
0
0
0
47962
46908
47733
48098
0
0
0
0
0
0
0
0
46247
49026
47152
46698
46483
47640
47640
4842
0
45932
45938
295
295
3
295
48700
47400
0
0
0
0
0
49148
48624
0
156
48174
47429
0
0
0
0
0
0
647
435
48832
0
47760
0
0
1213
47576
47792
48526
46706
3977
1759
0
0
48642
906
50364
50108
220
2359
1920
670
0
343
0
0
0
0
0
0
0
0
0
0
0
0
0
0
0
0
0
0
0
0
0
0
0
0
0
0
0
0
0
0
0
0
0
0
0
1058
262
0
0
0
0
0
0
0
0
0
0
0
0
190
0
0
0
0
0
0
0
0
0
0
0
313
0
0
0
332
0
0
0
0
0
1991
0
0
0
416
0
0
416
0
0
0
160
0
962
0
47976
46817
47852
0
0
0
0
0
0
0
0
0
0
0
0
0
0
0
0
0
0
0
0
0
0
0
0
0
0
0
0
0
0
0
0
0
0
0
0
0
48445
0
129
0
0
0
0
0
0
0
0
0
0
0
0
295
0
858
0
0
0
0
0
0
0
0
0
0
0
0
0
0
0
0
0
0
0
0
0
0
0
0
0
0
0
0
0
0
0
0
47477
47354
48162
49172
48535
48932
0
0
48858
49029
682
425
0
0
230
0
0
0
0
47923
0
0
0
0
0
0
0
0
0
0
0
49775
48595
0
0
34
0
0
0
8
34
41371
42850
0
0
0
0
0
0
0
0
0
0
0
0
0
0
0
1316
194
68
0
71
0
0
0
0
0
0
0
0
0
0
0
0
0
0
0
0
0
0
25
9
0
0
0
0
0
48711
0
0
47259
47259
0
0
47496
48567
1121
0
760
0
1252
0
0
0
0
0
0
0
0
0
0
0
103
0
0
0
0
0
0
0
0
0
0
0
0
0
0
0
0
0
0
0
0
0
0
0
0
0
0
0
0
0
0
0
0
0
0
0
0
0
0
0
0
0
0
28
0
0
0
0
0
0
0
0
0
0
61
0
0
0
0
0
0
0
0
0
0
0
0
0
0
0
377
49910
0
0
0
0
0
0
0
0
0
508
0
0
0
0
0
0
47640
50241
485
485
0
0
0
0
0
0
0
0
0
0
0
0
0
0
48223
677
0
0
0
0
0
0
0
0
0
0
0
0
0
0
0
0
0
0
0
0
0
0
0
0
141
0
0
0
0
0
0
47212
47900
46858
0
0
0
0
0
0
0
0
0
0
0
0
0
0
0
0
0
0
0
0
47298
47678
470
470
48176
0
50241
49426
0
1620
86
0
1223
47049
50435
1712
0
0
0
0
0
0
0
0
0
0
0
0
0
0
0
0
0
0
0
0
0
0
0
0
0
770
720
0
0
0
0
0
0
0
0
0
0
2095
2095
0
0
0
0
0
0
0
0
0
0
0
0
0
0
0
0
0
0
0
0
0
0
0
0
0
0
2815
0
0
0
0
0
0
0
1320
0
0
0
0
0
0
55
0
928
0
0
48090
47250
0
0
0
0
99
0
0
0
0
0
0
0
0
0
0
0
14
0
0
0
0
0
0
0
0
0
1344
0
0
345
0
0
227
0
776
0
40890
42317
0
0
0
0
0
0
0
0
0
0
0
0
0
0
0
0
0
0
0
0
0
0
0
0
0
0
0
0
0
0
0
0
0
0
0
0
0
0
0
0
50275
48308
0
46382
0
47329
48209
48164
51041
50782
0
0
0
0
0
0
0
0
0
0
0
0
0
0
50098
2002
86
0
0
0
0
0
0
0
0
0
0
0
0
0
0
0
0
0
0
0
0
0
0
0
0
0
0
0
0
0
0
0
0
0
48296
49854
0
0
0
0
0
0
0
0
0
0
0
0
0
0
0
0
0
0
0
0
0
0
0
51333
710
2897
148
48173
49307
50253
51218
398
0
398
48594
49240
50222
49915
48989
1506
0
47740
0
0
0
0
0
30
0
0
0
0
0
0
0
0
0
0
0
0
0
0
0
0
0
0
0
0
236
0
0
405
207
0
0
0
0
46862
48623
46232
47826
47051
0
0
0
0
0
47021
48983
46327
48948
50297
49027
0
76
474
683
0
0
0
128
0
0
0
0
0
0
0
0
0
0
0
0
0
0
0
48509
47682
1434
1817
46420
0
0
0
0
0
0
0
0
0
0
0
0
0
0
0
0
0
0
0
0
0
845
0
713
0
48382
48709
0
0
496
0
0
0
655
0
0
0
0
0
0
0
0
0
258
0
0
0
0
0
0
0
0
0
0
0
0
130
0
0
0
0
0
0
49847
48862
48164
4000
6059
6116
1279
47322
46726
47571
48931
444
0
6
6
23
0
0
0
0
2014
604
0
47698
47417
45961
49188
50572
298
0
0
0
0
0
0
0
0
0
0
0
81
81
0
0
0
0
47356
50397
49550
0
0
0
0
0
0
0
0
0
250
0
0
0
1
67
303
0
288
0
0
47182
49462
49155
0
0
0
0
0
0
79
0
0
0
0
0
0
48087
47664
47933
49923
0
0
0
0
0
0
0
51017
46454
46048
50073
48857
47856
48280
49049
841
2186
0
0
0
0
0
1125
0
0
0
0
0
0
0
0
0
0
0
0
0
0
0
0
0
0
0
0
0
0
0
0
0
0
0
0
0
0
0
0
0
0
0
0
0
0
0
0
0
0
0
0
0
0
0
0
5
0
0
0
0
0
0
0
0
0
49283
48560
49324
47787
48226
48287
46437
46535
47914
0
0
0
0
0
0
0
0
0
0
0
0
0
46256
5929
5361
3245
0
0
0
0
0
0
0
0
0
0
0
943
1129
0
0
0
0
0
0
0
0
0
0
0
0
0
0
0
0
0
0
0
0
0
0
0
0
0
0
0
0
0
0
0
0
0
0
0
0
0
0
0
0
0
0
0
0
0
0
0
0
216
0
0
0
0
0
0
0
0
0
0
0
0
0
0
0
0
0
0
0
0
0
0
0
0
0
0
0
0
0
0
0
0
0
0
0
0
0
0
0
0
0
0
0
0
0
0
0
0
0
0
0
0
0
0
0
0
0
0
0
0
0
0
0
0
0
0
0
0
0
0
43
62
0
0
0
0
0
0
69
0
0
0
0
0
0
48144
0
0
0
0
0
48744
48724
716
0
0
0
0
0
0
0
0
1811
0
0
0
0
0
0
46254
48927
46422
48953
46435
0
0
0
49994
0
0
0
0
0
0
0
0
0
0
0
0
0
0
0
0
49580
48585
46552
47249
47489
47779
46816
1258
46181
47830
0
0
0
0
0
0
0
43277
47299
0
49617
47185
48083
47832
47596
47374
46986
47761
50660
49338
110
48925
48478
47614
45748
732
47953
0
636
933
51039
49824
0
0
0
0
0
0
0
0
0
0
0
0
0
0
0
0
0
0
0
48369
0
0
0
0
0
0
0
0
0
0
0
0
0
0
0
0
0
0
0
0
0
0
0
0
0
0
0
0
0
0
0
0
0
0
0
0
0
0
0
0
0
0
0
0
0
0
0
0
0
0
0
0
0
0
0
0
0
0
0
0
0
0
0
0
0
0
0
0
0
0
0
0
0
0
0
0
0
0
0
0
0
0
0
0
0
0
0
0
0
0
0
0
0
0
0
0
0
0
0
0
0
0
0
0
0
0
0
0
0
0
985
264
0
908
139
0
0
0
0
0
0
0
0
0
0
0
0
0
0
0
0
0
0
0
0
0
0
0
0
0
0
0
0
0
0
0
0
0
0
149
128
0
0
27
0
0
0
0
0
0
0
0
0
0
0
0
0
0
0
0
0
0
0
0
0
0
799
46579
47527
0
0
0
0
0
34
0
0
0
0
0
0
0
0
0
46760
48210
0
0
0
0
0
0
0
46621
47944
1136
0
0
0
0
0
0
0
0
0
0
0
0
0
0
0
0
0
0
0
0
0
0
47120
0
0
0
0
0
0
0
0
0
0
0
0
0
0
0
0
0
0
0
0
0
0
0
0
0
0
0
0
0
0
48625
48508
47998
0
0
0
0
0
0
0
0
0
0
0
0
0
0
0
0
0
0
0
0
37
0
0
0
0
0
0
0
0
0
0
0
0
0
0
0
0
0
0
37
0
47274
49736
49471
49438
50487
48107
47545
47825
765
0
0
0
0
0
0
0
0
0
0
0
0
0
0
0
0
0
0
0
0
0
0
0
1911
0
0
0
0
0
0
0
0
0
0
0
0
0
0
48312
0
309
0
0
0
0
0
0
0
0
0
0
0
1306
0
0
0
0
0
0
0
0
0
0
0
0
0
0
0
0
0
0
0
0
0
46858
19
19
0
0
0
0
0
0
0
0
0
0
0
0
0
0
0
0
0
141
0
0
0
0
0
0
0
0
0
0
0
0
0
0
0
0
0
0
0
0
0
0
0
18
0
0
0
0
0
0
0
0
0
0
0
0
0
0
706
457
0
0
0
0
0
0
0
0
0
0
0
0
0
0
0
0
0
0
0
0
0
0
0
0
0
0
0
0
0
0
1436
0
0
0
0
0
0
0
0
0
0
0
0
0
0
0
0
0
0
0
0
0
0
49481
0
0
0
0
48270
48483
0
0
0
0
0
57
0
0
102
0
0
0
0
0
0
0
0
0
0
0
0
96
0
0
0
0
0
0
0
49451
2591
48267
48850
2610
299
673
1498
1117
1321
1552
564
0
668
69
0
394
0
0
616
0
0
0
0
549
0
227
0
618
101
0
50562
0
0
50293
0
0
0
0
0
0
0
0
0
0
35
0
0
101
0
0
0
0
0
0
0
0
0
0
0
0
0
1006
48038
0
0
0
0
2094
0
0
0
0
0
0
0
0
0
0
0
47753
0
0
0
0
0
0
0
0
47987
47987
47072
47915
0
46732
49463
0
0
0
0
0
0
0
0
0
0
0
0
0
0
0
0
0
0
0
0
0
0
0
0
0
0
0
0
0
0
0
0
0
0
0
0
0
0
0
0
0
0
0
0
0
0
0
41024
0
0
0
48991
46951
0
0
0
0
0
0
0
0
0
0
0
0
0
0
0
0
0
0
0
0
0
0
0
0
0
0
0
0
0
47855
49377
48335
0
0
0
48576
48491
49027
49172
48130
47461
49309
48331
48315
48718
48379
0
48152
2435
2616
0
0
0
0
0
0
0
49986
48350
50677
46612
546
228
1914
1761
47947
50656
0
0
1126
0
0
0
0
0
252
205
0
0
0
0
0
0
0
0
0
0
0
0
0
63
0
0
0
0
0
0
0
0
0
0
0
0
0
0
0
0
0
0
0
0
0
0
0
0
0
0
0
0
0
0
0
0
0
0
0
0
0
0
0
0
0
1
571
0
0
48672
0
0
0
0
0
0
0
0
0
0
0
0
0
0
0
0
0
23
0
0
0
0
0
0
0
0
0
0
0
358
0
0
0
0
0
0
3
0
0
0
0
0
0
0
0
0
0
0
0
0
0
0
0
0
0
0
0
0
0
0
0
0
0
0
0
0
0
4
0
0
0
0
50268
49405
48954
46356
48183
49444
46748
48571
46790
47847
46582
48658
47196
2782
648
0
0
47506
47053
46801
4
0
0
0
0
0
0
0
0
0
0
0
0
0
0
0
0
0
0
0
0
0
0
0
0
0
0
0
0
0
0
0
0
0
0
0
0
0
0
0
0
0
0
0
0
0
0
0
0
0
0
0
0
0
0
0
0
0
0
48209
46891
47328
46870
46555
47866
1275
1275
0
0
48548
49289
47835
49538
50031
48369
46842
49401
48051
50680
3976
2994
0
0
0
0
0
647
0
47941
48883
2803
49498
47273
0
0
0
0
0
0
0
0
0
0
0
0
190
0
0
0
0
0
0
0
0
1044
122
0
0
0
0
0
0
0
0
0
47255
50158
47073
47999
0
0
0
0
0
0
0
0
0
0
0
0
0
0
47729
48738
0
0
0
0
0
0
0
0
0
0
0
593
0
942
0
0
0
0
0
49739
0
48207
0
0
0
0
0
0
48559
48841
48597
47219
46945
0
0
0
0
0
0
0
0
0
0
0
0
0
0
823
0
0
0
0
0
0
0
0
0
0
0
0
0
0
0
0
0
0
0
0
0
0
0
0
0
48627
50068
48299
1933
0
0
0
0
0
0
0
956
1717
0
0
0
0
0
0
0
0
57
0
0
0
0
0
0
0
0
0
0
0
0
0
0
0
0
0
0
0
0
0
0
0
0
0
0
0
0
0
0
0
0
46774
48957
969
0
0
0
0
0
0
0
0
0
0
0
0
0
0
0
0
0
0
0
0
0
0
235
0
46641
0
29
0
0
0
0
0
0
0
0
0
0
0
0
0
0
0
0
0
0
0
0
0
0
475
0
0
364
487
980
0
0
383
102
0
0
72
194
0
50684
46572
48187
698
775
758
0
49152
47391
47744
49312
48033
0
0
0
0
0
0
48210
47732
51829
47802
2238
45705
49111
49378
48336
0
0
0
0
0
0
0
0
0
551
0
0
0
0
0
0
0
0
0
0
0
0
0
0
0
0
0
0
0
659
265
0
0
0
0
0
199
46923
679
0
0
0
0
0
0
0
48233
49785
0
0
0
0
0
0
0
0
0
0
0
0
0
0
0
42106
0
0
0
0
0
48008
48709
48862
47553
48843
47627
0
47594
48079
48079
46595
99
379
25
0
0
0
0
0
0
99
0
0
0
0
49200
47949
0
0
0
0
0
0
0
0
0
0
0
0
0
0
0
0
453
0
0
0
0
0
0
0
0
0
0
0
0
0
0
0
0
0
0
0
0
0
0
0
0
49918
47476
0
15
357
357
0
0
0
0
0
108
0
0
0
0
75
0
0
0
0
0
0
0
46906
601
0
0
0
0
0
0
48455
49897
49057
50923
48981
0
48646
48675
47824
47040
49105
48357
49952
526
0
0
0
0
0
367
0
0
0
0
0
0
0
0
0
0
0
0
0
0
0
267
0
0
0
0
0
0
0
0
0
223
0
0
0
223
0
0
0
0
0
0
0
0
0
0
0
0
0
0
0
0
0
0
0
0
0
0
0
0
0
0
0
0
0
0
0
0
0
0
0
0
0
0
0
0
0
0
0
0
0
0
825
0
0
47879
49500
0
0
0
0
0
0
0
0
0
0
47871
48233
47731
48847
49493
0
0
0
0
0
0
0
0
0
1528
0
0
0
0
0
0
0
1036
0
0
0
0
0
0
0
0
0
0
0
0
0
0
0
0
0
0
0
0
0
0
0
0
0
0
0
0
0
0
0
0
0
0
0
0
452
0
0
0
0
0
0
0
0
0
0
0
0
0
0
0
0
0
0
0
624
0
0
0
0
0
0
11
0
0
0
0
0
0
0
0
0
0
0
0
0
0
0
0
0
691
0
0
41174
0
0
0
0
0
0
0
0
0
0
0
0
0
0
0
0
0
0
0
0
0
0
0
0
0
0
0
0
0
0
0
0
0
0
0
0
0
0
0
0
0
0
0
0
431
0
0
0
0
0
0
0
0
0
0
0
0
0
40642
0
0
0
0
0
0
0
0
0
0
0
0
48116
47420
110
282
0
0
0
218
49814
49197
1677
0
36
1702
462
48951
1018
0
2481
1740
46926
50499
48557
543
46492
47035
46154
0
0
0
0
0
0
0
0
717
416
0
0
0
0
979
0
0
48214
49473
47382
46547
0
0
344
0
615
0
0
0
0
46408
47338
48724
49727
49756
0
0
0
0
695
0
0
48329
46994
48086
47391
47371
46453
47076
0
0
0
0
0
0
0
47639
47451
0
0
0
46644
0
0
0
0
0
0
0
0
0
0
0
0
0
0
0
48022
47718
1951
0
0
0
0
0
0
0
0
0
0
0
0
0
0
0
0
42742
0
0
0
0
0
0
0
0
0
0
0
0
0
0
0
48763
47595
1624
905
2614
2324
598
2918
0
0
0
630
0
0
682
0
50855
48023
1157
522
45
268
0
665
0
0
0
47828
0
407
636
0
0
793
719
49102
49905
49191
49551
50619
0
0
873
0
0
0
0
0
2404
0
0
0
857
0
0
248
70
21
353
353
0
0
0
0
0
0
0
0
0
0
0
0
0
0
0
49610
589
320
0
0
0
0
0
126
0
0
0
0
0
47369
49526
48877
252
48214
48475
48149
48652
47904
46827
48683
49550
0
0
649
0
0
0
0
0
0
0
0
0
0
0
46688
49267
0
0
0
0
0
0
0
0
0
0
0
0
0
0
0
0
0
0
0
0
174
0
47706
47502
0
611
0
0
46004
46671
46790
47234
0
0
0
0
0
0
0
0
0
0
0
0
0
0
0
0
0
0
0
0
0
1140
0
0
445
0
0
0
0
0
0
0
0
0
46735
80
0
0
0
0
0
0
0
0
0
0
0
0
0
0
0
0
23
23
0
0
0
0
0
0
0
0
0
0
0
0
0
0
46821
47333
47014
48233
47455
47016
47758
47327
0
0
0
0
0
49
0
0
0
0
47912
0
0
0
0
956
0
167
0
0
104
1988
563
49488
49111
0
0
0
0
0
0
0
0
0
0
0
0
0
47853
0
0
0
69
0
0
0
48862
1317
0
0
0
0
0
0
0
0
0
0
0
0
0
0
0
0
0
0
0
0
0
0
0
0
0
0
0
0
0
0
0
0
0
0
0
42260
0
0
0
0
0
0
0
0
0
1392
468
723
0
527
169
0
0
0
0
0
0
0
0
0
0
46722
46722
0
0
50310
50516
0
0
0
0
0
0
0
0
48392
298
0
0
0
0
0
0
0
0
0
0
0
0
0
0
0
0
0
0
0
0
0
3149
113
0
0
2149
956
0
0
0
0
841
768
0
48426
0
0
0
0
0
0
0
0
0
0
13
0
0
0
0
0
0
0
0
0
0
0
0
0
0
0
0
0
0
0
0
0
0
0
0
0
0
0
0
0
0
0
0
885
924
0
562
26
46552
46874
49421
48601
7
0
0
0
0
47397
48546
0
0
0
0
47646
46416
0
0
0
0
0
0
0
0
0
814
353
0
0
0
0
0
0
0
0
0
0
47668
48250
0
47772
46465
50173
49023
47617
1521
0
0
1221
0
0
0
0
858
800
823
1118
0
0
0
0
0
0
0
0
0
0
0
0
0
0
0
0
0
0
0
0
0
0
0
0
0
48192
0
0
0
0
0
730
0
0
0
0
0
0
0
0
0
0
0
0
0
0
0
0
0
0
0
0
0
0
0
0
0
0
0
0
0
0
0
0
0
0
0
0
0
0
0
0
0
0
0
0
0
0
0
0
0
0
0
0
0
0
0
0
0
0
0
0
285
0
0
0
0
0
46093
44237
45298
45834
47456
45859
43502
0
0
0
0
0
0
0
0
0
0
0
0
0
0
0
0
0
0
0
0
0
0
1322
1494
49607
51190
47595
47649
0
0
0
0
0
0
0
0
0
0
0
0
0
0
0
0
0
0
0
0
0
0
0
0
0
46909
0
0
22
1181
0
0
0
0
0
0
0
0
0
0
0
0
0
0
0
454
0
0
367
0
45705
48957
47821
0
48925
0
0
0
0
0
0
0
0
47110
321
292
559
0
0
0
0
42
48641
47708
0
0
50118
51087
47857
48495
47671
632
494
1300
49575
48898
49882
0
0
0
0
0
0
524
0
677
0
0
0
0
0
0
0
0
199
0
46548
48072
466
1149
1149
1475
1149
0
0
24
169
0
0
0
0
0
0
0
0
0
0
107
0
0
49131
0
0
289
0
0
0
0
0
0
47362
0
0
0
0
1961
46921
49262
48646
234
234
0
0
234
234
234
365
50238
49298
0
0
0
0
0
0
0
0
0
0
0
0
0
0
0
0
0
0
0
0
0
0
0
0
0
0
0
0
0
0
0
0
0
0
0
0
0
0
0
0
45312
44703
0
0
0
0
0
0
42033
6804
7217
51012
0
0
552
0
215
0
0
0
46663
0
0
0
0
0
0
0
0
0
0
0
0
0
0
0
0
0
0
144
0
0
47063
50140
48420
48420
0
0
0
0
0
0
0
0
0
0
0
0
0
0
0
0
11
0
48129
47223
48422
47391
48533
49150
0
342
1254
150
902
107
0
0
48769
843
0
1655
47504
49055
47525
49431
48955
0
582
0
46070
50650
50896
48819
0
48477
49504
48345
47740
46853
50990
49954
46013
48230
50252
47756
47679
48688
0
0
0
0
47549
46681
50115
48239
636
3568
46592
66
0
0
0
0
0
0
0
0
0
0
0
0
0
0
0
0
0
3169
0
0
0
0
0
0
0
0
46492
0
0
0
0
0
0
0
0
0
0
0
0
0
0
0
0
0
590
0
0
0
0
708
0
0
708
0
0
283
0
0
0
0
0
0
0
0
0
0
0
0
0
0
0
0
0
0
0
0
0
0
0
0
0
0
0
0
0
0
0
0
0
0
0
0
0
480
0
0
46976
46645
50689
51038
47440
46180
47358
50058
0
0
0
0
0
0
0
0
0
0
0
0
0
0
0
0
0
0
0
0
45
0
0
0
0
34
0
0
50167
46224
49272
0
45
0
0
0
0
0
0
0
0
0
0
0
0
0
0
0
0
1870
394
205
0
1066
337
0
0
0
0
0
0
0
0
0
0
0
0
0
0
0
0
1192
760
426
0
0
0
0
0
0
0
0
0
0
0
0
0
0
0
0
47775
48914
0
0
0
0
0
0
0
0
0
0
0
0
0
0
0
0
0
0
0
0
0
744
477
46664
47619
47814
46967
49071
0
47590
0
0
0
0
0
0
47021
0
0
0
0
0
0
48086
0
0
0
0
0
0
22
0
0
128
0
0
0
0
0
0
0
57
0
0
0
46358
0
0
0
0
0
0
0
0
0
0
0
0
0
47329
48850
47854
47692
47249
48670
46499
49048
46417
48641
46859
3180
155
2657
48158
612
0
0
0
0
349
0
0
0
0
0
0
0
47958
48777
48504
48012
0
0
0
0
0
0
0
0
0
0
0
0
0
0
0
0
0
0
0
0
0
0
0
0
0
0
0
0
0
0
0
0
0
0
0
0
0
0
0
0
0
0
0
0
0
0
0
0
0
0
0
0
0
0
0
0
0
0
0
0
0
0
0
1129
1364
442
0
0
0
0
0
0
0
0
0
0
0
0
0
0
0
0
0
0
0
0
0
0
0
0
0
0
0
0
0
0
0
0
0
0
0
0
0
0
47319
0
0
0
0
0
0
0
0
0
0
0
0
0
0
0
0
0
0
0
0
0
0
619
60
0
0
0
0
0
49182
48956
47293
49027
0
0
0
0
0
0
0
0
0
0
0
0
0
0
0
0
0
0
0
0
0
0
0
0
0
0
0
0
0
0
0
14
0
0
0
0
0
0
48088
0
508
0
0
388
47713
0
0
0
0
0
0
0
0
0
0
0
0
0
48085
48791
48139
48415
48126
49241
48052
47860
48526
0
0
0
0
0
0
0
0
0
0
0
0
0
0
0
0
36
186
407
0
0
0
0
0
0
0
0
0
0
0
0
0
0
0
0
0
0
0
0
0
0
0
0
0
0
0
0
0
0
535
0
0
0
0
0
0
0
0
0
0
0
0
0
0
0
0
0
0
0
508
508
0
0
0
0
47418
0
0
0
0
0
0
0
0
0
0
0
0
0
0
1271
0
0
0
0
0
0
0
0
0
0
0
0
0
0
0
0
0
0
0
0
0
0
0
0
0
79
0
0
713
14
0
0
0
0
0
0
0
0
0
0
0
0
0
0
0
0
0
0
0
0
0
0
0
0
0
0
0
0
0
0
0
0
0
0
46278
49349
47877
1153
298
0
0
0
0
0
48618
0
0
0
0
0
0
0
0
0
0
0
0
0
0
0
0
0
0
0
0
0
0
0
0
0
0
0
0
0
0
1153
0
0
0
0
0
0
0
0
0
0
0
0
47261
49371
49915
47151
48481
0
0
0
0
210
0
0
0
0
0
46720
0
0
0
0
0
0
0
0
45898
46196
46883
0
0
0
0
0
0
0
0
132
132
0
47603
0
0
0
0
0
0
0
0
0
0
0
46189
2092
1266
2035
0
0
0
0
0
0
0
150
298
0
0
0
0
0
0
45915
48493
49579
443
47831
47410
1196
0
0
0
0
0
0
0
993
1089
494
1081
1137
1191
0
0
0
50217
47867
931
100
109
0
0
0
0
0
0
69
0
0
1270
0
0
0
48454
49146
0
457
0
0
0
0
0
0
0
0
0
0
487
487
0
49268
0
0
0
0
0
0
0
0
0
0
0
0
0
0
0
0
0
0
0
0
0
0
0
0
0
0
0
0
0
0
0
0
0
0
0
0
0
0
0
0
0
0
0
0
0
0
0
0
0
0
0
0
0
0
0
0
0
437
58
1145
647
0
0
0
0
0
48474
0
0
0
48309
48902
49469
47052
50400
1785
0
47504
47663
0
0
0
0
0
0
0
0
0
46361
0
0
0
0
0
0
0
0
0
0
0
0
0
0
0
0
0
0
0
0
0
0
0
49509
49722
0
448
0
0
0
380
161
0
0
0
155
121
155
0
0
0
47244
49282
49975
0
0
0
0
0
322
0
0
0
0
0
50069
48380
0
718
810
810
0
669
135
366
457
0
241
716
1082
151
1082
366
0
586
192
0
0
48778
46889
0
0
0
0
0
0
0
0
0
0
0
0
0
0
0
0
0
0
0
0
0
0
281
0
1438
0
0
0
0
0
0
0
0
0
0
0
0
0
0
0
0
0
0
0
0
0
0
0
0
0
0
0
0
0
0
0
90
0
90
0
0
0
0
0
0
0
0
0
0
0
0
0
0
0
0
49385
48691
0
0
0
46863
48251
50817
0
0
0
0
372
0
0
0
0
0
0
0
0
0
0
0
376
0
0
0
0
0
0
0
0
0
0
0
47865
48180
962
821
0
0
0
45986
47451
47114
49363
2151
0
89
503
0
0
46988
0
0
0
0
0
0
0
0
0
0
0
0
0
0
0
0
0
0
0
0
0
0
0
0
0
0
0
0
0
0
0
0
0
0
0
0
0
0
0
1036
0
0
0
0
0
47824
47544
49247
50243
47239
48464
0
0
0
0
584
0
0
823
0
0
0
85
255
346
0
0
0
0
0
0
0
0
0
0
0
0
0
0
0
0
0
0
0
0
0
0
0
0
0
0
0
0
0
0
0
0
0
0
0
0
0
0
0
0
0
0
0
0
0
0
0
0
0
0
0
0
0
0
0
0
0
0
0
0
0
0
0
0
0
0
0
0
0
0
0
0
0
0
0
0
0
0
0
0
0
0
0
0
0
0
0
0
0
0
434
0
0
0
0
0
0
0
0
0
0
0
0
0
0
0
0
0
0
0
0
0
0
0
0
0
0
0
0
0
0
0
0
0
0
0
50047
49530
47178
47885
46329
46928
2252
0
0
147
0
0
49489
46933
4727
49833
47409
50143
45764
48026
49739
1837
346
49451
50825
47694
49795
0
47521
0
0
0
0
0
0
0
0
0
0
0
0
0
0
0
0
0
0
0
0
0
0
41
0
0
0
0
0
0
692
570
0
0
0
2420
0
0
0
15
46201
48205
47540
0
0
49
0
0
0
0
0
0
0
0
0
0
0
0
0
0
0
0
0
49611
1228
572
0
0
0
1583
46433
0
0
0
0
0
0
47517
48936
46663
49605
48190
46867
48708
388
0
0
0
0
0
0
0
0
0
0
0
0
0
0
0
0
0
976
0
0
0
0
387
0
0
0
0
0
0
0
0
0
0
0
0
0
0
0
0
0
0
0
0
0
0
0
0
0
0
0
0
0
0
0
0
0
736
0
0
0
0
0
0
0
0
0
0
0
0
0
0
0
0
0
0
0
0
0
0
0
0
0
0
0
0
0
0
0
0
0
0
0
0
0
0
0
0
0
0
0
0
48936
0
0
0
0
99
0
0
0
0
0
48435
0
0
0
0
0
0
0
0
0
1222
1513
1025
0
0
0
0
0
0
0
0
0
49489
0
0
0
0
0
0
0
564
0
0
0
0
0
0
0
0
0
0
0
0
752
2198
28
0
0
0
0
0
0
0
0
0
0
0
0
0
194
408
463
774
942
0
654
857
0
0
46337
46337
45404
44922
45128
46337
101
0
0
0
0
0
0
0
0
0
0
0
46565
3370
0
0
0
0
0
0
0
0
0
193
0
0
0
0
0
0
0
0
0
0
0
0
0
0
0
47072
47072
0
0
0
48502
46808
0
0
0
0
0
0
0
48909
48421
47712
47057
49412
47618
48588
0
0
0
0
0
0
0
0
0
0
0
0
0
0
0
0
0
0
0
0
0
0
0
0
0
0
0
0
0
0
0
46227
46797
46702
2417
49383
47143
47744
150
351
1468
0
1073
0
0
0
585
0
0
0
46865
46929
46333
2003
742
0
0
0
228
0
49195
46641
48894
47713
47541
47392
48377
47910
49351
49891
49358
49988
47381
51160
47984
47407
47601
0
0
0
923
738
828
0
279
2649
329
0
0
0
0
0
0
0
292
1518
0
0
0
0
0
0
0
0
0
0
0
0
0
0
52
0
0
0
0
0
0
0
0
1
27
0
0
0
0
0
0
0
0
0
0
0
0
0
0
0
0
0
0
0
0
0
0
0
0
0
0
0
47880
0
0
0
0
0
0
0
0
0
0
0
0
0
0
0
0
0
0
0
0
0
0
0
45800
0
0
0
0
0
0
0
0
0
0
0
0
0
0
0
0
0
0
0
0
0
0
0
0
0
0
0
0
0
0
0
0
0
0
0
0
0
0
0
0
0
0
0
0
0
0
0
0
0
0
0
0
0
0
0
0
0
0
0
0
0
130
0
0
0
0
0
0
906
0
0
0
0
0
0
0
0
0
0
0
0
0
0
0
0
0
0
0
0
0
0
0
48243
568
568
568
0
0
0
0
0
0
0
1211
37
1211
187
0
44982
45294
44245
0
0
0
0
0
0
0
0
0
0
0
0
0
0
0
0
0
0
0
0
0
47090
46295
48483
49298
47120
0
49521
47610
48162
50110
48448
123
0
0
0
0
0
0
0
453
0
0
0
0
0
0
0
0
0
0
0
0
0
0
0
0
0
0
0
0
0
0
0
0
0
0
0
0
0
0
47059
46623
1931
95
0
0
0
0
0
0
0
0
0
0
0
0
0
0
0
49377
0
0
0
0
47013
0
0
0
0
0
0
0
0
0
0
0
0
0
0
0
0
0
0
0
0
48325
0
0
0
0
0
0
0
0
0
0
0
0
0
0
0
0
0
0
0
0
0
0
48404
0
0
0
0
0
0
0
0
0
0
0
0
0
0
92
0
0
0
0
0
0
0
0
0
0
0
0
0
0
0
0
0
0
0
0
0
0
0
0
0
0
0
0
0
0
0
0
0
0
4
183
0
0
292
0
512
104
653
0
411
0
379
48308
48226
47613
0
0
0
0
0
0
0
0
0
0
0
1253
1700
1323
0
45978
49495
0
0
0
0
0
0
40
0
0
1826
0
48300
0
43491
0
0
0
50119
46430
47457
0
50085
48073
0
0
0
0
0
0
0
0
0
0
0
0
0
0
0
0
0
0
0
0
0
0
0
338
0
0
0
0
0
0
0
0
0
0
0
0
0
49736
48272
0
0
0
0
0
0
0
0
0
0
0
0
0
0
0
0
2853
2645
0
0
0
0
0
0
0
0
0
0
642
1310
0
0
0
0
2227
1215
0
48919
0
330
0
0
0
0
564
0
0
0
0
0
0
0
0
0
0
0
0
0
0
47980
47078
0
0
0
0
0
0
0
0
0
0
0
0
0
47382
50007
452
452
0
0
0
0
0
0
0
0
0
0
0
0
0
0
0
0
0
0
0
0
0
0
0
0
47508
47508
0
0
0
0
0
57
579
0
0
0
0
0
0
0
0
0
416
503
80
0
0
0
0
0
0
0
0
48895
47339
46852
47913
47274
51177
0
0
0
0
0
0
50352
47885
1282
0
0
47707
48272
47436
0
0
0
0
113
792
47677
48296
48303
536
0
0
233
512
49207
49988
48757
49756
49153
48436
49437
46802
49792
49062
45889
48931
47088
49717
47120
51117
49122
890
1081
433
0
415
0
0
298
7
646
0
46985
46180
48036
48640
50103
48351
0
0
0
0
0
0
0
0
0
0
0
0
0
0
0
0
0
0
0
0
49162
47745
49537
48208
562
0
0
0
0
0
0
0
0
0
0
0
0
0
0
0
0
48068
46228
12
0
0
0
547
494
716
0
0
0
0
0
0
0
0
0
0
0
0
0
12
0
0
0
0
0
0
47480
47552
0
0
0
0
0
0
0
0
0
0
0
0
0
0
0
48310
1246
4351
3303
3205
2309
0
0
48299
48684
48681
49482
0
0
0
0
0
0
0
0
0
46923
48496
48196
48748
50177
50067
49426
50560
145
0
0
0
0
0
48258
47212
49395
0
0
0
0
0
0
0
0
0
0
0
0
0
0
0
0
0
0
0
0
0
0
0
0
0
47785
0
0
0
0
0
0
43041
0
0
0
0
0
0
0
0
0
0
0
0
0
0
0
0
0
0
0
0
0
0
0
0
0
0
0
0
0
0
0
0
0
0
924
0
191
0
0
0
0
0
0
0
0
0
0
0
0
0
0
0
0
0
45887
0
0
0
49815
0
0
0
0
0
0
0
0
0
0
0
0
0
0
0
0
0
0
0
0
0
0
0
0
0
0
0
0
0
0
0
0
0
0
0
0
0
0
0
0
0
0
0
0
0
0
0
0
0
0
0
0
0
0
0
0
0
0
0
0
0
0
0
0
0
0
0
0
0
0
0
1011
436
0
0
0
0
0
0
0
0
47753
0
0
142
142
0
0
0
0
0
0
1553
0
0
0
48229
50260
0
0
0
0
0
0
0
0
0
0
0
0
0
0
0
0
0
0
0
0
0
0
0
0
0
0
0
0
0
0
0
0
0
0
0
0
0
0
0
0
0
0
0
0
0
0
1557
0
47055
0
0
0
0
362
0
0
0
0
0
0
0
0
0
0
0
0
0
0
0
0
0
0
0
0
0
0
0
0
0
0
0
0
47899
49256
47614
1880
0
0
0
48687
48275
0
0
0
0
0
0
0
0
0
0
0
0
0
0
0
0
0
0
0
0
0
0
0
0
0
0
0
0
0
0
0
0
0
0
0
0
0
0
188
43160
0
0
188
578
0
0
0
0
182
188
175
0
0
0
0
0
0
0
46505
521
0
0
0
48405
1467
0
0
0
0
0
0
0
46808
48739
2087
1322
1770
1050
0
0
0
0
0
0
0
0
0
0
0
0
0
0
0
257
0
130
0
0
0
0
0
0
0
0
46794
48908
0
0
0
0
0
0
0
0
0
477
0
0
0
0
0
40
0
75
0
48368
0
0
0
0
0
46
459
0
2032
932
2070
0
0
0
0
0
0
0
0
0
0
0
0
0
0
0
46220
47362
0
302
0
0
182
0
119
0
0
384
0
0
277
248
0
0
0
0
0
776
47610
0
