http://www.collegeboard.com/ap
http://www.redhat.com
http://www.nytimes.com
http://www.barnesandnobles.com
http://www.barnesnobles.com
http://www.amazon.com/exec/obidos/tg/
http://www.borders.com
http://www.google.com/
http://www.nytimes.com/2001/09/03/arts/design/03ARTS.html
http://www.nytimes.com/
http://marketwatch.nytimes.com/custom/nyt-com/
http://www.bikenashbar.com
http://webby.cc.denison.edu/~feil/classes/minesol.html
http://www.ecs.csus.edu/pc2/doc/v74/team/pc2v74TeamGuide.html
http://acm.ashland.edu/
http://www.cs.unomaha.edu/ContestArchive/ProblemSetArchive.html
http://www.inf.bme.hu/contests/tasks/
http://acm.gui.uva.es/problemset
http://csc.smsu.edu/~mcpc/
http://www.csee.wvu.edu/~wfk/fib.html
http://acm.gui.uva.es/problemset/
http://www.research.att.com/~njas/sequences/index.html
http://www.ccsf.caltech.edu/~roy/pi.html
http://palimpsest.stanford.edu/vlmp/computing.html
http://www-cs-staff.Stanford.EDU/~knuth/index.html
http://edsoftware.miningco.com/msub5.htm
ftp://ftp.csua.berkeley.edu/pub/cypherpunks/Home.html
http://info.desy.de/gna/html/cc/index.html
http://www.skylit.com/pascpp/index.html
http://www.comlab.ox.ac.uk/archive/other/museums/computing.html
http://www.xcollegeboard.com/ap
http://www.bikenashbar.com
http://webxby.cc.denison.edu/~feil/classes/minesol.html
http://www.xecs.csus.edu/pc2/doc/v74/team/pc2v74TeamGuide.html
http://acm.axshland.edu/
http://www.csx.unomaha.edu/ContestArchive/ProblemSetArchive.html
http://www.infx.bme.hu/contests/tasks/
http://acm.gui.xuva.es/problemset
http://csc.smsu.xedu/~mcpc/
http://acm.baylorx.edu/Past
http://www.bulgarixa.com/people/skaven/
http://www.ecs.csusx.edu/pc2/
http://www.ecs.csus.xedu/pc2/doc/v74/team/pc2v74TeamGuide.html
http://vamri.xray.uflx.edu/proths/fermat.html
http://www.ecs.csus.xedu/pc2/doc/v74/team/pc2v74TeamGuide.html
http://www.ecs.csusx.edu/pc2/
http://www.bulgarixa.com/people/skaven/
http://acm.baylorx.edu/Past
http://csc.smsu.xedu/~mcpc/
http://acm.gui.xuva.es/problemset
http://www.infx.bme.hu/contests/tasks/
http://www.csx.unomaha.edu/ContestArchive/ProblemSetArchive.html
http://acm.axshland.edu/
http://www.xecs.csus.edu/pc2/doc/v74/team/pc2v74TeamGuide.html
http://webxby.cc.denison.edu/~feil/classes/minesol.html
http://www.bikenashbar.com
http://www.xcollegeboard.com/ap
http://www.comlab.ox.ac.uk/archive/other/museums/computing.html
http://www.skylit.com/pascpp/index.html
http://info.desy.de/gna/html/cc/index.html
ftp://ftp.csua.berkeley.edu/pub/cypherpunks/Home.html
http://edsoftware.miningco.com/msub5.htm
http://www-cs-staff.Stanford.EDU/~knuth/index.html
http://palimpsest.stanford.edu/vlmp/computing.html
http://www.ccsf.caltech.edu/~roy/pi.html
http://www.research.att.com/~njas/sequences/index.html
http://acm.gui.uva.es/problemset/
http://www.csee.wvu.edu/~wfk/fib.html
http://csc.smsu.edu/~mcpc/
http://acm.gui.uva.es/problemset
http://www.inf.bme.hu/contests/tasks/
http://www.cs.unomaha.edu/ContestArchive/ProblemSetArchive.html
http://acm.ashland.edu/
http://www.ecs.csus.edu/pc2/doc/v74/team/pc2v74TeamGuide.html
http://webby.cc.denison.edu/~feil/classes/minesol.html
http://www.bikenashbar.com
http://marketwatch.nytimes.com/custom/nyt-com/
http://www.nytimes.com/
http://www.nytimes.com/2001/09/03/arts/design/03ARTS.html
http://www.google.com/
http://www.borders.com
http://www.amazon.com/exec/obidos/tg/
http://www.barnesnobles.com
http://www.barnesandnobles.com
http://www.nytimes.com
http://www.redhat.com
http://www.collegeboard.com/ap
http://www.acm.org/
http://www.collegeboard.com/ap
http://www.redhat.com
http://www.nytimes.com
http://www.barnesandnobles.com
http://www.barnesnobles.com
http://www.amazon.com/exec/obidos/tg/
http://www.borders.com
http://www.google.com/
http://www.nytimes.com/2001/09/03/arts/design/03ARTS.html
http://www.nytimes.com/
http://marketwatch.nytimes.com/custom/nyt-com/
http://www.bikenashbar.com
http://webby.cc.denison.edu/~feil/classes/minesol.html
http://www.ecs.csus.edu/pc2/doc/v74/team/pc2v74TeamGuide.html
http://acm.ashland.edu/
http://www.cs.unomaha.edu/ContestArchive/ProblemSetArchive.html
http://www.inf.bme.hu/contests/tasks/
http://acm.gui.uva.es/problemset
http://csc.smsu.edu/~mcpc/
http://www.csee.wvu.edu/~wfk/fib.html
http://acm.gui.uva.es/problemset/
http://www.research.att.com/~njas/sequences/index.html
http://www.ccsf.caltech.edu/~roy/pi.html
http://palimpsest.stanford.edu/vlmp/computing.html
http://www-cs-staff.Stanford.EDU/~knuth/index.html
http://edsoftware.miningco.com/msub5.htm
ftp://ftp.csua.berkeley.edu/pub/cypherpunks/Home.html
http://info.desy.de/gna/html/cc/index.html
http://www.skylit.com/pascpp/index.html
http://www.comlab.ox.ac.uk/archive/other/museums/computing.html
http://www.xcollegeboard.com/ap
http://www.bikenashbar.com
http://webxby.cc.denison.edu/~feil/classes/minesol.html
http://www.xecs.csus.edu/pc2/doc/v74/team/pc2v74TeamGuide.html
http://acm.axshland.edu/
http://www.csx.unomaha.edu/ContestArchive/ProblemSetArchive.html
http://www.infx.bme.hu/contests/tasks/
http://acm.gui.xuva.es/problemset
http://csc.smsu.xedu/~mcpc/
http://acm.baylorx.edu/Past
http://www.bulgarixa.com/people/skaven/
http://www.ecs.csusx.edu/pc2/
http://www.ecs.csus.xedu/pc2/doc/v74/team/pc2v74TeamGuide.html
http://vamri.xray.uflx.edu/proths/fermat.html
Ignored
Ignored
Ignored
Ignored
Ignored
Ignored
Ignored
Ignored
Ignored
Ignored
Ignored
Ignored
Ignored
Ignored
Ignored
Ignored
Ignored
Ignored
Ignored
Ignored
Ignored
Ignored
Ignored
Ignored
Ignored
Ignored
Ignored
Ignored
