http://www.collegeboard.com/ap
http://www.redhat.com
http://www.nytimes.com
http://www.barnesandnobles.com
http://www.nytimes.com
http://www.redhat.com
http://www.collegeboard.com/ap
http://www.acm.org/
http://www.barnesnobles.com
http://www.amazon.com/exec/obidos/tg/
http://www.borders.com
http://www.google.com/
http://www.nytimes.com/2001/09/03/arts/design/03ARTS.html
http://www.nytimes.com/
http://marketwatch.nytimes.com/custom/nyt-com/
http://www.bikenashbar.com
http://webby.cc.denison.edu/~feil/classes/minesol.html
http://www.ecs.csus.edu/pc2/doc/v74/team/pc2v74TeamGuide.html
http://acm.ashland.edu/
http://www.cs.unomaha.edu/ContestArchive/ProblemSetArchive.html
http://www.inf.bme.hu/contests/tasks/
http://acm.gui.uva.es/problemset
http://www.inf.bme.hu/contests/tasks/
http://www.cs.unomaha.edu/ContestArchive/ProblemSetArchive.html
http://acm.ashland.edu/
http://www.ecs.csus.edu/pc2/doc/v74/team/pc2v74TeamGuide.html
http://webby.cc.denison.edu/~feil/classes/minesol.html
http://www.bikenashbar.com
http://csc.smsu.edu/~mcpc/
http://acm.baylor.edu/Past
http://www.bulgaria.com/people/skaven/
http://www.ecs.csus.edu/pc2/
http://www.ecs.csus.edu/pc2/doc/v74/team/pc2v74TeamGuide.html
http://vamri.xray.ufl.edu/proths/fermat.htm
http://www.ecs.csus.edu/pc2/doc/v74/team/pc2v74TeamGuide.html
http://www.ecs.csus.edu/pc2/
http://palimpsest.stanford.edu/vlmp/computing.html
http://www-cs-staff.Stanford.EDU/~knuth/index.html
http://jazz.sci.csupomona.edu/Programming_Contests.html
http://www.rose-hulman.edu/Class/ma/HTML/Conf/UndergradConf.html
http://www.cs.sunysb.edu/~algorith
http://www.davecentral.com/index.html
http://plg.uwaterloo.ca:80/~acm00/regionals
http://www.communigate.net
http://www.pointcom.com
http://www.real.com
http://www.planetquake.com/worldcraft/index.shtm
http://lunarbase.com/Lunar/Games/games.htm
http://edsoftware.miningco.com/msub5.htm
ftp://ftp.csua.berkeley.edu/pub/cypherpunks/Home.html
http://info.desy.de/gna/html/cc/index.html
http://www.skylit.com/pascpp/index.html
http://www.comlab.ox.ac.uk/archive/other/museums/computing.html
http://www.xcollegeboard.com/ap
http://www.rxedhat.com
http://www.nyxtimes.com
http://www.barnesandnobles.com
http://plg.uwaterloo.ca:80/~acm00/regionals
http://www.barnesandnobles.com
http://www.nyxtimes.com
http://www.rxedhat.com
http://www.xcollegeboard.com/ap
http://www.comlab.ox.ac.uk/archive/other/museums/computing.html
http://www.skylit.com/pascpp/index.html
http://info.desy.de/gna/html/cc/index.html
ftp://ftp.csua.berkeley.edu/pub/cypherpunks/Home.html
http://wwwx.communigate.net
http://www.xpointcom.com
http://www.rxeal.com
http://www.plxanetquake.com/worldcraft/index.shtm
http://lunarbaxse.com/Lunar/Games/games.htm
http://edsoftwaxre.miningco.com/msub5.htm
ftp://ftp.csua.bxerkeley.edu/pub/cypherpunks/Home.html
http://info.desy.xde/gna/html/cc/index.html
http://www.skylit.xcom/pascpp/index.html
http://www.comlab.oxx.ac.uk/archive/other/museums/computing.html
http://www.skylit.xcom/pascpp/index.html
http://info.desy.xde/gna/html/cc/index.html
ftp://ftp.csua.bxerkeley.edu/pub/cypherpunks/Home.html
http://edsoftwaxre.miningco.com/msub5.htm
http://lunarbaxse.com/Lunar/Games/games.htm
http://www.plxanetquake.com/worldcraft/index.shtm
http://www.rxeal.com
http://www.xpointcom.com
http://wwwx.communigate.net
ftp://ftp.csua.berkeley.edu/pub/cypherpunks/Home.html
http://edsoftware.miningco.com/msub5.htm
http://lunarbase.com/Lunar/Games/games.htm
http://www.planetquake.com/worldcraft/index.shtm
http://www.real.com
http://www.pointcom.com
http://www.communigate.net
http://www.pointcom.com
http://www.real.com
http://www.planetquake.com/worldcraft/index.shtm
http://lunarbase.com/Lunar/Games/games.htm
http://edsoftware.miningco.com/msub5.htm
ftp://ftp.csua.berkeley.edu/pub/cypherpunks/Home.html
http://wwwx.communigate.net
http://www.xpointcom.com
http://www.rxeal.com
http://www.plxanetquake.com/worldcraft/index.shtm
http://lunarbaxse.com/Lunar/Games/games.htm
http://edsoftwaxre.miningco.com/msub5.htm
ftp://ftp.csua.bxerkeley.edu/pub/cypherpunks/Home.html
http://info.desy.xde/gna/html/cc/index.html
http://www.skylit.xcom/pascpp/index.html
http://www.comlab.oxx.ac.uk/archive/other/museums/computing.html
Ignored
Ignored
Ignored
Ignored
Ignored
Ignored
Ignored
Ignored
http://www.skylit.xcom/pascpp/index.html
http://info.desy.xde/gna/html/cc/index.html
ftp://ftp.csua.bxerkeley.edu/pub/cypherpunks/Home.html
http://edsoftwaxre.miningco.com/msub5.htm
http://lunarbaxse.com/Lunar/Games/games.htm
http://www.plxanetquake.com/worldcraft/index.shtm
http://www.rxeal.com
http://www.xpointcom.com
http://wwwx.communigate.net
ftp://ftp.csua.berkeley.edu/pub/cypherpunks/Home.html
http://edsoftware.miningco.com/msub5.htm
http://lunarbase.com/Lunar/Games/games.htm
http://www.planetquake.com/worldcraft/index.shtm
http://www.real.com
http://www.pointcom.com
http://www.communigate.net
http://plg.uwaterloo.ca:80/~acm00/regionals
http://www.davecentral.com/index.html
http://www.cs.sunysb.edu/~algorith
http://www.rose-hulman.edu/Class/ma/HTML/Conf/UndergradConf.html
http://jazz.sci.csupomona.edu/Programming_Contests.html
http://www-cs-staff.Stanford.EDU/~knuth/index.html
http://palimpsest.stanford.edu/vlmp/computing.html
http://www.ecs.csus.edu/pc2/
http://www.bulgaria.com/people/skaven/
http://acm.baylor.edu/Past
http://csc.smsu.edu/~mcpc/
http://www.bikenashbar.com
http://marketwatch.nytimes.com/custom/nyt-com/
http://www.nytimes.com/
http://www.nytimes.com/2001/09/03/arts/design/03ARTS.html
http://www.google.com/
http://www.borders.com
http://www.amazon.com/exec/obidos/tg/
http://www.barnesnobles.com
http://www.acm.org/
Ignored
http://www.barnesnobles.com
http://www.amazon.com/exec/obidos/tg/
http://www.borders.com
http://www.google.com/
http://www.nytimes.com/2001/09/03/arts/design/03ARTS.html
http://www.nytimes.com/
http://marketwatch.nytimes.com/custom/nyt-com/
http://www.bikenashbar.com
http://csc.smsu.edu/~mcpc/
http://acm.baylor.edu/Past
http://www.bulgaria.com/people/skaven/
http://www.ecs.csus.edu/pc2/
http://palimpsest.stanford.edu/vlmp/computing.html
http://www-cs-staff.Stanford.EDU/~knuth/index.html
http://jazz.sci.csupomona.edu/Programming_Contests.html
http://www.rose-hulman.edu/Class/ma/HTML/Conf/UndergradConf.html
http://www.cs.sunysb.edu/~algorith
http://www.davecentral.com/index.html
http://plg.uwaterloo.ca:80/~acm00/regionals
http://www.communigate.net
http://www.pointcom.com
http://www.real.com
http://www.planetquake.com/worldcraft/index.shtm
http://lunarbase.com/Lunar/Games/games.htm
http://edsoftware.miningco.com/msub5.htm
ftp://ftp.csua.berkeley.edu/pub/cypherpunks/Home.html
http://wwwx.communigate.net
http://www.xpointcom.com
http://www.rxeal.com
http://www.plxanetquake.com/worldcraft/index.shtm
http://lunarbaxse.com/Lunar/Games/games.htm
http://edsoftwaxre.miningco.com/msub5.htm
ftp://ftp.csua.bxerkeley.edu/pub/cypherpunks/Home.html
http://info.desy.xde/gna/html/cc/index.html
http://www.skylit.xcom/pascpp/index.html
http://www.comlab.oxx.ac.uk/archive/other/museums/computing.html
Ignored
Ignored
Ignored
Ignored
Ignored
Ignored
Ignored
Ignored
Ignored
Ignored
Ignored
Ignored
Ignored
Ignored
Ignored
Ignored
Ignored
Ignored
Ignored
Ignored
Ignored
Ignored
Ignored
Ignored
Ignored
Ignored
Ignored
Ignored
