http://www.collegeboard.com/ap
http://www.redhat.com
http://www.collegeboard.com/ap
http://www.barnesnobles.com
http://www.amazon.com/exec/obidos/tg/
http://www.borders.com
http://webby.cc.denison.edu/~feil/classes/minesol.html
http://www.ecs.csus.edu/pc2/doc/v74/team/pc2v74TeamGuide.html
http://acm.ashland.edu/
http://www.cs.unomaha.edu/ContestArchive/ProblemSetArchive.html
http://acm.ashland.edu/
http://www.ecs.csus.edu/pc2/doc/v74/team/pc2v74TeamGuide.html
http://webby.cc.denison.edu/~feil/classes/minesol.html
http://csc.smsu.edu/~mcpc/
http://webby.cc.denison.edu/~feil/classes/minesol.html
http://www.borders.com
http://palimpsest.stanford.edu/vlmp/computing.html
http://www-cs-staff.Stanford.EDU/~knuth/index.html
http://edsoftware.miningco.com/msub5.htm
ftp://ftp.csua.berkeley.edu/pub/cypherpunks/Home.html
http://info.desy.de/gna/html/cc/index.html
http://www.skylit.com/pascpp/index.html
http://www.comlab.ox.ac.uk/archive/other/museums/computing.html
http://www.xcollegeboard.com/ap
http://www.rxedhat.com
http://www.xcollegeboard.com/ap
http://www.comlab.ox.ac.uk/archive/other/museums/computing.html
http://www.xcollegeboard.com/ap
http://www.comlab.ox.ac.uk/archive/other/museums/computing.html
http://www.skylit.com/pascpp/index.html
http://info.desy.de/gna/html/cc/index.html
http://wwwx.communigate.net
http://www.xpointcom.com
http://www.rxeal.com
http://www.skylit.xcom/pascpp/index.html
http://www.comlab.oxx.ac.uk/archive/other/museums/computing.html
http://www.skylit.xcom/pascpp/index.html
http://www.rxeal.com
http://www.xpointcom.com
http://wwwx.communigate.net
http://info.desy.de/gna/html/cc/index.html
ftp://ftp.csua.berkeley.edu/pub/cypherpunks/Home.html
http://edsoftware.miningco.com/msub5.htm
http://www-cs-staff.Stanford.EDU/~knuth/index.html
http://palimpsest.stanford.edu/vlmp/computing.html
http://www.borders.com
http://www.amazon.com/exec/obidos/tg/
http://www.borders.com
http://palimpsest.stanford.edu/vlmp/computing.html
http://www-cs-staff.Stanford.EDU/~knuth/index.html
http://edsoftware.miningco.com/msub5.htm
http://www-cs-staff.Stanford.EDU/~knuth/index.html
http://palimpsest.stanford.edu/vlmp/computing.html
http://www.borders.com
http://www.amazon.com/exec/obidos/tg/
http://www.barnesnobles.com
http://www.collegeboard.com/ap
http://www.acm.org/
Ignored
Ignored
Ignored
http://www.collegeboard.com/ap
http://www.acm.org/
Ignored
Ignored
http://www.collegeboard.com/ap
http://www.acm.org/
Ignored
http://www.collegeboard.com/ap
http://www.acm.org/
http://www.collegeboard.com/ap
http://www.barnesnobles.com
http://www.amazon.com/exec/obidos/tg/
http://www.borders.com
http://palimpsest.stanford.edu/vlmp/computing.html
http://www-cs-staff.Stanford.EDU/~knuth/index.html
http://palimpsest.stanford.edu/vlmp/computing.html
http://www-cs-staff.Stanford.EDU/~knuth/index.html
http://edsoftware.miningco.com/msub5.htm
ftp://ftp.csua.berkeley.edu/pub/cypherpunks/Home.html
http://info.desy.de/gna/html/cc/index.html
http://wwwx.communigate.net
http://www.xpointcom.com
