BAAAABAAAAABABBABBBBBAAABABAABABBABAAABABAABBABBAAABABBBBAAAABBABBBABBAABAABBBBBAABAAAABABAAABBABBAABAAAABBAABAABBBBBABABAAABABAABBAAABBBBAABBABABBBABAAABBABAAAABAABBAAAAAABAABBAAAABBAAAAABBBBABAABBAAAAABAAAABAAABBBBBABAABBBAAABABABAABBABBBBABAABAAABBABABBBBBABBBBABABBBBABBABBBBBBABABBAABAAAABAAABBABABAABBAABAABBAAABAAABABBAAAAABABAAABABABABABABABBAAABBBAABBAAAABBAABBBBABBABABBABBABAABBBABAAABBBABBAABBABBABBABBABAABAAABAABABAAABBBBBABBAAABABAAABBABAAAABBBABBBBABAAAABBABABBAAABAAABBAABABBBBBAAAABBAAAAABBABBBBAAAABABAAABBBBABBBAABAABABBBAABBBBAAAAAAABBBBAAB
BAAAABAAAAABABBABBBBBAAABABAABABBABAAABABAABBABBAAABABBBBAAAABBABBBABBAABAABBBBBAABAAAABABAAABBABBAABAAAABBAABAABBBBBABABAAABABAABBAAABBBBAABBABABBBABAAABBABAAAABBAAABBBBBABAABBBAAABABABAABBABBBBABAABAAABBABABBBBBABBBBABABBBBABBABBBBBBABABBAABAAAABAAABBABABAABBAABAABBAAABAAABABBAAAAABABAAABABABABABABABBAAABBBAABBAAAABBAABBBBABBABABBABBABAABBBABAAABBBABBAABBABBABBABBABAABAAABAABABAAABBBBBABBAAABABAAABBABAAAABBBABBBBABAAAABBABABBAAABAAABBAABABBBBBAAAABBAAAAABBABBBBAAAABABAAABBBBABBBAABAABABBBAABBBBAAAAAAABBBBAAB
BAAAABAAAAABABBABBBBBAAABABAABABBABAAABABAABBABBAAABABBBBAAAABBABBBABBAABAABBBBBAABAAAABABAAABBABBAABAAAABBAABAABBBBBABABAAABABAABBAAABBBBAABBABABBBABAAABBABAAAABBAAABBBBBABAABBBAAABABABAABBABBBBABAABAAABBABABBBBBABBBBABAABBBBABBABBBBBBABABBAABAAAABAAABBABABAABBAABAABBAAABAAABABBAAAAABABAAABABABABABABABBAAABBBAABBAAAABBAABBBBABBABABBABBABAABBBABAAABBBABBAABBABBABBABBABAABAAABAABABAAABBBBBABBAAABABAAABBABAAAABBBABBBBABAAAABBABABBAAABAAABBAABABBBBBAAAABBAAAAABBABBBBAAAABABAAABBBBABBBAABAABABBBAABBBBAAAAAAABBBBAAB
BAAAABAAAAABABBABBBBBAAABABAABABBABBABAABBABBAAABABBBBAAAABBABBBABBAABAABBBBBAABAAAABABAAABBABBAABAAAABBAABAABBBBBABABAAABABAABBAAABBBBAABBABABBBABAAABBABAAAABBAAABBBBBABAABBBAAABABABAABBABBBBABAABAAABBABABBBBBABBBBABAABBBBABBABBBBBBABABBAABAAAABAAABBABABAABBAABAABBAAABAAABABBAAAAABABAAABABABABABABABBAAABBBAABBAAAABBAABBBBABBABABBABBABAABBBABAAABBBABBAABBABBABBABBABAABAAABAABABAAABBBBBABBAAABABAAABBABAAAABBBABBBBABAAAABBABABBAAABAAABBAABABBBBBAAAABBAAAAABBABBBBAAAABABAAABBBBABBBAABAABABBBAABBBBAAAAAAABBBBAAB
BAAAABAAAAABABBABBBBBAAABABAABABBABBABAABBABBAAABABBBBAAAABBABBBABBAABAABBBBBAABAAAABABAAABBABBAABAAAABBAABAABBBBBABABAAABABAABBAAABBBBAABBABABBBABAAABBABAAAABBAAABBBBBABBABABAABBABBBBABAABAAABBABABBBBBABBBBABAABBBBABBABBBBBBABABBAABAAAABAAABBABABAABBAABAABBAAABAAABABBAAAAABABAAABABABABABABABBAAABBBAABBAAAABBAABBBBABBABABBABBABAABBBABAAABBBABBAABBABBABBABBABAABAAABAABABAAABBBBBABBAAABABAAABBABAAAABBBABBBBABAAAABBABABBAAABAAABBAABABBBBBAAAABBAAAAABBABBBBAAAABABAAABBBBABBBAABAABABBBAABBBBAAAAAAABBBBAAB
BAAAABAAAAABABBABBBBBAAABABAABABBABBABAABBABBAAABABBBBAAAABBABBBABBAABAABBBBBAABAAAABABAAABBABBAABAAAABBAABAABBBBBABABAAABABAABBAAABBBBAABBABABBBABAAABBABAAAABBAAABBBBBABBABABAABBABBBBABAABAAABBABABBBBBABBBBABAABBBBABBABBBBBBABABBAABAAAABAAABBABABAABBAABAABBAAABAAABABBAAAAABABAAABABABABABABABBAAABBBAABBAAAABBAABBBBABBABABBABBABAABBBABAAABBBABBAABBABBABBABBABAABAAABAABAABAAABBBBBABBAAABABAAABBABAAAABBBABBBBABAAAABBABABBAAABAAABBAABABBBBBAAAABBAAAAABBABBBBAAAABABAAABBBBABBBAABAABABBBAABBBBAAAAAAABBBBAAB
BAAAABAAAAABABBABBBBBAAABABBABBABBABAABBABBAAABABBBBAAAABBABBBABBAABAABBBBBAABAAAABABAAABBABBAABAAAABBAABAABBBBBABABAAABABAABBAAABBBBAABBABABBBABAAABBABAAAABBAAABBBBBABBABABAABBABBBBABAABAAABBABABBBBBABBBBABAABBBBABBABBBBBBABABBAABAAAABAAABBABABAABBAABAABBAAABAAABABBAAAAABABAAABABABABABABABBAAABBBAABBAAAABBAABBBBABBABABBABBABAABBBABAAABBBABBAABBABBABBABBABAABAAABAABAABAAABBBBBABBAAABABAAABBABAAAABBBABBBBABAAAABBABABBAAABAAABBAABABBBBBAAAABBAAAAABBABBBBAAAABABAAABBBBABBBAABAABABBBAABBBBAAAAAAABBBBAAB
BAAAABAAAAABABBABBBBBAAABABBABBABBABAABBABBAAABABBBBAAAABBABBBABBAABAABBBBBAABAAAABABAAABBABBAABAAAABBAABAABBBBBABABAAABABAABBAAABBBBAABBABABBBABAAABBABAAAABBAAABBBBBABBABABAABBABBBBABAABAAABBABABBBBBABBBBABAABBBBABBABBBBBBABABBAABAAAABAAABBABABAABBAABAABBAAABAAABABBAAAAABABAAABABABBABABABABBAAABBBAABBAAAABBAABBBBABBABABBABBABAABBBABAAABBBABBAABBABBABBABBABAABAAABAABAABAAABBBBBABBAAABABAAABBABAAAABBBABBBBABAAAABBABABBAAABAAABBAABABBBBBAAAABBAAAAABBABBBBAAAABABAAABBBBABBBAABAABABBBAABBBBAAAAAAABBBBAAB
BAAAABAAAAABABBABBBBBAAABABBABBABBABAABBABBAAABABBBBAAAABBABBBABBAABAABBBBBAABAAAABABAAABBABBAABAAAABBAABAABBBBBABABAAABABAABBAAABBBBAABBABABBBABAAABBABAAAABBAAABBBBBABBABABAABBABBBBABAABAAABBABABBBBBABBBBABAABBBBABBABBBBBBABABBAABAAAABAAABBABABAABBAABAABBAAABBABBAAAAABABAAABABABBABABABABBAAABBBAABBAAAABBAABBBBABBABABBABBABAABBBABAAABBBABBAABBABBABBABBABAABAAABAABAABAAABBBBBABBAAABABAAABBABAAAABBBABBBBABAAAABBABABBAAABAAABBAABABBBBBAAAABBAAAAABBABBBBAAAABABAAABBBBABBBAABAABABBBAABBBBAAAAAAABBBBAAB
BAAAABAAAAABABBABBBBBAAABABBABBABBABAABBABBAAABABBBBAAAABBABBBABBAABAABBBBBAABAAAABBAAAABBAABAABBBBBABABAAABABAABBAAABBBBAABBABABBBABAAABBABAAAABBAAABBBBBABBABABAABBABBBBABAABAAABBABABBBBBABBBBABAABBBBABBABBBBBBABABBAABAAAABAAABBABABAABBAABAABBAAABBABBAAAAABABAAABABABBABABABABBAAABBBAABBAAAABBAABBBBABBABABBABBABAABBBABAAABBBABBAABBABBABBABBABAABAAABAABAABAAABBBBBABBAAABABAAABBABAAAABBBABBBBABAAAABBABABBAAABAAABBAABABBBBBAAAABBAAAAABBABBBBAAAABABAAABBBBABBBAABAABABBBAABBBBAAAAAAABBBBAAB
BAAAABAAAAABABBABBBBBAAABABBABBABBABAABBABBAAABABBBBAAAABBABBBABBAABAABBBBBAABAAAABBAAAABBAABAABBBBBABABAAABABAABBAAABBBBAABBABABBBABAAABBABAAAABBAAABBBBBABBABABAABBABBBBABAABAAABBABABBBBBABBBBABAABBBBABBABBBBBBABABBAABAAAABAAABBABABAABBAABAABBAAABBABBAAAAABABAAABABABBABABABABBAAABBBAABBAAAABBAABBBBABBABABBABBABAABBBABAAABBBABABAABBABBABBABBABAABAAABAABAABAAABBBBBABBAAABABAAABBABAAAABBBABBBBABAAAABBABABBAAABAAABBAABABBBBBAAAABBAAAAABBABBBBAAAABABAAABBBBABBBAABAABABBBAABBBBAAAAAAABBBBAAB
BAAAABAAAAABABBABBBBBAAABABBABBABBABAABBABBAAABABBBBAAAABBABBBABBAABAABBBBBAABAAAABBAAAABBAABAABBBBBABABAAABABBABBBABAAABBABAAAABBAAABBBBBABBABABAABBABBBBABAABAAABBABABBBBBABBBBABAABBBBABBABBBBBBABABBAABAAAABAAABBABABAABBAABAABBAAABBABBAAAAABABAAABABABBABABABABBAAABBBAABBAAAABBAABBBBABBABABBABBABAABBBABAAABBBABABAABBABBABBABBABAABAAABAABAABAAABBBBBABBAAABABAAABBABAAAABBBABBBBABAAAABBABABBAAABAAABBAABABBBBBAAAABBAAAAABBABBBBAAAABABAAABBBBABBBAABAABABBBAABBBBAAAAAAABBBBAAB
BAAAABAAAAABABBABBBBBAAABABBABBABBABAABBABBAAABABBBBAAAABBABBBABBAABAABBBBBAABAAAABBAAAABBAABAABBBBBABABAAABABBABBBABAAABBABAAAABBAAABBBBBABBABABAABBABBBBABAABAAABBABABBBBBABBBBABAABBBBABBABBBBBBABABBAABBAAABBABABAABBAABAABBAAABBABBAAAAABABAAABABABBABABABABBAAABBBAABBAAAABBAABBBBABBABABBABBABAABBBABAAABBBABABAABBABBABBABBABAABAAABAABAABAAABBBBBABBAAABABAAABBABAAAABBBABBBBABAAAABBABABBAAABAAABBAABABBBBBAAAABBAAAAABBABBBBAAAABABAAABBBBABBBAABAABABBBAABBBBAAAAAAABBBBAAB
BAAAABAAAAABABBABBBBBAAABABBABBABBABAABBABBAAABABBBBAAAABBABBBABBAABAABBBBBAABAAAABBAAAABBAABAABBBBBABABAAABABBABBBABAAABBABAAAABBAAABBBBBABBABABAABBABBBBABAABAAABBABABBBBBABBBBABAABBBBABBABBBBBBABABBAABBAAABBABABAABBAABAABBAAABBABBAAAAABABAAABABABBABABABABBAAABBBAABBAAAABBAABBBBABBABABBABBABAABBBABAAABBBABABAABBABBABBABBABAABAAABAABAABAAABBBBBABBAAABABAAABBABAAAABBBABBBBABAAAABBABABBAAABAAABBAABABBBBBAAAABBAAAAABBABBBBAABAABABAAABBBBABBBAABAABABBBAABBBBAAAAAAABBBBAAB
BAAAABAAAAABABBABBBBBAAABABBABBABBABAABBABBAAABABBBBAAAABBABBBABBAABAABBBBBAABAAAABBAAAABBAABAABBBBBABABAAABABBABBBABAAABBABAAAABBAAABBBBBABBABABAABBABBBBABBAABAAABBABABBBBBABBBBABAABBBBABBABBBBBBABABBAABBAAABBABABAABBAABAABBAAABBABBAAAAABABAAABABABBABABABABBAAABBBAABBAAAABBAABBBBABBABABBABBABAABBBABAAABBBABABAABBABBABBABBABAABAAABAABAABAAABBBBBABBAAABABAAABBABAAAABBBABBBBABAAAABBABABBAAABAAABBAABABBBBBAAAABBAAAAABBABBBBAABAABABAAABBBBABBBAABAABABBBAABBBBAAAAAAABBBBAAB
BAAAABAAAAABABBABBBBBAAABABBABBABBABAABBABBAAABABBBBAAAABBABBBABBAABAABBBBBAABAAAABBAAAABBAABAABBBBBABABAAABABBABBBABAAABBABAAAABBAAABBBBBABBABABAABBABBBBABBAABAAABBABABBBBBABBBBABAABBBBABBABBBBBBABABBAABBAAABBABABAABBAABAABBAAABBABBAAAAABABAAABABABBABABABABBAAABBBAABBAAAABBAABBBBABBABABBABBABAABABBABAAABBBABABAABBABBABBABBABAABAAABAABAABAAABBBBBABBAAABABAAABBABAAAABBBABBBBABAAAABBABABBAAABAAABBAABABBBBBAAAABBAAAAABBABBBBAABAABABAAABBBBABBBAABAABABBBAABBBBAAAAAAABBBBAAB
BAAAABAAAAABABBABBBBBAAABABBABBABBABAABBABBAAABABBBBAAAABBABBBABBAABAABBBBBAABAAAABBAAAABBAABAABBBBBABABAAABABBABBBABAAABBABAAAABBAAABBBBBABBABABAABBABBBBABBAABAAABBABABBBBBABBBBABAABBBBABBABBBBBBABABBAABBAAABBABABAABBAABAABBAAABBABBAAAAABABAAABABABBABABABABBAAABBBAABBAAAABBAABBBBABBABABBABBABAABABBABAAABBBABABAABBABBABBABBABAABAAABAABAABAAABBBBBABBAAABABAAABBABAAAABBBABBBBABAAAABBABABBAAABAAABBAABBABAAABBBBABBBAABAABABBBAABBBBAAAAAAABBBBAAB
BAAAABAAAAABABBABBBBBAAABABBABBAABBBBAAAABBABBBABBAABAABBBBBAABAAAABBAAAABBAABAABBBBBABABAAABABBABBBABAAABBABAAAABBAAABBBBBABBABABAABBABBBBABBAABAAABBABABBBBBABBBBABAABBBBABBABBBBBBABABBAABBAAABBABABAABBAABAABBAAABBABBAAAAABABAAABABABBABABABABBAAABBBAABBAAAABBAABBBBABBABABBABBABAABABBABAAABBBABABAABBABBABBABBABAABAAABAABAABAAABBBBBABBAAABABAAABBABAAAABBBABBBBABAAAABBABABBAAABAAABBAABBABAAABBBBABBBAABAABABBBAABBBBAAAAAAABBBBAAB
BAAAABAAAAABABBABBBBBAAABABBABBAABBBBAAAABBABBBABBAABAABBBBBAABAAAABBAAAABBAABAABBBBBABABAAABABBABBBABAAABBABAAAABBAAABBBBBABBABABAABBABBBBABBAABAAABBABABBBBBABBBBABAABBBBABBABBBBBBABABBAABBAAABBABABAABBAABAABBAAABBABBAAAAABABAAABABABBABABABABBAAABBBAABBAAAABBAABBBBABBABABBABBABAABABBABBABAABBABBABBABBABAABAAABAABAABAAABBBBBABBAAABABAAABBABAAAABBBABBBBABAAAABBABABBAAABAAABBAABBABAAABBBBABBBAABAABABBBAABBBBAAAAAAABBBBAAB
BAAAABAAAAABABBABBBBBAAABABBABBAABBBBAAAABBABBBABBAABAABBBBBAABAAAABBAAAABBAABAABBBBBABABAAABABBABBBABAAABBABAAAABBAAABBBBBABBABABAABBABBBBABBAABAAABBABABBBBBABBBBABAABBBBABBABBBBBBABABBAABBAAABBABABAABBAABAABBAAABBABBAAAAABABAAABABABBABABABABBAAABBBAABBAAAABBAABBBBABBABABBABBABAABABBABBABAABBABBABBABBABAABAAABAABAABAAABBBBBABBAAABABAAABBABAAAABBBABBBBABAAAABBAABABBAAABAAABBAABBABAAABBBBABBBAABAABABBBAABBBBAAAAAAABBBBAAB
BAAAABAAAAABABBABBBBBAAABABBABBAABBBBAAAABBABBBABBAABAABBBBBAABAAAABBAAAABBAABAABBBBBABABAAABABBABBBABAAABBABAAAABBAAABBBBBABBABABAABBABBBBABBAABAAABBABABBBBBABBBBABAABBBBABBABBBABBBABABBAABBAAABBABABAABBAABAABBAAABBABBAAAAABABAAABABABBABABABABBAAABBBAABBAAAABBAABBBBABBABABBABBABAABABBABBABAABBABBABBABBABAABAAABAABAABAAABBBBBABBAAABABAAABBABAAAABBBABBBBABAAAABBAABABBAAABAAABBAABBABAAABBBBABBBAABAABABBBAABBBBAAAAAAABBBBAAB
BAAAABAAAAABABBABBBBBAAABABBABBAABBBBAAAABBABBBABBAABAABBBBBAABAAAABBAAAABBAABAABBBBBABBABAAABABBABBBABAAABBABAAAABBAAABBBBBABBABABAABBABBBBABBAABAAABBABABBBBBABBBBABAABBBBABBABBBABBBABABBAABBAAABBABABAABBAABAABBAAABBABBAAAAABABAAABABABBABABABABBAAABBBAABBAAAABBAABBBBABBABABBABBABAABABBABBABAABBABBABBABBABAABAAABAABAABAAABBBBBABBAAABABAAABBABAAAABBBABBBBABAAAABBAABABBAAABAAABBAABBABAAABBBBABBBAABAABABBBAABBBBAAAAAAABBBBAAB
BAAAABAAAAABABBABBBBBAAABABBABBAABBBBAAAABBABBBABBAABAABBBBBAABAAAABBAAAABBAABAABBBBBABBABAAABABBABBBABAAABBABAAAABBAAABBBBBABBABABAABBABBBBABBAABAAABBABABBBBBABBBBABAABBBBABBABBBABBBABABBAABBAAABBABABAABBAABAABBAAABBABBAAAAABABAAABABABBABAABBABABBABBABAABABBABBABAABBABBABBABBABAABAAABAABAABAAABBBBBABBAAABABAAABBABAAAABBBABBBBABAAAABBAABABBAAABAAABBAABBABAAABBBBABBBAABAABABBBAABBBBAAAAAAABBBBAAB
BAAAABAAAAABABBABBBBBAAABABBABBAABBBBAAAABBABBBABBAABAABBBBBAABAAAABBAAAABBAABAABBBBBABBABAAABABBABBBABAAABBABAAAABBAAABBBBBABBABABAABBABBBBABBAABAAABBABABBBBBABBBBABAABBBBABBABBBABBBABABBAABBAAABBABABAABBAABAABBAAABBABBAAAAABABAAABABABBABAABBABABBABBABAABABBABBABAABBABBABBABBABAABAAABAABAABAAABBBBBABBAAABABAAABBABAAAABBBABBBBABAAAABBAABABBAAABAAABBAABBABAAABBBBABBBAABAABABBBAABBBBAAAAAAABBBBAABB
BAAAABAAAAABABBABBBBBAAABABBABBAABBBBAAAABBABBBABBAABAABBBBBAABBAAAABBAAAABBAABAABBBBBABBABAAABABBABBBABAAABBABAAAABBAAABBBBBABBABABAABBABBBBABBAABAAABBABABBBBBABBBBABAABBBBABBABBBABBBABABBAABBAAABBABABAABBAABAABBAAABBABBAAAAABABAAABABABBABAABBABABBABBABAABABBABBABAABBABBABBABBABAABAAABAABAABAAABBBBBABBAAABABAAABBABAAAABBBABBBBABAAAABBAABABBAAABAAABBAABBABAAABBBBABBBAABAABABBBAABBBBAAAAAAABBBBAABB
BAAAABAAAAABABBABBBBBAAABABBABBAABBBBAAAABBABBBABBAABAABBBBBAABBAAAABBAAAABBAABAABBBBBAABAAABABBABBBABAAABBABAAAABBAAABBBBBABBABABAABBABBBBABBAABAAABBABABBBBBABBBBABAABBBBABBABBBABBBABABBAABBAAABBABABAABBAABAABBAAABBABBAAAAABABAAABABABBABAABBABABBABBABAABABBABBABAABBABBABBABBABAABAAABAABAABAAABBBBBABBAAABABAAABBABAAAABBBABBBBABAAAABBAABABBAAABAAABBAABBABAAABBBBABBBAABAABABBBAABBBBAAAAAAABBBBAABB
BAAAABAAAAABABBABBBBBAAABABBABBAABBBBAAAABBABBBABBAABAABBBBBAABBAAAABBAAAABBAABAABBBBBAABAAABABBABBBABAAABBABAAAABBAAABBBBBABBABABAABBABBBBABBAABAAABBABABBBBBABBBBABAABBBBABBABBBABBBABABBAABBAAABBABABAABBAABAABBAAABBABBAAAAABABAAABABABBABAABBABABBABBABAABABBABBABAABBABBABBABBABAABAAABAABAABAAABBBBBABBAAABABAAABBABAAAABBBABBBBABAAAABBAABABBAAABAAABBAABBABAAABBBBA
BAAAABAAAAABABBABBBBBAAABABBABBAABBBBAAAABBABBBABBAABAABBBBBAABBAAAABBAAAABBAABAABBBBBAABAAABABBABBBABAAABBABAAAABBAAABBBBBABBABABAABBABBBBABBAABAAABBABABBBBBABBBBABAABBBBABBABBBABBBABABBAABBAAABBABABAABBAABAABBAAABBABBAAAAABABAAABABABBABAABBABABBABBABAABABBABBABAABBABBABBABBABAABAAABAABAABAAABBBBBABBAAABABAAABBABAAAABBBABBBBABAAAABBAABABBAAABAAABBAABBABAABABBBBA
BAAAABAAAAABABBABBBBBAAABABBABBAABBBBAAAABBABBBABBAABAABBBBBAABBAAAABBAAAABBAABAABBBBBAABAAABABBABBBABAAABBAABAAAABBAAABBBBBABBABABAABBABBBBABBAABAAABBABABBBBBABBBBABAABBBBABBABBBABBBABABBAABBAAABBABABAABBAABAABBAAABBABBAAAAABABAAABABABBABAABBABABBABBABAABABBABBABAABBABBABBABBABAABAAABAABAABAAABBBBBABBAAABABAAABBABAAAABBBABBBBABAAAABBAABABBAAABAAABBAABBABAABABBBBA
BAAAABAAAAABABBABBBBBAAABABBABBAABBBBAAAABBABBBABBAABAABBBBBAABBAAAABBAAAABBAABBAAABABBABBBABAAABBAABAAAABBAAABBBBBABBABABAABBABBBBABBAABAAABBABABBBBBABBBBABAABBBBABBABBBABBBABABBAABBAAABBABABAABBAABAABBAAABBABBAAAAABABAAABABABBABAABBABABBABBABAABABBABBABAABBABBABBABBABAABAAABAABAABAAABBBBBABBAAABABAAABBABAAAABBBABBBBABAAAABBAABABBAAABAAABBAABBABAABABBBBA
BAAAABAAAAABABBABBBBBAAABABBABBAABBBBAAAABBABBBABBAABAABBBBBAABBAAAABBAAAABBAABBAAABABBABBBABAAABBAABAAAABBAAABBBBBAABABAABBABBBBABBAABAAABBABABBBBBABBBBABAABBBBABBABBBABBBABABBAABBAAABBABABAABBAABAABBAAABBABBAAAAABABAAABABABBABAABBABABBABBABAABABBABBABAABBABBABBABBABAABAAABAABAABAAABBBBBABBAAABABAAABBABAAAABBBABBBBABAAAABBAABABBAAABAAABBAABBABAABABBBBA
BAAAABAAAAABABBABBBBBAAABABBABBAABBBBAAAABBABBBABBAABAABBBBBAABBAAAABBAAAABBAABBAAABABBABBBABAAABBAABAAAABBAAABBBBBAABABAABBABBBBABBAABAAABBABABBBBBABBBBABAABBBBABBABBBABBBABABBAABBAAABBABABAABBAABAABBAAABBABBAAAAABABAAABABABBABAABBABABBABBABAABABBABBABAABBABBABBABBABAABAAABBABAAABBABAAAABBBABBBBABAAAABBAABABBAAABAAABBAABBABAABABBBBA
BAAAABAAAAABABBABBBBBAAABABBABBAABBBBAAAABBABBBABBAABAABBBBBAABBAAAABBAAAABBAABBAAABABBABBBABAAABBAABAAAABBAAABBBBBAABABAABBABBBBAABBBBBABBBBABAABBBBABBABBBABBBABABBAABBAAABBABABAABBAABAABBAAABBABBAAAAABABAAABABABBABAABBABABBABBABAABABBABBABAABBABBABBABBABAABAAABBABAAABBABAAAABBBABBBBABAAAABBAABABBAAABAAABBAABBABAABABBBBA
BAAAABAAAAABABBAABBABBBABAAABBAABAAAABBAAABBBBBAABABAABBABBBBAABBBBBABBBBABAABBBBABBABBBABBBABABBAABBAAABBABABAABBAABAABBAAABBABBAAAAABABAAABABABBABAABBABABBABBABAABABBABBABAABBABBABBABBABAABAAABBABAAABBABAAAABBBABBBBABAAAABBAABABBAAABAAABBAABBABAABABBBBA
BAAAABAAAAABBABAABBABBBBAABBBBBABBBBABAABBBBABBABBBABBBABABBAABBAAABBABABAABBAABAABBAAABBABBAAAAABABAAABABABBABAABBABABBABBABAABABBABBABAABBABBABBABBABAABAAABBABAAABBABAAAABBBABBBBABAAAABBAABABBAAABAAABBAABBABAABABBBBA
BAAAABAAAAABBABAABBABBBBAABBBBBABBBBABAABBBBABBABBBABBBABABBAABBAAABBABABAABBAABAABBAAABBABBAAAAABABAAABABABBABAABBABAABBABBABAABABBABBABAABBABBABBABBABAABAAABBABAAABBABAAAABBBABBBBABAAAABBAABABBAAABAAABBAABBABAABABBBBA
BAAAABAAAAABBABAABBABBBBAABBBBBABBBBABAABBBBAABBBABBBABABBAABBAAABBABABAABBAABAABBAAABBABBAAAAABABAAABABABBABAABBABAABBABBABAABABBABBABAABBABBABBABBABAABAAABBABAAABBABAAAABBBABBBBABAAAABBAABABBAAABAAABBAABBABAABABBBBA
BAAAABAAAAABBABAABBABBBBAABBBBBABBBBABAABBBBAABBBABBBABABBAABBAAABBABABAABBAABAABBAAABBABBAAAAABABAAABABABBABAABBABAABBABBABAABABBABBABAABBABBABBABBABAABAAABBABAAABBABAAAABBBABBBBABAAAABBAABABBAAABBAAABBAABBABAABABBBBA
BAAAABAAAAABBABAABBABBBBAABBBBBABBBBABAABBBBAABBBABBBABABBAABBAAABBABABAABBAABAABBAAABBABBAAAAABABAAABABABBABAABBABAABBABBABAABABBABBABAABBABBABBABBABAABAAABBABAAABBABAAAABBBABBBBABBAABABBBBA
BAAAABAAAAABBABAABBABBBBAABBBBBABBBBABBABBAABBAAABBABABAABBAABAABBAAABBABBAAAAABABAAABABABBABAABBABAABBABBABAABABBABBABAABBABBABBABBABAABAAABBABAAABBABAAAABBBABBBBABBAABABBBBA
BAAAABAAAAABBABAABBABBBBAABBBBBABBBBABBABBAABBAAABBABABAABBAABAABBAAABBABBAAAAABABAAABABABBABAABBABAABBABBABAABABBABBABAABBABBABBABBABAABAAABBABAAABBABAAAABBBABBBBABBAABABBBBAB
BAAAABAAAAABBABAABBABBBBAABBBBBABBBBABBABBAABBAAABBABABAABBAABAABBAAABBABBAAAAABABAAABABABBABAABBABAABBABBABAABABBABBABAABBABBAABBABBABAABAAABBABAAABBABAAAABBBABBBBABBAABABBBBAB
BAAAABBAAAAABBABAABBABBBBAABBBBBABBBBABBABBAABBAAABBABABAABBAABAABBAAABBABBAAAAABABAAABABABBABAABBABAABBABBABAABABBABBABAABBABBAABBABBABAABAAABBABAAABBABAAAABBBABBBBABBAABABBBBAB
BAAAABBAAAAABBAABAABBABBBBAABBBBBABBBBABBABBAABBAAABBABABAABBAABAABBAAABBABBAAAAABABAAABABABBABAABBABAABBABBABAABABBABBABAABBABBAABBABBABAABAAABBABAAABBABAAAABBBABBBBABBAABABBBBAB
BAAAABBAAAAABBAABAABBABBBBAABBBBBABBBBABBABBAABBAAABBABABAABBAABAABBAAABBABBAAAAABABAAABABABBABBAABBABAABBABBABAABABBABBABAABBABBAABBABBABAABAAABBABAAABBABAAAABBBABBBBABBAABABBBBAB
BAAAABBAAAAABBAABAABBABBBBAABBBBBABBBBABBABBAABBAAABBABABAABBAABAABBAAABBAABAAABABABBABBAABBABAABBABBABAABABBABBABAABBABBAABBABBABAABAAABBABAAABBABAAAABBBABBBBABBAABABBBBAB
BAAAABBAAAAABBAABAABBAABBBBAABBBBBABBBBABBABBAABBAAABBABABAABBAABAABBAAABBAABAAABABABBABBAABBABAABBABBABAABABBABBABAABBABBAABBABBABAABAAABBABAAABBABAAAABBBABBBBABBAABABBBBAB
BBABABAABBAABAABBAAABBAABAAABABABBABBAABBABAABBABBABAABABBABBABAABBABBAABBABBABAABAAABBABAAABBABAAAABBBABBBBABBAABABBBBAB
BBABABAABBAABAABBAAABBAABAAABABABBABBAABBABAABBABBABAABABBABBABAABBABBAABBABBABAABAAABBABAAABBABAAAABBBAABBAABABBBBAB
BBABABAABBAABAABBAAABBAABAAABABABBABBAABBABAABBABBABAABAABBABAABBABBAABBABBABAABAAABBABAAABBABAAAABBBAABBAABABBBBAB
BBABABAABBAABAABBAAABBAABAAABABABBABBAABBABAABBABBABAABAABBABAABBABBAABBAABBABAABAAABBABAAABBABAAAABBBAABBAABABBBBAB
BBABABAABBAABAABBAAABBAABAAABABABBABBAABBAABBABAABAABBABAABBABBAABBAABBABAABAAABBABAAABBABAAAABBBAABBAABABBBBAB
BBABABAABBAABBAAABABABBABBAABBAABBABAABAABBABAABBABBAABBAABBABAABAAABBABAAABBABAAAABBBAABBAABABBBBAB
BBABABAABBAABBAAABABABBABBAABBAABBABAABAABBABBAABAAABBABAAABBABAAAABBBAABBAABABBBBAB
BBABABAABBAABBAAABABABBABBAABBAABBABAABBAAAABBBAABBAABABBBBAB
BABABABAABBAABBAAABABABBABBAABBAABBABAABBAAAABBBAABBAABABBBBAB
BABABBABABBABBAABBAABBABAABBAAAABBBAABBAABABBBBAB
BABABBABABBA
BABABBABAA
BABABBAABAA
BBABABBAABAA
BBAABABBAABAA
