CAAACAAAABBACBCCCACBABCBBAAABCAAAABCAABCABCABBAACBABAABBCCBAACBBCBBCBABCABCAAACABCBABCBBCCCAABCCACCBBBAABAAABCBABBBABACCCAABCCACABAA
CCAAACAAAABBACBCCCACBABCBBAAABCAAAABCAABCABCABBAACBABAABBCCBAACBBCBBCBABCABCAAACABCBABCBBCCCAABCCACCBBBAABAAABCBABBBABACCCAABCCACABAA
CCAAACAAAABBACBCCCACBABCBBAAABCAAAABCAABCABCABBAACBABAABBCCBAACBBCBBCBABCABCAAACABCBABCBBCCCAABCCACCBBBAABAAABCBABBBABACCCAABCCACAB
CCAAACAAAABBACBCCCACBABCBBAAABCAAAABCAABCABCABBAACBABAABBCCBAACBBCBBCBABCABCAAACABCBABCBBCCCAABCCACCBBBAABAAABCBABBBABACCCAABCACACAB
CCAAACAAAABBACBCCCACBABCBBAAABCAAAABCAABCABCABBAACBABAABBCCBAACBBCBBCBABCABCAAACABCBABCBBCCCAABCCACBCBBBAABAAABCBABBBABACCCAABCACACAB
CCAAACAAAABBACBCCCACBABCBBAAABCAAAABCAABCABCABBAACBABAABBCCBAACBBCBBCBABCABCAAACABCBABCBBCCCAACBCCACBCBBBAABAAABCBABBBABACCCAABCACACAB
CCAAACAAAABBACBCCCACBABCBBAAABCAAAABCAABCABCABBAACBABAABBCCBAACBBCBBCBABCABCAAACABCBABCCBBCCCAACBCCACBCBBBAABAAABCBABBBABACCCAABCACACAB
CCAAACAAAABBACBCCCACBABCBBAAABCAAAABCAABCABCABBAACBABAABBCCBAACBBCBBCBABCABCAAACABCBABCCBBCCCAACBCCACBCBBBAABAAABCBABBBABACCCAABCABCACAB
CCBAAACAAAABBACBCCCACBABCBBAAABCAAAABCAABCABCABBAACBABAABBCCBAACBBCBBCBABCABCAAACABCBABCCBBCCCAACBCCACBCBBBAABAAABCBABBBABACCCAABCABCACAB
CCBAAACAAAABBACBCCCACBABCBBAAABCAAAABCAABCABCABBAACBABAABBCCBAACBBCBBCBABCABCAAACABCBABCCBBCCCAACBCCACBCBBBAABAAABCBAABACCCAABCABCACAB
CCBAAACAAAABBACBCCCACBABCBBAAABCAAAABCAABCABCABBAACBABCBBCBBCBABCABCAAACABCBABCCBBCCCAACBCCACBCBBBAABAAABCBAABACCCAABCABCACAB
CCBAAACAAAABBACBCCCACBABCBBAAABCAAAABCAABCABCABBAACBABCBBCBBCBABCABCAAACABCBABCCBBCCCAACBCACACBCBBBAABAAABCBAABACCCAABCABCACAB
CCBAAACAAAABBACBCCCACBABCBBAAABCAAAABCAABCABCABBAACBABCBBCBBCBABCABCAAACABCBABCCBBCCCAACBCACACBCBBBAABAAABCBAABACCCBCABCACAB
CCBAAACAAAABBACBCCCACBABCBBAAABCAAAABCAABCABCABBCBABCBBCBBCBABCABCAAACABCBABCCBBCCCAACBCACACBCBBBAABAAABCBAABACCCBCABCACAB
CCBAAACAAAABBACBCCCBACBABCBBAAABCAAAABCAABCABCABBCBABCBBCBBCBABCABCAAACABCBABCCBBCCCAACBCACACBCBBBAABAAABCBAABACCCBCABCACAB
CCBAAACAAAABBACBCCCBACBABCBBAAABCAAAABCAABCABCABBCBABCBBCBBCBABCABCAAACABCBABCCBBCCCAACBCACACBCCBBBAABAAABCBAABACCCBCABCACAB
CCBAAACAAAABBACBCCCBACBABCCBBAAABCAAAABCAABCABCABBCBABCBBCBBCBABCABCAAACABCBABCCBBCCCAACBCACACBCCBBBAABAAABCBAABACCCBCABCACAB
CCBAAACAAAABBACBCCCBACBABCCBBAAABCAAAABCAABCABCABBCBABCBBCBBCBABCABCAAACABCBABCCBBCCCAACBCACACBCCAABAAABCBAABACCCBCABCACAB
CCBAAACAAAABBACBCCCBACBABCCBBAAABCAAAABCAABCABCABBCBABCBBCBBCBABCABCAAACABCBABCCBBCCCAACBCACACBCCAABAAABCBAABACCCBCAABCACAB
CCBAAACAAAABBACBCCCBACBABCCBBAAABCAAAABCAABCABCABBCBABCBBCCBABCABCAAACABCBABCCBBCCCAACBCACACBCCAABAAABCBAABACCCBCAABCACAB
CCBAAACAAAABBACBCCCBACBABCCBBAAABCAAAABCAABCABCABBCBABCBBCCBABCABCAAACABCBABCCBBCCCAACBCACACBCCAABAAABCBAABACCCBCAABCACBAB
CCBAAACAAAABBACBCCCBACBABCCBBAAABCAAAABCAABCABCABBCBABCBBCCBABCABCAAACABCBABCCBBCCCAACBCAACACBCCAABAAABCBAABACCCBCAABCACBAB
CCBAAACAAAABBACBCCCBACBABCCBBAAABCAAAABCAABCABCABBCBABCBBCCBABCABCAAACABCBABCCBBCCCAACBCAACACBCCAABAAABCBAABACCCBCAABCACBAAB
CCBAAACAAAABBACBCCCBACBABCCBBAAABCAAAABCAABCABCABBCBABCBBCCBABACABCAAACABCBABCCBBCCCAACBCAACACBCCAABAAABCBAABACCCBCAABCACBAAB
CCBAAACAAAABBACBCCCBACBABCCBBAAABCAAAABCAABCABCACBBCBABCBBCCBABACABCAAACABCBABCCBBCCCAACBCAACACBCCAABAAABCBAABACCCBCAABCACBAAB
CCBAAACAAAABBACBCCCBACBABCCBBAAABCAAAABCAABCABCACBBCBABCBBCCBABACABCBAAACABCBABCCBBCCCAACBCAACACBCCAABAAABCBAABACCCBCAABCACBAAB
CCBAAACAAAABBACBCCACBACBABCCBBAAABCAAAABCAABCABCACBBCBABCBBCCBABACABCBAAACABCBABCCBBCCCAACBCAACACBCCAABAAABCBAABACCCBCAABCACBAAB
CCBBAAACAAAABBACBCCACBACBABCCBBAAABCAAAABCAABCABCACBBCBABCBBCCBABACABCBAAACABCBABCCBBCCCAACBCAACACBCCAABAAABCBAABACCCBCAABCACBAAB
CCBBAAACAAAABBACBCCACBAACBABCCBBAAABCAAAABCAABCABCACBBCBABCBBCCBABACABCBAAACABCBABCCBBCCCAACBCAACACBCCAABAAABCBAABACCCBCAABCACBAAB
CCBBAAACAAAABBACBCCACBAACBABCCBBAAABCAAAABCAABCABCACBBCBABCBBCACBABACABCBAAACABCBABCCBBCCCAACBCAACACBCCAABAAABCBAABACCCBCAABCACBAAB
CCBBAAACAAAABBACBCCACBAACBABCCBBAAABCAAAABCAABCABCACBBCBABCBBCACBABACABCBAAACABCBABCCBBCCCAACBCAACACBCCAABAAABCBAABACCCBCAABCACBAABB
CCBBAAACAAAABBACBCCACBAACBABCCBBAAABCBCAABCABCACBBCBABCBBCACBABACABCBAAACABCBABCCBBCCCAACBCAACACBCCAABAAABCBAABACCCBCAABCACBAABB
CCBBAAACAAAABBACBCCACBAACBABCCBBAAABCBCAABCABCACBBCBABCBBCACBABACABCBAAACABBCBABCCBBCCCAACBCAACACBCCAABAAABCBAABACCCBCAABCACBAABB
CCBBAAACAAAABBACBCCACBAACBABCCBBAAABCBCAABCABCACBBCBABCBBCACBABACABCBAAACABBCBABCCABBCCCAACBCAACACBCCAABAAABCBAABACCCBCAABCACBAABB
CCBBAAACAAAABBACBCCACBAACBABCCBBAAABCBCAABCABCACBBCBABCBBCACBABACABCBAAACABBCBABCCABBCCCAACBCAACACBCCAABAAABCBAABACCCBCAABCACBAABBA
CCBBAAACABAAABBACBCCACBAACBABCCBBAAABCBCAABCABCACBBCBABCBBCACBABACABCBAAACABBCBABCCABBCCCAACBCAACACBCCAABAAABCBAABACCCBCAABCACBAABBA
CCBBAAACABAAABBACBCCACBAACBABCCBBAAABCBCAABCABCACBBCBABCBBCACBABACABCBAAACABBCBABCCABBCCCACACBCAACACBCCAABAAABCBAABACCCBCAABCACBAABBA
CCBBAAACABAAABBACBCCACBAACBABCCBBAAABCBCAABCABCACBBCBABCBBCACBABACABCBAAACABBCBABCCABBCCCACACBCAACACCBCCAABAAABCBAABACCCBCAABCACBAABBA
CCBBAAACABAAABBACBCCACBAACBABBCCBBAAABCBCAABCABCACBBCBABCBBCACBABACABCBAAACABBCBABCCABBCCCACACBCAACACCBCCAABAAABCBAABACCCBCAABCACBAABBA
CCBBAAACABAAABBACBCCACBAACBABBCCBBAAABCBCAABCABBCACBBCBABCBBCACBABACABCBAAACABBCBABCCABBCCCACACBCAACACCBCCAABAAABCBAABACCCBCAABCACBAABBA
CCBBAAACABAAABBACBCCACBAACBABBCCBBAAABCBCAABCABBCACBBCBABCBBCACBABACABCBAAACABBCBABCCABBCCCACACBCAACACCBCCAABAAABCBAABACCCBCAABCACA
CCBBAAACABAAABBACBCCACBAACBABBCCBBAAABCBCAABCABBCACBBCBABCBBCACBABACABCBAAACACBABCCABBCCCACACBCAACACCBCCAABAAABCBAABACCCBCAABCACA
CCBBAAACABAAABBACBCCACBAACBABBCCBBAAABCBCAABCABBCACBBCBABCBBCACABABACABCBAAACACBABCCABBCCCACACBCAACACCBCCAABAAABCBAABACCCBCAABCACA
CCBBAAACABAAABBCACBCCACBAACBABBCCBBAAABCBCAABCABBCACBBCBABCBBCACABABACABCBAAACACBABCCABBCCCACACBCAACACCBCCAABAAABCBAABACCCBCAABCACA
CCBBAAACABAAABBCACBCCACBAACBABBCCBBAAABCBCAABCABBCACBBCBABCBBCACABABACABCBAAACACBBABCCABBCCCACACBCAACACCBCCAABAAABCBAABACCCBCAABCACA
CCBBAAACAABAAABBCACBCCACBAACBABBCCBBAAABCBCAABCABBCACBBCBABCBBCACABABACABCBAAACACBBABCCABBCCCACACBCAACACCBCCAABAAABCBAABACCCBCAABCACA
CCBBAAACAABAAABBCACBCCACBAACBABBCCBBAAABCBCAABCABBCACBBCBABCBBCACABABACABCBAAACACBBABCCABBCCCACACBCAACACCBCCAABAAABCBAABACCCBCACABCACA
CCBBAAACAABAAABBCACBCCACBAACBABBCCBBAAABCBCAABCABBCACBBCBABCBBCACABABACABCBAAACACBBABCCABBCCCACACBCCACCBCCAABAAABCBAABACCCBCACABCACA
CCBBAAACAABAAABBCACBCCACBAACBABBACCBBAAABCBCAABCABBCACBBCBABCBBCACABABACABCBAAACACBBABCCABBCCCACACBCCACCBCCAABAAABCBAABACCCBCACABCACA
CCBBAAACAABAAABBCACBCCACBAACBABBACCBBAAABCBCAABBCABBCACBBCBABCBBCACABABACABCBAAACACBBABCCABBCCCACACBCCACCBCCAABAAABCBAABACCCBCACABCACA
CCBBAAACAABAAACACBCCACBAACBABBACCBBAAABCBCAABBCABBCACBBCBABCBBCACABABACABCBAAACACBBABCCABBCCCACACBCCACCBCCAABAAABCBAABACCCBCACABCACA
CCBBAAACAABAAACACBCCACBAACBABBACCBBAAABCBCAABBCABBCACBBCBABCBBCACABABACABCBAAACACBBABCCABBCBCCACACBCCACCBCCAABAAABCBAABACCCBCACABCACA
CCBBAAACAABAAACACBCCACBAACBABBACCBBAAABCBCAABBCABBCACBBCBABCBBCACABABACABCABAAACACBBABCCABBCBCCACACBCCACCBCCAABAAABCBAABACCCBCACABCACA
CCBBAAACAABAAACACBCCACBAACBABBACCBBAAABCBCAABBCABBCACBBCBABCBBCACABABACABCABAAACACBBABCCABBCBCCACACBCCACCBCCAABAAABCBABABACCCBCACABCACA
CCBBAAACAABAAACACBCCACBAACBABBACCBBAAABCBCAABBCABBCACBBCBABCBBCACABABACABCABAAACACCBBABCCABBCBCCACACBCCACCBCCAABAAABCBABABACCCBCACABCACA
CCBBAAACAABAAACACBCCACBAACBABBACCBBAAABCBCAABBCABBCACBBCBABCBBCACABABACABCAABAAACACCBBABCCABBCBCCACACBCCACCBCCAABAAABCBABABACCCBCACABCACA
CCBBAAACAABAAACACBCCACBAACBABBACCBBAAABCBCAABBCABBCACBBCBABCBBCACABABACABCAABAAACACCBBABCCABBCBCCACACBCCACCBCCAABAAABCBABABAACCCBCACABCACA
CCBBAAACAABAAACACBCCACBAACBABBACCBBAAABCBCAABBCABBCACBBCBABCBBCACABABACABCAABAAACACCBBABCCABBCBCCACACBCCACCBCCAABAAABCBBABABAACCCBCACABCACA
CCBBAAACAABAAACACBCCACBAACBABBACCBBAAABCBCAABBCABBCACBBCBABCBBCACABABACABCAABAAACACCBBABCCABBCBCCACACBCCBACCBCCAABAAABCBBABABAACCCBCACABCACA
CCBBAAACAABAAACACBCCACBAACBABBACCBBAAABCBCAABBCABBCACBBCBABCBBCACABABACABCAABAAACACCBBABCCABBCBCCACACBCCBACCBCCAABAAABCBBABABAACACCBCACABCACA
CCBBAAACAABAAACACBCCACBAACBABBACCBBAAABCBCAABBCABBCACBBCBABCBBCACABABACAABCAABAAACACCBBABCCABBCBCCACACBCCBACCBCCAABAAABCBBABABAACACCBCACABCACA
CCBBAAACAABAAACACBCCACBAACBABBACCBBAAABCBCAABBCABBCACBBCBABCBBCACABABACAABCAABAAACACCBBABCCABBCBCCACACBCCBACCBBCCAABAAABCBBABABAACACCBCACABCACA
CCBBAAACAABCACBCCACBAACBABBACCBBAAABCBCAABBCABBCACBBCBABCBBCACABABACAABCAABAAACACCBBABCCABBCBCCACACBCCBACCBBCCAABAAABCBBABABAACACCBCACABCACA
CCBBAAACAABCACBCCACBAACBABBACCBBAAABCBCAABBCABBCACBBCBABCBBCACABABACAABCAABAAACACCBBACBCCABBCBCCACACBCCBACCBBCCAABAAABCBBABABAACACCBCACABCACA
CCBBAAACAABCACBCCACBAACBABBACCBBAAABCBCAABBCABBCACBBCBABCBBCACABABACAABCAABAAACACCBBACBCCABBCBCCACACBCCBABCCBBCCAABAAABCBBABABAACACCBCACABCACA
CCBBAAACAABCACBCCACBAACBABBACCBBAAABCBCAABBCABBCACBBCBABCBBCACABABACAABCAABAAACACCBBACBCCABBCBCCAACACBCCBABCCBBCCAABAAABCBBABABAACACCBCACABCACA
CCBBAAACAABCACBCCACBAACBABBABBAAABCBCAABBCABBCACBBCBABCBBCACABABACAABCAABAAACACCBBACBCCABBCBCCAACACBCCBABCCBBCCAABAAABCBBABABAACACCBCACABCACA
CCBBAAACAABCACBCCAACBAACBABBABBAAABCBCAABBCABBCACBBCBABCBBCACABABACAABCAABAAACACCBBACBCCABBCBCCAACACBCCBABCCBBCCAABAAABCBBABABAACACCBCACABCACA
CCBBAAACAABCACBCCAACBAACBABBABBAAABCBCAABBCABBCACBBCBABCBBCACABABACAABCAABAAACACCBBACBCCABBCBCCAACACBCCBABCCBBCCAABAAABCBBABABAACACCBCCACABCACA
CCBBAAACAABCACBCCAACBAACBABBABBAAABCBCAABBCABBCACBBCBABCBBCACABABACAABCAABAAACACCABBACBCCABBCBCCAACACBCCBABCCBBCCAABAAABCBBABABAACACCBCCACABCACA
CCBBAAACAABCACBCCAACBAACBABBABBAAABCBCAABBCABBCACBBCBABCBBCACABABACAABCAABAAACACCABBACBCCABBCBCACAACACBCCBABCCBBCCAABAAABCBBABABAACACCBCCACABCACA
CCBBAAACAABCACBCCAACBAACBABBABBAAABCBCAABBCABBCACBBCBABCBBCACABABACAABCAABAAACACCABBACBCCABBCBCACAACACBCCBABCACBBCCAABAAABCBBABABAACACCBCCACABCACA
CCBBAAACAABCACBCCAACBAACBABBABBAAABCBCAABBCABBCACBBCBABCBBCACABABACAABCAABAAACACCABBACBCCABBCBCACAACACBCCBABCACBBCCAABAAABCBBABABCAACACCBCCACABCACA
CCBBAAACAABCACBCCAACBAACBABBABBAAABCBCAABBCABBCACBBCBABCBBCACABABACAABCAABAAACACCABBACBCCABBCBCACAACACBCCBACBCACBBCCAABAAABCBBABABCAACACCBCCACABCACA
CCBBAAACAABCACBCCAACBAACBABBABBAAABCBCAACABBCACBBCBABCBBCACABABACAABCAABAAACACCABBACBCCABBCBCACAACACBCCBACBCACBBCCAABAAABCBBABABCAACACCBCCACABCACA
CCBBAAACAABCACBCCAACBAACBABBABBAAABCBCAACABBCACBBCBABCBBCACABABACAABCAABAAACACCABBACBCCAABBCBCACAACACBCCBACBCACBBCCAABAAABCBBABABCAACACCBCCACABCACA
CCBBAAACAABCACBCCAACBAACBABBABBAAABCBCAACABBCACBBCBABCBBCACABABACAABCAABAAACACCABBACBCCAABBCBCACAACACBCCBACBCACBBCCAABAAABCBBABCABCAACACCBCCACABCACA
CCBBAAACAABCACBCCAACBAACBABBABBAAABCBCAACABBCACBBCBABACBBCACABABACAABCAABAAACACCABBACBCCAABBCBCACAACACBCCBACBCACBBCCAABAAABCBBABCABCAACACCBCCACABCACA
CCBBAAACAABCACBCCAACBAACBABBABBAAABCBCAACABBCACBBCBABACBBCACABABACAABCAABAAACACCABBACBCCAABBCBCACCAACACBCCBACBCACBBCCAABAAABCBBABCABCAACACCBCCACABCACA
CCBBAAACAABCACBCCAACBAACBABBABBAAABCBCAACABBCACBBCBABACBBCACABABACAABCAABAAACACCABBACBCCAABBCBCCACBCCBACBCACBBCCAABAAABCBBABCABCAACACCBCCACABCACA
CCBBAAACAABBCACBCCAACBAACBABBABBAAABCBCAACABBCACBBCBABACBBCACABABACAABCAABAAACACCABBACBCCAABBCBCCACBCCBACBCACBBCCAABAAABCBBABCABCAACACCBCCACABCACA
CCBBAAACAABBCACBCCAACBAACBABBABBAAABCBCAACABBCACBBCBABACBBCACABABACAABCAABAAACACCABBACBCCAABBCBCCACBCCBACBCACBBCCAACBAAABCBBABCABCAACACCBCCACABCACA
CCBBAAACAABBCACBCCAACBAACBABBABBAAABCBCAACABBCACBBCBABACBBCACABABACAABCAABAAACACCABBACBCCAABBCBCCACBCCBACBCACBBCCAACBAAABCBBABCABCAACACCBCCACCABCACA
CCBBAAACAABBCACBCCAACBCBABBABBAAABCBCAACABBCACBBCBABACBBCACABABACAABCAABAAACACCABBACBCCAABBCBCCACBCCBACBCACBBCCAACBAAABCBBABCABCAACACCBCCACCABCACA
CCBBAAACAABBCACBCCAACBCBABBABBAAABCBCAACABBCACBBCBABACBBCACABABACAABCAABAAACACCABBACBCCAABBCBCCACBCCBACBCACBBCCAACBAAABCABCABCAACACCBCCACCABCACA
CCBBAAACAABBCACBCCAACBCBABBABBAAABCBCAACABBCACBBCBABACBBCACBABABACAABCAABAAACACCABBACBCCAABBCBCCACBCCBACBCACBBCCAACBAAABCABCABCAACACCBCCACCABCACA
CCBBAAACAABBCACBCCAACBCBABBABBAAABCBCAACABBCACBBCBABACBBCACBABABACAABCAABAAACACCABBACBCCAABBCBCCACBCCBACBCACBBCCAACABAAABCABCABCAACACCBCCACCABCACA
CCBBAAACAABBCACBCCAACBCBABBABBAAABCBCAACABBCAACBBCBABACBBCACBABABACAABCAABAAACACCABBACBCCAABBCBCCACBCCBACBCACBBCCAACABAAABCABCABCAACACCBCCACCABCACA
CCBBAAACAABBCACBCCAACBCBABBABBAAABCBCAACABBCAACBBCBABACBBCACBABABACBCAABAAACACCABBACBCCAABBCBCCACBCCBACBCACBBCCAACABAAABCABCABCAACACCBCCACCABCACA
CCBBAAACAABBCACBCCAACBCBABBABBAAABCBCAACABBCAACBBCBABACBBCACBABABACBCAABAAACACCABBACBCCAABBCBCCACBCCBACBCACBCBCCAACABAAABCABCABCAACACCBCCACCABCACA
CCBBAAACAABBCACBCCAACBCBABBABBABAABCBCAACABBCAACBBCBABACBBCACBABABACBCAABAAACACCABBACBCCAABBCBCCACBCCBACBCACBCBCCAACABAAABCABCABCAACACCBCCACCABCACA
CCBBCAAACAABBCACBCCAACBCBABBABBABAABCBCAACABBCAACBBCBABACBBCACBABABACBCAABAAACACCABBACBCCAABBCBCCACBCCBACBCACBCBCCAACABAAABCABCABCAACACCBCCACCABCACA
CCBBCCAAACAABBCACBCCAACBCBABBABBABAABCBCAACABBCAACBBCBABACBBCACBABABACBCAABAAACACCABBACBCCAABBCBCCACBCCBACBCACBCBCCAACABAAABCABCABCAACACCBCCACCABCACA
CCBBCCAAACAABBCACBCCAACBCBABBABBABAABCBCAACABBCACACBBCBABACBBCACBABABACBCAABAAACACCABBACBCCAABBCBCCACBCCBACBCACBCBCCAACABAAABCABCABCAACACCBCCACCABCACA
CCBBCCAAACAABBCACBCCAACBCBABBABBABAABCBCAACABBCACACBBCBABACBBCACBABABACBCAABAAACACCABBACBCCAABBCBCCACBCCBACBCACBCBABAAABCABCABCAACACCBCCACCABCACA
CCBBCCAAACAABBCACBCCAACBCBABBABBABAABCBCAACABBCACACBBCBABACBBCACBABABACBCAABAAACACCABBACBCCBBCBCCACBCCBACBCACBCBABAAABCABCABCAACACCBCCACCABCACA
CCBBCCAAACAABBCACBCCAACBCBABBABBABAABCBCAACABBCACACBBCBABACBBCACBACBABACBCAABAAACACCABBACBCCBBCBCCACBCCBACBCACBCBABAAABCABCABCAACACCBCCACCABCACA
CCBBCCAAACAABBCACBCCAACBCBABBABBABAABCBCCAACABBCACACBBCBABACBBCACBACBABACBCAABAAACACCABBACBCCBBCBCCACBCCBACBCACBCBABAAABCABCABCAACACCBCCACCABCACA
CCBBCCAAACAABBCACBCCAACBCBABBABBABAABCBCCAACABBCACACBBCBABACCBBCACBACBABACBCAABAAACACCABBACBCCBBCBCCACBCCBACBCACBCBABAAABCABCABCAACACCBCCACCABCACA
CCBBCCAAACAABBCACBCCAACBCBABBABBABAABCBCCAACABBCACACBBCBABACCBBCACBACBABACBCAABAAACACCABBACBCCBBCBCCACBCCBACBCACBCBABAAABCABCABCAACACCBCCACCABCACAC
CCBBCCAAACAABBCACBCBCAACBCBABBABBABAABCBCCAACABBCACACBBCBABACCBBCACBACBABACBCAABAAACACCABBACBCCBBCBCCACBCCBACBCACBCBABAAABCABCABCAACACCBCCACCABCACAC
CCBBCCAAACAABBCACBCBCAACBCBABBABBABAABCBCCAACABBCACACBBCBABACCBBCACBACBABACBCAABAAACACCABBACBCCBBCBCCACBCCBACBCACBCBABAAABCCABCABCAACACCBCCACCABCACAC
CCBBCCAACACAABBCACBCBCAACBCBABBABBABAABCBCCAACABBCACACBBCBABACCBBCACBACBABACBCAABAAACACCABBACBCCBBCBCCACBCCBACBCACBCBABAAABCCABCABCAACACCBCCACCABCACAC
CCBBACAABBCACBCBCAACBCBABBABBABAABCBCCAACABBCACACBBCBABACCBBCACBACBABACBCAABAAACACCABBACBCCBBCBCCACBCCBACBCACBCBABAAABCCABCABCAACACCBCCACCABCACAC
CCBBACAABBCACBCBCAACBCBABBABBABAABCBCCAACABBCACACBBCBABACCBBCACBACBABACBCAABAAACACCABBACBCCBBCBCCACBCCBACBCACBCBABAAABABCABCAACACCBCCACCABCACAC
CCBBACAABBCACBCBCAACBCBABBABBABAABCBCCAACABBCACACBBCBABACCBBCACBACBABACBCAABAAACACCABBACBCCBBCBCCACBCCBACBCACBCBABAAABABCABCAACACBCBCCACCABCACAC
CCBBACAABBCACBCBCAACBCBABBABBABAABCBCCAACABBCACACBBCBABCACCBBCACBACBABACBCAABAAACACCABBACBCCBBCBCCACBCCBACBCACBCBABAAABABCABCAACACBCBCCACCABCACAC
CCBBACAACACBCBCAACBCBABBABBABAABCBCCAACABBCACACBBCBABCACCBBCACBACBABACBCAABAAACACCABBACBCCBBCBCCACBCCBACBCACBCBABAAABABCABCAACACBCBCCACCABCACAC
CCBBACAACACBCBCAACCBCBABBABBABAABCBCCAACABBCACACBBCBABCACCBBCACBACBABACBCAABAAACACCABBACBCCBBCBCCACBCCBACBCACBCBABAAABABCABCAACACBCBCCACCABCACAC
CCBBACAACACBCBCAACCBCBABBABBABAABCBCCAACABBCACACBBCBABCACCBBCACBACBABACBCAABAAACACCAABBACBCCBBCBCCACBCCBACBCACBCBABAAABABCABCAACACBCBCCACCABCACAC
CCBBACAACACBCBCAACCBCBABBCABBABAABCBCCAACABBCACACBBCBABCACCBBCACBACBABACBCAABAAACACCAABBACBCCBBCBCCACBCCBACBCACBCBABAAABABCABCAACACBCBCCACCABCACAC
CCBBACAACACBCBCAACCBCBABBCABBABAABCBCCAACABBCACACBBCBABCACCBBCACBACBABACBCAABAAACACCAABBACBCCBBCBCCACBCCBACBCACBCBABAAABABCABCAACACBCBCCACCABBCACAC
CCBBACAACACBCBCAACCBCBABBCABBABAABCBCCAACABBCACACBBCBABCACCBBCACBACBABACBCAABAAACACCAABBACBCCBBCBCCACBBCCBACBCACBCBABAAABABCABCAACACBCBCCACCABBCACAC
CCBBACAACACBCBCAACCBCBABBCABBABAABCBCCAACABBCACACBBCBABCACCBBCACBACBABACBCAABAAACACCAABBACBCCBBCBCCACBBCCBACBCACBCBABAAABABCABBCAACACBCBCCACCABBCACAC
CCBBACAACACBCBCAACCBCBABBCABBABAABCBCCAACABBCACACBBCBABCACCBBCACBACBABACBCAABAAACACCAABBACBCCBBCBCCACBBCCBACBCACBCBABAAABABCABBCAACACBCBACCABBCACAC
CCBBACAACACBCBCAACCBCBABBCABBABAABCBCCAACABBCACACBBCBABCACCBBCACBACBABACBCAABAAACACCAABBACBCCBBCBCCACBBCCBACBCACBBCBABAAABABCABBCAACACBCBACCABBCACAC
CCBBACAACACBCBCAACCBCBABBCABBABAABCBCCAACABBCACACBBCBABCACCBBCACBACBABACBCAABAAACACCAABBACBCCBBCBCCACBBCCBACBCACBBCBABBABCABBCAACACBCBACCABBCACAC
CCBBACAACACBCBCAACCBCBABBCABBABAABCBCCAACABBCACACBBCBABCACCBBCACBACBABACBCAABAAACACCAABBACBCCBBCBCCACBBCCBACBCACBBCBABABABCABBCAACACBCBACCABBCACAC
CCBBACAACACBCBCAACCBCBABBCABBABAABCBCCAACABBCACACBBCBABACACCBBCACBACBABACBCAABAAACACCAABBACBCCBBCBCCACBBCCBACBCACBBCBABABABCABBCAACACBCBACCABBCACAC
CCBBACAACACBCCBCAACCBCBABBCABBABAABCBCCAACABBCACACBBCBABACACCBBCACBACBABACBCAABAAACACCAABBACBCCBBCBCCACBBCCBACBCACBBCBABABABCABBCAACACBCBACCABBCACAC
CCBBACAACACBCCBCAACCBCBABBCABBABAABCBCCAACABBCACACBBCBABACACCBBCACBACBABACBCAABAAACACCAABBACBCCBBCBCCABACBCACBBCBABABABCABBCAACACBCBACCABBCACAC
CCBBACAACACBCCBCAACCBCBABBCABBABAABCBCCAACABBCACACBBCBABACACCBBCACBACBABACBCAABAAACACCAABBACBCCBBCBCCABACBCACBBCBABABABCABBCAACACBCBACCABBCCACAC
CCBBACACACACBCCBCAACCBCBABBCABBABAABCBCCAACABBCACACBBCBABACACCBBCACBACBABACBCAABAAACACCAABBACBCCBBCBCCABACBCACBBCBABABABCABBCAACACBCBACCABBCCACAC
CCBBACACACACBCCBCAACCBCBABBCABBABAABCBCCAACABBCACACBBCBABACACCBBCACBACBABACBCAABAAACACCAABBACBCCBBCBCCABACBCACBBCBABABABCABBCAACACBACBACCABBCCACAC
CCBBACACACACBCCBCAACCBCBABBCABBABAABCBCCAACABBCACACBBCBABACACCBBCAACBACBABACBCAABAAACACCAABBACBCCBBCBCCABACBCACBBCBABABABCABBCAACACBACBACCABBCCACAC
CCBBACACACACBCCBCAACCBCBABBCABBABAABCBCCAACABBCACACBBCABABACACCBBCAACBACBABACBCAABAAACACCAABBACBCCBBCBCCABACBCACBBCBABABABCABBCAACACBACBACCABBCCACAC
CCBBACACACACBCCBCAACCBCBABBCABBABAABCBCCAACABBCACACBBCABABACACCBBCAACBACBABACBCAABAAACACCAABBACBCCBBCBCCABACBCACBBCBABABABCABBCAACACBACBACCABABCCACAC
CCBBACACACACBCCBCAACCBCBABBCABBABAABCBCCAACABBCACACBBCABABACACCBBCAACCBACBABACBCAABAAACACCAABBACBCCBBCBCCABACBCACBBCBABABABCABBCAACACBACBACCABABCCACAC
CCBBACACACACBCCBCAACCBCBABBCABBABAABCBCCAACABBCACACBBCABABACACCBBCAACCBACBABACBCAABAAACACCAABBACBCCBBCBCCABACBCACBBCBABABABCABBCAACACBACBACCABABCCBACAC
CCBBACACACACBCCBCAACCBCBABBCABBABAABCBCCAACABBCACABCBBCABABACACCBBCAACCBACBABACBCAABAAACACCAABBACBCCBBCBCCABACBCACBBCBABABABCABBCAACACBACBACCABABCCBACAC
CCBBACACACACBCCBCAACCBCBABBCABBABAABCBCCAACABBCACABCBBCABABACACCBBCAACCBACBABACBCAABABAACACCAABBACBCCBBCBCCABACBCACBBCBABABABCABBCAACACBACBACCABABCCBACAC
CCBBACACACACBCCBCAACCBCBABBCABBABAABCBCCAACABBCACABCBBCABABACACCBBCAACCBACBABACBCAABABAACACCAABBACBCCBBCBABACBCACBBCBABABABCABBCAACACBACBACCABABCCBACAC
CCBBACACACACBCCBCAACCBCBABBCABBABAABCBCCAACABBCACABCBBCABABACACCBBCAACCBACBABACBCAABABAACACCAABBACBCCBBCBABACBCACBABCBABABABCABBCAACACBACBACCABABCCBACAC
CCBBACACACACBCCBCCAACCBCBABBCABBABAABCBCCAACABBCACABCBBCABABACACCBBCAACCBACBABACBCAABABAACACCAABBACBCCBBCBABACBCACBABCBABABABCABBCAACACBACBACCABABCCBACAC
CCBBACACACACBCCBCCAACCBCBABBCABBABAABCBCCAACABBCACABCBBCABABACACCBBCAACCBACBABACBCAABABAACAACCAABBACBCCBBCBABACBCACBABCBABABABCABBCAACACBACBACCABABCCBACAC
CCBBACACACACBCCBCCAACCBCBABBCABBABAABCBCCAACABBCACABCBBCABABACACCBBCAACCBACBABACBCAACBABAACAACCAABBACBCCBBCBABACBCACBABCBABABABCABBCAACACBACBACCABABCCBACAC
CCBBACACACACBCCBCCAACCBCBABBCABBABAABCBCCAACABBCACABCBBCABABACACCBBCAACCBACBABACBCAACBABAACAACCAABBACBCCBBCBABBACBCACBABCBABABABCABBCAACACBACBACCABABCCBACAC
CCBBACACACACBCCBCCAACCBCBABBCABBABAABCBCCAACABBCACCABCBBCABABACACCBBCAACCBACBABACBCAACBABAACAACCAABBACBCCBBCBABBACBCACBABCBABABABCABBCAACACBACBACCABABCCBACAC
CCBBACACACACBCCBCCAACCBCBABBCABBABAABCBCCAACABBCACCABCBBCABABCACACCBBCAACCBACBABACBCAACBABAACAACCAABBACBCCBBCBABBACBCACBABCBABABABCABBCAACACBACBACCABABCCBACAC
CCBBACACACACBCCBCCAACCBCBABBCABBABAABCBCCAACABBCACCABCBBCABABCACACCBBCAACCBACBABACBCAACBABAACAACCAABBACBCCBBCBABBACBCACBABCBABABABCABBCAACACBACBACCABAABCCBACAC
CCBBACACACACBCCBCCAACCBCBABBCABBABAABCBCCAACABBCACCABCBBCABABCACACCBBCAACCBACBABACBCAACBABAACAACCAABBACBCCBBCBABBACBCACBABCBABABABCABBCAACACBACBACCABAABCCBACACA
CCBBACACACACBCCBCCAACCBCBABBCABBABAABCBCCAACABBCACCABCBBCABABCACACCBBCAACCBACBABACBCAACBABAACAACCAABBACBCCBBCBABBACBCACBABCBABABABCABBCBAACACBACBACCABAABCCBACACA
CCBBACACACACBCCBCCAACCBCBABBCAABAABCBCCAACABBCACCABCBBCABABCACACCBBCAACCBACBABACBCAACBABAACAACCAABBACBCCBBCBABBACBCACBABCBABABABCABBCBAACACBACBACCABAABCCBACACA
CCBBACACACACBCCBCCAACCBCBABBCAABAABCBCCAACABBCACCABCBBCABABCACACCBBCAACCBACBABACBCAACBABAACAACCAABBACBCCBBCBABBACBCACBABCBABABABCABBCBAACACBCACBACCABAABCCBACACA
CCBBACACACACBCCBCCAACCBCBABBCAABAABCBCCAACABBCACCABCBBCABABCACACCBBCCAACCBACBABACBCAACBABAACAACCAABBACBCCBBCBABBACBCACBABCBABABABCABBCBAACACBCACBACCABAABCCBACACA
CCBBACACACACBCCBCCAACCBCBABBCAABAABCBCCAACABBCAACCABCBBCABABCACACCBBCCAACCBACBABACBCAACBABAACAACCAABBACBCCBBCBABBACBCACBABCBABABABCABBCBAACACBCACBACCABAABCCBACACA
CCBBACACACACBCCBCCAACCBCBABBCAABBCBCCAACABBCAACCABCBBCABABCACACCBBCCAACCBACBABACBCAACBABAACAACCAABBACBCCBBCBABBACBCACBABCBABABABCABBCBAACACBCACBACCABAABCCBACACA
CCBBACACACACBCCBCCAACCBCBABBCAABBCBCCAACABBCAACCABCBBCABABCACACCBBCCAACCBACBABACBCAACBABAACAACCAABBACBCCBBCBABBACBCACBABCBABABABCAABBCBAACACBCACBACCABAABCCBACACA
CCBBACACACACBCCBCCAACCBCBABBCAABBCBCCAACABBCAACCABCBBCABABCACACCBBCCAACCBACBABACBCAACBABAACBBACBCCBBCBABBACBCACBABCBABABABCAABBCBAACACBCACBACCABAABCCBACACA
CCBBACACACACBCCBCCAACCBCBABBCAABBCBCCAACABBCAACCBABCBBCABABCACACCBBCCAACCBACBABACBCAACBABAACBBACBCCBBCBABBACBCACBABCBABABABCAABBCBAACACBCACBACCABAABCCBACACA
CCBBACACACACBCCBCCAACCBCBABBCAABBCBCCAACABBCAACCBBABCBBCABABCACACCBBCCAACCBACBABACBCAACBABAACBBACBCCBBCBABBACBCACBABCBABABABCAABBCBAACACBCACBACCABAABCCBACACA
CCBBACACACACBCCBCCAACCBCBABBCAABBCBABBCAACCBBABCBBCABABCACACCBBCCAACCBACBABACBCAACBABAACBBACBCCBBCBABBACBCACBABCBABABABCAABBCBAACACBCACBACCABAABCCBACACA
CCBBACCACACACBCCBCCAACCBCBABBCAABBCBABBCAACCBBABCBBCABABCACACCBBCCAACCBACBABACBCAACBABAACBBACBCCBBCBABBACBCACBABCBABABABCAABBCBAACACBCACBACCABAABCCBACACA
CCBBACCACACCACBCCBCCAACCBCBABBCAABBCBABBCAACCBBABCBBCABABCACACCBBCCAACCBACBABACBCAACBABAACBBACBCCBBCBABBACBCACBABCBABABABCAABBCBAACACBCACBACCABAABCCBACACA
CCBBACCACACCACBCCBCCAACCBCBABBCAABBCBABBCAACCBBABCBBCABABCACACCBBCCAACCBACBABACBCAACBABAACBBACBCCBBCCBABBACBCACBABCBABABABCAABBCBAACACBCACBACCABAABCCBACACA
CCBBACCACACCACBCCBCCAACCBCBABBCAABBCBABBCAACCBBABCBBCABABCACACCBBCCAACCBACBABACBACAACBABAACBBACBCCBBCCBABBACBCACBABCBABABABCAABBCBAACACBCACBACCABAABCCBACACA
CCBBACCACACCACBCCBCCAACCBCBABBCAABBCBABBCAACCBBABCBBCABABCACACCBBCCAACCBACBABACBACAACBABAACBBACBBABBACBCACBABCBABABABCAABBCBAACACBCACBACCABAABCCBACACA
CCBBACCACACCACBCCBCCAACCBCBABBCAABBCCBABBCAACCBBABCBBCABABCACACCBBCCAACCBACBABACBACAACBABAACBBACBBABBACBCACBABCBABABABCAABBCBAACACBCACBACCABAABCCBACACA
ACCBBACCACACCACBCCBCCAACCBCBABBCAABBCCBABBCAACCBBABCBBCABABCACACCBBCCAACCBACBABACBACAACBABAACBBACBBABBACBCACBABCBABABABCAABBCBAACACBCACBACCABAABCCBACACA
ACCBBACCACACCACBCCBCCAACCBCBABBCAABBCCBABBCAACCBBABCBBCABABCACACCBBCCAACCBACBABACBACAACBABAACBBACBBABBACBCACBABCBABABABCAABABCBAACACBCACBACCABAABCCBACACA
ACCBBACCACACCACBCCBACCAACCBCBABBCAABBCCBABBCAACCBBABCBBCABABCACACCBBCCAACCBACBABACBACAACBABAACBBACBBABBACBCACBABCBABABABCAABABCBAACACBCACBACCABAABCCBACACA
ACCBBACCACACCACBCCBACCAACCBCBABBCAABBCCBABBCAACCBBABCBBCABABCACACCBBACCAACCBACBABACBACAACBABAACBBACBBABBACBCACBABCBABABABCAABABCBAACACBCACBACCABAABCCBACACA
ACCBBACCACACCACBCCBACCAACCBCBABBCAABBCCBABBCAACCBBABCBBCABABCACACCBBACCAACCBACBABACBACAACBABAACBBACBBABBACBCACBABCBABABABCAABABCBAABCACBCACBACCABAABCCBACACA
ACCBBACCACACCACBCCBACCAACCBCBABBCAABBCCBABBCAACCBBABCBBCABABCACACCBBACCAACCBACBABACBACAACBABAACACBBABBACBCACBABCBABABABCAABABCBAABCACBCACBACCABAABCCBACACA
ACCBBAACCACACCACBCCBACCAACCBCBABBCAABBCCBABBCAACCBBABCBBCABABCACACCBBACCAACCBACBABACBACAACBABAACACBBABBACBCACBABCBABABABCAABABCBAABCACBCACBACCABAABCCBACACA
ACCBBAACCACACCACBCCBACCAACCBCBABBCAABBCCBABBCAACCBBABCBBCABABCACACCBBACCAACCBACBABACBACAACBABAACACBBABBACBCACBABCBABABABCAABABCBABABCACBCACBACCABAABCCBACACA
ACCBBAACCACACCACBCCBACCAACCBCBABBCAABBCCBABBCAACCBBABCBBCABABCACACCBBACCAACCBACBABACBACAACBABAACACBBAACBCACBABCBABABABCAABABCBABABCACBCACBACCABAABCCBACACA
ACCBBAACCACACCACBCCBACCAACCBCBABBCAABBCCBABBCAACCBBABCBBCABABCACACCBBACCAACCABACBABACBACAACBABAACACBBAACBCACBABCBABABABCAABABCBABABCACBCACBACCABAABCCBACACA
ACCBBAACCACACCACBCCBACCAACCBCBABBCAABBCCBABBCAACCBBABCBBCABABCACACCBBACCAACCABACBABACBACAACBABAACACBBAACBCACBABCBABABABCAABABCBABABCACBCACBACCABAABCCBACCACA
ACCBBAACCACACCACBCCBACACAACCBCBABBCAABBCCBABBCAACCBBABCBBCABABCACACCBBACCAACCABACBABACBACAACBABAACACBBAACBCACBABCBABABABCAABABCBABABCACBCACBACCABAABCCBACCACA
ACCBBAACCACACCACBCCBACACAACCBCBABBCAABBCCBABBCAACCBBABCBBCABABCACCACCBBACCAACCABACBABACBACAACBABAACACBBAACBCACBABCBABABABCAABABCBABABCACBCACBACCABAABCCBACCACA
ACCBBAACCACACCACBCCBACACAACCBCBABBCAABBCCBABBCAACCBBABCBBCABABCACCACCBBACCAACCABACBABACBACAACBABAACACBBAACBCACBABCBABABABCAABABCBABABCACBBCACBACCABAABCCBACCACA
ACACBBAACCACACCACBCCBACACAACCBCBABBCAABBCCBABBCAACCBBABCBBCABABCACCACCBBACCAACCABACBABACBACAACBABAACACBBAACBCACBABCBABABABCAABABCBABABCACBBCACBACCABAABCCBACCACA
ACACBBAACCACACCACBCCBACACAACCBCBABBCAABBCCBABBCAACCBBABCBBCABABCACCACCBBACCAACCABACBABACBACAACBABAACACBBAACBCACBABCCBABABABCAABABCBABABCACBBCACBACCABAABCCBACCACA
ACACBBAACCACACCACBCCBACACAACCBCBABBCAABBCCBABBCAACCBBABCBBCABABCACCACCBBACCAACCABACBABACBACAACBABAACACBBAACBCACBABBABABABCAABABCBABABCACBBCACBACCABAABCCBACCACA
ACACBBAACCACACCACBCCBACACAACCBCBABBCAABBCCBABBCAACCBBABCBBCABABCABCCACCBBACCAACCABACBABACBACAACBABAACACBBAACBCACBABBABABABCAABABCBABABCACBBCACBACCABAABCCBACCACA
ACACBBAACCACACCACBCCBACACAACCBCBABBCAABBCCBABBCAACCBBABCBBCABABCCABCCACCBBACCAACCABACBABACBACAACBABAACACBBAACBCACBABBABABABCAABABCBABABCACBBCACBACCABAABCCBACCACA
ACACBBAACCACACCACBCCBACACAACCBCBABBCAABBCCBCABBCAACCBBABCBBCABABCCABCCACCBBACCAACCABACBABACBACAACBABAACACBBAACBCACBABBABABABCAABABCBABABCACBBCACBACCABAABCCBACCACA
ACACBBAACCACACCACBCCBACACAACCBCBABBCAABBCCBCABBCAACCBBABCBBCABABCCABCCACCBBACCAACCABACBABACBACAACBABAACACBBAACBCACBABBABABABCAABABCBABABCACBBCACBBACCABAABCCBACCACA
ACACBBAACCACACCACBCCBACACAACCBCBABBCAABBCCBCABBCAACCBBABCBBCABABCCABCCACCBBACCAACCABACBABACBAACAACBABAACACBBAACBCACBABBABABABCAABABCBABABCACBBCACBBACCABAABCCBACCACA
ACACBBAACCACACCACBCCBACACAACCBCBABBCAABBCCBCABBCAACCBBABCBBCABABCCABCCACCBBACCAACCABACBABACBAACAACBABAACACBBAABCBCACBABBABABABCAABABCBABABCACBBCACBBACCABAABCCBACCACA
ACACBBAACCACACCACBCCBACACAACCBCBABBCAABBCCBCABBCAACCBBABCBBCABABCCABCCACCBBACCAACCABACBABACBAACAACBABAACACCBBAABCBCACBABBABABABCAABABCBABABCACBBCACBBACCABAABCCBACCACA
ACACBBAACCACACCACBCCBACACAACCBCBABBCAABBCCBCABBCAACCBBABCBBCABABCCABACCACCBBACCAACCABACBABACBAACAACBABAACACCBBAABCBCACBABBABABABCAABABCBABABCACBBCACBBACCABAABCCBACCACA
ACACBBAACCACACCACBCCBACACAACCBCBABBCAABBCCBCABBCAACCBBABCBBCABCABCCABACCACCBBACCAACCABACBABACBAACAACBABAACACCBBAABCBCACBABBABABABCAABABCBABABCACBBCACBBACCABAABCCBACCACA
ACACBBAACCACACCACBCCBACACAACCBCBABBCAABBCCBCABBCAACCBBABCBBCABCABCCABACCACCBBACCAACCABACBABACBAACAACBABAACACCBBAABCBCACBABBABABABCAABABCBABABCACBBCACBBACCAABAABCCBACCACA
ACACBBAACCACACCACBCCBACACAACCBCBABBCAABBCCBCABBCAACCBBABCBBCABCABCCABACCACCBBACCAACCABACBABCACBAACAACBABAACACCBBAABCBCACBABBABABABCAABABCBABABCACBBCACBBACCAABAABCCBACCACA
ACACBBAACCACACCACBCCBAACACAACCBCBABBCAABBCCBCABBCAACCBBABCBBCABCABCCABACCACCBBACCAACCABACBABCACBAACAACBABAACACCBBAABCBCACBABBABABABCAABABCBABABCACBBCACBBACCAABAABCCBACCACA
ACACBBAACCACACCACBCCBAACACAACCBCBABBCAABBCCBCABBCAACCBBABCBBCABCABCCABACCACCBBACCAACCABACBABCACBAACAACBABAACACCBBAABCBCACBABBABABABCAABABCBABABCACBBCACACCAABAABCCBACCACA
ACACBBAACCACACCACBCCBAACACAACCBCBABBCAABBCCBCABBCAACCBBABCBBCABCABCCABACCACCBBACCAACCABACBABCACBABACAACBABAACACCBBAABCBCACBABBABABABCAABABCBABABCACBBCACACCAABAABCCBACCACA
ACACBBAACCACACCACBCCBAACACAACCBCBABBCAABBCCBCABBCAACCBBABCBBCABCABCCABABCCACCBBACCAACCABACBABCACBABACAACBABAACACCBBAABCBCACBABBABABABCAABABCBABABCACBBCACACCAABAABCCBACCACA
ACACBBAACCACACCACBCCBAACACAACCBCBABBCAABBCCBCABBCAACCBBABCBBCABCABCCABABCCACCBBACCAACCABACBABCCACBABACAACBABAACACCBBAABCBCACBABBABABABCAABABCBABABCACBBCACACCAABAABCCBACCACA
ACACBBAACCACACCACBCCBAACACAACCBCBABBCAABBCCBCABBCAACCBBABCBBCABCABCCABABCCACCBBACCAACCABACBABCCACBABACAACBABAACACCBBAABCBCACBAABABABCAABABCBABABCACBBCACACCAABAABCCBACCACA
ACACBBAACCACACCACBCCBAACACAACCBCBABBCAABBCCBCABBCAACCBBABCBBCABCABCCABABCCACCBBACCAACCABACBABCCACBABACAACBABAACACCBBAABCBCCACBAABABABCAABABCBABABCACBBCACACCAABAABCCBACCACA
ACACBBAACCACACCACBCCBAACACAACCBCBABBCAABBCCBCABCBCAACCBBABCBBCABCABCCABABCCACCBBACCAACCABACBABCCACBABACAACBABAACACCBBAABCBCCACBAABABABCAABABCBABABCACBBCACACCAABAABCCBACCACA
ACACBBAACCACACCACBCCBAACACAACACBCBABBCAABBCCBCABCBCAACCBBABCBBCABCABCCABABCCACCBBACCAACCABACBABCCACBABACAACBABAACACCBBAABCBCCACBAABABABCAABABCBABABCACBBCACACCAABAABCCBACCACA
ACACBBAACCACACCACBCCBAACACAACACBCBABBCAABBCCBCABCBCAACCBBABCBBCABCABCCABABCCACCBBACCAACCABACBABCCACBABACAACBABAACACCBBAABCBCCACBAABABABCAABABCBABABCACBBCACABCCAABAABCCBACCACA
ACACBBAACCACACCACBCCBAACACAACACBCBABBCAABBCCBCABCBCAACCBBABCBBCABCABCCABABCCACCBBAACCAACCABACBABCCACBABACAACBABAACACCBBAABCBCCACBAABABABCAABABCBABABCACBBCACABCCAABAABCCBACCACA
ACACBBAACCACACCACBCCBAACACAACACBCBABBCAABBCCBCABCBCAACCBBABCBBCABCABCCABABCCACCBBAACCAACCABACBABCCACBABACAACBABAACACCBBAABCBCCACBAABABABCAABABCBABABCACBBCACABCCAABBAABCCBACCACA
ACACBBAACCACACCACBCCBAACACAACACBCBABBCAABBCCBCABCBCAACCBBABCBBCABCABCCABABCCACCBBAACCAACCABACBABCCACBABACAACBABAACACCBBAABCBCCACBAABABABCAABABCBABABCACBBCACABCCAABBAABCCBAACA
ACACBBAACCACACCACBCCBAACACAACACBCBABBCAABBCCBCABCBCAACCBBABCBBCABCABCCABABCCACCBBAACCAACCABACBABCCACBABACAACBABAACACCBBAABCBCCACBAABABABCACABABCBABABCACBBCACABCCAABBAABCCBAACA
ACACBBAACCACACCACBCCBAACACAACACBCBABBCAABBCCBCABCBCAACCBBABCBBCABCABCCABABCCACCBBAACCAACCABACBABCCACBABACAACCBABAACACCBBAABCBCCACBAABABABCACABABCBABABCACBBCACABCCAABBAABCCBAACA
ACACBBAACCACACCACBCCBAACACAACACBCBABBCAABBCCBCABCBCAACCBBABCBBCABCABCCABABCCACCBBAACCAACCABACBABCCACBABACAACCBABAACACCBBAABCBCCACBAABABABCACABABCCBABABCACBBCACABCCAABBAABCCBAACA
ACACBBAACCACACCACBCCBAACACAACACBCBABBCAABBCCBCABCBCAACCBBABCBBCABCABCCABABCCACCBBAACCAACCABACBABCCACBABACAACCBABAACACCBBAABCBCCACBAABABBABCACABABCCBABABCACBBCACABCCAABBAABCCBAACA
ACACBBAACCAACACCACBCCBAACACAACACBCBABBCAABBCCBCABCBCAACCBBABCBBCABCABCCABABCCACCBBAACCAACCABACBABCCACBABACAACCBABAACACCBBAABCBCCACBAABABBABCACABABCCBABABCACBBCACABCCAABBAABCCBAACA
ACACBBAACCAACACCACBCCBAACACAACACBCBABBCAACABCBCAACCBBABCBBCABCABCCABABCCACCBBAACCAACCABACBABCCACBABACAACCBABAACACCBBAABCBCCACBAABABBABCACABABCCBABABCACBBCACABCCAABBAABCCBAACA
ACACBBAACCAACACCACBCCBAACACAACACBCBABBCAACABCBCAACCBBABCBBCABCABCCABABCCACCBBAACCAACCABACBABCCACBABACAACCBABAACACCBBAABCBCCACBAABABBABCACABABCCBAABABCACBBCACABCCAABBAABCCBAACA
ACACBBAACCAACACCACBCCBAACACAACACBCBABBCAACABCBCAACCBBABCBBCABCABCCABABCCACCBBAACCAACCABACBABCCACBABACAACCBABAACACCBBAABCBCCACBAABAABBABCACABABCCBAABABCACBBCACABCCAABBAABCCBAACA
ACACBBAACCAACACCACBCCBAACACAACACBCBABBCAACABCBCAACCBBABCBBCABCABCCABABCCACCBBAACCAACCABABCBABCCACBABACAACCBABAACACCBBAABCBCCACBAABAABBABCACABABCCBAABABCACBBCACABCCAABBAABCCBAACA
ACACBBCCACBCCBAACACAACACBCBABBCAACABCBCAACCBBABCBBCABCABCCABABCCACCBBAACCAACCABABCBABCCACBABACAACCBABAACACCBBAABCBCCACBAABAABBABCACABABCCBAABABCACBBCACABCCAABBAABCCBAACA
ACACBBCCACBCCBAACACAACACBCBABBCAACABCBCAACCBBABCBBCABCABCCABABCCACCBBAACCAACCABABCBABCBCACBABACAACCBABAACACCBBAABCBCCACBAABAABBABCACABABCCBAABABCACBBCACABCCAABBAABCCBAACA
ACACBBCCACBCCBAACACAACACBCBABBCAACABCBCAACCBBABCBBCABCABCCABABCCACCBBAACCAACCABABCBABCABCACBABACAACCBABAACACCBBAABCBCCACBAABAABBABCACABABCCBAABABCACBBCACABCCAABBAABCCBAACA
ACACBBCCACBCCBAACACAACACBCBABBCAACABCBCAACCBBABCBBCABCABCCABABCCACCBBAACCAACCABACBCBABCABCACBABACAACCBABAACACCBBAABCBCCACBAABAABBABCACABABCCBAABABCACBBCACABCCAABBAABCCBAACA
ACACBBCCACBCCBAACACAACACBCBABBCAACABCBCAACCBBABCBBCABCABCCABABCCACCBBAACCAACCABACBCBABCABCACBABACAACCBABAACACCBBAABCBCCACBAABAABBABCACABABCCBAABABCACBBCACABCCAABBAABCCBABACA
ACACBBCCACBCCBAACACAACACBCBABBCAACABCBCAACCBBABCCBBCABCABCCABABCCACCBBAACCAACCABACBCBABCABCACBABACAACCBABAACACCBBAABCBCCACBAABAABBABCACABABCCBAABABCACBBCACABCCAABBAABCCBABACA
ACACBBCCACBCCBAACACAACACBCBABBCAACABCBCAACCBBABCCBBCABCABCCABABCCACCBBAACCAACCABACBCBABCABCACBABACAACCBABAACACCBBAABCBCCACBAABAABBABCACABABCCBAABABCACBCBCACABCCAABBAABCCBABACA
ACACBBCCACBCCBAACACCAACACBCBABBCAACABCBCAACCBBABCCBBCABCABCCABABCCACCBBAACCAACCABACBCBABCABCACBABACAACCBABAACACCBBAABCBCCACBAABAABBABCACABABCCBAABABCACBCBCACABCCAABBAABCCBABACA
ACACBBCCACBBCCBAACACCAACACBCBABBCAACABCBCAACCBBABCCBBCABCABCCABABCCACCBBAACCAACCABACBCBABCABCACBABACAACCBABAACACCBBAABCBCCACBAABAABBABCACABABCCBAABABCACBCBCACABCCAABBAABCCBABACA
ACACBBCCACBBCCBAACACCAACACBCBABBCAACABCBCAACCBBABCCBBCABCABCCABABCCACCBBAACCAACCABACBCBABCABCACBABACAACCBABAACACCBBAABCBCCACBAABAABBABCACABABCCBAABABCACBBCBCACABCCAABBAABCCBABACA
ACACBBCCACBBCCBAACACCAACACBCBABBCAACABCBCAACCBBABCCBBCABCABCCABABCCACCBBAACCAACCABACBCBABCABCACBABACAACCBABAACACCBBAABCBCCACBAABAABBABCACABABCCBAABABCACBBCBCACABCCAABBAABCCBABACAC
ACACBBCCACBBCCBAACACCAACACBCBABBCAACABCBCAACCBBABCCBBCABCABCCABABCCACCBBAACCAACCABACBCBABCABCACBABBACAACCBABAACACCBBAABCBCCACBAABAABBABCACABABCCBAABABCACBBCBCACABCCAABBAABCCBABACAC
ACACBBCCACBBCCBAACACCAACACBCBABBCABACABCBCAACCBBABCCBBCABCABCCABABCCACCBBAACCAACCABACBCBABCABCACBABBACAACCBABAACACCBBAABCBCCACBAABAABBABCACABABCCBAABABCACBBCBCACABCCAABBAABCCBABACAC
ACACBBCCACBBCCBAACACCAACACBCBABBCABACABCBCAACCBBABCCBBCABCABCCABABCCACCBBAACCAACCABACBCBABCABCACBABBACAACCBABAACACCBBAABCBCCACBAABAABBABCACABABCCBAABABCACBBCBCACABCCAABBAABCCBBABACAC
ACACBBCCACBBCCBAACBACCAACACBCBABBCABACABCBCAACCBBABCCBBCABCABCCABABCCACCBBAACCAACCABACBCBABCABCACBABBACAACCBABAACACCBBAABCBCCACBAABAABBABCACABABCCBAABABCACBBCBCACABCCAABBAABCCBBABACAC
ACACBBCCACBBCCBAACBACCAACACBCBABBCABACABCBCAACCBBABCCBBCABCABCCABABCCACCBBAACCAACCABACBCBABCABCACBABBACAACCBABAACACCBBAABCBCCACBAABAABBABCACABABCCBAABABCACBBCBCACABCCAABBAABBCCBBABACAC
ACACBBCCACBBCCBAACBACCAACACBCBABBCABACAABCBCAACCBBABCCBBCABCABCCABABCCACCBBAACCAACCABACBCBABCABCACBABBACAACCBABAACACCBBAABCBCCACBAABAABBABCACABABCCBAABABCACBBCBCACABCCAABBAABBCCBBABACAC
ACACBBCCACBBCCBAACBACCAACACBCBABBCABACAABCBCAACCABCCBBCABCABCCABABCCACCBBAACCAACCABACBCBABCABCACBABBACAACCBABAACACCBBAABCBCCACBAABAABBABCACABABCCBAABABCACBBCBCACABCCAABBAABBCCBBABACAC
ACACBBCCACBBCCBAACBACCAACACBCBABBCABACAABCBCAACCABCCBBCABCABCCABABCCACBCBBAACCAACCABACBCBABCABCACBABBACAACCBABAACACCBBAABCBCCACBAABAABBABCACABABCCBAABABCACBBCBCACABCCAABBAABBCCBBABACAC
ACACBBCCACBBCCBAACBACCAACACBCBABBCABACAABCBABCCBBCABCABCCABABCCACBCBBAACCAACCABACBCBABCABCACBABBACAACCBABAACACCBBAABCBCCACBAABAABBABCACABABCCBAABABCACBBCBCACABCCAABBAABBCCBBABACAC
ACACBBCCACBBCCBAACBACCAACACBCBABBCABACAABCBABCCBBCABCABCCABABCCACBCBBAACCAACCABACBCBABCABCACBABBACAACCBABAACACCBBAABCBCCACBAABAABBABCACABAABCCBAABABCACBBCBCACABCCAABBAABBCCBBABACAC
ACACBBCCACBBCCBAACBACCAABCACBCBABBCABACAABCBABCCBBCABCABCCABABCCACBCBBAACCAACCABACBCBABCABCACBABBACAACCBABAACACCBBAABCBCCACBAABAABBABCACABAABCCBAABABCACBBCBCACABCCAABBAABBCCBBABACAC
ACACBBCCACBBCCBAACBACCAABCACBCBABBCABACAABCBABCCBBCABCABCCABABCCACBCBBAACCAACCABACBCBABCABCACBABBACAACCBABAACACCBBAABCBCCACBAABAABBABCACABAABCCBAABABCAACBBCBCACABCCAABBAABBCCBBABACAC
ACACBBCCACAACBACCAABCACBCBABBCABACAABCBABCCBBCABCABCCABABCCACBCBBAACCAACCABACBCBABCABCACBABBACAACCBABAACACCBBAABCBCCACBAABAABBABCACABAABCCBAABABCAACBBCBCACABCCAABBAABBCCBBABACAC
ACACBBCCACAACBACCAABCACBCBBABBCABACAABCBABCCBBCABCABCCABABCCACBCBBAACCAACCABACBCBABCABCACBABBACAACCBABAACACCBBAABCBCCACBAABAABBABCACABAABCCBAABABCAACBBCBCACABCCAABBAABBCCBBABACAC
ACACBBCCACAACBACCAABCACBCBBABBCABACAABCBABCCBBCABCABCCABABCCACBCBBAACCAACCABACBCBABCABCACBABBACAACCBABAACACCBBAABCBCCACBAABAABBABCACABAABCCBAABABCAACBBCBCACABCCAABBAABCBCCBBABACAC
ACACBBCCACAACBACCBAABCACBCBBABBCABACAABCBABCCBBCABCABCCABABCCACBCBBAACCAACCABACBCBABCABCACBABBACAACCBABAACACCBBAABCBCCACBAABAABBABCACABAABCCBAABABCAACBBCBCACABCCAABBAABCBCCBBABACAC
ACACBBCCACAACBACCBAABCACBCBBAABBCABACAABCBABCCBBCABCABCCABABCCACBCBBAACCAACCABACBCBABCABCACBABBACAACCBABAACACCBBAABCBCCACBAABAABBABCACABAABCCBAABABCAACBBCBCACABCCAABBAABCBCCBBABACAC
ACACBBCCACAACBACCBAABCACBCBBAABBCABACAABCBABCCBBCABCABCCABABCCACBCBBAACCAACCABACBCBABCABCACBABBACAACCBABAACACCABBAABCBCCACBAABAABBABCACABAABCCBAABABCAACBBCBCACABCCAABBAABCBCCBBABACAC
ACACBBCCACAACBACCBAABCACBCBBAABBCABACAABCBABCCBBCABCABCCABABCCACBCBBAACCAACCABACBCBABCABCACBABBACAACCBABAACACCABBAABCBCCACBBCACABAABCCBAABABCAACBBCBCACABCCAABBAABCBCCBBABACAC
ACACBBCCACAACBACCBAABCACBCCBBAABBCABACAABCBABCCBBCABCABCCABABCCACBCBBAACCAACCABACBCBABCABCACBABBACAACCBABAACACCABBAABCBCCACBBCACABAABCCBAABABCAACBBCBCACABCCAABBAABCBCCBBABACAC
ACACBBCCACAACBACCBAABCACBCCBBAABBCABACAABCBABCCBBCABCABCCABABCCACBCBBAACCAACCABACBCBABCABCCACBABBACAACCBABAACACCABBAABCBCCACBBCACABAABCCBAABABCAACBBCBCACABCCAABBAABCBCCBBABACAC
ACACBBCCACAACBACCBAABCACBCCBBAABBCABACAABCBABCCBBCABCABCCABABCCACBCBCBAACCAACCABACBCBABCABCCACBABBACAACCBABAACACCABBAABCBCCACBBCACABAABCCBAABABCAACBBCBCACABCCAABBAABCBCCBBABACAC
ACACBBCCACAACBACCBAABCACBCCBBAABBCABACAABCBABCCBBCABCABCCABABCCACBCBCBAACCAACCABACBCBABCABACCACBABBACAACCBABAACACCABBAABCBCCACBBCACABAABCCBAABABCAACBBCBCACABCCAABBAABCBCCBBABACAC
ACACBBCCACAACBACCBAABCACBCCBBAABBCABACAABCBABBCCBBCABCABCCABABCCACBCBCBAACCAACCABACBCBABCABACCACBABBACAACCBABAACACCABBAABCBCCACBBCACABAABCCBAABABCAACBBCBCACABCCAABBAABCBCCBBABACAC
ACACBBCCACAACBACCBAABCACBCCBBAABBCABACAABCBABBCCBBCABCABCCABABCCACBCBCBAACCAACCABACBCBABCABACCACBABBACAACCBABAACACCABBAABCBCCACBBCACABAABCCBAABABCAACBBCBCACABCCAACBCCBBABACAC
ACACBBCCACAACBACCBAABCACBCCBBAABBCABACAABCBABBCCBBCABCABCCABABCCACBCBCBAACCAACCABACBCBABCABACCACBABBACAACCBABAACACCABBAABCBACBBCACABAABCCBAABABCAACBBCBCACABCCAACBCCBBABACAC
ACACBBCCACAACBACCBAABCACBCCBBAABBCABACAABCBABBCCBBCABCABCCABABCCACBCBCBAACCAACCABBACBCBABCABACCACBABBACAACCBABAACACCABBAABCBACBBCACABAABCCBAABABCAACBBCBCACABCCAACBCCBBABACAC
ACACBBCCACAACBACCBAABCACBCCBBAABBCABACAABCBABBCCBBCABCABCCABABCCACCBCBCBAACCAACCABBACBCBABCABACCACBABBACAACCBABAACACCABBAABCBACBBCACABAABCCBAABABCAACBBCBCACABCCAACBCCBBABACAC
ACAACAACBACCBAABCACBCCBBAABBCABACAABCBABBCCBBCABCABCCABABCCACCBCBCBAACCAACCABBACBCBABCABACCACBABBACAACCBABAACACCABBAABCBACBBCACABAABCCBAABABCAACBBCBCACABCCAACBCCBBABACAC
ACAACAACBACCBAABCACBCCBBAABBCABACAABCBABBCCBBCABCABCCABABCCACCBCBCBAACCAACCABBACBCBABCABACCACBABBACAACCBABAACACCABBAABCBACBBCACABAABCCBAABABCAACBBCBCACABBCCAACBCCBBABACAC
ACAACAACBACCBAABCACBCCBBAABBCABACAABCBABBCCBBCABCABCCABABCCACCBCBCBAACCAACCABBACBCBABCABACCACBABBACAACCBABAACACCABBAABCBACBBCACABAABCCBAABABCCBBCBCACABBCCAACBCCBBABACAC
ACAACAACBACCBAABCACBCCBBAABBCABACAABCBABBCCBBCABCABCCABABCCACCBCBCBAACCAACCABBACBCBABCABACCACBABBACAACCBABAACACCABBAABCBACBBCACABBAABCCBAABABCCBBCBCACABBCCAACBCCBBABACAC
ACAACAACBACCBAABCACBABACAABCBABBCCBBCABCABCCABABCCACCBCBCBAACCAACCABBACBCBABCABACCACBABBACAACCBABAACACCABBAABCBACBBCACABBAABCCBAABABCCBBCBCACABBCCAACBCCBBABACAC
ACAACAACBACCBAABCACBABACAABCBABBCCBBCABCABCCABABCCACCBCBCBCCABBACBCBABCABACCACBABBACAACCBABAACACCABBAABCBACBBCACABBAABCCBAABABCCBBCBCACABBCCAACBCCBBABACAC
ACAACAACBACCBAABCACBABACAABCBABBCCBBCABCABCCABABCCACCBCBCBCCABBACBCBABCABACCACBABBACAACCBABAACACCABBAABCBACBBCACABBAABCCBAABABCCBBCBCACABBCCAACBCCABACAC
ACAACAACBACCBAABCACBABACAABCBABBCCBBCABCABCCABABCCACCBCBCBCCABBACBCBABCABACCACBABBACAACCBABAACACCABBAABCBACBBCACABBAABCCBAABABBCACABBCCAACBCCABACAC
ACAACAACBACCBAABCACBABACAABCBABBCCBBCABCABCCABABCCACCBCBCBCCABBACBCBABCCABACCACBABBACAACCBABAACACCABBAABCBACBBCACABBAABCCBAABABBCACABBCCAACBCCABACAC
ACCAACBACCBAABCACBABACAABCBABBCCBBCABCABCCABABCCACCBCBCBCCABBACBCBABCCABACCACBABBACAACCBABAACACCABBAABCBACBBCACABBAABCCBAABABBCACABBCCAACBCCABACAC
ACCAACBACCBAABCACBABACAABCBABBCCBBCABCABCCABABCCACCBCBCBCCABBACBCBABCCABACCACBABBACAACCBACBAACACCABBAABCBACBBCACABBAABCCBAABABBCACABBCCAACBCCABACAC
ACCAACBACCBAABCACBABACAABCBACBBCCBBCABCABCCABABCCACCBCBCBCCABBACBCBABCCABACCACBABBACAACCBACBAACACCABBAABCBACBBCACABBAABCCBAABABBCACABBCCAACBCCABACAC
ACCAACBACCBAABCACBABACAABCBACBBCCBBCABCABCCABABCCACCBCBCBCCABBACBCBABCCABACCACBAACAACCBACBAACACCABBAABCBACBBCACABBAABCCBAABABBCACABBCCAACBCCABACAC
ACCAACBACCBAABCACBABACAABCBACBBCCBBCABCABCCABABCCACCBCBACBCCABBACBCBABCCABACCACBAACAACCBACBAACACCABBAABCBACBBCACABBAABCCBAABABBCACABBCCAACBCCABACAC
ACCAACBACCBAABCACBABACAABCBACBBCCBBCABCABBCCABABCCACCBCBACBCCABBACBCBABCCABACCACBAACAACCBACBAACACCABBAABCBACBBCACABBAABCCBAABABBCACABBCCAACBCCABACAC
ACCAACBACCBAABCACBABACAABCBACBBCCBBCABCABBCBCABABCCACCBCBACBCCABBACBCBABCCABACCACBAACAACCBACBAACACCABBAABCBACBBCACABBAABCCBAABABBCACABBCCAACBCCABACAC
ACCAACBACCBAABCACBABACAABCBACBBCCBBCABCABBCBCABABCCACCBCBACBCCABBACBCBABCCABACCACBAACAACCBACBAACACCABBAABCBACBBCACABBAABCCBAABACACABBCCAACBCCABACAC
ACCAACBABAABCACBABACAABCBACBBCCBBCABCABBCBCABABCCACCBCBACBCCABBACBCBABCCABACCACBAACAACCBACBAACACCABBAABCBACBBCACABBAABCCBAABACACABBCCAACBCCABACAC
ACCAACBABAABCACBABACAABCBACBBCCBBCABCABBCBCABABCCACCABCBACBCCABBACBCBABCCABACCACBAACAACCBACBAACACCABBAABCBACBBCACABBAABCCBAABACACABBCCAACBCCABACAC
ACCAACBABAABCACBABACAABCBACBBCCBBCABCABBCBCABABCCACCABCBACBCCABBAACBCBABCCABACCACBAACAACCBACBAACACCABBAABCBACBBCACABBAABCCBAABACACABBCCAACBCCABACAC
ACCAACBABAABCACBABACAABCBACBBCCBBCABCABBCBCACBABCCACCABCBACBCCABBAACBCBABCCABACCACBAACAACCBACBAACACCABBAABCBACBBCACABBAABCCBAABACACABBCCAACBCCABACAC
ACCAACBABAABCACBABACAABCBACBBCCBBCABCABBCBCACBABCCACCABCBACBCCABBAACBCBABCCABACCACBAACAACCBACBAACACCABBAABCBACBBCACABBAABCCBAABACACABBCCAACBCCABACCAC
ACCAACBABAABCACBABACAABCBACBBCCBBCABCABBCBCACBABCCACCABCBACBCCABBAACBCBABCCABACCACBAACAACCBCACBAACACCABBAABCBACBBCACABBAABCCBAABACACABBCCAACBCCABACCAC
ACCAACBABAABCACBABACAABBCBACBBCCBBCABCABBCBCACBABCCACCABCBACBCCABBAACBCBABCCABACCACBAACAACCBCACBAACACCABBAABCBACBBCACABBAABCCBAABACACABBCCAACBCCABACCAC
ACCAACBABAABCACBABACAABBCBACBBCCBBCABCABBCBCACBABCCACCABCBACBCCABBAACBCBABCCABACCACBCAACCBCACBAACACCABBAABCBACBBCACABBAABCCBAABACACABBCCAACBCCABACCAC
ACCAACBABAABCACBABCACAABBCBACBBCCBBCABCABBCBCACBABCCACCABCBACBCCABBAACBCBABCCABACCACBCAACCBCACBAACACCABBAABCBACBBCACABBAABCCBAABACACABBCCAACBCCABACCAC
ACCAACBABAABCACBABCACAABBCBACBBCCBBCABCABBCBCACBAABCCACCABCBACBCCABBAACBCBABCCABACCACBCAACCBCACBAACACCABBAABCBACBBCACABBAABCCBAABACACABBCCAACBCCABACCAC
ACCAACBABAABCACBABCACAABBCBACBBCCBBCACBCABBCBCACBAABCCACCABCBACBCCABBAACBCBABCCABACCACBCAACCBCACBAACACCABBAABCBACBBCACABBAABCCBAABACACABBCCAACBCCABACCAC
ACCAACBABAABCACBABCACAABBCBACBBCCBBCACBCABBCBCACBBCCACCABCBACBCCABBAACBCBABCCABACCACBCAACCBCACBAACACCABBAABCBACBBCACABBAABCCBAABACACABBCCAACBCCABACCAC
ACCAACBABAABCACBABCACAABBCBACBBACBCABBCBCACBBCCACCABCBACBCCABBAACBCBABCCABACCACBCAACCBCACBAACACCABBAABCBACBBCACABBAABCCBAABACACABBCCAACBCCABACCAC
CBABAABCACBABCACAABBCBACBBACBCABBCBCACBBCCACCABCBACBCCABBAACBCBABCCABACCACBCAACCBCACBAACACCABBAABCBACBBCACABBAABCCBAABACACABBCCAACBCCABACCAC
CBABAABCACBABCACAABBCBACBBACBCABBCBCACBBCCACCABCBACBCCABBAACBCBABCCABACCACBCAACCBCACBAACABCCABBAABCBACBBCACABBAABCCBAABACACABBCCAACBCCABACCAC
CBABAABCACBABCACAABBCBACBBACBCABBCBCCACBBCCACCABCBACBCCABBAACBCBABCCABACCACBCAACCBCACBAACABCCABBAABCBACBBCACABBAABCCBAABACACABBCCAACBCCABACCAC
CBABAABCACBABCACAABBCBACBBACBCABBCBCCACBBCCACCABCBACBCCABBAACBCBABCCACBACCACBCAACCBCACBAACABCCABBAABCBACBBCACABBAABCCBAABACACABBCCAACBCCABACCAC
CBABAABCACBABCACAABBCBACBBACBCABBCBCCACBBCCACCABCBACBCCABBAACBCBABACBACCACBCAACCBCACBAACABCCABBAABCBACBBCACABBAABCCBAABACACABBCCAACBCCABACCAC
CBABAABCACBABCACAABBCBACBBACBCABBCBCCACBBCCACCABCBACBCCABBAACBCBABACBACCACBCAACCBCACBAACABCCABBAABCBACBBCACABBAABCCBAABACACABBAACBCCABACCAC
CBABAABCACBABCACAABBCBACBBACBCABBCBCCACBBCCACCABCBACBCCAABBAACBCBABACBACCACBCAACCBCACBAACABCCABBAABCBACBBCACABBAABCCBAABACACABBAACBCCABACCAC
CBABAABCACBABCACAABBCBACBBACBCABBCBCCACBBCCACCABCBACBCCAABBAACBCBABACBACCACBCAACCBCACBAACABCCABBAABCBACBBCACBCCBAABACACABBAACBCCABACCAC
CBABAABCACBABCACAABBCBACBBACBCABBCBCCACBBCCACCABCBACBCCAABBAACBCBABACBACCACBCAACCBCACBAACABCCABBAABCBACBBCACBCCBAABACACABBCBCCABACCAC
CBABAABCACBABCACAABBCBACBBACBCABBCBCCACBBCCACCABCBACBCCAABBAACBCBABACBACCACBCAACCBCACBAACABCCABBAABCBACBBCACBCCBACABACACABBCBCCABACCAC
CBABAABCACBABCACAABBCBACBBACBCABBCBCCACBBCCACCABCBACBCCBAABBAACBCBABACBACCACBCAACCBCACBAACABCCABBAABCBACBBCACBCCBACABACACABBCBCCABACCAC
CBAABAABCACBABCACAABBCBACBBACBCABBCBCCACBBCCACCABCBACBCCBAABBAACBCBABACBACCACBCAACCBCACBAACABCCABBAABCBACBBCACBCCBACABACACABBCBCCABACCAC
CBAABAABCACBABCACAABBCBACBBACBCABBCBCCACBBCCACCABCBACBCCBAABBAACBCBABACBACCACBCAACCBCACBAACABCCABBAABCBACBBCACBCCBACABACCACABBCBCCABACCAC
CBAABAABCACBABCACAABBCBACBBACBCAABBCBCCACBBCCACCABCBACBCCBAABBAACBCBABACBACCACBCAACCBCACBAACABCCABBAABCBACBBCACBCCBACABACCACABBCBCCABACCAC
CBAABAABCACBABCACABABBCBACBBACBCAABBCBCCACBBCCACCABCBACBCCBAABBAACBCBABACBACCACBCAACCBCACBAACABCCABBAABCBACBBCACBCCBACABACCACABBCBCCABACCAC
CBAABAABCACBBABCACABABBCBACBBACBCAABBCBCCACBBCCACCABCBACBCCBAABBAACBCBABACBACCACBCAACCBCACBAACABCCABBAABCBACBBCACBCCBACABACCACABBCBCCABACCAC
CBAABAABCACBBABCACABABBCBACBBACABCAABBCBCCACBBCCACCABCBACBCCBAABBAACBCBABACBACCACBCAACCBCACBAACABCCABBAABCBACBBCACBCCBACABACCACABBCBCCABACCAC
CBAABAABCACBBABCACABABBCBACBBACABCAABBCBCCACBBCCACCABCBACBCCBAABBAACBCBABACBACCACBCAACCBCACBAACABCCABBAABCBACBBCACBCBCBACABACCACABBCBCCABACCAC
CBAABAABCACBBABCACABABBCBACBBACABCAABCBCBCCACBBCCACCABCBACBCCBAABBAACBCBABACBACCACBCAACCBCACBAACABCCABBAABCBACBBCACBCBCBACABACCACABBCBCCABACCAC
CBAABAABCACBBABCACABABBCBACBBACABCAABCBCBCCACBBCCACCABCBACBCCBAABBAACBCBABACBACCAACBCAACCBCACBAACABCCABBAABCBACBBCACBCBCBACABACCACABBCBCCABACCAC
CBAABAABCACBBABCACABABBCBACBBACABCAABCBCBCCACBBCCACCABCBACBCCBAABBAACBCBABACBACCAACBCAACCBCACBAACABCCABBAABCBACBBCACBCBCBACABACCACBABBCBCCABACCAC
CBAABAABCACBBABCACABBABBCBACBBACABCAABCBCBCCACBBCCACCABCBACBCCBAABBAACBCBABACBACCAACBCAACCBCACBAACABCCABBAABCBACBBCACBCBCBACABACCACBABBCBCCABACCAC
CBAABAABCACBBABCACABBABBCBACBBACABCAABCBCBCCACBBCCACCABCBACBCCBAABBABACBCBABACBACCAACBCAACCBCACBAACABCCABBAABCBACBBCACBCBCBACABACCACBABBCBCCABACCAC
CBAABAABCACBBABCACABBABBCBACBBACABCAABCBCBCCACBBCCACCABCBACBCCBAABBABACBBCBABACBACCAACBCAACCBCACBAACABCCABBAABCBACBBCACBCBCBACABACCACBABBCBCCABACCAC
CBAABAABCACBBABCACABBABBCBACBBACABCAABCBCBCCACBBCCACCABCBABCBCCBAABBABACBBCBABACBACCAACBCAACCBCACBAACABCCABBAABCBACBBCACBCBCBACABACCACBABBCBCCABACCAC
CBAABAABCACBBABCACABBABBCBACBBACABCAABCBCBCCACBBCCACCABCBABCBCCBAABBABACBBCBABACBACCAACBCAACCBCACBAACABCCBABBAABCBACBBCACBCBCBACABACCACBABBCBCCABACCAC
CBAABAABCACBBABCACABBABABCBACBBACABCAABCBCBCCACBBCCACCABCBABCBCCBAABBABACBBCBABACBACCAACBCAACCBCACBAACABCCBABBAABCBACBBCACBCBCBACABACCACBABBCBCCABACCAC
CBAABAABCACBBABCACABBABABCBACBBACABCAABCBCBCCACBBCCACCAABCBABCBCCBAABBABACBBCBABACBACCAACBCAACCBCACBAACABCCBABBAABCBACBBCACBCBCBACABACCACBABBCBCCABACCAC
CBAABAABCACBBABCACABBABABCBACBBACABCAABCBCBCCACBBCCACCAABCBABCBCCBAABBABACBBCBABACBACCAACBCAACCBCACBAACABCCBABBAABCABACBBCACBCBCBACABACCACBABBCBCCABACCAC
CBAABAABCACBBABCACABBABABCBACBBACABCAABCBCBCCACBBCCACCAABCBABCBCCBAABBABACBBCBABACBACCAACBCAACCBCACBAACABCCBABBAABCABACBBCACBCBCBACABACCACBABBCBCCABAAC
CBAABAABCACBBABCACABBABABCBACBBACABCAABCBCBCCACBBCCACCAABCBABCBCCBAABBABACBCBCBABACBACCAACBCAACCBCACBAACABCCBABBAABCABACBBCACBCBCBACABACCACBABBCBCCABAAC
CBAABAABCACBBABCACABBABABCBACBBACABCAABCBCBCCACBBCCABCCAABCBABCBCCBAABBABACBCBCBABACBACCAACBCAACCBCACBAACABCCBABBAABCABACBBCACBCBCBACABACCACBABBCBCCABAAC
CBAABAABCACBBABCACABBABABCBACBBACABCAABCBCBCBCACBBCCABCCAABCBABCBCCBAABBABACBCBCBABACBACCAACBCAACCBCACBAACABCCBABBAABCABACBBCACBCBCBACABACCACBABBCBCCABAAC
CBAABAABCACBBABCACABBABABCBACBBACABCAABCBCBCBCACBBCCABCCAABCBABCBCCBAABBABACBCBCBABACBACCAACBCAACCBCACBAACABCCBABBCAABCABACBBCACBCBCBACABACCACBABBCBCCABAAC
CBAABAABCACBBABCACABBABABCBACBBACABBCAABCBCBCBCACBBCCABCCAABCBABCBCCBAABBABACBCBCBABACBACCAACBCAACCBCACBAACABCCBABBCAABCABACBBCACBCBCBACABACCACBABBCBCCABAAC
CBAABAABCACABBABCACABBABABCBACBBACABBCAABCBCBCBCACBBCCABCCAABCBABCBCCBAABBABACBCBCBABACBACCAACBCAACCBCACBAACABCCBABBCAABCABACBBCACBCBCBACABACCACBABBCBCCABAAC
CBAABAABCACABBABCACABBABABCBACBBACABBCAABCBCBCBCACBBCCABCCAABCBABCBCCBAABBABACBCBCBABACBACCAACBCAACCBCACBBAACABCCBABBCAABCABACBBCACBCBCBACABACCACBABBCBCCABAAC
CBAABAABCACABBABCACABBABABCBACBBACABBCAABCBCBCBCACBBCCABCCAABCBABCBCCBAABBABACBCBCBABACBACCAACBCAACCBCCACBBAACABCCBABBCAABCABACBBCACBCBCBACABACCACBABBCBCCABAAC
CBAABAABCACABBABCACABBABABCBCACBBACABBCAABCBCBCBCACBBCCABCCAABCBABCBCCBAABBABACBCBCBABACBACCAACBCAACCBCCACBBAACABCCBABBCAABCABACBBCACBCBCBACABACCACBABBCBCCABAAC
CBAABAABCACABBABCACABBABABCBCACBBACABBCAABCBCBCBCAABCCAABCBABCBCCBAABBABACBCBCBABACBACCAACBCAACCBCCACBBAACABCCBABBCAABCABACBBCACBCBCBACABACCACBABBCBCCABAAC
CBAABAABCACABBABCACABBABABCBCACBABACABBCAABCBCBCBCAABCCAABCBABCBCCBAABBABACBCBCBABACBACCAACBCAACCBCCACBBAACABCCBABBCAABCABACBBCACBCBCBACABACCACBABBCBCCABAAC
CBAABAABCACABBABCACABBABABCBCACBABACABBCAABCBCBCBCAABCCAABCBABCBCCBAABBABACBCBCBABACBABCAACCBCCACBBAACABCCBABBCAABCABACBBCACBCBCBACABACCACBABBCBCCABAAC
CBAABAABCACABBABCACABBABABCBCACBABACABBCAABCBCBCBCAABCCAABCBABCBCCBAABBABACBCBCBABACBABCAACCBCCACBBAACABCCBABBCAABCABACBBCACBCBCBACABACCACBABBCBBCCABAAC
CBAABAABCACABBABCACABBABABCBCACBABACABBCAABCBCBCBCAABCCAABCBABCBCCBAABBABACBCBCBABACBABCAACCBCCBACBBAACABCCBABBCAABCABACBBCACBCBCBACABACCACBABBCBBCCABAAC
CBAABAABCACABBABCACABBABABCBCACBABACABBCAABCBCBCBCAABCCAABCBABCBCCBAABBABACBCBCBABACBABBCCBACBBAACABCCBABBCAABCABACBBCACBCBCBACABACCACBABBCBBCCABAAC
CBAABAABCACABBABCACABBABABCBCACBABAACABBCAABCBCBCBCAABCCAABCBABCBCCBAABBABACBCBCBABACBABBCCBACBBAACABCCBABBCAABCABACBBCACBCBCBACABACCACBABBCBBCCABAAC
CBAABAABCACABBABCACABBABABCBCACBABAACABBCAABCBCBCBCAABCCAABCBABCBCCBAABBABACBCBCBABACBABBCCBACBBAACABCCBAABBCAABCABACBBCACBCBCBACABACCACBABBCBBCCABAAC
CBAABAABCACABBABCACABBABABCBCACBABAACABBCAABCBCBCBCAABCCAABCBABCBCCBAABBABACBCBCBABACBABBCCBACBBAACABCCBAABBCAABCABACBBCACBCBCBACABACCACBABBCBABCCABAAC
CBAABAABCACABBABCACABBABABCBCACBABAACABBCAABCBCBCBCAABCCAABCBABCBCCBAABBABACBCBCBABACBABBCCBACBBCAACABCCBAABBCAABCABACBBCACBCBCBACABACCACBABBCBABCCABAAC
CBAABAABCACABBABCACABBABABCBCACBABAACABBCAABCBCBCBCAABCCAABCBABCBCCBAABBABACBCBCBABACBABBCCBACBBCAACABCCBAABBCAABCABACBBCACBCBCBACABACCACABABBCBABCCABAAC
CBAABAABCACABBABCACABBABABCBCACBABAACABBCAABCBCBCBCAABCCAABCBABCBCCBAABBABACBCBCBABACBABBCCBACBBCAACABCCBAABBCAABCABACBBCACBCBCBACABAACABABBCBABCCABAAC
CBAABAABCACABBABCAACABBABABCBCACBABAACABBCAABCBCBCBCAABCCAABCBABCBCCBAABBABACBCBCBABACBABBCCBACBBCAACABCCBAABBCAABCABACBBCACBCBCBACABAACABABBCBABCCABAAC
CBAABAABCACABBABCAACABBABABCBCACBABAACABBCAABCBCBCBCAABCCAABCBABCBCCBAABBABACBCBCBBABACBABBCCBACBBCAACABCCBAABBCAABCABACBBCACBCBCBACABAACABABBCBABCCABAAC
CBAABAABCACABBABCAACABBABABCBCACBABAACABBCAABCBCBCBCAABCCAABCBABCBCCBBAABBABACBCBCBBABACBABBCCBACBBCAACABCCBAABBCAABCABACBBCACBCBCBACABAACABABBCBABCCABAAC
CBAABAABCACABBABCAACABBABABCBCACBABAACACAABCBCBCBCAABCCAABCBABCBCCBBAABBABACBCBCBBABACBABBCCBACBBCAACABCCBAABBCAABCABACBBCACBCBCBACABAACABABBCBABCCABAAC
CBAABAABCACABBABCAACABBABABCBCACBABAACACAABCBCBCBCAABCCAABCBABCBCCBBAABBABACBCBCBBABACBABBCCBACBBCAACABCCBAABBCABABCABACBBCACBCBCBACABAACABABBCBABCCABAAC
CBAABAABCACABBABCAACABBABABCABCACBABAACACAABCBCBCBCAABCCAABCBABCBCCBBAABBABACBCBCBBABACBABBCCBACBBCAACABCCBAABBCABABCABACBBCACBCBCBACABAACABABBCBABCCABAAC
CBAABAABCACABBABCAACABBABABCABCACBABAACACAABCBCBCBACAABCCAABCBABCBCCBBAABBABACBCBCBBABACBABBCCBACBBCAACABCCBAABBCABABCABACBBCACBCBCBACABAACABABBCBABCCABAAC
CBAABAABCACABBABCAACABBABABCABCACBABAACACAABCBCBCBACAABCCAABCBABCBCCBBAABBABACBCBCBBABACBABBCCBACBBCAACABBCCBAABBCABABCABACBBCACBCBCBACABAACABABBCBABCCABAAC
CBAABAABCACABBABCAACABBABABCABCACBABAACACAABCBCBCBACAABCCAABCBABCBCCBBAABBABACBCBCBBABACBABBCCBACBBCAACABBCCBBAABBCABABCABACBBCACBCBCBACABAACABABBCBABCCABAAC
CBAABAABCACABBABCAACABBABABCABBCACBABAACACAABCBCBCBACAABCCAABCBABCBCCBBAABBABACBCBCBBABACBABBCCBACBBCAACABBCCBBAABBCABABCABACBBCACBCBCBACABAACABABBCBABCCABAAC
CBAABAABCACABBABCAACABBABABCABBCACBABAACACAABCBCBCBACAABCCAABCBABCBCCBBAABBABACBCBCBBABACBABBCCBACBBCAACABBCCBBAABBCCABABCABACBBCACBCBCBACABAACABABBCBABCCABAAC
CBAABAABCACABBABCAACABBABABCABBCACBABAACACAABCBCBCBACAABCCAABCBAABCBCCBBAABBABACBCBCBBABACBABBCCBACBBCAACABBCCBBAABBCCABABCABACBBCACBCBCBACABAACABABBCBABCCABAAC
CBAABAABCACABBABCAACABBABABCABBCACBABAACACAABCBCBCBACAABCCAABCBAABCBCCBBAABBABACBCBCBBABACBABBCCBCACBBCAACABBCCBBAABBCCABABCABACBBCACBCBCBACABAACABABBCBABCCABAAC
CBAABAABCACABBABCAACABBABABCABBCACBABAACACAABCBCBCBACACABCCAABCBAABCBCCBBAABBABACBCBCBBABACBABBCCBCACBBCAACABBCCBBAABBCCABABCABACBBCACBCBCBACABAACABABBCBABCCABAAC
CBAABAABCACABBABCAACABBABABCABBCACBABAACACAABCBCBCBACACABCCAABCBAABCBCCBBAABBABACBCBCBBABACBABBCCBCACBBCAACABBCCBBAABBCCABABCABACBBCACBCBCCBACABAACABABBCBABCCABAAC
CBAABAABCACABBABCAACABBABABCABBCACBABAACACAABCBCBCBACACABCCAABCBAABCBCCBBAABBABACBCBCBBABACBABBCACBCACBBCAACABBCCBBAABBCCABABCABACBBCACBCBCCBACABAACABABBCBABCCABAAC
CBAABAABCACABBABCAACABBABABCABBCACBABAACACAABCBCBCBACACABCCAABCBAABCBCCBBAABBABACBCBCBBABACBABBCACBCACBBCAACABBCCBBAABBCCAABABCABACBBCACBCBCCBACABAACABABBCBABCCABAAC
CBAABAABCACABBABCAACABBABABCABBCACBABAACACAABCBCBACBACACABCCAABCBAABCBCCBBAABBABACBCBCBBABACBABBCACBCACBBCAACABBCCBBAABBCCAABABCABACBBCACBCBCCBACABAACABABBCBABCCABAAC
CBAABAABCACABBABCAACABBABABCABBCACBABAACACAABCBCBACBACACABCCAABCBAABCBCCBBAABBABACBCBCBBABACBABBCACCBCACBBCAACABBCCBBAABBCCAABABCABACBBCACBCBCCBACABAACABABBCBABCCABAAC
CBAABAABCACABBABCAACABBABABCABBCACBABAACACAABCBCBACBACACABCCAABCBAABCBCCBBAABBABACBCBCBBABACBABBCACCBCACBBCAACABBCCBBAABBCCAABABCABACBBCACBCBCACBACABAACABABBCBABCCABAAC
CBAABAABCACABBABCAACABBABABCABBCACBABAACACAABCBCABACBACACABCCAABCBAABCBCCBBAABBABACBCBCBBABACBABBCACCBCACBBCAACABBCCBBAABBCCAABABCABACBBCACBCBCACBACABAACABABBCBABCCABAAC
CBAABAABCACABBABCAACABBABABCABBCACBABAACACAABCBCABACBACACABCCBAABCBAABCBCCBBAABBABACBCBCBBABACBABBCACCBCACBBCAACABBCCBBAABBCCAABABCABACBBCACBCBCACBACABAACABABBCBABCCABAAC
CBAABAABCACABBABCAACABBABABCABBCACBABAACACAABCBCABACBACACABCCBAABCBAABCBCCBBAABBABACBCBCBBABACBABBCACCBCACBBCAACABBCCBBAABBCCAABABCABACBBCACBCBCACBACACBAACABABBCBABCCABAAC
CBAABAABCACABBABCAACABBABABCABBCACBABAACACAABCBCABACBACACABCCBAABCBACABCBCCBBAABBABACBCBCBBABACBABBCACCBCACBBCAACABBCCBBAABBCCAABABCABACBBCACBCBCACBACACBAACABABBCBABCCABAAC
CBAABAABCACABBABCAACABBABABCABBCACBABAACACAABCBCABACBACACABCCBAABCBACABCBCCBBAABBABACBCBCBBABACBABBCACCBCACBCBCAACABBCCBBAABBCCAABABCABACBBCACBCBCACBACACBAACABABBCBABCCABAAC
CBAABAABCACABBABCAACABBABABCABBCACBABAACACAABCBCABACBACACABCCBAABCBACABCBCCBBAABBABACBCBCBBABACBABBCACCBCACBCBCAACABBCCBBAABBCCAABABCABACBBCACBCBCACBACACBAACABABBCBABCCABC
CBAABAABCACABBABCAACABBABABCABBCACBABAACACAABCBCABACBACACABCCBAABCBACABCBCCBBAABBABAACBCBCBBABACBABBCACCBCACBCBCAACABBCCBBAABBCCAABABCABACBBCACBCBCACBACACBAACABABBCBABCCABC
CBAABAABCACABBABCAACABBABABCABBCACBABAACACAABCBCABACBACACABCCBAABCBACABCBCCBBAABBABAACBCBCBBABACBABBCACCBCACBCBCAACABBCCBBAABBCCAABABCAABACBBCACBCBCACBACACBAACABABBCBABCCABC
CBAABAABCACABBABCAACABBABABCABBCACBABAACACAABCBCABACBACACABCCBAABCBACABCBCCBBAABBABBAACBCBCBBABACBABBCACCBCACBCBCAACABBCCBBAABBCCAABABCAABACBBCACBCBCACBACACBAACABABBCBABCCABC
CBAABAABCACABBABCAACABBABABCABBCACBABAACACAABCBCABACBACACABCCBAABCBACABCBCCBBAABBABBAACBCBCBBABACBABBCACCBCACBCBCAACABBCCBABAABBCCAABABCAABACBBCACBCBCACBACACBAACABABBCBABCCABC
CBAABAABCACABBABCAACABBABABCABBCACBABAACACAABCBCABACBACACABCCBAABCBACABCAABBABBAACBCBCBBABACBABBCACCBCACBCBCAACABBCCBABAABBCCAABABCAABACBBCACBCBCACBACACBAACABABBCBABCCABC
CBAABAABCACABBABCAACABBABABCABBCACBABAACACAABCBCABACBACACABCCBAABCBACABCAABBABBAACBCBCBBABACBABBCACCBCACBCBCAACABBCCBABAABBCCAABBABCAABACBBCACBCBCACBACACBAACABABBCBABCCABC
CBAABAABCACABBABCAACABBABABCABBCACBABAACACAABCBCABACBACACABCCBAABCBACABCAABBABBAACBCBCBBABACBABBCACCBCACBCBCAACABBCCBABAABBCCAABBABCAABBACBBCACBCBCACBACACBAACABABBCBABCCABC
CBAABAABCACABBABCAACABBABABCABBCACBABAACACAABCBCABACBACACABCCBAABCBACABCAABBABBAACBCBCBBABACBABBCACCBCACBCBCAACABBCCBABAABBCCAABBABCAABBACBBCACBCBCACBACACBAACABCABBCBABCCABC
CBAABABABCACABBABCAACABBABABCABBCACBABAACACAABCBCABACBACACABCCBAABCBACABCAABBABBAACBCBCBBABACBABBCACCBCACBCBCAACABBCCBABAABBCCAABBABCAABBACBBCACBCBCACBACACBAACABCABBCBABCCABC
CBAABABABCACABBABCAACABBABABCABBCACBABAACACAABCBCABACBACACABCCBAABCBACABCAABBABBAACBCBCBBABACBABBCACCBCACBCBCAACABBCCBABAABBCCAABBABCAABBACBBCACBCBCACBACACBAACABCACBABCCABC
CBAABABABCACABBABCAACABBABABCABBCACBABAACACAABCBCABACBACACABCCBAABCBACABCBAABBABBAACBCBCBBABACBABBCACCBCACBCBCAACABBCCBABAABBCCAABBABCAABBACBBCACBCBCACBACACBAACABCACBABCCABC
CBAABABABCACABBABCAACABBABABCABBCACBABCACAABCBCABACBACACABCCBAABCBACABCBAABBABBAACBCBCBBABACBABBCACCBCACBCBCAACABBCCBABAABBCCAABBABCAABBACBBCACBCBCACBACACBAACABCACBABCCABC
CBAABABABCACABBABCAACABBABABCABBCACBABCACAABCBCABACBACACABCCBAABCBACABCBAABBABBAACBCBCBBABACBABBCACCBCACBCBCAACABBCCBABAABBCCBCAABBACBBCACBCBCACBACACBAACABCACBABCCABC
CBAABABABCACABBABCAACABBABABCABBCACBABCACAABCBCABACBACACABCCBAABCBACABCBAABBABBAACBCBCBBABACBABBCACCBCACBCBCAACABBCCBABAABBCCBCAABBACBBCCACBCBCACBACACBAACABCACBABCCABC
CBAABABABCACABBABCAACABBABABCABBCACBABCACAABCBCABACBACACABCCBBCBACABCBAABBABBAACBCBCBBABACBABBCACCBCACBCBCAACABBCCBABAABBCCBCAABBACBBCCACBCBCACBACACBAACABCACBABCCABC
CBAABABACBCACABBABCAACABBABABCABBCACBABCACAABCBCABACBACACABCCBBCBACABCBAABBABBAACBCBCBBABACBABBCACCBCACBCBCAACABBCCBABAABBCCBCAABBACBBCCACBCBCACBACACBAACABCACBABCCABC
CBAABABACBCACABBABCAACABBABABCABBCACBABCACACABCBCABACBACACABCCBBCBACABCBAABBABBAACBCBCBBABACBABBCACCBCACBCBCAACABBCCBABAABBCCBCAABBACBBCCACBCBCACBACACBAACABCACBABCCABC
CBAABABACBCACABBABCAACABBABABCABBCACBABCACACABCBCABACBACACABCCBBCBACABBCBAABBABBAACBCBCBBABACBABBCACCBCACBCBCAACABBCCBABAABBCCBCAABBACBBCCACBCBCACBACACBAACABCACBABCCABC
CBAABABACBCACABBABCAACABBABABCABBCACBABCACACABCBCABAACBACACABCCBBCBACABBCBAABBABBAACBCBCBBABACBABBCACCBCACBCBCAACABBCCBABAABBCCBCAABBACBBCCACBCBCACBACACBAACABCACBABCCABC
CBAABABACBCACABBABCAACABBABABCABBCACBABCACACABCBCABAACBACACABCCBBCBACABBCBAABBABABAACBCBCBBABACBABBCACCBCACBCBCAACABBCCBABAABBCCBCAABBACBBCCACBCBCACBACACBAACABCACBABCCABC
CBAABABACBCACABBABCAACABBABABCABBCACBABCACACBABCBCABAACBACACABCCBBCBACABBCBAABBABABAACBCBCBBABACBABBCACCBCACBCBCAACABBCCBABAABBCCBCAABBACBBCCACBCBCACBACACBAACABCACBABCCABC
CBAABABACBCACABBABCAACABBABABCABBCACBABCACACBABCBCABAACBACACABCCBBCBACABBCBAABBCABABAACBCBCBBABACBABBCACCBCACBCBCAACABBCCBABAABBCCBCAABBACBBCCACBCBCACBACACBAACABCACBABCCABC
CBAABABACBCACABBABCAACABBABABCABBCACBABCACACBABCBCABAACBACACABCCBBCBACABBCBAABBCABABAACBCBCBBABACBABBACACCBCACBCBCAACABBCCBABAABBCCBCAABBACBBCCACBCBCACBACACBAACABCACBABCCABC
CBAABABACBCACABBABCAACABBABABCABBCACBABCACACBABCBCABAACBACACABCCBBCBACABBCBAABBCABABAACBCBCBBABACBABBACACCBCACBCBCAACCABBCCBABAABBCCBCAABBACBBCCACBCBCACBACACBAACABCACBABCCABC
CBAABABACBCACABBABCAACABBABABCABBCACBABCACACBABCBCABAACBACACABCCBBCBACABBCBAABBCABABAACBCBCBBABACBABBACACCBCACBCBCAACCABBCCBABAABBCCBBCAABBACBBCCACBCBCACBACACBAACABCACBABCCABC
CBAABABACBCACABBABCAACABBABABCABBCACBABCACACBABCBCABAACBACACABCCBBCBACABBCBAABBCABABAACBCBCBBABACBABBACACCBCACBCBCAACCABBCCBABAABBCACBBCAABBACBBCCACBCBCACBACACBAACABCACBABCCABC
CBAABABACBCACABBABCAACABBABABCABBCACBABCACACBABCBCABAACBACACABCCBBCBACABBCBAABBCABABAACBCBCBBABACBABBACACCBCACBCBCAACCABBCCBABAABBACACBBCAABBACBBCCACBCBCACBACACBAACABCACBABCCABC
CABAABABACBCACABBABCAACABBABABCABBCACBABCACACBABCBCABAACBACACABCCBBCBACABBCBAABBCABABAACBCBCBBABACBABBACACCBCACBCBCAACCABBCCBABAABBACACBBCAABBACBBCCACBCBCACBACACBAACABCACBABCCABC
CABAABABACBCACABBABCAACABBACBABCABBCACBABCACACBABCBCABAACBACACABCCBBCBACABBCBAABBCABABAACBCBCBBABACBABBACACCBCACBCBCAACCABBCCBABAABBACACBBCAABBACBBCCACBCBCACBACACBAACABCACBABCCABC
CCABAABABACBCACABBABCAACABBACBABCABBCACBABCACACBABCBCABAACBACACABCCBBCBACABBCBAABBCABABAACBCBCBBABACBABBACACCBCACBCBCAACCABBCCBABAABBACACBBCAABBACBBCCACBCBCACBACACBAACABCACBABCCABC
ABAABABACBCACABBABCAACABBACBABCABBCACBABCACACBABCBCABAACBACACABCCBBCBACABBCBAABBCABABAACBCBCBBABACBABBACACCBCACBCBCAACCABBCCBABAABBACACBBCAABBACBBCCACBCBCACBACACBAACABCACBABCCABC
ABAABABACBCACABBABCAACABBACBABCABBCACBABCACACBABCBCABAACBACACABBACABBCBAABBCABABAACBCBCBBABACBABBACACCBCACBCBCAACCABBCCBABAABBACACBBCAABBACBBCCACBCBCACBACACBAACABCACBABCCABC
ABAABABACBCACABBABCAACABBACBABCABBCACBABCACACBABCBCABAACBACACABBACABBCBAABBCABABAACBCBCBBABACBABBACACCBCACBCBCAACCABBCCBABAABBACACBBCAABBACBBCCACBCBCACBACACBAACABCACBABCCAABC
ABAABABACBCACABBABCAACABBACBABCABBCACBABCACACBABCBCABAACBACACABBACABBCBAABBCABABAACBCBCBBABACBABBACACCBCACBCBCAACCABBCCBABAABBACACBBCABABBACBBCCACBCBCACBACACBAACABCACBABCCAABC
ABAABABACBCACABBABCAACABBACBABCABBCACBABCACACBABCBCABAACBACACABABACABBCBAABBCABABAACBCBCBBABACBABBACACCBCACBCBCAACCABBCCBABAABBACACBBCABABBACBBCCACBCBCACBACACBAACABCACBABCCAABC
ABAABABACBCACABBABCAACABBACBABCABBCACBABCACACBABCBCABAACBACACABAABACABBCBAABBCABABAACBCBCBBABACBABBACACCBCACBCBCAACCABBCCBABAABBACACBBCABABBACBBCCACBCBCACBACACBAACABCACBABCCAABC
ABAABABACBCACABBABCAACABBACBABCABBCACBABCACACBABCBCABAACBACACABAABACABBCBAABBCABABAACCBCBCBBABACBABBACACCBCACBCBCAACCABBCCBABAABBACACBBCABABBACBBCCACBCBCACBACACBAACABCACBABCCAABC
ABAABABACBCACABBABCAACABBACBABCABBCBACBABCACACBABCBCABAACBACACABAABACABBCBAABBCABABAACCBCBCBBABACBABBACACCBCACBCBCAACCABBCCBABAABBACACBBCABABBACBBCCACBCBCACBACACBAACABCACBABCCAABC
ABAABABACBCACABBABCAACABBACBABCABBCBACBABCACACBABCBCABAACBACACABAABACABBCBAACABABAACCBCBCBBABACBABBACACCBCACBCBCAACCABBCCBABAABBACACBBCABABBACBBCCACBCBCACBACACBAACABCACBABCCAABC
ABAABABACBCACABBABCAACABBACBABCABBCBACBABCACACBABCBCABAACBACACABAABACABBCBAACABABAACCBBCBCBBABACBABBACACCBCACBCBCAACCABBCCBABAABBACACBBCABABBACBBCCACBCBCACBACACBAACABCACBABCCAABC
ABAABABACBCACABBABCAACABBACBABCABBCBACBABCACACBABCBCABAACBACACABAABACABBCBAACABABAACCBBCBCBBABACBABBACACCBCACBCBCAACCABBCCBABAABBACACBBCABBABBACBBCCACBCBCACBACACBAACABCACBABCCAABC
ABAABABACBCACABBABCAACABBACBABCABBCBACBABCACACBABCBCABAACBACACABAABACABBCBAACABABAACCBBCBCBBABACBABBACACCBCACBCBCAACCABBCCBABAABBACACBBCAABBACBBCCACBCBCACBACACBAACABCACBABCCAABC
ABAABABACBCACABBABCAACABBACBABCABBCBACBABCACACBABCBCABAACBACACABAABACABBCBAACABABAACCBBCBCBBABACBABBACACCBCBACBCBCAACCABBCCBABAABBACACBBCAABBACBBCCACBCBCACBACACBAACABCACBABCCAABC
ABAABABACBCACABBABCAACABBACBABCABBCBACBABCACACBABCBCABAACBACACABAABACABBCBAACABABAACCBBCBCBBABACBABBACACCBCBACBCBCAACCABBCCBABAABBACACBBCAABBACBBCCACBCBCACBACACBAACABCCACBABCCAABC
ABAABABACBCACABBABCAACABBACBABCABBCBACBABCACACBABCBCABAACBACACABAABBACABBCBAACABABAACCBBCBCBBABACBABBACACCBCBACBCBCAACCABBCCBABAABBACACBBCAABBACBBCCACBCBCACBACACBAACABCCACBABCCAABC
ABAABABACBCACABBABCAACABBACBABCABBCBACBABCACACBABCBCABAACBACACABAACBBACABBCBAACABABAACCBBCBCBBABACBABBACACCBCBACBCBCAACCABBCCBABAABBACACBBCAABBACBBCCACBCBCACBACACBAACABCCACBABCCAABC
ABAABABACBCACABBABCAACABBACBABCABBCBACBABCACACBABCBCABAACBACACABAACBBACABBCBAACABABAACCBBCBCBBABACBABBACACCBCBBACBCBCAACCABBCCBABAABBACACBBCAABBACBBCCACBCBCACBACACBAACABCCACBABCCAABC
ABAABABACBCACABBABCAACABBACBABCABBCBACBABCACACBABCBCABAACBACACABAACBBACAABBCBAACABABAACCBBCBCBBABACBABBACACCBCBBACBCBCAACCABBCCBABAABBACACBBCAABBACBBCCACBCBCACBACACBAACABCCACBABCCAABC
ABAABABACBCACABBABCAACABBACBABCABBCBACBBABCACACBABCBCABAACBACACABAACBBACAABBCBAACABABAACCBBCBCBBABACBABBACACCBCBBACBCBCAACCABBCCBABAABBACACBBCAABBACBBCCACBCBCACBACACBAACABCCACBABCCAABC
ABAABABACBCACABBABCAACABBACBABCABBCBACBBABCACACBABCBCABAACBACACABAACBBACAABBCBAACABABAACCBBCBCBBABACBABBACACCBCBBACBCBCAACCABBCCBABAABBACCACBBCAABBACBBCCACBCBCACBACACBAACABCCACBABCCAABC
ABAABABACBBCACABBABCAACABBACBABCABBCBACBBABCACACBABCBCABAACBACACABAACBBACAABBCBAACABABAACCBBCBCBBABACBABBACACCBCBBACBCBCAACCABBCCBABAABBACCACBBCAABBACBBCCACBCBCACBACACBAACABCCACBABCCAABC
ABAABABACBBCACABBABCAACABBACBABCABBCBACBBABCACACBABCBCABAACBACACABAACBBACAABBCBAACABABABACCBBCBCBBABACBABBACACCBCBBACBCBCAACCABBCCBABAABBACCACBBCAABBACBBCCACBCBCACBACACBAACABCCACBABCCAABC
ABAABABACBBCACABBABCAACABBACBABCABBCBACBBABCACACBABCBCABAACBACACABAACBBACAABBCBAACABABABACCBBCBCBBABACBABBACACCBCBBACBCBCAACCABBCCBABAABBACCACBBCAABBACBBCCACBCBCACBACACBABACABCCACBABCCAABC
ABAABABACBBCACABBABCAACABBACBABBCABBCBACBBABCACACBABCBCABAACBACACABAACBBACAABBCBAACABABABACCBBCBCBBABACBABBACACCBCBBACBCBCAACCABBCCBABAABBACCACBBCAABBACBBCCACBCBCACBACACBABACABCCACBABCCAABC
ABAABABACBBCACABBABCAACABBACBABBCABBCBACBBABCACACBABCBCABAACBACACBABAACBBACAABBCBAACABABABACCBBCBCBBABACBABBACACCBCBBACBCBCAACCABBCCBABAABBACCACBBCAABBACBBCCACBCBCACBACACBABACABCCACBABCCAABC
ABAABABACBBCACABBABCAACABBACBABBCABBCBACBBABCACACBABCBCABAACBACACBABAACBBACAABBCBAACABABABACCBBCBCBBABACBABBACACCBCBBACBCBCAACCABBCCBABBAABBACCACBBCAABBACBBCCACBCBCACBACACBABACABCCACBABCCAABC
ABAABABACBBCACABBABCAACABBACBAABBCABBCBACBBABCACACBABCBCABAACBACACBABAACBBACAABBCBAACABABABACCBBCBCBBABACBABBACACCBCBBACBCBCAACCABBCCBABBAABBACCACBBCAABBACBBCCACBCBCACBACACBABACABCCACBABCCAABC
ABAABABACBBCACABBABCAACABBACBAABBCABBCBACBBABCACACBABCBCABAACBACACBABAACBBACAABBCBAACABABABACCBBCBCABACBABBACACCBCBBACBCBCAACCABBCCBABBAABBACCACBBCAABBACBBCCACBCBCACBACACBABACABCCACBABCCAABC
CABAABABACBBCACABBABCAACABBACBAABBCABBCBACBBABCACACBABCBCABAACBACACBABAACBBACAABBCBAACABABABACCBBCBCABACBABBACACCBCBBACBCBCAACCABBCCBABBAABBACCACBBCAABBACBBCCACBCBCACBACACBABACABCCACBABCCAABC
CABAABABACBBCACABBABCAACABBACBAABBCABBCBACBBABCACACBABCBCABAACBACACBABAACBBACAABBCBAACABABABACCBBCBCABACBABBACACCBCBBACBCBCAACCABBCCBABBAABBACCACBBCAABBACBBCCACBCBCACBACACBABACABCCACBABCCAABCA
CABAABABACBBCACABBABCAACABBACBAABBCABBCBACBBABCACACCBABCBCABAACBACACBABAACBBACAABBCBAACABABABACCBBCBCABACBABBACACCBCBBACBCBCAACCABBCCBABBAABBACCACBBCAABBACBBCCACBCBCACBACACBABACABCCACBABCCAABCA
CABAABABACBBCACABBABCAACABBACBAABBCABBCBACBBABCACACCBABCBCABAACBACACBABAACBBACAABBCBAACABABABACCBBCBBCABACBABBACACCBCBBACBCBCAACCABBCCBABBAABBACCACBBCAABBACBBCCACBCBCACBACACBABACABCCACBABCCAABCA
CABAABABACBBCACABBABCAACABBACBAABBCABBCBACBBABCACACCBABCBCABAACBACACBABAACBBACAABBCBAACABABABACCBBCBBCABACBABBACACCBCBBACCBCBCAACCABBCCBABBAABBACCACBBCAABBACBBCCACBCBCACBACACBABACABCCACBABCCAABCA
CABAABABACBBCACABBABCAACABBACBAABBCABBCBACBBABCACACCBABCBCABAACBACACBABAACBBACAABBACBAACABABABACCBBCBBCABACBABBACACCBCBBACCBCBCAACCABBCCBABBAABBACCACBBCAABBACBBCCACBCBCACBACACBABACABCCACBABCCAABCA
CABAABABACBBCACABBABCAACABBACBAABBCABBCBACBBABCACACCBABCBCABAACBACACBABAACBBACAABBACBAACABABABACCBBCBBCABACBABBACACCBCBBACCBCBCAACCABBCCBABBAABBACCACBBCAABBACBBCCACBCBCACBACACBABBACABCCACBABCCAABCA
CABAABABACBBCACABBABCAACABBACBAABBCABBCBACBBABCACACCBABCBCABAACBACACBABAACBBACAABBACBAACABABABACCBBCBBCABACBABBAACACCBCBBACCBCBCAACCABBCCBABBAABBACCACBBCAABBACBBCCACBCBCACBACACBABBACABCCACBABCCAABCA
CABAABABACBBCACABBABCAACABBACBAABBCABBCBACBBABCACACCBABCBCABAACBACACBABAACBBACAABBACBAACABABABACCBBCBBCABACBABBAACACCBCBBACCBCBCAACCABBCCBABBAABBACBCACBBCAABBACBBCCACBCBCACBACACBABBACABCCACBABCCAABCA
CABAABABACBBCACABBABCAACABBACBAABBCABBCBACBBABCACACCBABCBCABAACBACACBABAACCBBACAABBACBAACABABABACCBBCBBCABACBABBAACACCBCBBACCBCBCAACCABBCCBABBAABBACBCACBBCAABBACBBCCACBCBCACBACACBABBACABCCACBABCCAABCA
CABAABABACBBCACABBABCAACABBACBAABBCABBCBACBBABCACACCBABCBCABAACBACACBABAACCBBACAABBACBAACABABABACCBBCBBCABACBABBAACACCBCBBACCBCBCAACCABBCCBABBAABBACBCACBBCAABBACBBCCACBCBCACBACBACBABBACABCCACBABCCAABCA
CABAABABACBBCACABBABCAACABBACBAABBCABBCBACBBABCACACCBABCBCABAACBACACBABAACCBBACAABBACABAACABABABACCBBCBBCABACBABBAACACCBCBBACCBCBCAACCABBCCBABBAABBACBCACBBCAABBACBBCCACBCBCACBACBACBABBACABCCACBABCCAABCA
CABAABABACBBCACABBABCAACABBACBAABBCABBCBACBBABCACACCBABCBCABAACBACACBABAACCBBACAABBACCABAACABABABACCBBCBBCABACBABBAACACCBCBBACCBCBCAACCABBCCBABBAABBACBCACBBCAABBACBBCCACBCBCACBACBACBABBACABCCACBABCCAABCA
CABAABABACBBCACABBABCAACABBACBAABBCABBCBACBBABCACACCBABCBCABAACBCACACBABAACCBBACAABBACCABAACABABABACCBBCBBCABACBABBAACACCBCBBACCBCBCAACCABBCCBABBAABBACBCACBBCAABBACBBCCACBCBCACBACBACBABBACABCCACBABCCAABCA
CABAABABACBBCACABBABCAACABBACBAABBCABBCBACBBABCACACCBABCBCABAACBCACACBABAACCBBACAABBACCABAACABABABACCBBCBBCABACBABBAACABCBBACCBCBCAACCABBCCBABBAABBACBCACBBCAABBACBBCCACBCBCACBACBACBABBACABCCACBABCCAABCA
CABAABABACBBCACABBABCAACABBACBAABBCABBCBACBBABCACACCBABCBCABAACBCACACBABAACCBBACAABBACCABAACABABABACCBBCBBCABACBABBAACABCBBACCBCBCAACCABBCCBABBAABBACBCACBBCAABBACBBCCACBCBCACBACBBACBABBACABCCACBABCCAABCA
CABAABABACBBCACABBABCAACABBACBAABBCABBCBACBBABCACACCBABCBCABAACBCACACBABAACCBBACAABBACCABAACABABABACCBBCBBCABACBABBAACABCBBACCBCBBCAACCABBCCBABBAABBACBCACBBCAABBACBBCCACBCBCACBACBBACBABBACABCCACBABCCAABCA
CABAABABACBBCACABBABCAACABBACBAABBCABBCBACBBABCACACCBABCBCABAACBCACACBABAACCBBACAABBACCABAACABABABACCBBCBBCABACBABBAACABCBBACCBCBBCAACCABBCCBABBCBCACBBCAABBACBBCCACBCBCACBACBBACBABBACABCCACBABCCAABCA
CABAABABACBBCACABBABCAACABBACBAABBCABBCBACBBABCACACCBABCBCABAACBCACACBABAACCBBACAABBACCABAACABABABACCBBCBBCABACBABABAACABCBBACCBCBBCAACCABBCCBABBCBCACBBCAABBACBBCCACBCBCACBACBBACBABBACABCCACBABCCAABCA
CABAABABACBBCACABBABCAACABBACBAABBCABBCBACBBABCACACCBABCBCABAACBCACACBABAACCBBACAABBACCABAACABABABACCBBCBBCABACBABABAACABCBBACCBCBBCAACCABBCCBABBCBCACBBCCAABBACBBCCACBCBCACBACBBACBABBACABCCACBABCCAABCA
CABAABABACBBCACABBABCAACBABBACBAABBCABBCBACBBABCACACCBABCBCABAACBCACACBABAACCBBACAABBACCABAACABABABACCBBCBBCABACBABABAACABCBBACCBCBBCAACCABBCCBABBCBCACBBCCAABBACBBCCACBCBCACBACBBACBABBACABCCACBABCCAABCA
CABAABABACBBCACABBABCAACBABBACBAABBCABBCBACBBABCACACCBABCBCABAACBCACACBABAACCBBACAABBACCABAACABABABACCBBCBBCABACBABABAACABCBBACCBCBBCAACCACCBABBCBCACBBCCAABBACBBCCACBCBCACBACBBACBABBACABCCACBABCCAABCA
CABAABABACBBCACABBABCAACBABBACBAABBCABBCBACBBABCACACCBABCBCABAACBCACACBAABAACCBBACAABBACCABAACABABABACCBBCBBCABACBABABAACABCBBACCBCBBCAACCACCBABBCBCACBBCCAABBACBBCCACBCBCACBACBBACBABBACABCCACBABCCAABCA
CABAABABACBBCACABBABCAACBABBACBAABBCABBCBACBBABCACACCBABCBCABAACBCACACBAABAACCBBACAABBACCABAACABABABACCBBCBBCABCACBABABAACABCBBACCBCBBCAACCACCBABBCBCACBBCCAABBACBBCCACBCBCACBACBBACBABBACABCCACBABCCAABCA
CABAABABACBBCACABBABCAACBABBACBAABBCABBCBACBBABCACACCBABCBCABAACBCACACBAABAACCBBACAABBACCABAACABABABACCBBCBBCABCACBABABAACABCBBACCBCBBCAACCACCBABBCBCACBBCCAABBACBBCCACCBCBCACBACBBACBABBACABCCACBABCCAABCA
CABAABABACBBCACABBABCAACBABBACBAABBCABBCBACBBABCACACCBABCBCABAACBCACACBAABAABBACAABBACCABAACABABABACCBBCBBCABCACBABABAACABCBBACCBCBBCAACCACCBABBCBCACBBCCAABBACBBCCACCBCBCACBACBBACBABBACABCCACBABCCAABCA
CABAABABACBBCACABBABCAACBABBACBAABBCCABBCBACBBABCACACCBABCBCABAACBCACACBAABAABBACAABBACCABAACABABABACCBBCBBCABCACBABABAACABCBBACCBCBBCAACCACCBABBCBCACBBCCAABBACBBCCACCBCBCACBACBBACBABBACABCCACBABCCAABCA
CABAABABACBBCACABBABCAACBABBACBAABBCCABBCBACBBABCACACCBABCBCABAACBCACACBCAABBACCABAACABABABACCBBCBBCABCACBABABAACABCBBACCBCBBCAACCACCBABBCBCACBBCCAABBACBBCCACCBCBCACBACBBACBABBACABCCACBABCCAABCA
CABAABABACBBCACABBABCAACBABBACBAABBCCABBCBACBBABCACACCBABCBCABAACBCACACBCAABBACCABAACABABABACCBBCBBCABCACBABABAACABCBBABCBBCAACCACCBABBCBCACBBCCAABBACBBCCACCBCBCACBACBBACBABBACABCCACBABCCAABCA
CABAABABACBBCACABBABCAACBABBACBAABBCCABBCBACBBABCCACACCBABCBCABAACBCACACBCAABBACCABAACABABABACCBBCBBCABCACBABABAACABCBBABCBBCAACCACCBABBCBCACBBCCAABBACBBCCACCBCBCACBACBBACBABBACABCCACBABCCAABCA
CABBABACBBCACABBABCAACBABBACBAABBCCABBCBACBBABCCACACCBABCBCABAACBCACACBCAABBACCABAACABABABACCBBCBBCABCACBABABAACABCBBABCBBCAACCACCBABBCBCACBBCCAABBACBBCCACCBCBCACBACBBACBABBACABCCACBABCCAABCA
CABBABACBBCACABBABCAACBABBACBAABBCCABBCBACBBABCCACACCBABCBCABAACBCACACBCAABBACCABAACCABABABACCBBCBBCABCACBABABAACABCBBABCBBCAACCACCBABBCBCACBBCCAABBACBBCCACCBCBCACBACBBACBABBACABCCACBABCCAABCA
CABBABACBBCACABBABCAACBACBBACBAABBCCABBCBACBBABCCACACCBABCBCABAACBCACACBCAABBACCABAACCABABABACCBBCBBCABCACBABABAACABCBBABCBBCAACCACCBABBCBCACBBCCAABBACBBCCACCBCBCACBACBBACBABBACABCCACBABCCAABCA
CABBABACBBCACABBABCAACBACBBACBAABBCCABBCBACBBABCCACACCBABCBCABAACBCACACBCAABBACCABAACCABABABACCBBCBBCABCACBABABAACABCBBABCBBCAACCACCBABBCBCACBBCCAABBACBBCCACCBACBCACBACBBACBABBACABCCACBABCCAABCA
CABBABACBBCACABBABCAACBACBBACBAABBCCABBCBACBBABCCACACCBABCBCABAACBCACACBCAABBACCABAACCABBABABACCBBCBBCABCACBABABAACABCBBABCBBCAACCACCBABBCBCACBBCCAABBACBBCCACCBACBCACBACBBACBABBACABCCACBABCCAABCA
CABBABACBBCACABBABCAACBACBBACBAABBCCABBCBACBBABCCACACCBABCBCABAACBCACACBCAABBACCABAACCABBABABACCBBCBBCABCACBABABAACABCBBABCBBCAACCACCBABBCBCACBBCCAABBAACCBACBCACBACBBACBABBACABCCACBABCCAABCA
CABBABACBBCACABBABCAACABACBBACBAABBCCABBCBACBBABCCACACCBABCBCABAACBCACACBCAABBACCABAACCABBABABACCBBCBBCABCACBABABAACABCBBABCBBCAACCACCBABBCBCACBBCCAABBAACCBACBCACBACBBACBABBACABCCACBABCCAABCA
CABBABACBBCACABBABCAACABACBBACBAABBCCABBCBACBBABCCACACCBABCBCABAACBCACACBCAABBACCABAACCABBABABACCBBCBBCABCACBABABAACABCBBABCBBCAACCACCBABBCBCACBBCCAABBAACCBACBCACBACBBCACBABBACABCCACBABCCAABCA
CABBABACBBCACABBABCAACABACBBACBAABBCCABBCBACBBABCCACACCBABCBCABAACBCACACBCAABBACCABAACCABBABABACCBBCBBCABCACBABABAACABCBBABCBBCAACCACCBABBCBCACBBCCAABBAACCBACBCACBACBBCACBAACABCCACBABCCAABCA
CABBABACBBCACABBABCAACABACBBACBAABBCCABBCBACBBABCCACACCBABCBCABAACBCACACBCAABBACCABAACCABBABABACCBBCBBCABCACBABABAACABCBBABCBBCAACCACCBABBCBCACCBBCCAABBAACCBACBCACBACBBCACBAACABCCACBABCCAABCA
CABBABACBBCACABBABCAACABACBBACBAABBCCABBCBACBBABCCACACCBABCBCABAACBCACACBCAABBACCABAACCABBABABACCBBCBBCABCACBABABAACABCBBABCBBCAACCACCBAABBCBCACCBBCCAABBAACCBACBCACBACBBCACBAACABCCACBABCCAABCA
CABBABACBBCACABBABCAACABACBBACBAABBCCABBCBACBBABCCACACCBABCBCABAACBCACACBCAABBACCABAACCABBABABACCBBCBBCABCACBABABAACABCBBABCBBCAACCACCBAABBCBCACCBBCCAABBAACCBACBCACBACBBCABCBAACABCCACBABCCAABCA
CABBABACBBCACABBABCAACABACBBACBAABBCCABBCBACBBABCCACACCBABCBCABBAACBCACACBCAABBACCABAACCABBABABACCBBCBBCABCACBABABAACABCBBABCBBCAACCACCBAABBCBCACCBBCCAABBAACCBACBCACBACBBCABCBAACABCCACBABCCAABCA
CABBABACBBCACABBABCAACABACBBACBCAABBCCABBCBACBBABCCACACCBABCBCABBAACBCACACBCAABBACCABAACCABBABABACCBBCBBCABCACBABABAACABCBBABCBBCAACCACCBAABBCBCACCBBCCAABBAACCBACBCACBACBBCABCBAACABCCACBABCCAABCA
CABBAABACBBCACABBABCAACABACBBACBCAABBCCABBCBACBBABCCACACCBABCBCABBAACBCACACBCAABBACCABAACCABBABABACCBBCBBCABCACBABABAACABCBBABCBBCAACCACCBAABBCBCACCBBCCAABBAACCBACBCACBACBBCABCBAACABCCACBABCCAABCA
CABBAABACBBCACAABBABCAACABACBBACBCAABBCCABBCBACBBABCCACACCBABCBCABBAACBCACACBCAABBACCABAACCABBABABACCBBCBBCABCACBABABAACABCBBABCBBCAACCACCBAABBCBCACCBBCCAABBAACCBACBCACBACBBCABCBAACABCCACBABCCAABCA
CABBAABACBBCACAABBABCAACABACBBACBCAABBCCABBCBACBBABCCACACCBABCBCABBAACBCACACBCAABBACCABAACCABBABABACCBBCBBCABCACBABABAACABCBBABCBBCAACCACCBAACBCACCBBCCAABBAACCBACBCACBACBBCABCBAACABCCACBABCCAABCA
CABBAABACBBCACAABBABCAACABACBBACBCAABBCCABBCBACBBABCCACACCBABCBCABBAACBCACACBCAABBACCABAACCABBABABACCBBCBBCABCACBABABAACABCBBABBCBBCAACCACCBAACBCACCBBCCAABBAACCBACBCACBACBBCABCBAACABCCACBABCCAABCA
CABBAABACBBCACAABBABCAACABACBBACBCAABBCCABBCBACBBABCCACACCBABCBCABBAACBCACACBCAABBACCABAACCABBABABACCBBCBBCABCACBABABAACABCBBABBCBBCAACCACCBAACBCACCBBCCAABBAACCBACBCACBACBBCABCBAACABBCCACBABCCAABCA
CABBAABACBBCACAABBABCAACABACBBACBCAABBCCABBCBACBBABCCACACCBABCBCABBAACBCACACBCAABBACCABAACCABBABABACCBBCBBCABCACBABABAACABCBBABBCBBCAACCACCBAACBCACCBBCCAABBAACCBCACBCACBACBBCABCBAACABBCCACBABCCAABCA
CABBAABACBBCACAABBABCAACABACBBACBCBBCCABBCBACBBABCCACACCBABCBCABBAACBCACACBCAABBACCABAACCABBABABACCBBCBBCABCACBABABAACABCBBABBCBBCAACCACCBAACBCACCBBCCAABBAACCBCACBCACBACBBCABCBAACABBCCACBABCCAABCA
CABBAABACBBCACAABBABCAACABACBBACBCBBCCABBCBACBBABCCACACCBABCBCABBAACBCACACBCAABBACCABAACCABBABABACCBBCBBCABCACBAABABAACABCBBABBCBBCAACCACCBAACBCACCBBCCAABBAACCBCACBCACBACBBCABCBAACABBCCACBABCCAABCA
CABBAABACBBCACAABBABCAACABACBBACBCBBCCABBCBACBBABCCACACCBABCBCABBAACBCACACBCAABBACCABAACCABBABABACCBBCBBCABCACBAABABAACABCBBABBCBBCAACCACCBAACBCACCBBCCAABBAACCBCACBCACBACBBCABCBAACABBCCACBABCCBAABCA
CABBAABACBBCACAABBABCAACCABACBBACBCBBCCABBCBACBBABCCACACCBABCBCABBAACBCACACBCAABBACCABAACCABBABABACCBBCBBCABCACBAABABAACABCBBABBCBBCAACCACCBAACBCACCBBCCAABBAACCBCACBCACBACBBCABCBAACABBCCACBABCCBAABCA
CABBAABACBBCACAABBABCAACCABACBBACBCBBCCABBCBACBBABCCACACCBABCBBCABBAACBCACACBCAABBACCABAACCABBABABACCBBCBBCABCACBAABABAACABCBBABBCBBCAACCACCBAACBCACCBBCCAABBAACCBCACBCACBACBBCABCBAACABBCCACBABCCBAABCA
CABBAABACBBCACAABBABCAACCABACBBACBCBBCCABBCBACBBABCCACACCBABCBBCABBAACBCACACBCAABBACCABAACCABBABABACCBBCBBCABCACBAABABAACABCCBBABBCBBCAACCACCBAACBCACCBBCCAABBAACCBCACBCACBACBBCABCBAACABBCCACBABCCBAABCA
CABBAABACBBCACAABBABCAACCABACBBACBCBBCCABBCBACBBABCCACACCBABCBBCABBAACBCACACBCAABBACCAABABACCBBCBBCABCACBAABABAACABCCBBABBCBBCAACCACCBAACBCACCBBCCAABBAACCBCACBCACBACBBCABCBAACABBCCACBABCCBAABCA
CABBAABACBBCACAABBABCAACCABACBBACBCBBCCABBCBACBBABCCACACCBABCBBCABBAACBCBACACBCAABBACCAABABACCBBCBBCABCACBAABABAACABCCBBABBCBBCAACCACCBAACBCACCBBCCAABBAACCBCACBCACBACBBCABCBAACABBCCACBABCCBAABCA
CABBAABACBBCACAABBABCAACCABACBBACBCBBCCABBCBACBBABCCACABCCBABCBBCABBAACBCBACACBCAABBACCAABABACCBBCBBCABCACBAABABAACABCCBBABBCBBCAACCACCBAACBCACCBBCCAABBAACCBCACBCACBACBBCABCBAACABBCCACBABCCBAABCA
CABBAABACBBCACAABBABCAACCABACBBACBCBBCCABBCBACBBABCCACABCCBABCBBCABBAACBCBACACBCAABBACCAABABACCBBCBBCABCACBAABABAACABCCBBABBCBBCAACCACCBAACBCACCBBCCAABBAACCBCAACBCACBACBBCABCBAACABBCCACBABCCBAABCA
CABBAABACBBCACAABBABCAACCABACBBACBCBBCCABBCBACBBABCCACABCCBABCBBCABABAACBCBACACBCAABBACCAABABACCBBCBBCABCACBAABABAACABCCBBABBCBBCAACCACCBAACBCACCBBCCAABBAACCBCAACBCACBACBBCABCBAACABBCCACBABCCBAABCA
CABBAABACBBCACAABBABCAACCABACBBACBCBBCCABBCBACBBABCCACABCCBABCBBCABABAACBCBACACBCAABBACCAABABACCBBCBBCABCACBAABABAACABCCBBACBBCAACCACCBAACBCACCBBCCAABBAACCBCAACBCACBACBBCABCBAACABBCCACBABCCBAABCA
CABBAABACBBCACAABBABCAACCABACBBACBCBBCCABBCBACBBABCCACABACCBABCBBCABABAACBCBACACBCAABBACCAABABACCBBCBBCABCACBAABABAACABCCBBACBBCAACCACCBAACBCACCBBCCAABBAACCBCAACBCACBACBBCABCBAACABBCCACBABCCBAABCA
CABBAABACBBCACAABBABCAACCABACBBACBCBBCCABBCBACBBABCCACABACCBABCBBCABABAACBCBACACBCAABBACCAABABACCBBCBBCABCACBAABABAACABCCBBACBBCAACCACCBAACBCACCBBCCAABBAACCBCAACBCACBACBBCABCBAACBABBCCACBABCCBAABCA
CABBAABAACBBCACAABBABCAACCABACBBACBCBBCCABBCBACBBABCCACABACCBABCBBCABABAACBCBACACBCAABBACCAABABACCBBCBBCABCACBAABABAACABCCBBACBBCAACCACCBAACBCACCBBCCAABBAACCBCAACBCACBACBBCABCBAACBABBCCACBABCCBAABCA
CABBAABAACBBCACAABBABCAACCACBACBBACBCBBCCABBCBACBBABCCACABACCBABCBBCABABAACBCBACACBCAABBACCAABABACCBBCBBCABCACBAABABAACABCCBBACBBCAACCACCBAACBCACCBBCCAABBAACCBCAACBCACBACBBCABCBAACBABBCCACBABCCBAABCA
CABBAABAACBBCACAABBABACAACCACBACBBACBCBBCCABBCBACBBABCCACABACCBABCBBCABABAACBCBACACBCAABBACCAABABACCBBCBBCABCACBAABABAACABCCBBACBBCAACCACCBAACBCACCBBCCAABBAACCBCAACBCACBACBBCABCBAACBABBCCACBABCCBAABCA
CABBAABAACBBCACAABBABACAACCACBACBBACBCBBCCABBCBACBBABBCCACABACCBABCBBCABABAACBCBACACBCAABBACCAABABACCBBCBBCABCACBAABABAACABCCBBACBBCAACCACCBAACBCACCBBCCAABBAACCBCAACBCACBACBBCABCBAACBABBCCACBABCCBAABCA
CABBAABCBBCACAABBABACAACCACBACBBACBCBBCCABBCBACBBABBCCACABACCBABCBBCABABAACBCBACACBCAABBACCAABABACCBBCBBCABCACBAABABAACABCCBBACBBCAACCACCBAACBCACCBBCCAABBAACCBCAACBCACBACBBCABCBAACBABBCCACBABCCBAABCA
CABBAABCBBCACAABBABACAACCACBACBBACBCBBCCABBCBACBBABBCCACABACCBABCBBCABABAACBCBACACBCAABBACCAABABBACCBBCBBCABCACBAABABAACABCCBBACBBCAACCACCBAACBCACCBBCCAABBAACCBCAACBCACBACBBCABCBAACBABBCCACBABCCBAABCA
CABBAABCBBCACBBABACAACCACBACBBACBCBBCCABBCBACBBABBCCACABACCBABCBBCABABAACBCBACACBCAABBACCAABABBACCBBCBBCABCACBAABABAACABCCBBACBBCAACCACCBAACBCACCBBCCAABBAACCBCAACBCACBACBBCABCBAACBABBCCACBABCCBAABCA
CABBAABCBBCACBBABACAACCACBACBBACBCBBCCABBCBACBBABBCCACABACCBABCBBCABABAACBCBACACBCAABBACCAABABBACCBBCBBCABCACBAABABAACABCCBBACBBCAACCACCBAACBCACCBBCCAABBAACCBCAACBCACBACBBCABCBAACBACBBCCACBABCCBAABCA
