A
AC
ACA
ACAA
AACAA
CAA
CACA
CACAB
CACABC
CACBABC
CACABABC
CACAABABC
CCACAABABC
CBCACAABABC
CBCACAABABAC
CABCACAABABAC
CABCACCAABABAC
CABBCACCAABABAC
CAABBCACCAABABAC
CAABBCACCAABABABC
CAABBCACCAABABBABC
CAABBCACCAABCABBABC
CAABBCACCAABCABBAABC
CAABBACACCAABCABBAABC
CAABBACACCAABBCABBAABC
CAABBACACCAABBCCABBAABC
CAABBACACCAABBCCBABBAABC
ACAABBACACCAABBCCBABBAABC
ACAABBACACCBBAABC
ACAABBACACCBBAABCB
ACAABBACACCBBAABCCB
ACCACCBBAABCCB
ACCACCBBAABACCB
ACCACCACCB
AACCACCACCB
AACCACCABCCB
AACCAABCCB
AACCBCCB
AACCBACCB
CCBACCB
CCBAACCB
CCBCAACCB
CCBCCAACCB
CCBCCBAACCB
CCBCCBCCB
ACCBCCBCCB
ACCBCCBB
ACCBCCBBC
ACCBBCCBBC
AACCBBCCBBC
AA
-
A
AA
-
C
CA
CAA
C
CA
CCA
A
AC
BAC
BCAC
BCAAC
BCAACB
BCAACAB
BCBAACAB
BCBAABCAB
BCBBCAB
BCCAB
BBCCAB
BBAB
BBACB
BABACB
BABBACB
BAABBACB
BABABBACB
BABABBACBB
BAABABBACBB
BAABAACBB
BAABAACBAB
BAABCAACBAB
CBAABCAACBAB
CBAABCAACCBAB
CBAABCAACCBABA
CABAABCAACCBABA
CABAABCAABABA
CABCAABCAABABA
CABCAABCAABACBA
CABCAABCBACBA
CABCAABBCBACBA
CCABCAABBCBACBA
CCABCAABBCBACBAA
ACCABCAABBCBACBAA
ACCABCAABBCABACBAA
ACCABCAABCBCABACBAA
AABCAABCBCABACBAA
AABCAABCBBCABACBAA
AABCAABCBBCABACB
BCAABCBBCABACB
BCAABCCBBCABACB
BCAABCCBBCABACCB
ABCAABCCBBCABACCB
ABCCAABCCBBCABACCB
ABCCAABCCBBCABBACCB
ABCCAABCCBBCABBACACB
ABCCAABABBACACB
ACBCCAABABBACACB
ACBCCAABABABACACB
ACBCCAABACBABACACB
CACBCCAABACBABACACB
CACBCCAABACBABACABCB
CACBCCAABACBABACABBCB
CACBCCAABACBABACABBCCB
CACBCCAABAACBABACABBCCB
CACBCCAABAACBBABACABBCCB
CACBCCAABAACBCBABACABBCCB
CACBCCAABAACBCBACBACABBCCB
CACBCCBAACBCBACBACABBCCB
CACBCCBAACBCBACBACABCBCCB
CACBBCCBAACBCBACBACABCBCCB
CACABBCCBAACBCBACBACABCBCCB
CACABBCCBCBCBACBACABCBCCB
CACABBCCBCBCBACBACABCBCCBA
CACABABCCBCBCBACBACABCBCCBA
CACABCABCCBCBCBACBACABCBCCBA
CACABCABCCBCCBCBACBACABCBCCBA
CACABCABBCCBCCBCBACBACABCBCCBA
CAACABCABBCCBCCBCBACBACABCBCCBA
CAACACBCABBCCBCCBCBACBACABCBCCBA
CAACACBCABBCCBCCBCBACBACAABCBCCBA
CAACACBCCABBCCBCCBCBACBACAABCBCCBA
CAACCACBCCABBCCBCCBCBACBACAABCBCCBA
CCBCCABBCCBCCBCBACBACAABCBCCBA
CCBCCABBCCBCCBCBBACBACAABCBCCBA
CCBCCABBCCBCCBCBBAACBACAABCBCCBA
CCBCCABBCCBCCBCBBAACBAACAABCBCCBA
CCBCCACCBCBBAACBAACAABCBCCBA
CCBCCACCBCBCBAACBAACAABCBCCBA
CCBCCACBCBCBCBAACBAACAABCBCCBA
CCBCCACBCBCBCBCBAACAABCBCCBA
CCBACBCBCBCBCBAACAABCBCCBA
CCBACBCBCBCBCBAACAABCBBA
CCBACBCBCBCBCBAACBAABCBBA
CCBACBCBCBCBCBAACBAABCBBAC
CCBACBCBCBCBCBAACBAABBCBBAC
CCBACBCBCBCBCBCBAABBCBBAC
CCBACBCBCCBCBCBCBAABBCBBAC
BACBCBCCBCBCBCBAABBCBBAC
BACBCBCCBCBCBCBAABBCBBACA
BBACBCBCCBCBCBCBAABBCBBACA
BBACBCBACCBCBCBCBAABBCBBACA
CBBACBCBACCBCBCBCBAABBCBBACA
CBBACBCCBACCBCBCBCBAABBCBBACA
CBBACBCCBACCBCBCBCBAABBCBBACBA
CBABACBCCBACCBCBCBCBAABBCBBACBA
CBABACBCCBACCBBCBCBCBAABBCBBACBA
CBABACBCCBACCBBCBCBCBAABBCBBACBBA
CBABACBCCBACCBBCBCBCBAABBCACBBA
CBBABACBCCBACCBBCBCBCBAABBCACBBA
CBBABACBCCBACCABBCBCBCBAABBCACBBA
CBBABACBCCBAACCABBCBCBCBAABBCACBBA
CBBABACBCCBAACCACBCBCBAABBCACBBA
CBBABACBCCBAACCABCBCBCBAABBCACBBA
CBBABACBBAACCABCBCBCBAABBCACBBA
CBBABACBBAACCABCBCBCBAABBCACABBA
CBBABACAACCABCBCBCBAABBCACABBA
CBBABACAACCABCBCBCBAACACABBA
BCBBABACAACCABCBCBCBAACACABBA
BCBBABACAACCABCBCBCBAACACBABBA
BCBBCABACAACCABCBCBCBAACACBABBA
BCBBCABACAACCABCBCBCBAACACBAABBA
BCBBCABACAACACABCBCBCBAACACBAABBA
BCBBCACBACAACACABCBCBCBAACACBAABBA
BBCBBCACBACAACACABCBCBCBAACACBAABBA
BBCBBCACCBACAACACABCBCBCBAACACBAABBA
BBCBBCACCBACAACACABCBCBCBAACACBBAABBA
BBCBBCACCBACAACACCABCBCBCBAACACBBAABBA
BBCBBCACCBACAACACCABCBCBCBAACACBBACABBA
BBCBBCACCBACAACACCABCBCBCBAACACBBACCABBA
BBCBBCAACCBACAACACCABCBCBCBAACACBBACCABBA
BBCCBBCAACCBACAACACCABCBCBCBAACACBBACCABBA
BBCCBBCAACCBACAACBACCABCBCBCBAACACBBACCABBA
BBCCBBCAACCBACAACBACCABCBCBCBAACACBBACCABBAA
BBCCBBCAACCBACAACBACCABCCBCBCBAACACBBACCABBAA
BBCCBBCAACCBACAACBACBCABCCBCBCBAACACBBACCABBAA
BBCCBBCAACCBACBAACBACBCABCCBCBCBAACACBBACCABBAA
BBCCBCBCAACCBACBAACBACBCABCCBCBCBAACACBBACCABBAA
CCBCBCAACCBACBAACBACBCABCCBCBCBAACACBBACCABBAA
CCBCBCAACCBACBAACBACBCABCCBCBCBCAACACBBACCABBAA
CCBCBCAACCBACBAACBACBCABCCBCBCBACAACACBBACCABBAA
CCBCBCAACCBACBAACBBACBCABCCBCBCBACAACACBBACCABBAA
CCBCBCAACCBACBACACBBACBCABCCBCBCBACAACACBBACCABBAA
CCBCBCAACCBACCBACACBBACBCABCCBCBCBACAACACBBACCABBAA
CCBCBCAACCBACCBACACBBACBCABCCBCBCBACAACACBBACCABABAA
CCBCBCAACCBACCBACACBBACBCABCCBBCBCBACAACACBBACCABABAA
CCBCBCAACCBACCBACACBBACBCABCCBBCABCBACAACACBBACCABABAA
CCBCBCAACCBACCBACACBBACBCABCCBBCABCBACAACCACBBACCABABAA
CCBCBCAACACBACCBACACBBACBCABCCBBCABCBACAACCACBBACCABABAA
CCBCCBCAACACBACCBACACBBACBCABCCBBCABCBACAACCACBBACCABABAA
CCBCCBCCAACACBACCBACACBBACBCABCCBBCABCBACAACCACBBACCABABAA
CCBCCBCCAACACBACCBACACCBBACBCABCCBBCABCBACAACCACBBACCABABAA
CCBCCBCCAACACBACCBACACCBBACBCABCCBBCABCBACAACCACBBACCABAB
CCBCCBCCAABCACBACCBACACCBBACBCABCCBBCABCBACAACCACBBACCABAB
CCBCCBCCAABCACBACCBACACCBBACBCABCCBBCABBCBACAACCACBBACCABAB
CCBCCBAABCACBACCBACACCBBACBCABCCBBCABBCBACAACCACBBACCABAB
CCBCCBAABACACBACCBACACCBBACBCABCCBBCABBCBACAACCACBBACCABAB
CCBCCBAABACACBACCBACACCBBACBCABCCBBCABBCBBACAACCACBBACCABAB
CCBCCBAABACACBACCBACACCBBACBCABCCBBCABBCBBACAACCACACCABAB
CCBCCBAABACACBACCBACACCBBACBCABCCBBCABBCBBACAACCACCACCABAB
CCBCCBAABACACBACCBACACCBBACBCABCCBBCABBCBBACAACCACCACCABABC
CCBCCBAABACACBACCBACACCBBACBCABCCBBCABBCBBACAACCACCACCABABAC
CCBCCBAABACACBACCBACACCBBACBCABCCBBCABBCBBACAACCAACCABABAC
CCBCCBABABACACBACCBACACCBBACBCABCCBBCABBCBBACAACCAACCABABAC
CCBCCBABABACACBACCBACCACCBBACBCABCCBBCABBCBBACAACCAACCABABAC
CCBCCBABABACACBACCBACCACCBBACBCAABCCBBCABBCBBACAACCAACCABABAC
CCBCCBABABACACBACCBACCACCBBACBCAACABBCBBACAACCAACCABABAC
CCBCCBABABACBACBACCBACCACCBBACBCAACABBCBBACAACCAACCABABAC
CCBCCBABABACBACBACCBACCACCBBACBCAACABBCBBABCAACCAACCABABAC
CCBCCBABABACBACBACCBACCACCBBACBCAACABBCBBABCBAACCAACCABABAC
CCBCCBABABACBACBACCBACCACCBBACBBCAACABBCBBABCBAACCAACCABABAC
CCBCCBABABACBACBACCBACCACCBBACBBCAACABBCABCBAACCAACCABABAC
CCBCCBAABABACBACBACCBACCACCBBACBBCAACABBCABCBAACCAACCABABAC
CCBCCBAABABACBACBACCBACCACCBBACCAACABBCABCBAACCAACCABABAC
CCBCCBAABABACBACBACCABACCACCBBACCAACABBCABCBAACCAACCABABAC
CCBCCBAABABACBACBACCABACCACCBBACCAACABBCABCBBAACCAACCABABAC
CCBCCBAABABACBACBACCABACCACCBBACCAACABBCABCBBAACCAACCABACBAC
CCBCCBAABABACBACBACCABCACCACCBBACCAACABBCABCBBAACCAACCABACBAC
CCBCCBAABABACBACBCACCABCACCACCBBACCAACABBCABCBBAACCAACCABACBAC
CCBCCBAABABACBACBCACCABCACCACCBBACCAACABBCABCBBAACCAACCACBACBAC
CCBCCBAABABACBACBCACCABCACCACCBBACCAACABBCABCCBBAACCAACCACBACBAC
CCBCCBAABABACBACBCACCABCACCACCBBACCAACABBCACBCCBBAACCAACCACBACBAC
CCBCCBAABABACBABCBCACCABCACCACCBBACCAACABBCACBCCBBAACCAACCACBACBAC
CCBCCBAABABACBABCBCACCABCACCACCBBAACCAACABBCACBCCBBAACCAACCACBACBAC
CCBCCBAABABACBABCBCACCABCACCACCBBAACCAACABBCACBCCAACCAACCACBACBAC
BCCBAABABACBABCBCACCABCACCACCBBAACCAACABBCACBCCAACCAACCACBACBAC
BCCBAABABACBABCBCACCABCACCACCBBAACCAACABBCACBACBACBAC
BCCBAABABACBABCBCACCABCACCACCBBAACCAACCABBCACBACBACBAC
BCCBAABABACBABCBCACCABCAACCACCBBAACCAACCABBCACBACBACBAC
BCCBAABABACBABCBCACCABCAACCAACCBBAACCAACCABBCACBACBACBAC
BCCBAABABACBABCBCACCABAACCBBAACCAACCABBCACBACBACBAC
BCCBAABABBACBABCBCACCABAACCBBAACCAACCABBCACBACBACBAC
BCCBAABBABBACBABCBCACCABAACCBBAACCAACCABBCACBACBACBAC
BCCBAABBABBACBABCBCACCABAACCBBAACCAACCAABBCACBACBACBAC
BCCBAABBABBACBABCBCACCABAACCBBAACCAACCAABBCACBCACBACBAC
BCCBAABBABBACBABCBCACCABAACCBBAACCAACCAABBCACBCACBCACBAC
BCCBAABBABBACBABCBCACCABAACCBBAACCAACCAABBCACBCBACBCACBAC
BBAABBABBACBABCBCACCABAACCBBAACCAACCAABBCACBCBACBCACBAC
BBAABBABBACBABCBCACCABAACCBBAACCAACCAABBCACBCBACBCAACBAC
BABAABBABBACBABCBCACCABAACCBBAACCAACCAABBCACBCBACBCAACBAC
BABAABBABBACBABCBCACCABAACCAACCAACCAABBCACBCBACBCAACBAC
BABAABBABBACBABCBCACCACBAACCAACCAACCAABBCACBCBACBCAACBAC
BAABAABBABBACBABCBCACCACBAACCAACCAACCAABBCACBCBACBCAACBAC
BAABAABBABBACBABCBCACCACBAACCBBCACBCBACBCAACBAC
BAABAABBABBACBABCBCACCACBAACCBBCACBCBAACBCAACBAC
BAABAABBABBACBABCBCACCACBAACCBBCACCBCBAACBCAACBAC
BAABAABBABBACBABCBCACCACBAACCBBCABCBAACBCAACBAC
BAABAABBABBAACBABCBCACCACBAACCBBCABCBAACBCAACBAC
BAABAABBABBAACBABCBCACCACBAACCBBCABCBCBCAACBAC
BAABAABBABBAACBABCBCACCACBBAACCBBCABCBCBCAACBAC
BAABAABBABBAACBABCBCAACBBAACCBBCABCBCBCAACBAC
BAABAABBABBAACBABCBCAACBBAACACBBCABCBCBCAACBAC
BAABAABBABBAACBABCBCAACCBBAACACBBCABCBCBCAACBAC
BAACBAABBABBAACBABCBCAACCBBAACACBBCABCBCBCAACBAC
BAACBAABBABBAACBABCCBCAACCBBAACACBBCABCBCBCAACBAC
BAACBAABBABBAACBABCCBCAACCBBAACACBBCABCBCBCCAACBAC
BCBAABBABBAACBABCCBCAACCBBAACACBBCABCBCBCCAACBAC
BCBAABBABBAACBABCCBCAACCAACACBBCABCBCBCCAACBAC
BCBAABBABBABACBABCCBCAACCAACACBBCABCBCBCCAACBAC
BCBAABBABBABACBABCCBCAACACAACACBBCABCBCBCCAACBAC
BCABACBABCCBCAACACAACACBBCABCBCBCCAACBAC
BCABACBABBCAACACAACACBBCABCBCBCCAACBAC
BCABABCBABBCAACACAACACBBCABCBCBCCAACBAC
BCABABCBACAACACAACACBBCABCBCBCCAACBAC
BCABABCBACAACACAACACBBCABCABCBCCAACBAC
BCABABCBACAACACBAACACBBCABCABCBCCAACBAC
BBCABABCBACAACACBAACACBBCABCABCBCCAACBAC
CABABCBACAACACBAACACBBCABCABCBCCAACBAC
CABABCBACAACACBAACACBBCABCABCBCCABACBAC
CABABCBBACAACACBAACACBBCABCABCBCCABACBAC
CABABCBBACAACBACBAACACBBCABCABCBCCABACBAC
CABABCBBACAACBACBAACACBBCABCABACBCCABACBAC
CABABCBBACAACBACBAACACBBCAABCABACBCCABACBAC
CABABCBBACAACBACBAACACBBCAABCABACBCCACBACBAC
CABABCBBACAACBACBAACACBBCAABCABCACBCCACBACBAC
CABABCBBACAACBACBACACACBBCAABCABCACBCCACBACBAC
CABABCBBAACAACBACBACACACBBCAABCABCACBCCACBACBAC
CABABCBBAACAACBACBACACACBBCAABACABCACBCCACBACBAC
CABABCBBAACCAACBACBACACACBBCAABACABCACBCCACBACBAC
CABABCBBAACCAACBACBACACACBBCAABACABCACBCCACBAACBAC
CABABCBBAACCAACBACBACAACACBBCAABACABCACBCCACBAACBAC
CABABCBBAACCAACBACBACAACACBBCAABACABCACBACBAACBAC
CABABCBBAACCAACBACBACAACACCAABACABCACBACBAACBAC
CABAABCBBAACCAACBACBACAACACCAABACABCACBACBAACBAC
CABAABCBBAACCAACBACBACAACACCAABACABCACBACBAACBAAC
