1.170151
0.000000
0.000000
0.000000
0.000000
0.000000
0.000000
0.000000
3.876386
0.000000
0.000000
0.000000
0.000000
3.639057
0.000000
0.000000
0.000000
1.250295
0.000000
3.238047
0.000000
0.000000
4.238678
1.258574
0.000000
1.485508
0.000000
1.218482
1.324661
1.150282
3.816264
0.000000
0.000000
0.000000
2.722767
0.000000
0.000000
0.000000
1.154151
1.047253
0.000000
0.000000
0.000000
0.000000
0.000000
0.000000
3.708050
2.239691
1.370374
2.969441
2.001449
1.405465
0.000000
1.119801
0.000000
3.533697
0.000000
1.061088
1.872488
6.003946
0.000000
2.121085
0.000000
