2.059997
1.117783
1.990982
3.639057
0.000000
0.000000
0.000000
0.000000
0.000000
0.000000
1.644695
3.197225
0.000000
3.372789
0.000000
1.223144
0.000000
0.000000
2.283640
1.024693
0.000000
0.000000
2.263162
2.386294
1.438255
0.000000
0.000000
0.000000
0.000000
1.013423
3.181224
0.000000
0.000000
1.445311
0.000000
1.396881
0.000000
0.000000
2.011601
3.493205
2.484734
0.000000
1.280902
1.664574
0.000000
1.287682
0.000000
0.000000
0.000000
0.000000
2.026292
1.362905
0.000000
0.000000
2.466337
0.000000
2.459626
