1.162056
0.000000
0.000000
1.777705
2.609438
3.449567
0.000000
0.000000
1.484055
1.957840
0.000000
0.000000
0.000000
0.000000
1.223144
2.571698
0.000000
0.000000
0.000000
0.000000
0.000000
0.000000
1.320472
0.000000
1.744440
0.000000
0.000000
1.780159
0.000000
0.000000
1.755279
3.650892
0.000000
1.041847
1.270290
0.000000
0.000000
0.000000
2.067841
0.000000
0.000000
0.000000
2.088141
1.237473
0.000000
0.000000
1.458109
1.287682
0.000000
3.931194
1.702197
1.040822
0.000000
0.000000
0.000000
0.000000
0.000000
3.159484
0.000000
1.510826
0.000000
0.000000
0.000000
0.000000
2.412270
0.000000
1.042925
0.000000
0.000000
1.115832
3.813411
0.000000
2.044124
1.508119
2.921813
1.245958
1.306374
1.552069
1.430245
0.000000
2.907070
0.000000
1.158605
2.218157
0.000000
1.582396
0.000000
1.160773
0.000000
0.000000
0.000000
2.258040
2.773067
0.000000
2.175999
5.212128
0.000000
0.000000
0.000000
3.446292
