659289
659164
658754
659296
659239
659097
659087
658486
659189
659306
659191
659286
659277
659302
659201
659303
659239
659226
658674
659201
659165
659283
659244
659283
659244
659172
658982
659296
659168
658627
659171
659142
659309
659142
658627
658674
659164
659226
659032
659032
658964
659072
659209
658627
658894
658900
659155
659189
659097
658811
659303
659244
659296
659209
659276
659206
659216
659286
659302
658794
658955
659280
658985
659226
659001
658811
659286
659164
659280
659072
659272
659104
658875
659283
659097
659306
659216
659239
658981
659074
659296
658486
659097
659172
659097
659201
658486
659249
659306
659155
658955
659162
659299
659164
659164
658894
658894
659001
659155
659286
659154
659163
658705
658941
659102
658627
658962
659191
659164
659280
659303
659249
659171
659142
659209
659309
658438
659296
659054
659191
659161
658674
658501
658780
658944
658501
658870
658900
659245
659080
659191
659245
658741
659302
659072
658777
659306
658695
659162
659298
659032
659280
659289
658777
658780
659114
659201
659168
659236
658794
659164
659032
659191
659164
658993
659296
659154
659210
659216
659164
658777
659163
659296
658777
659072
658875
659087
659236
659189
659280
658765
658981
658875
658754
659042
659277
659298
659104
659276
659221
659276
659171
658982
658944
659191
658695
659001
659110
659164
658812
659277
659249
659209
659239
659306
659280
659286
659298
659171
658981
659042
659189
658955
658982
658695
659164
659280
658870
659309
659117
658705
659296
659155
659110
658674
658944
659245
658964
659191
658870
659289
659249
658875
659296
659226
659209
659303
658941
658754
658875
659276
659296
659298
659226
659236
659299
659296
659210
658964
659087
659102
659042
659161
659102
659172
659276
659276
659114
659162
659161
659001
659289
659097
659104
658741
658811
659161
659117
658501
659114
659102
659221
659253
658955
658794
659181
659216
659302
659283
658674
658985
658900
659032
659163
658955
659226
659072
659244
658827
659245
658894
659249
659283
659286
659272
658894
659296
659114
658627
659189
659210
658695
659001
659280
659164
659001
658627
658955
659303
659283
659221
658962
659032
659277
659306
659283
659309
659280
658486
658964
659181
659181
659164
659245
658925
659201
658941
659181
658985
659111
658894
659210
659054
659221
659164
659272
659286
659172
658765
658501
659239
659155
659097
658486
658900
659165
658941
659289
659155
659136
658811
659298
659097
659298
659201
658955
659163
659142
659164
659276
659087
659299
659191
659249
658741
659239
658894
659168
658695
659298
659249
659102
659276
659291
659168
658944
658955
659111
658900
658993
659253
659291
659226
659054
659296
658705
659072
659289
659110
658982
659298
658870
659162
659277
658777
658674
659164
658981
658944
659171
658985
659172
659171
659168
659097
659289
659168
659072
658486
659210
659296
659172
659296
658741
659299
658982
658695
659142
659210
658894
659210
659221
659286
659309
659161
659111
658811
658674
659171
659189
658993
659191
659210
659080
659164
659210
659074
659171
658981
658962
659161
659154
659209
659201
658944
659164
659289
659164
658501
659226
659276
659087
659189
658705
659299
658982
658674
658993
658982
659136
658794
658900
658438
659259
659272
659249
659032
659239
658981
659276
658486
658765
659191
659165
659114
658794
659087
659074
658695
659104
659306
659283
659165
659165
659283
658827
658754
659162
658695
659191
658765
659104
659155
659104
658695
659276
659210
659291
658962
659163
659164
658870
659155
659226
659054
659221
659259
659249
659291
659206
659206
659162
659309
659181
659221
659245
659276
659189
659201
658501
658486
658627
658941
658811
658870
659289
658955
658812
659309
659054
659245
659286
658741
659171
659277
658438
658941
659296
659074
658985
659226
659249
658827
659072
658981
658765
658627
659155
659136
658741
659171
659117
658777
659172
659272
659042
658741
659291
659206
658981
659221
658777
659299
658705
659232
658941
658955
659111
659191
659210
659280
659155
658794
659181
658780
659249
658780
659087
659080
659165
659221
659114
659272
658741
659032
659253
659191
659097
659042
659155
658894
659280
658777
659168
658811
658981
659117
659245
659117
659161
659296
658985
659276
659280
659210
659104
659280
659210
659087
659097
658875
659306
658695
659244
659155
659168
659163
659114
659296
659221
659226
659239
659136
659272
659171
659172
659181
659172
658705
658486
659181
659245
658695
658812
659114
659302
659306
659172
659277
659172
659226
658695
658875
659289
659259
659162
658674
658941
658962
658941
658925
659249
659283
658627
659303
659114
659191
658993
659110
659102
659286
659164
658944
659110
658964
659306
658674
659165
659239
659210
659276
658695
658827
658486
658993
659276
659299
658438
658962
658944
659168
659303
659259
658741
659054
659259
659283
659171
659171
658993
659074
659171
658941
659111
658812
658438
658695
658993
658695
659291
658894
659097
658993
659303
659104
659171
659042
659154
658944
659306
658438
658925
659239
659102
658811
659162
659309
659303
659286
659087
659309
659155
658794
659289
659210
659289
659226
659072
659097
659277
658765
659110
658741
658870
659221
658827
659299
658794
658777
658754
659209
659201
658993
659042
659104
659216
659171
659054
659249
659216
658955
659226
659111
659249
659249
659253
659286
659111
659201
658501
659272
659163
658765
659154
659296
659102
659097
659154
659259
659259
658812
658627
659216
659087
659236
659283
658982
658780
659309
659298
659236
659289
658870
659289
658674
658985
659172
659102
659164
659296
659239
659087
659286
659239
659114
658777
658811
659296
659162
658964
658794
659164
658486
659097
659303
659303
659221
659296
659001
659154
659154
658875
659291
658695
659162
658501
659226
659172
659226
659074
658438
659296
659236
659001
659171
659111
658741
659283
658754
658875
659087
659080
658741
659164
659097
659216
658765
659001
659171
659303
659087
659097
659164
659249
659298
658794
658964
658985
659162
659244
659239
659245
658981
658741
659168
659276
659201
659206
658705
658944
659302
658964
659280
658765
658765
659136
659097
659221
658955
659087
658777
659136
659191
658827
659302
659171
659232
659172
658777
659111
659087
658941
659296
659245
658925
659289
658941
659042
659209
659302
659289
658695
658780
659102
659114
659210
659164
658944
659299
659309
658955
659226
659080
658993
659136
658812
659299
658811
658501
658780
659110
659191
658705
659054
659245
659191
658754
659232
659272
659216
658985
658777
658486
658941
659286
659097
659097
659191
658780
658674
659032
659191
659306
658812
658777
659171
659114
658705
659074
658982
659154
658962
658486
659253
658780
659283
659249
658501
659111
658705
659072
659249
658944
659072
659114
659163
659303
659191
659289
658794
659289
659154
659298
658875
659206
658627
658993
659171
659286
659110
659168
659201
658501
659276
659216
659165
659209
658941
659164
658811
659164
659155
658627
659097
659210
659277
659232
659181
659191
658981
659209
658754
659189
659191
659142
659221
658875
659164
659111
659114
659226
658741
659306
659104
658438
658627
659165
658705
658705
659074
658741
659154
659239
659206
659032
659162
658438
658705
659249
658900
659232
659189
658964
658486
659289
659303
659102
659032
659245
659259
658894
658812
658962
659171
658955
659080
658765
659245
659117
659154
659142
659032
659165
658993
658812
659296
659309
659117
658486
658812
659210
659114
659244
659191
658941
659181
659080
658754
659283
659155
658894
659216
658925
659191
658780
658964
658964
659164
659168
658705
658705
658705
659191
659286
659042
658870
658875
659280
658944
659239
659114
659136
658964
659245
659111
659206
659209
658627
658794
659171
659111
659171
659164
659054
658754
659306
659074
659104
658985
659080
659042
659289
659117
659249
659072
658944
659171
658827
658765
658894
659087
659245
659097
658900
659154
658955
659298
659168
659054
659111
658894
658780
659221
658941
659104
658627
659162
659104
658894
659042
659163
659249
659302
659249
658993
659072
658981
658993
658900
659171
659302
659102
659161
658900
659209
659042
659191
659283
658705
659239
659296
659168
659232
658894
659276
659165
658962
659168
658870
658962
658993
659239
658900
659162
658754
659232
659171
659102
658964
659303
659032
659162
659309
659249
659162
659042
658501
658982
659306
659303
659209
658944
659253
658964
659054
658741
658486
659221
658705
658955
659221
658982
658827
658627
658780
659253
658925
659032
659161
659276
659189
659296
658705
659142
659210
659283
659189
659259
659221
659087
658780
659249
658501
659232
658674
658765
659232
659253
659171
658982
659164
659210
658674
659249
659191
659054
658794
658754
659245
658765
659206
659097
659236
658993
659054
658941
658982
659259
658486
658674
659172
659286
659277
659154
659221
659259
659171
659164
659299
659001
659172
658985
659161
658894
658944
659042
659162
658486
659189
658754
659168
658486
659142
659296
659111
659042
658964
658900
659277
659189
658438
659272
659104
658695
659162
659303
659221
659201
659102
658486
659191
659191
659259
659286
659164
659259
659080
659165
659074
659259
659191
659054
659136
659074
659276
659072
658900
659181
658438
658964
658993
659253
659302
659191
659249
658894
659272
658982
659289
659072
659201
659291
659209
659306
659191
659280
659155
658674
659155
659191
659181
658780
659291
659289
659191
659191
659249
658741
658486
659191
659117
658993
658962
658780
659191
659302
659303
659299
659206
658894
658827
659164
659161
659162
659259
659210
658627
659272
659276
659309
659181
658894
659155
659102
659001
659104
659171
659309
658955
659249
659259
659142
659245
659239
658501
659302
659072
