930632
725844
633500
905494
-1
570003
501721
188322
492998
535981
963886
149180
510011
883317
329240
816893
965691
370531
225590
784577
71240
388887
931200
877091
91746
827371
283383
670474
221809
165128
627940
78051
572464
951948
405617
628170
271095
358718
916539
340724
913849
297219
584567
679176
37638
132761
287472
939446
579236
594
460353
55947
980084
734871
32663
359237
112990
895152
51209
615995
440240
53751
639614
815686
835510
98238
252167
981744
439162
805285
816859
494810
992014
760294
909904
495777
816653
950251
387980
382349
600061
382310
284489
280881
212457
682748
901338
468534
427923
113204
855275
224889
522673
904333
153559
919647
191582
857433
452502
128950
578003
651611
341167
114518
684142
310069
635922
133441
340225
245021
191939
-1
349494
380486
914201
88385
760303
315443
844355
239538
442042
569706
957355
642562
417597
660088
429783
27334
459856
133933
353070
515542
637520
355767
355932
611754
454885
835944
-1
381795
368753
413493
756223
130362
399837
390703
369638
744385
525313
42725
639987
171053
840868
955005
838516
399101
889039
201953
484160
47350
286640
238757
487707
327230
729303
828026
869610
698965
535746
988410
163672
540296
505965
919557
188170
733052
733642
347585
671162
898547
674824
664143
593688
770918
398134
-1
275252
564013
512832
191748
255595
91830
150108
663016
523370
904150
720061
628755
164697
261695
114606
178685
158860
420140
977308
877028
832945
965298
838861
364303
676403
67877
544937
530371
512102
720677
815776
489603
393875
333894
743229
256352
338372
186382
873119
78051
283040
934758
28543
930279
860422
518362
467033
225064
680134
794926
853719
335388
793687
244733
808472
703561
338483
115467
702924
673364
312794
550370
492368
81966
675169
608804
138064
159778
827312
563681
75960
336351
688203
140467
307188
429281
593707
571254
830820
157024
32598
400653
954970
220143
965058
971271
113372
807062
899927
806424
402990
320779
477014
899235
789133
549466
567699
508563
779451
21019
671657
174490
757100
760880
916019
939467
23730
240542
981091
594697
784016
765336
99220
808012
333488
684132
801964
101200
505206
232178
118246
413240
645590
510825
340477
287650
572506
160909
647930
699101
109427
59974
286701
466480
293883
757489
110502
653235
390341
388624
429554
938797
996627
829581
825722
484824
435435
271427
970324
409595
888769
622134
525686
270966
441662
895719
156200
893037
861450
431006
586320
807219
127129
370837
169239
412858
504163
268198
577495
855240
309703
59242
396310
834434
354518
243143
158504
217033
198800
528853
764084
585400
674705
702205
876151
127565
386800
583528
65528
451876
956361
441226
506745
388748
257075
-1
505255
903772
940487
94116
-1
566939
784158
185996
832712
814174
829397
598203
912390
721040
600628
587315
360934
523886
459690
830381
248131
984406
793139
395811
543301
583716
728038
709172
174679
449974
191094
616158
79199
900677
661278
987515
184443
510637
210034
283302
449480
66738
998997
631147
321232
448901
722243
128201
312006
354975
313297
124299
524056
934622
370424
510642
825983
754843
201000
34217
292157
472008
463783
881457
173164
58541
363495
658520
672043
212794
380344
579867
231718
80736
237389
554097
715627
430342
133666
127069
114833
92266
459189
174749
972513
937165
798724
851970
484160
541925
971351
520787
881219
320112
617392
565422
118702
137692
21177
414864
510347
678203
352005
339846
532539
875265
586973
238856
358220
850225
866997
851974
349236
694661
433554
73126
87195
203290
641011
506961
720117
308344
172981
779061
189955
112572
-1
518010
387393
682504
990014
585541
224409
940135
509770
56387
851153
670914
564714
774183
673729
210394
765975
897602
451178
456188
183099
737530
490840
713837
850023
921989
681949
230544
254537
115963
495568
929734
326913
561722
470126
895461
162484
195780
599249
410284
475849
385671
537828
379419
938797
362315
183282
687383
938929
634780
381376
487081
96031
42432
641438
316993
613422
384659
118715
371693
106824
726718
367855
589507
35896
649900
162246
376463
618584
802879
58538
370421
971325
406990
637503
501252
109778
159349
856114
449036
340149
567901
348151
-1
196784
168383
449724
112444
29616
927266
757735
253897
643836
148104
404592
387667
256052
447583
594007
92404
102597
310837
416010
30760
726618
364003
855994
196042
922795
343299
758435
499877
867918
396192
54851
498974
762777
350399
178870
162825
427953
100212
120036
91088
900840
35358
979165
197241
113975
528135
495295
568098
418091
670848
290643
79933
28533
535718
524874
148121
635026
76519
990715
192635
135939
693680
124614
403084
895709
614073
93006
364386
695441
427709
963128
427588
642783
642061
236837
721727
195066
466981
995058
243479
486654
113613
395441
783930
651493
687416
572271
604062
167893
154951
840366
747416
701262
779058
259136
840552
947486
231235
451721
156364
789192
562614
578673
467206
822371
304543
773194
792614
318363
649131
885574
473850
929145
17459
218381
755613
349040
750582
717267
915561
630780
617622
953123
571664
62738
394903
983510
782855
586727
494928
66891
6213
189622
485527
337564
971224
27279
928121
636436
976178
178789
494180
874651
139357
716734
167503
243408
734583
137595
591541
918249
769821
734883
138708
713061
809411
951944
703146
287904
601373
275799
262250
518551
891932
319859
599261
76601
389196
479582
791611
161355
801031
545389
72529
428465
196290
354589
269422
23590
614960
38640
20662
923285
90424
248818
118499
730516
116779
785264
259937
145519
33754
82598
88892
905153
174731
385585
276338
422068
698746
942944
612262
684350
727543
63246
873209
899595
420655
954584
18010
71861
643875
117436
974599
203946
972760
219787
816859
194370
853660
535193
103665
190770
600356
903892
484491
614039
562869
726530
184156
500526
339846
654666
481120
118818
80730
94538
970727
365192
308596
491154
255034
969395
929163
54896
847517
572506
911655
139557
27539
100655
957240
470483
408409
653194
286773
499058
365310
706322
439380
883675
280900
774543
280566
264237
25452
56711
567765
493055
121320
335487
654525
218092
745336
360372
351492
575076
262222
853927
153136
747853
80747
409842
518792
513487
382586
229747
701915
424277
601486
504964
245700
921999
692875
690745
175994
924491
663067
24033
248032
87383
985323
983182
816104
767842
691437
305389
883056
761139
974391
339748
955765
971648
356508
566780
915995
398432
429285
953283
981325
388776
729760
328081
805761
816178
931553
935587
48455
202879
932898
125536
235726
873774
839886
688860
869822
860853
444485
219735
359795
961478
868938
436217
847851
658460
62232
208635
263277
383848
667253
293714
208959
350670
722245
202458
874411
514969
227314
243379
995345
428383
613696
625919
612045
791138
480714
782571
774813
498088
567681
36152
970713
49955
127714
754642
237290
169270
262410
520507
863171
637880
183983
604646
24240
127993
249419
92871
973827
491861
775851
977896
929848
18488
505666
17994
354390
367796
837832
513873
662043
350069
63950
939452
767383
710817
287828
698682
932459
335160
718737
877206
369029
626262
651218
94525
727371
177113
323341
506108
301878
323472
519304
547674
846491
351323
73323
337255
404063
909643
325247
599937
481210
819079
407208
569842
219649
476929
793544
426198
557890
851700
339596
625693
847157
210123
293481
537029
465122
492923
781528
502260
110642
334397
856152
571355
32661
439088
510193
556277
438028
636958
167466
963957
902180
299484
54964
564273
367831
47645
350075
660619
427815
