292030
574152
497713
230084
66768
666845
559256
281811
482018
830599
61352
811092
632529
317729
682093
159519
531461
110286
152917
245797
940029
682785
894697
571982
528029
484142
499082
633552
319750
951171
210948
990500
176184
-1
103407
100432
881283
929179
46127
390152
355932
838946
37488
38723
757834
349892
192418
757097
441939
201520
72701
627742
264682
650963
122471
626501
921051
314687
562668
130911
851846
663702
433169
355891
989125
194636
132536
728817
154733
677240
759412
367198
647990
651939
903287
744458
547441
984625
370221
572602
583220
991876
177323
51372
839152
361566
717097
672199
738146
269568
750128
802555
394786
606483
607897
186956
407995
568225
265773
124236
14622
490409
31444
808347
676830
560176
712168
127297
312276
452953
35047
491209
957165
556056
738564
814459
578839
834354
159024
409327
929854
313821
626324
184756
414844
464605
297757
69543
342524
726049
77486
198218
844539
989762
163294
484992
546572
41607
475829
899412
258615
735235
849318
606394
157737
896672
212410
474003
10074
739805
443761
67647
560637
629010
837569
427610
376438
480371
455910
345840
136804
939077
675559
797826
793602
90116
589804
312131
598388
787035
316396
97940
717728
561001
25921
768721
984961
813490
488441
842383
69643
208611
54595
20045
152239
31203
116809
805950
735979
63948
41025
955395
980323
311004
380017
604978
557903
201027
522351
607430
151092
642824
896502
788391
725225
536820
747660
682673
88093
676536
768327
281231
723722
538550
222687
884153
142430
263998
890113
177609
558625
51449
332608
754227
690575
286900
917492
529292
180574
605987
207299
316605
246333
573660
926244
455395
990016
986231
654474
551399
740236
235428
177045
246621
966751
325048
726725
902990
626327
805996
251940
461194
196221
478276
166386
810715
965691
853706
327175
283486
506075
600240
442898
111033
966657
18494
362646
292958
826950
691030
97760
13960
449933
520016
211765
515032
754252
106827
416396
399390
290950
961800
861242
769691
671730
745819
667859
944857
868805
891569
694951
647186
828472
514921
158911
351421
52804
602235
150373
590141
742015
990014
139720
851301
836996
713090
873042
639910
229510
106503
979790
871855
605558
512210
234688
117546
35134
257777
580421
996423
507166
112139
998995
555830
46381
106730
224739
837333
868083
520455
348319
280069
845673
807940
622803
763409
366628
311620
503656
493213
564537
747037
13326
838222
538370
843326
232906
872653
525371
783513
327809
172525
191937
989695
559426
302200
636119
14459
123872
283805
627330
766775
840230
941462
763014
143492
36675
79453
616447
58355
948804
74508
990656
136322
857148
276695
97770
362225
89231
597198
925021
677307
979790
826164
860842
634841
748392
724693
421772
202651
376516
679401
200142
228436
661084
52324
175912
870575
679381
112060
624541
658424
460513
610030
444450
744609
50089
636119
434070
855084
862423
687816
753310
399252
677222
-1
750121
538174
181708
564416
128110
936033
892948
125954
15958
74128
379378
285591
472826
322971
949203
411435
858418
386830
696030
646371
48819
273440
519674
349177
288565
389233
371643
318774
490827
479607
787569
725968
494819
245077
73888
496861
699197
65073
747094
834450
95832
784753
-1
700496
228495
99251
55462
287678
87507
960599
302392
472625
439767
335936
808448
85884
607910
475103
908900
433707
680467
488008
101272
364951
838411
805568
436740
842830
235077
737542
178049
712861
440017
61450
70023
934114
112581
967536
949895
903391
546236
670065
39040
439598
569758
423087
494486
889100
58703
838243
429773
653992
535666
488106
23499
138064
922421
489742
619515
790844
379702
401801
135670
357268
125181
560258
404669
624301
206023
475760
460101
889844
58490
731295
395795
575053
774246
902753
98804
396539
803243
357958
230091
277435
522029
900254
254863
633471
738866
73271
411990
465713
771438
766690
220636
348074
494587
510382
102699
471503
134759
51606
932171
664714
458942
413812
526885
67556
705019
797918
169757
938173
787724
419520
109857
955544
359494
704874
852010
261695
95004
418936
332998
345271
787348
873550
68650
444097
614225
841647
149962
109864
-1
320176
779821
178904
144208
432266
217661
233881
719167
458171
70840
52788
198274
949247
792044
823455
312861
498733
4566
320695
489591
735994
50292
551045
346571
996410
541165
963473
690671
473755
521579
593731
329107
757095
452244
107414
163328
297818
242020
774589
234017
175816
103818
294700
98129
508500
437258
143913
251060
952806
903403
927459
559883
354553
376246
721717
232477
511796
409312
922219
424197
481640
531673
71950
465123
581350
723953
270534
613268
608881
68771
102042
272917
510511
409920
7131
953629
745092
612374
919043
234735
324285
457551
377131
437478
625592
888972
234619
806343
160428
154895
24915
785063
701171
967587
401585
242789
926623
437135
82476
889060
537133
26229
464741
243407
27279
359547
515476
917266
233672
581501
572381
382533
942806
700609
463158
460264
21436
20799
917750
747013
460703
392999
732747
463108
382529
570258
53935
262292
512719
178750
876769
171007
306277
976557
594616
739919
202613
231394
743078
23580
639660
980998
168973
872400
789654
546224
672142
588030
910423
902817
600678
307943
264452
708366
913137
644661
20544
293532
850950
247628
390279
668450
-1
169612
844334
801292
188579
62067
356217
821514
593731
286840
389080
275962
805871
652473
756464
229810
150753
892194
357006
845625
334902
866459
719876
367614
218956
-1
589967
850914
906701
596514
388063
853831
952190
54251
519460
950274
332425
569251
979040
187576
503583
666132
838806
399392
31566
374011
613829
700748
446980
288809
131222
114728
237858
924412
915007
316909
127099
442920
212487
106898
331754
988891
474052
782085
878987
491979
144168
311776
851016
324789
116236
261258
182625
134139
41844
659321
134201
459740
427558
299294
415277
31958
54557
639527
938304
656246
142202
342919
62070
197071
522024
168016
980199
263841
202051
569437
886399
160546
326397
823926
180269
580788
368062
751263
806481
995746
270568
156489
885331
841486
757083
141508
215663
94173
231374
498101
327669
972564
569380
625919
306607
339607
106359
517838
25069
223756
876144
108339
932436
424662
697477
478315
629788
197684
278135
144368
145923
82307
595278
787597
24195
575207
457010
220097
505998
427018
467610
271850
613367
328522
49513
474184
605970
304720
450445
333296
607947
597963
872220
584222
633274
209571
366010
381943
632453
999528
784117
185314
537478
979918
172624
238644
770558
906701
778106
913644
218138
670799
817267
591585
907997
139837
218652
911555
948554
990898
609514
618269
31335
371701
312401
25528
495276
162725
170893
304269
979241
671989
636411
852938
460014
542603
924044
508151
184840
623299
103892
865427
73658
704256
872077
432810
516349
562067
70887
189032
15986
789603
534769
365738
916628
588102
-1
11023
647922
165226
813805
552952
230578
353525
689974
253703
246759
506570
214775
676412
66131
154186
990614
559141
99630
285484
442937
79341
420977
226354
126853
174678
760567
556263
391099
809638
628647
964875
547156
347212
465758
305515
599741
484910
658340
753812
96677
693644
536726
72388
916532
811719
471315
599656
998095
224104
690672
959750
396214
58559
857208
245813
430011
674718
894122
188769
562478
269995
529377
952690
300891
41056
851634
296734
632944
961028
177674
384661
693192
833740
402763
158513
53328
196842
488037
281594
985664
252170
969733
573410
746850
564143
870628
629605
351949
143039
173722
209459
424032
441250
45490
582581
840452
967929
144769
342224
102620
796968
830913
786207
968577
565333
481107
341437
188107
935585
11857
355424
269677
684900
492354
370267
926588
678652
309319
833796
45775
618084
663358
603391
469026
454642
441459
38186
263115
270617
408168
435796
577571
116987
305528
395530
708001
783170
972712
467800
455705
154645
674719
841070
175488
858059
764266
444827
706631
440035
473620
599711
640416
333588
636225
592429
537641
332684
141778
822837
280899
993281
719657
805108
939918
354851
256085
291841
641805
191443
60296
263394
143901
612226
660428
369060
613896
75716
952333
966214
206332
356462
532565
504648
208054
882794
927132
377121
525464
375389
633653
110884
585225
990501
497340
659320
901244
95507
882644
127214
440203
495798
167270
983083
562146
212077
890745
497882
569192
775064
399933
341482
730001
792963
783324
665215
243905
440878
870427
169609
414435
449046
662109
362603
936739
767176
299885
215149
-1
1918
322093
646783
491390
311004
798340
958495
366251
913583
836252
781961
934543
429613
496960
439445
895904
879719
200104
582444
253429
994965
332486
870217
374447
858404
842292
968374
910574
247391
315855
574056
197394
566930
353706
850478
577327
444914
729444
560932
365896
982273
257019
803635
837214
580045
714076
141490
860159
792176
950805
752977
974441
241532
227182
777370
13989
252137
626146
636494
87611
71811
974340
524581
652200
625470
273386
890749
326000
615026
753127
209992
584447
929962
619837
623209
54769
800697
730472
371483
932054
568745
231190
376642
246349
851370
482663
425695
95759
715398
691083
586345
89702
525183
977606
482001
654881
672540
309187
273050
952246
700591
676058
267618
973240
416611
813678
746776
439440
993347
431812
94463
636553
555701
787603
358155
983020
300862
267953
104182
986116
449524
585340
161576
125086
91894
142202
835236
421794
970001
-1
915671
745932
294109
804762
527372
282063
507813
237314
226172
976480
578028
690838
613719
716195
21219
105700
178418
-1
847573
607693
661086
106814
481578
532826
538050
216986
226515
69013
281044
158179
890461
258374
990132
611218
960539
200725
408212
412192
547674
582935
622105
627930
624149
906594
851959
712371
154438
219760
473859
150675
458708
893041
276611
417633
117613
560637
629551
523650
674858
893611
456789
157217
764923
593267
695100
238479
588597
298725
693650
995899
671753
411976
619235
588237
556269
207131
746159
928062
231898
677145
231823
635054
945482
437013
371997
872086
228034
731925
314117
434913
511098
863624
949203
572811
553106
404452
483643
869569
844482
772218
758736
78652
585524
187202
285792
670627
579309
571441
114259
627990
256180
734957
111288
692634
54454
82600
84018
863773
865404
361658
687193
866655
133030
370381
776566
940421
204337
819905
412613
434329
494819
470852
894100
275289
366502
693537
620807
760978
543911
415188
752273
550039
314722
651421
926042
238827
572962
558251
466169
391024
424773
574715
196301
127209
749471
656598
449734
73318
847445
870681
250020
706322
566920
648004
723676
449919
176297
940175
390135
171828
692446
779933
468446
326816
61748
130926
423441
389565
317155
961636
261676
313627
318868
41003
704590
241940
570460
435469
912045
99915
984991
841895
42096
919334
638814
765474
236409
976687
35205
580920
65882
382387
44676
596071
114122
937350
364303
655198
214349
785488
627034
408743
772022
128201
689537
267036
775370
178204
166370
562296
437684
590984
623154
343667
771529
730418
390265
40128
303965
183942
723074
590113
597985
172919
719364
257792
679432
381908
560094
89705
937140
459208
520306
576098
598470
580381
377021
309708
229228
976608
882542
971784
800345
42943
174160
465539
508419
162902
275882
479890
98168
296830
105343
750264
739618
165195
805314
659102
814868
74086
620290
719679
711036
227139
858532
510546
131810
566936
334252
546237
9078
681416
391578
583144
458219
653196
649384
622706
384859
984919
78829
431491
579364
788589
839316
807311
429813
604264
910485
66450
