472570
138528
392929
997730
302830
297434
268447
933200
28975
909982
944582
374368
928902
425634
987725
867026
317647
840793
676548
999945
947932
126755
282259
852267
940998
526056
283244
582501
988163
591933
673097
284363
195954
757451
771206
507883
812528
244366
791457
377152
392489
10488
948240
394792
75915
435619
541308
80033
50534
192291
593277
778393
961368
366745
990997
466825
141495
607771
611488
149180
839893
553832
49337
512185
216431
210971
293290
525937
184546
421062
21471
663442
735447
729068
622716
162176
832214
716570
308486
710130
152981
547891
594160
85290
183748
168126
441344
994076
402063
539216
962362
147357
231119
184752
451607
262828
941493
579611
393024
487603
621383
270997
602767
847483
746346
118810
234310
94860
478823
690216
722751
281746
184283
38946
559563
327996
496857
486883
734727
466387
967251
180397
390227
788147
363632
398541
817040
443585
664203
527551
950913
160191
295674
482440
771332
105503
99782
392862
335278
295075
621601
50392
99288
343859
723531
499994
723855
597473
946900
30384
15088
975749
328294
839890
944577
356089
214905
734783
65896
276401
217527
292277
616327
573772
354221
594137
353778
989234
844868
440916
763773
454650
934752
764619
54077
724450
790692
157737
960166
58210
357790
492647
83228
312950
964297
214637
703655
77259
639851
231970
415311
553326
481479
340701
614332
929381
523921
549828
575635
593911
566920
732854
127333
784875
28369
524301
182829
405462
968274
-1
458310
817131
329538
484952
41120
581398
211749
192738
997619
796865
685029
300406
642727
670507
552096
557327
454816
239272
793982
725596
320109
97662
384743
253931
898313
895670
487624
618826
350445
5979
861440
277923
81861
439078
821523
956314
293586
329278
843132
693556
87004
981858
823439
41123
539258
887469
575743
823883
452041
265508
511769
997292
511858
769185
212017
18550
157818
497102
90590
735502
851524
358688
997512
891482
462183
593412
794914
289370
92114
544619
556809
344260
34152
202081
173354
927762
904200
934960
942100
960125
620435
327316
576652
352103
248164
29524
367843
977504
499500
502440
748950
67077
56615
708626
567100
943742
517377
826374
20544
496096
540943
499368
519470
-1
638169
744344
600246
832594
195913
56662
354129
554207
425276
38568
953042
19719
993347
580812
803568
758195
87849
120899
571239
589536
217582
196363
457709
491979
546377
855118
628044
731540
238864
357660
80292
769342
629479
869532
391633
741980
944851
674044
851259
4247
354621
601788
64472
984700
511293
920803
683484
372650
797179
890314
54726
618479
729342
627051
931702
77059
713382
915133
974452
844334
439439
210383
185843
52523
570258
40192
900848
691096
373628
139465
271940
896377
378870
646983
783797
281734
773119
152334
384342
220057
557924
-1
507039
841756
283413
992911
720265
592515
599514
287038
808573
310651
730265
-1
610908
472271
954376
983100
98946
789343
970103
376146
243999
724710
301611
487212
603070
666661
532131
563712
172922
794126
685075
176348
-1
669873
38554
696598
802228
62181
844288
674109
589898
943891
614644
478673
599080
524456
270757
787589
700368
457709
463420
811978
190465
170391
757406
153037
823447
495201
199779
625844
206571
105694
938821
451244
889495
914463
226755
323621
430692
733413
757406
851642
621582
89430
670176
-1
510299
927085
518810
873337
6501
227440
622861
63419
939595
658390
250881
681673
39501
619276
844313
995088
693747
809355
976178
492130
900320
373323
832107
194711
944789
465042
195636
861714
80200
332745
582097
659828
336964
107776
918117
793587
607021
576103
810336
56399
661278
741115
439874
472597
72724
550251
608037
416034
119293
814835
838943
970490
561053
211157
950169
328016
24133
502421
909715
590099
821765
50376
306959
22738
704285
397255
976950
305386
647294
937470
76113
257967
545633
615089
332653
545514
459984
44339
742315
880666
54226
515406
-1
81535
354079
867045
362415
155064
787704
768316
552765
511823
576866
889476
356702
705013
448151
477875
903465
169560
338499
919421
63821
354012
704745
927568
352860
248964
934312
224020
638063
599374
310062
15621
693269
381350
478973
183317
666114
934726
115450
504131
899145
172652
660355
31267
970084
863479
262580
775020
162466
285564
959032
951464
424167
370762
688860
98418
626732
390385
261945
969968
727706
482344
110526
996671
805388
465929
228886
886112
54946
756899
130213
212335
202373
157337
99615
411145
745830
549651
734891
551101
436627
365217
565334
638412
953303
911858
873817
95570
116967
75014
793600
566618
525362
398410
919728
-1
370387
258929
680195
848206
633240
89869
848508
230544
67156
575300
827078
14257
682972
288088
628713
679678
245874
30771
281796
183106
745336
535365
203431
917792
521129
27326
756610
698056
612524
465666
931077
316892
49564
598039
811558
276567
969088
874601
44056
540596
543592
89978
522572
548835
50999
338282
761597
-1
940229
106242
7973
317426
162966
954949
962621
563984
176500
270136
603557
871344
168386
663358
585197
306081
722414
840237
670796
399006
706561
271012
320689
542753
96727
986252
963716
29196
839666
690667
646216
970805
511749
388138
745120
49046
743853
162407
940554
319557
480916
735888
274307
382783
347615
350899
211451
43250
170843
965914
920910
807857
338214
687028
328526
799182
540359
101295
931181
-1
435022
264810
397190
457398
334262
875270
45623
623366
35571
238736
525203
988753
602229
106649
973514
253597
577733
134054
512782
172705
973764
216988
295081
628133
112065
875850
192765
998574
812296
671093
724787
834043
623366
452938
145702
235487
840665
24446
689471
303181
724960
450400
800061
888093
734387
166862
-1
67754
519287
513570
920999
564460
127634
555896
201876
33998
187960
195231
89077
731501
300199
192782
585076
778420
266348
540432
623302
689714
459109
41942
848214
947109
156196
762324
870767
140725
387211
515771
339710
908797
458485
78329
49893
634743
169175
916889
251512
471000
738834
897599
919532
943485
897848
10882
429243
265571
171861
160893
66945
398125
64684
560253
761238
104808
523248
969517
149887
610057
-1
243972
459127
940638
112856
247197
724281
607088
635053
81291
988788
916034
527171
451104
381668
578262
819447
895969
601600
351946
383018
292697
826899
325327
75430
445675
636566
890589
385546
925483
-1
966376
410452
27664
702906
276732
15190
235077
918110
443990
50677
31299
642230
137011
651970
476739
353207
385017
887093
595237
831420
240600
699785
679036
723963
-1
130374
922989
783981
432963
119751
759862
790874
328370
487122
391238
609350
335545
872746
217522
978406
367436
69580
593217
86387
592285
316739
714723
344404
48088
788106
278981
756652
633128
477829
22553
955508
521944
538975
99188
580382
426482
274982
953129
269341
428691
17312
187992
592403
810061
177434
713750
981216
917381
371854
732104
617465
143929
416697
380511
76415
411341
462179
545516
150005
179439
601728
918179
542166
972921
513917
699200
469484
446572
800425
391645
607682
964928
423044
857851
101796
181817
625398
622474
990895
604365
244344
998899
119707
280270
113442
164940
710736
221145
878223
324671
168954
385924
290732
502134
234948
456110
353447
132722
124953
316446
202484
148805
960868
958723
249309
428764
9073
624491
956428
219837
154270
773834
98800
434841
603633
442983
549734
198960
588349
95093
31166
646462
397590
256562
868771
935217
900708
864338
419327
331995
577355
932616
128369
96031
532765
235410
521785
517892
26285
748034
824504
900667
830146
448755
277758
90692
570331
118714
394044
384319
425147
33643
230999
809098
163168
-1
514505
396863
873529
317517
841809
399280
924438
790890
591310
157024
323468
907966
839561
36645
805671
981300
250521
22385
74556
71386
117480
376192
7409
777586
455510
509564
664589
-1
853770
793111
892644
759923
863773
124280
641549
578911
163779
409743
526633
434278
422260
218061
61035
962876
991579
586371
775636
513123
844638
864418
674897
918781
175202
742087
936650
809147
683413
843046
738714
565286
392154
813404
242105
832902
986001
154703
997715
540643
989515
865084
359218
677967
397647
55544
459331
867492
569914
994625
724207
802920
69845
634912
948799
721177
102504
872607
156832
390655
360209
867975
579611
415296
887313
802080
290651
738037
768082
866375
627264
446229
627261
341114
175073
287648
887613
956450
866858
88746
511776
971766
633363
970887
333679
596780
11381
918466
121674
586626
407603
907267
941867
543024
496566
976355
436158
824351
87364
427852
333953
115816
299223
24679
153880
998100
728840
433733
594885
165113
647451
897845
463741
329949
360863
735248
345846
358553
382173
655444
34166
711083
74699
248971
926163
817622
557403
212801
166274
729080
942141
995469
784628
39157
800301
615636
835246
-1
167821
394130
877439
948909
768711
308941
162159
372888
282469
149142
664850
908921
794430
175440
798651
498343
676097
763653
210911
244491
724167
347381
69364
147175
362903
134327
137057
344972
228314
171156
545766
281131
349955
852615
687278
887697
472735
397736
595324
443586
907784
185599
55623
223524
288834
268339
-1
241089
248280
789066
605945
981274
682630
149438
487129
263089
826570
450524
838614
892522
214521
609529
283031
329142
72168
666705
597771
876497
665912
691328
489337
505140
231829
541717
35051
917673
767296
400755
582574
43819
737745
867926
708817
498290
332745
871594
722487
267741
556354
55014
346463
857814
992652
236042
845509
50460
5699
874415
840590
542445
889258
877930
696501
236028
800847
155665
807338
723855
889313
909140
266288
408523
991605
335009
319690
869555
145395
345825
12615
652849
939126
778567
549533
694152
70320
450468
930648
415581
824801
362274
948484
891399
926694
257212
608084
550032
455381
336823
236563
208395
110091
547586
352029
388728
768022
762640
541844
257639
639291
338653
649867
526078
106528
986899
476607
267685
751765
587728
941336
887283
301570
617287
851079
242154
-1
803964
549793
75513
200050
277888
225844
406168
516211
265294
545079
563005
308602
257339
68264
137539
255352
776795
764028
-1
291017
122967
199065
466873
422648
594029
498521
159586
925194
654387
586848
452145
901626
331211
646298
609566
913105
60296
789196
90882
599021
554438
127660
808965
505800
745201
281984
556570
197770
457950
927870
439650
469036
291370
478054
74989
231126
900516
254450
386784
958271
247061
592691
564013
407009
136308
212303
797077
701609
38475
885886
538871
614922
684486
118091
-1
704592
912474
223189
263635
785288
887313
260750
250120
167796
611997
632710
929916
438945
740310
786641
988225
409409
216142
189060
902112
893480
418465
169514
286705
353350
707720
34986
408524
157462
662789
721792
178343
900153
100306
875771
124412
356724
858929
842641
992689
532310
605148
639977
375777
814120
91884
705611
129294
612579
589801
702907
877814
47260
373182
433601
800847
304543
36223
862802
602582
293020
337011
724495
25759
507736
122006
785350
836658
235845
101855
232751
362064
257813
646635
292889
524764
464127
734367
417678
212864
228235
253662
153072
732080
607586
778516
239258
810690
445074
580667
103897
986931
301945
552709
804010
389070
690694
899482
959739
509940
898075
571166
244627
218918
527254
708329
364303
928557
742299
126327
200011
451908
209176
104327
956478
278033
589328
959459
494244
955612
379409
273796
957576
447922
286947
347009
668607
888535
192012
725878
610528
433884
124205
607259
425607
754937
170768
678836
347017
35319
923586
435244
483258
519830
900832
731805
863654
479961
25036
432263
713703
300553
260593
576596
887829
928236
406060
693267
570332
313150
277555
135703
574120
700505
943632
64077
387622
974122
473195
687602
714288
830441
916769
148334
691849
95802
969461
357088
474070
359417
712908
359663
952816
919394
344425
157874
503401
6865
671439
658438
432409
686031
600720
677080
22011
645091
433158
603446
344550
953093
335942
268850
45272
453126
873199
172300
345825
318921
378568
115612
302031
700748
657689
513309
428122
84380
210209
995090
808194
91269
795190
246778
722248
519755
206945
205862
714126
697051
340149
465724
638496
936431
179189
420940
672878
322902
577791
315019
311716
270294
29162
547316
129967
991198
51805
859159
832443
269568
377136
367766
883208
129653
150326
329898
62145
205258
400629
492161
101705
303150
552528
534713
507039
401673
297772
418179
425404
237810
511858
94923
356173
230715
921663
820022
11902
481758
519094
459236
465039
892100
301544
24675
238979
479432
874398
973932
908963
881770
588001
970877
935542
486018
337527
597894
734664
994712
214081
739069
690046
793501
820580
59670
819867
424963
834949
728222
527208
994309
545598
566832
817084
116347
895430
858191
623109
780355
637629
113476
489520
955625
726036
316292
849307
674996
77265
376314
838562
368244
776584
236538
26764
962919
894808
532054
652218
599461
838737
308887
555963
988659
248785
596496
468538
632752
460020
773534
827524
242053
130732
295045
412665
774272
257465
409968
617860
101416
623137
363079
300625
342817
193484
969381
38994
226040
950014
606016
732935
445725
105263
129962
442801
527909
926266
58014
319368
167145
12095
759563
396076
777390
31050
33185
602853
755932
501187
439974
154376
336873
169650
699069
922290
232029
349121
302830
727723
506447
188633
892832
259731
111844
742404
257119
962840
148491
699475
396024
745970
262080
501854
623584
722463
706288
517400
712084
948539
747311
293353
158648
673656
754788
413301
390514
108209
805804
362438
167007
976961
975337
511701
97846
102215
947003
413121
579352
93821
831118
809103
474313
540580
949636
467510
285872
180674
310118
211049
68027
816350
439830
570513
299822
531946
910683
974465
834287
165306
551392
446114
923877
745134
699331
223685
989105
157086
435298
813427
386529
728838
644447
253719
