960519
960122
960406
960610
959994
960608
960514
960469
960526
960296
960368
960630
960529
960526
960198
960559
960495
960459
960579
960092
960368
960469
960399
960324
960035
960610
960652
960247
960630
960367
960539
960524
960519
960122
960199
960659
960585
959986
960410
960546
960035
960198
960504
960484
960047
960122
960589
960431
960626
960630
959967
960296
960659
960626
960122
960240
960199
960431
960598
960646
960610
960610
960054
960324
960285
959986
960108
960209
960410
960600
960459
960611
960579
960177
960092
960511
960399
960646
960524
960199
960619
960646
960540
960600
960097
959986
960092
960646
960092
960546
960598
960546
960410
960585
960256
960540
960483
960603
960508
960540
960484
960240
960611
960122
960557
960599
960415
960483
960610
960410
960611
960579
960199
960508
960415
960619
960524
960448
960047
960599
960514
960425
960296
960524
960247
960425
960315
960630
960410
960610
960607
960237
960504
960611
960092
960626
960600
960648
960425
960599
960599
960536
960463
960559
960177
960240
960484
960285
960608
960177
960589
960055
960132
960557
960658
960540
960541
960055
960122
960122
960198
960054
960617
960448
960459
960536
960511
960658
960062
960536
959994
960177
960256
960439
960646
960240
960541
960617
960125
960132
960610
960055
960463
960658
960199
960539
960540
960508
960368
960199
960463
960177
959994
960504
960630
960199
960508
960240
960526
960092
960514
960632
960610
960539
960122
960256
960508
960459
960209
960198
960508
960540
960546
960240
960367
960483
960611
960511
960514
960406
960047
959994
960524
960540
960285
960540
960174
960641
960610
960641
960540
960630
960315
959994
960536
960638
960649
960607
960199
960431
960626
960367
960585
960062
960557
960439
960504
960610
960463
960092
960483
960256
960241
960439
960611
960659
960580
960410
960054
960448
960054
960504
960529
960092
960652
960641
960526
960406
960524
960367
960632
960455
960508
960035
960617
960347
960054
960177
960610
960384
960431
960658
960132
960177
960384
960256
960579
959994
960632
960659
960540
960237
960658
960177
959994
960198
960296
960132
960529
960324
960649
960415
960047
960634
960108
960296
960240
960199
960632
960237
960296
960483
959986
960580
960199
960611
960540
960347
960652
960469
960347
960122
960641
960198
960199
960641
960459
960483
960256
960626
960599
960608
960529
960247
960406
960659
960047
960529
960108
960540
960652
960324
960410
960125
960638
960399
960585
960608
960634
960246
960619
960431
960632
960641
960324
960415
960368
960469
960463
960174
960425
960579
960579
960174
960459
960598
960092
960469
960246
960035
960384
960652
960580
960324
960209
960209
960632
960469
960122
960526
960540
960483
960659
960092
960285
960237
960483
960519
960580
960097
960508
960125
960062
960607
960539
960047
960559
960540
960455
960209
960122
960626
960108
960198
960431
960641
960431
960559
960035
960483
960246
960540
960313
960659
960526
960526
960097
960209
960054
960174
960598
960504
960541
960658
960514
960632
960425
960511
960384
960504
960469
960425
960177
960399
960610
960256
960511
960514
960199
960585
960062
959986
960617
960314
960540
960519
960296
960536
960240
960425
960463
960240
960557
960632
960608
960199
960431
960610
960600
960508
960524
960199
960526
960519
960632
960241
960198
960608
960314
960410
960313
960508
960598
960646
960519
960648
960600
960198
960237
960347
960546
960132
960514
960630
959986
960630
960406
960619
960122
960611
960649
960425
960608
960459
960610
960519
960511
960314
960483
960209
960439
960209
960626
960514
960495
960054
960240
959967
960608
960315
960611
960035
960611
960539
960484
960526
959986
960439
960469
960347
960296
960484
960598
960367
960646
960285
960314
960240
960455
960246
960097
960240
960296
960536
960632
960199
960580
960247
960459
960540
960209
960504
960455
960122
960652
960174
960384
960324
960132
960209
960174
960617
960406
960524
960540
960384
960415
960608
960285
960634
960054
960607
960240
960619
960241
960526
960599
960524
960055
960097
960054
960455
960324
960425
960580
960495
960199
960540
960540
960619
960406
960463
960256
960589
960347
960504
960347
960648
960504
960652
960519
960459
960399
960132
960367
960504
960632
960241
960603
960519
960035
960539
960256
960540
960313
960508
960648
960630
960198
960634
960199
960237
960313
960484
960514
960511
960641
960062
960431
960599
960598
960177
960541
960634
960511
960315
960504
960047
960198
960448
960598
960439
960410
960047
960546
960484
960559
960540
960246
960285
960508
960132
960617
960285
960646
960536
960585
960463
960199
960177
959986
960125
960626
960410
960557
960448
960459
960246
960603
960536
960209
960610
960431
960526
960097
960508
960652
960315
960632
960384
960540
960508
960347
960368
960410
960247
960406
960410
960177
960132
960431
960177
960246
960125
960611
960600
960529
960599
960632
960062
960448
960285
960646
960047
960557
960324
960617
960047
960508
960611
960546
960367
960092
960062
960132
960599
960514
960649
960608
960431
960641
960455
960256
960055
960607
960536
960610
960240
960055
960579
960314
960546
960347
960540
960459
960062
960658
960108
960540
959994
960399
960524
960540
960177
960368
960540
960540
960540
960617
960108
960314
960649
960469
960240
960540
960368
960455
960540
960209
960599
960599
960463
960296
960634
960611
960035
960431
960368
960055
960648
960047
960524
960634
960649
960599
960240
960610
960603
960598
960054
960610
960062
960055
960619
960199
960285
959994
960546
960634
960285
960199
960529
960209
960313
960459
960546
960599
960600
960539
960415
960324
960599
960540
960240
960459
960241
960641
960611
960649
960658
960459
960199
960055
960508
960177
960599
960541
960047
960495
960630
960508
960463
960559
960540
960415
960659
960540
960209
960529
960641
960546
960619
960315
960177
960648
960296
960599
960608
960296
960313
960619
960634
960529
960529
960439
960608
960559
960540
960047
960630
960638
960092
959994
960285
960540
960177
960608
960603
960580
960314
960508
960611
960035
960599
960610
960610
960055
960508
960646
960504
960347
960540
960199
960638
960603
960484
960439
960240
960177
960641
960539
960540
960246
960241
960508
960132
960511
960541
960608
960324
960632
960368
960610
960097
960508
960526
960097
960035
960658
960177
960610
960247
960610
960519
960198
960431
960648
960610
960611
960439
959986
959986
960415
960652
960495
960524
960368
960504
960241
960630
960177
960541
960035
960508
960241
960483
960198
960439
960526
960610
959994
960314
960313
960630
960368
960529
960526
960410
960177
960659
960469
960415
960241
960296
960439
960658
960384
960611
960054
960539
960209
960495
960559
960526
960610
960324
960607
960483
960529
960610
960092
960439
960652
960240
960425
960526
960540
960539
960495
960367
960526
960285
960559
959986
960097
960399
960415
960241
960240
960399
960132
960649
960603
960649
960508
960539
960122
960540
960062
960504
960608
960634
960177
960285
960579
960608
960092
960619
960315
960659
960599
960108
960425
960524
960399
960463
960315
960536
960514
960459
960580
960097
959994
960541
960524
960608
959994
960608
960425
960209
960324
959994
960649
960122
960526
960526
960495
960256
960540
960617
960054
960511
960526
960648
960246
960514
960632
960324
960607
960198
960054
960634
960641
960425
960108
960514
960054
960585
960241
960630
959986
960062
960410
960399
960611
959986
960652
960540
960097
960580
960108
960610
960526
959986
960125
960519
960425
960132
960559
960199
960062
960209
960313
960619
960504
960384
960579
960659
960585
960459
960658
960314
960540
960648
960658
960122
960607
960649
959967
960526
960347
960425
960240
960589
960174
960415
960177
960439
960247
960415
960296
960315
960368
959986
960511
960314
960540
960546
960659
960241
960296
960634
960035
960368
960608
960439
960599
960557
960431
960589
960047
960122
960600
960630
960611
960324
960198
960519
960256
960241
960296
960648
960108
960526
960285
960526
960626
960347
960240
960540
960240
960241
960508
960519
960247
960536
960463
960603
960600
960508
960256
960526
960097
960097
960536
960425
960638
959967
960585
960504
960511
960648
960313
960579
960519
960557
960324
960559
960240
960097
960431
960495
960540
960610
960247
960610
960638
960580
960638
