125704
996107
320406
640654
522351
709008
687233
617167
361103
91270
952186
484360
181824
926170
279941
890805
196368
964333
714015
458269
910793
17315
841541
935785
252166
561778
488565
385879
858566
453980
460510
800087
496242
469426
670937
455318
139050
476612
659691
537434
562985
591154
782582
897330
106528
653874
469503
43985
49565
101611
200178
268780
873227
142862
164034
210001
863744
341867
532736
798458
832220
306999
383754
70987
608506
767411
862842
886510
233222
678867
352666
17824
788311
701039
272691
124685
83766
725513
443940
839911
706570
81890
500320
942773
939992
68546
932275
668814
436636
890814
328328
302039
192803
527496
10906
466498
936336
-1
742324
914306
268931
106486
786830
154878
76819
963204
998589
151216
321281
933964
520434
902336
649388
968438
539951
996980
106334
916574
385097
179124
98549
861846
543769
758544
923509
771349
52843
329141
456812
278699
250319
172295
418372
117743
447319
968187
357246
273562
852629
809332
63676
667957
190433
323889
768972
46889
142623
245256
531380
955286
447255
369749
612122
976182
942052
229448
11237
95142
683639
604639
295093
711371
320689
234398
956033
793976
892714
730051
578676
12438
499129
324642
71260
299475
955226
967902
715423
442969
257111
828856
87411
920326
21783
184398
532104
980642
539081
878956
734575
959654
636605
359507
531606
503588
10669
875871
933073
296911
242123
151810
741492
136651
723917
189322
272748
312736
263963
297811
417235
313115
276784
383845
745296
75944
281274
73708
657880
10636
795398
878642
313621
33717
461937
715171
103514
358548
535746
170223
886291
479685
561197
131577
413053
539966
598933
512516
501373
818814
865855
285254
467473
165940
10678
839585
772815
735823
152972
509198
454855
685075
877449
699007
131318
742795
431770
848024
226528
657006
169340
650652
100217
82992
23863
105815
502180
501512
63233
220025
978490
331216
941317
700182
90258
800668
133338
6853
533541
162650
799503
700491
340867
267125
527196
105136
444367
850005
377224
894567
231124
487048
825082
335957
472598
216268
943527
955239
131990
719450
855229
888730
770567
766334
37577
882785
529699
48213
475906
217466
39795
700691
587779
777155
851501
373400
190991
518021
771071
393528
269341
625556
370338
292960
348720
807287
67368
456798
387271
193125
571524
985557
290055
69301
396371
475849
33531
37263
80465
447008
605284
231108
600646
805508
671050
575064
56080
5449
536488
911142
212365
294192
896084
352498
917447
643629
578454
132852
950292
976476
624968
294580
755157
803793
484419
514555
540801
953557
658584
579927
831373
664767
698592
458018
812975
237661
407345
466241
818401
583640
65228
523786
712395
877137
702803
569821
420761
303881
349460
839415
512978
608397
327678
919013
444499
802486
452490
983315
309202
290564
783000
181115
244626
44646
763680
123236
88784
707175
453808
393713
312545
722987
884885
87276
669072
290363
16643
959623
257119
164097
780634
978797
408677
103611
400782
810274
868985
482683
752264
597519
230275
236847
449520
532432
995944
508892
644298
652278
935976
102204
160428
488566
792977
389643
422138
466487
903101
274134
755810
772209
175778
985723
858442
867108
680544
743488
52668
998330
85778
310804
679119
32344
93994
719830
710596
154659
391728
948501
404030
799689
802857
971724
850138
546499
505146
161879
873988
601817
947151
781058
205889
281967
556301
303959
-1
632590
116428
182123
502201
532707
976477
816683
522849
166293
434242
134755
533215
656540
469088
155968
650420
489325
882200
232816
411954
97595
580916
845577
815459
275311
725747
614297
16314
657623
317809
845224
966973
476811
571486
570244
526801
551182
24391
690301
535284
301808
274367
759877
317743
702566
185947
468661
113307
199632
917863
141396
192098
146692
399912
854845
498421
602450
66570
789303
495043
382983
684008
915974
265655
252700
420382
685890
335160
796967
147731
105982
770864
685931
217864
181960
728984
626560
648745
774720
390703
416232
721177
451207
486022
915981
457013
733983
715841
733450
29351
622714
957883
284870
159981
80107
974162
820361
944873
550323
600396
325319
416450
816203
406991
86723
68017
968510
865678
975479
628460
475756
494256
50668
172153
255424
374010
68767
135148
510553
933724
250290
126615
675200
27021
730365
847222
706948
149180
499966
72513
489409
197618
21931
950777
250844
971500
668695
628837
188208
416904
743005
657202
489843
203118
571339
893709
372382
205608
421058
871902
691773
934002
220306
938867
394168
524473
46990
386069
422128
294195
809890
220534
-1
657976
182713
598755
418059
536151
150698
514567
535048
179810
652852
674258
505197
551871
583087
708121
824931
51682
684012
734716
659949
592118
143361
179969
303649
156726
-1
206385
303237
649527
213140
485949
420175
494993
769842
132100
842911
746803
871577
891070
10157
125291
454139
183650
662995
794153
629943
276506
42665
120827
559318
650189
501204
328148
810715
208956
620483
608468
34100
792573
651853
33238
854784
223945
815019
229855
805159
469277
338602
374448
143516
217713
210691
231746
14457
34304
363353
728908
298442
39660
727422
313377
608961
78550
787529
198274
766729
293335
709336
60208
117624
776034
735638
125339
471068
797023
868768
234187
942341
776385
684788
378199
31449
376506
908436
718153
418506
414908
-1
501297
52670
84640
142858
86686
517166
81698
442717
31550
77590
542357
430771
379090
124059
870197
661078
474864
833781
665306
335088
343405
796042
848713
564688
711638
571893
314572
183547
812828
773661
695969
198128
416222
395176
373617
859121
39408
313352
965253
908342
940170
202570
551459
272708
251525
496043
843130
597948
786624
788786
227482
502545
435405
36414
888240
207119
292116
421595
243379
741902
724623
50115
426437
414401
965851
964464
613088
526913
394335
983205
602548
363826
192086
610290
468022
450263
310666
923141
415913
810503
49133
317296
337179
28338
786874
678616
151207
873760
354029
277301
634167
110637
444512
79795
627716
333488
121140
116235
675026
906927
158221
539979
692698
989820
409124
193861
796401
870430
165957
830688
553393
338925
989978
20602
946678
745407
490627
502527
134523
437722
868608
521334
186665
220649
589957
426033
212428
219807
590503
53424
368456
485928
834208
693431
535006
868593
171459
272334
270838
905858
247597
600430
821860
476806
813823
23069
626487
826061
588398
473705
614046
93004
189005
766741
474568
824987
401524
678189
527452
45420
817888
724363
860591
797880
710307
824514
415807
403500
441631
530607
531304
493042
931144
58328
678483
68982
12716
229806
108907
617119
646156
579779
388141
-1
276031
795832
140452
43293
550672
542830
846786
136845
275209
959893
903320
682191
504912
12202
896224
415787
566477
172238
897316
616344
731245
212306
693109
504316
457120
329037
357559
675888
986545
704134
752625
933898
86920
914464
278965
400575
397027
493475
138365
947312
398072
464839
733923
411746
463838
619350
657706
986028
113472
473898
404571
533170
77632
613523
457383
625477
145265
335728
949181
897226
650065
525666
90945
182566
442510
822698
442258
887679
473639
476887
583989
964649
132007
662681
433199
147519
488226
740531
944833
707539
512720
913746
732394
291966
573331
186276
969560
560493
455368
596634
241787
802768
591706
747386
93478
740883
31133
969282
377603
993399
579210
528558
673093
639099
868259
468047
405703
257974
136028
750565
733332
850214
870807
620708
403084
855045
281984
367107
342322
246622
890542
820559
882300
606571
231586
547079
697477
446553
246065
519221
608309
386216
367728
901323
723110
164869
769282
544218
576450
351228
299562
210245
922047
169757
932592
505923
106366
300710
539281
288419
933170
650380
44963
720949
780578
119705
675415
544955
762107
806858
990471
806611
858038
260915
564199
256752
874833
411328
604827
367317
679069
117957
236703
477927
813823
481678
629552
165556
950973
494777
397858
45091
281422
963184
121636
-1
560010
200756
299801
319727
810114
721969
323728
462671
719008
57588
230147
699293
-1
343742
880423
776611
741077
294051
570638
190424
668330
730023
54547
877879
920342
28642
474319
236610
557188
988848
735610
579084
942799
592363
523276
957203
352005
378109
689314
931118
500716
809333
-1
583776
633719
830290
98239
-1
405807
17437
548501
689327
342072
602540
386488
448105
-1
798753
36933
292958
144273
400736
48708
293241
653771
216626
649016
889056
465036
765126
135610
310408
514375
436191
940353
254556
490614
446878
849930
33265
320109
346037
300553
78402
294869
622134
449087
813515
345861
942489
594644
796577
929848
840145
473911
647121
552388
685295
600988
700777
503986
972640
63228
218968
782011
197502
65276
498683
499506
350320
530736
946657
906862
577896
290052
775198
552448
472122
797884
953561
784865
419210
85644
869184
494752
558014
578725
456910
174696
175663
446060
448978
198051
860867
994846
124662
816474
913118
301995
223499
737438
81599
239060
710324
721684
154550
120220
383614
771741
998255
537035
433396
475734
363280
360379
428636
119374
386303
767759
447442
739695
813761
775692
603444
263034
934249
95362
885795
423
355342
312726
198367
912269
375061
425213
390807
582331
693951
244217
173510
630299
138941
569266
247401
707427
829386
831727
353941
168730
738062
373097
60696
919782
614030
969490
753558
788488
375203
426906
628068
850446
505476
678545
538320
267060
383992
821617
30850
339508
541282
804061
922848
178115
801372
115007
361316
481907
789654
922148
222056
829396
989536
530657
164341
553378
732816
93636
671730
785561
491286
754492
97179
757612
358266
987020
929810
355910
357634
93073
388728
912598
53289
920918
691480
454649
503893
66972
39911
416741
262851
226920
505476
374339
3633
80107
215606
706813
955765
386015
930062
95560
593800
712387
367541
502582
958403
808247
566102
782476
478432
577011
391222
838310
121328
176298
303763
419431
958143
927218
620707
940775
768122
157753
280609
160101
25945
822157
934135
513320
534823
549804
766964
474393
955331
56711
67501
870127
911810
204233
599469
752421
90535
896517
555030
331613
615900
36896
768033
148282
229881
545361
769259
966178
902884
334093
904036
13243
883076
651897
953222
658259
318154
490683
348514
574725
657768
86313
740829
774150
968423
701520
463695
424611
116955
570372
949987
321815
39526
785058
825550
671247
219855
413425
867744
507556
539407
575171
918990
199394
241717
102999
458786
344964
298372
383649
604276
645328
102243
321836
739738
-1
508040
901792
421293
137733
897700
920806
717494
126334
970241
102455
468245
234226
896047
887088
789565
196553
724218
264133
599419
390457
182067
478213
418682
426669
384403
190994
102616
634335
401468
120036
875871
677840
408433
223919
856367
154427
549864
973534
168281
455050
779834
519450
321815
517369
963341
382918
383578
824962
391992
535021
597145
405843
143188
108505
34508
984753
340753
980048
755100
343811
728100
215059
519268
943666
626952
324285
915856
948888
152622
171812
554945
149136
141490
932697
489054
285761
872479
345929
247911
127340
942527
146013
945621
826502
752896
996102
126011
459156
174098
250979
755168
213427
998329
338653
139932
20775
749118
451748
384221
337328
496368
625893
621443
663969
327382
637450
351420
390848
940063
342537
792193
322469
82561
770107
147644
317385
962103
784698
586962
741643
-1
802667
482307
83254
641288
990514
56981
871072
311814
572928
232684
639541
403774
768521
86917
203526
912703
680888
895944
990065
95401
998050
822457
924133
758887
639626
603297
45608
334530
627293
704037
215140
240785
351734
499088
429268
635861
281335
175778
850030
993706
184347
255748
613103
112340
539876
611889
389798
198650
930048
197816
906205
751901
969872
988915
544137
707539
900887
898027
843257
945869
608269
221817
583932
334511
170477
67236
842568
796920
795230
374938
312438
7440
857969
342196
680113
185236
265494
768258
173293
791665
228566
417890
531221
837007
163326
626990
831443
