512964
358012
118565
59903
225605
926683
147934
286265
437767
46385
547749
648357
372860
85726
311867
420278
226533
87646
632976
597640
427342
187507
219032
18408
587426
65988
332501
406899
488128
147074
516894
862785
196340
1014481
806242
68927
51009
549542
915689
576366
179889
569785
572731
419186
404775
223389
318967
251704
58842
374081
670106
445848
586835
699799
44635
897690
444652
680313
93039
47412
263358
216498
644751
31783
488878
239633
10958
938947
724263
815217
567784
530896
212759
198244
285455
793134
233981
20040
44002
643018
158134
266805
131531
655822
125276
614577
75635
24248
336690
140922
305721
484452
496441
72920
450816
580296
32589
433411
823591
391522
235778
203107
725630
504043
401749
502075
237241
585355
76917
303904
287936
220727
168307
359901
555863
579155
453846
240036
134707
139340
191814
402175
929583
47532
59411
610355
458327
689169
17306
17259
57802
461527
442076
538151
974306
67878
57730
637903
90795
322147
3437
170401
32547
554334
547278
49278
518277
530114
950504
189444
224806
121915
335422
201518
302118
57733
118321
95389
518841
652236
651658
28707
12185
587611
816648
896605
395514
358238
773774
462766
861993
21255
742562
782845
315076
72221
220326
8069
328084
48175
183374
409275
309665
37798
538925
47498
185036
841960
415199
209089
407346
372997
466816
599306
534700
188678
349114
182974
372513
556368
383768
855043
194705
476742
157193
58982
414427
293618
692911
258546
1042054
53247
269929
575123
375039
523994
367581
529319
752335
139131
54740
61873
202930
233244
398523
477269
137149
156124
158333
682912
307163
268194
112467
334738
414619
284770
871853
700731
740806
428518
204672
359627
113547
756435
68085
100060
100192
245575
5425
458535
746052
151550
215211
136196
759799
7405
233756
510583
15378
277996
67812
320007
195470
326647
33348
240729
131602
611072
823199
683451
286282
351428
22032
129170
26597
284598
287147
419887
316632
201579
108187
45609
305899
840792
121385
556553
836670
366673
760549
193043
409122
447526
596255
329568
106322
141767
186362
431161
253950
804324
232853
97956
383786
73676
374792
122722
143255
50701
815437
727060
498211
166191
832222
274142
834373
848338
485640
458143
364971
379201
67925
266022
149347
304175
498779
792871
77061
887948
64812
624843
894866
193282
98630
180598
292307
63595
537137
463852
66880
489286
189663
664881
420014
627950
73993
288084
393407
117597
227702
209605
1031266
253211
89691
477380
852038
714856
33535
663538
415606
474158
764867
17043
507247
256005
637921
257276
528410
221068
49048
366823
314136
217477
113889
439340
286685
56532
132335
796288
142057
189996
201457
603918
261587
405431
291462
66002
547865
480993
158655
175015
63605
215399
659909
571281
867588
589920
54491
437719
108047
182518
187957
621157
497172
476962
496210
237328
96024
376536
307841
835697
642122
173566
461244
206156
71901
228655
940351
12920
564685
442038
20774
548791
304744
189242
354425
124354
144894
48514
455731
313573
163031
496466
541833
412518
148529
125524
26148
303185
628166
462999
180289
35820
829311
359069
295069
356360
249017
302513
338770
284413
547884
406860
58498
36724
906951
299047
901827
11753
452
541387
912031
491019
148860
84068
70487
721148
584433
112768
396978
302960
388371
143926
442155
92025
608100
379113
799451
120795
200152
308241
453317
293411
429042
427880
320359
540348
227409
513998
852110
181758
142873
662393
143364
568109
94177
300777
104936
255204
174814
145928
358124
74713
517091
671374
188896
313077
811937
284268
518916
298473
651145
22369
941724
243592
988637
186639
294351
840428
522222
554814
504096
137128
340608
216887
401237
5823
23950
38730
156124
27689
653223
68493
25087
595904
552217
521921
