81243
12685
85022
6867
18214
1337
59116
4452
17479
24816
32863
28525
12829
2797
6751
38037
14413
2418
1585
6695
6879
20542
14362
21664
8242
21153
46354
11614
379
40770
37617
28903
4982
16261
2860
39489
45814
39264
20976
16674
2435
26350
2729
44540
20207
54653
7251
25229
11152
27956
14738
21742
25374
14318
8582
46585
64798
39818
19311
34639
16018
20922
31750
24258
36920
8361
32516
36161
11196
61421
9345
18764
8061
30115
4216
24946
8312
4215
5908
2594
48626
1126
32690
2814
67476
17068
24133
78155
17643
31691
7185
487
12173
15536
6570
8859
11333
30457
29705
32505
33602
12084
9928
58298
11843
9158
37316
10031
6326
4816
17079
32998
1550
57950
63169
26144
9279
14791
8062
41979
33130
13065
4553
26213
28384
18684
29980
37069
8747
13418
31426
19164
7942
45545
31677
10344
35765
54084
50999
45939
19846
30911
20849
16952
29066
24356
5598
32375
34223
27315
46223
6618
1171
8475
6950
51496
3883
20225
38817
13279
3411
20517
31582
3628
3354
60041
12263
44472
27475
32036
50885
16527
30372
50453
20555
3236
20473
61724
64880
14780
36838
30486
49402
23271
49867
59877
28955
64157
44808
6961
11981
1365
5352
38138
13858
56097
24556
10886
19504
49469
8211
58677
4513
6729
50606
32420
40214
27661
22261
7161
39100
6753
1622
22679
9981
20796
15210
33728
63261
17272
37414
34977
34817
11896
15912
9451
34659
36040
4680
16860
59267
6851
15947
37036
11726
42717
3365
6849
19965
42162
15628
52903
6391
3546
60314
34724
12163
5242
50860
62263
25848
29840
33067
51404
2716
35109
3439
50967
3874
52833
8045
47696
18524
19642
47677
43036
38158
837
46123
28530
20720
20380
64777
5932
1846
2117
50434
12098
35531
39374
41777
35623
16718
12626
35618
35956
6730
4315
13491
18903
39226
2574
21148
23335
43670
55409
45308
60825
2259
54250
60258
48233
36443
27944
59018
3380
24912
55033
48178
905
37265
71113
43200
49569
29924
32107
9311
24411
70230
14072
62679
35323
21599
32168
60478
27256
10194
276
9084
3821
27743
38032
25852
50495
11338
8165
23002
44364
51939
4795
27142
58422
21719
57630
54430
26186
46050
31734
13233
39281
9414
44636
21735
28568
53409
58510
37706
23304
14415
9426
11941
37739
32881
33908
14242
6045
57510
38909
30511
43563
29383
51953
5457
46506
50360
504
38497
67393
13925
55791
18724
10963
48927
3563
15104
19328
49611
55592
27599
30632
51372
15743
14618
6266
56452
29283
14026
6380
13478
43553
35499
31787
68148
4656
41397
33776
14696
20382
29586
61588
62518
30106
610
3064
17703
29187
55024
26344
49417
30133
37864
5877
2425
47429
8858
41876
3786
32617
6587
6496
5699
35610
22608
6587
39862
11800
49551
22985
42117
37623
14611
12000
30244
608
15069
45478
6036
23270
32990
38389
10398
12141
26022
5877
7001
9883
4808
2250
12892
51959
41197
20049
432
11494
39993
58657
31652
15041
40238
4240
28596
22159
32544
33653
2886
37322
43764
