-1
0111010101110000010100110010101100111011101101010000100000101010011110111011010001101110000110010001
0110100110111101110011100110011010111111111010011000011000110100001011101110001000011011100000101101
-1
-1
1010011110100001000110111101100101111100100110111011001101101010111010010000010001001001110111010000
0101000110011001000111000111101000010000000110110001011001101111000010001000101011000110010101001011
1011010000100011100110011100101011011011010010100111110011111011100011010100011100010000001010111011
1000000011010101010010101000001101010000111011000110001100111110010011100011010010001101011110010000
-1
0011001000101011011111101011110100101100000111001000001100101001011111000101111110110111100110101101
-1
0101100101001100000111100011001111101111101000010000001110100001111110111101000110111000011000011100
-1
0100100011110100010010001010100010011110111100110100100001100110000011101011001111110110110101101100
0001011100010111111001101110010101110000001010010010110101000000011000110111100101000000110101111110
-1
0001101101001011000011011001010100010000111010011010110111110110000000101000111100011100000110110101
1001100100011110001110111110010111110011100110001010110010100110100001101011000111010011010100000111
-1
0110101000100010101001111010111101001000000011101000010001100100101000001010001000010001100001101010
0010101110001111100011000011000011111100010001111110011101001011010001101111010001100111111101000001
-1
0110000011011010000001111110101011101101111010101101111101111010001111101000001101111100011110110001
1000111001011011111011001100001001100100000101001001000100011100101011101000111001111001111101000110
-1
0101011111111100001011010110100100110100110001110010100101010111100010010010101101100010010111011011
-1
0101010000110000010001010101111000101010011011010110001001000011011101111001011001111101000101001111
1101011111001100100000100010100100011010111011000101110011010010001000100100001101011111011010101101
0010100111111011101011011101100011110101111011100001110000000011100110111011001001101011010101000101
0000010101111000000101001111101110101010101000110011100001011000101100100001111001110011111100000010
-1
-1
1100101111010011010000010000000000000100111001101000101110010100001001110001001010011100100010011011
1100111100110000000010011111110011110101100111110110111111101100110011010101110110111111101111110100
-1
-1
0111000110110111110101000110001001011001111000101000000110101110011100111011010100111000100101011101
-1
0001011000001110011110100101111101001110101100111100110011010011011101001011000000111011000000111001
1100100001000111000011110111110011100010000100000110101110101101110111010000001010101101011100001110
0000100101101101011111110000100100011110000010111100101010100110000111000100001110111111010011100110
1110111110010101100100010101001101110101110111001110101011101101100111010101101101111000000011010010
-1
0111010111110010101101111010001111010010001001001101010101100011110011111111110001001111001001001111
-1
1001110101001010101000000110100101011010000010011111010011011100010000010110100100000001010000100110
1100001011010011110011101010111010011110111101111011001110110001000011101100001011100101101101001110
0100100001000111110001101111001110011001110010100010110011111000010100111011001111101111000000011110
-1
0110000010011011101011000100000110001000010100111000111111101111111110010101000100001011000001111101
1011001010110110011010110001011111110010011000100111110001100101001011110001000001101110010110011111
-1
0110000110110011000010001110100111001001001011101010101010000011000001110011100011000011100000000011
0001101010011011010011110001010100100110011110001000101111100110101011011011001000011011101001111011
0011110101100100101100000101101011011110001001010100000100111110110011000100100110100001100101001000
0110011001010010101011100111001111111101011001000110111000110100000100110101011011011011101000100110
1000100110101101110111100001110001111000101111101000101101000110000101111010000100101001100101010100
1001110010010001111011110010101100110110111100110111011011100001000100000010110101000100110111110000
-1
1100110000000011111001010101110001010101001001101000111010010110011101000010100010100011110100010100
0001010011111101000001100011110011010111011001101000111101011010000001010100111111001000010100000000
0000011110100111010000011111111011101010100110110100001110010110000001101000110000011101001100001001
0011111010110101101001001011110101101101100111011100000110001010101000110101101100010110111100111010
0010000010011111010010101111100001110010010111111000111001101101110011010001010000001110011110001100
1110011011011100000100101010010100100110000100101011100000100010111101111101100110010011001110110111
-1
-1
-1
0011000011110100010010010000001010111010010101101111000111010101111001111000110000111010000111010101
0100110001111101100001010111110101111011010011101111100100000000100110110011000110010101101000011001
-1
1000101110000010100100011000101101001111111011101010100000001000100000001000100011000011101000000111
0110011101000111001101001110110010100011001001110011100111011100001111110011100011101100111011101100
1100100111110111010100011010101100100110101010010111111100001110101010011101101000000111011110101000
-1
0000000000101111010101100111010100000110011101011010010100110111010111010001110010010000011011000000
0101101001000010011000011001001011111000111011010011000110100011001111111011011110100010110010010010
0000000101010100011110000011000101000011101001010111111001110001010101111011001001110010001001010000
0011000001011000100001110101100110110011110011110010010110111010011110110101000011110000000101101011
1100001110000001000000011110111001011010010000110101011111001111010101100011110111000010100110011011
0101001111000111010100010010010111001001001010110010010101011100001000111110010111110111000100110110
-1
1000111110001011011001011111100011011111101110111110011100100100100110100100110000010100000100000100
1101110111001010110110010011101100000000011101111110100100001101000110011001111001110011100001110010
1011111111101111000100011000110111110000011101101001100001100001000110111111101110010000010110100011
1110110100010100000101111001001110000111010000100001110000010110010100011101100011011001110011001111
0000110000011011111001110110101010100001011000011110110100110011111010001110111001100011101010111000
0010111110010010100110110110101110101101101100111001110011011100111101111000000000100000110100101010
1001111000110110110010101111001011000010011100011101111000100011011010110011000011110110101101110011
0001101011001001101010100111000101011000010000011111111110001101110010010101010110000101100110010000
-1
0001010011000100010001101110000101010101101000010111110001000011100000010000111001111100001000001001
-1
1000111001011011000000010100010000111010000000100010111000010110111000000011011010000000010011000110
-1
1000111000010000100101111111001100000010001100110110001110001111000111110101010100010101110011001001
-1
-1
1100111001010111011110111100011010101111101001111000100100101111011111000110011111001101111111100001
-1
1110100110101010100001000000010010101100111011001010001100101111011110101110110010010101011011110111
1010010000111001001001011100101010011000101001111001000011111010011110100110001000101101000100101001
0010010111000111010110000011111010111100110111011011010111000101001001111010100100110101011100010100
0110101001100101110011001101111111110011010010011111101101001011011100110010000110100100111000010010
1001010010111100010000010010110011111111111001111010111000001100110010110100011011110000000011110000
-1
1001001001000000111011010001010000010010101111010010101110110111100001011010011010110110110000101100
0110011010000110001100100001111110001111110001001111010101110001011111011111000001011100011111111100
0110100100100000011110001100000000101001010111101101100000100000110011100110011100101000000101111110
0111110111010001010000110110111010010110000111001100100111111100100000101101111101001010010101010101
0101001111010001101011111110101000110010001110010000100010111010010101101100001010110000000000010010
-1
-1
1101110000001110100101000000001000010011110011011000011001010100010110011110000100010101110100011011
-1
-1
1110011000100111000001111000001111001010111111111110100001100001110000000100101000010110000010010100
1111110111100011011110011101010111111101000001101001111101011010111000101100101001010001010111101001
0000010110111110000111100011001011010000000101110110101011011010010110010110110011100110110000110000
0101101001110000000100101010001111110100010110111110101000011001001110110110010001111010100010001110
0100101101111101101010001101010011111010001001011101001000101110110010011000100101000000100101100000
-1
1000001111010100010010010111110101111111111010001001000000010010100110110111110111010101111010110100
-1
0000110011110100001100010000001101010011000011000101001011100100101000011100100010011110101111111000
0010111101101111100100111010011101111010011111000000000110011010000000001011100100001111101101100001
-1
0000100010110110010110100101111100101100110010010000110011101010000010001000001000010111111101110111
-1
0100101011100111001011001010011001101000010000111000000100001100011010100011110000010101101111011010
-1
-1
-1
0011000010100001100101110100111011100111100110101110101110000001011000111101101001111010010111110110
-1
1110110100010011000100000001001110100100111001111000101010100110001010001100100010100111000010010110
-1
-1
-1
1010110001011000010101110111100101100010110110010111011011001010010001000000010111001011001000110111
1010111000001100100000111100110001110101111110101011111100111000111111001110011100010000111010001000
0000111100001010001101111011010111100100011001010101111100011110011001100110000000110100010111110001
1101001011001000011100001100101010110011010011110010110001010110111001111100011110000011111100110101
0111010101001010000111011101011000000111100101110010100100110010110100010110101111110100000011010110
1011011100100100111010100010000110011011111010001011011000100011111101000111101101010000101111101010
-1
1100100110101110000001100001001011101110011110101111001011100100111101110100111010110100000010000011
0111100101111101101110011010110011011001100001001010000011110011110100100010011000101101111011111001
1101001100011101110001000110011010100111010101011101100100101000011101110100010101010110101111011101
0110001010001010010000111110001110010110011001010001101110000000001110001001001001010000010001111101
0010010011110001011100110111010010111001100101110110000010000010001010010010001111001111100110101101
1000100110100000010110001111000010000101001010111011111110110000110111111000111011100011001100100001
0101110011010000110100110101011000101001100111101001100100101001110011011110100000011101110111100111
-1
-1
-1
-1
1101100101100111010000010010011100101010011111110110001010101000000011100000111001101111010110101110
1101100000111000010100010101011101111101100101100110000111111000100011011011101110100110110110111101
1010011010010000011101011110111010110010110010011001100000100001111111010110111000000101001000100101
1111000111000010111010000010000011001101111101011111010010001110111111000000111100011111010010001011
1100100101101110100000011101100001101101001100010000110001000101101100100011100101011010010011101010
0101110011111001110100110101111101000111010000001000101001100101100001110001100110111110111001110111
0010100111001011011111011110000100010100010000100001011010110011110001001101101100011100110000011110
-1
0001110000001100111010011101111000111101010000100111110111111110000111011001010101000110010011111000
0011111100010110101010011000101001101011001001101000100101101001101100011000010010010000110000011010
-1
1011011111111100100110010111100100100110011110000111000011011010110001001010000100001001101011100011
-1
1000000110011000110000111100110111000101010010101111110101110001000100011000000111010011111010010011
-1
0101110101110011100011101001110001100010100110100010101010001011100000000111011110000101001010111110
0101111100100011100010111110010010001011001001111010110100100001100001100100011010100101101101100000
-1
0101110010000000101001000101100010100101110010110010100010010011011110111000111010000001111100110100
1011010000011001101001110111110000010001000110010101101000100001110011011010011000110010010100010110
-1
0110100101001010000100000001011110100110000001001100010010010001010100110110111100001000010001101101
-1
0010001100101000000010100001111110101000011010111111101101010111101110011111101110001101001011001001
1001001011101100010101110001011011011001010011011010100001011111011011111011010111011001010110101100
-1
0000010111101010100100000101010100000000110110000101011110010111101100111000111011001101100001000011
0000101011000000011100110101011011010010111100010011001111000110101110011011010010100100000111110100
1101011010000000100001101000111100111101101010110011111011001001000100011010100100101101001001001000
1011110000000100100101110001011101000100100001100111010111110100100100111000100011001010111110111101
1101000010101000011000010010011100011000111110111001000010100011000111000110110100110111011101110000
-1
-1
1100001011011010100110011110100000110110110010111110110110111011101000001110010001011100110101101111
-1
-1
1001010110011010001111011011001110111010011101110101101001011011110000101000101100011001011000101000
-1
-1
1100101010110000101101100110110000101110110110010111010000001100011100110000110111001111011000010001
1001101111101000011011111110011100110110000000100000111101000000000010011001101000100100100111000010
-1
0000101101000101111110100000110000101110100100001011100100100110111001111101001000100110111110110111
0101000001101101111010110101100010000010100100100001110000110101110110011101001000111110001001101101
-1
-1
1100010010001110110010101011000001111000001101010110001111000000001100111010100000010000010011101111
0111011111000001101010101111110101010001100010101001010110011001010010101011010010111001101001111101
0100100100110101111100111000000001110011101000100000000010111110000101111000111011110111001111101111
1001000111011000000100001100001111010111010010011101100100101101101001000000010110000011011111010010
0100110000101011010010000000010001100101010011001111111100110100110010101110110110011101111001100100
1111011111100101000110111010110101111001011100010111001100101011100001101111010010000100001010000101
1111110011001000100100000111110111101010001000010001010011100110011011000101001101110100011001010001
-1
-1
0100010010001100000110000010011100111111011101000100010111110001010111110000001101110011001110101110
1010111111001101010000100111010110001100100110000001010001001001011100110100000101001011100100100000
1110010111111100000100111000001011010001011011011111000100110101011111100101100001110010100011011000
1101000000000010010111101111011111010111110011010010011000110100010100101000000100100001000100101010
0010010110100001110011101100100100100110001111101100010100100011110000100010111000111011001001000000
1011000111011000001110100100011111111101001111100001101101110101000111111110110000110000100011001001
0100001010110000110001001001111001010100110100110011010011001000100110101110111011110000010111011000
1011101111001010111011111000000100110111100010011001011111111001001000000100110001100110100011011011
1011011101111110111010000111011101001110011111101011110111010101111100001010000100000101000110110101
0101111101111001011101101001000101110011101110111100101100100011100001010100101110101000011001000001
0011011101100010101110100000011110001100010001000000100101101110110000110101101111010100001101011110
-1
-1
1101001000101010011010100010001101101000001010010100101110001000011110000010111110111011110001101111
1001111001110110101000010011111101101110111001111001010101101011000100110010000111110011011010011000
-1
-1
-1
0011111110100010000000000111000010110101100011110001101001001111000101000111110101111001001001001110
0101110101001000101000100100001111010100010010100110100010110001101100011111001001101001100011100001
0111011111111000001000001111101111110010001011100110000010110101111110001001110010001011000010101110
1111000011010011000110010011000100011001010101010110011000100011100011000110100110011101001100100101
0111101010101011011011000100100010101101100010110110111000110011111100011100010001110111101011100010
0111110100000010011111110111001110011000111000000100010100101101110111101010101111011110101011100110
-1
0111100011001010011001110011101100101010000101010000101101001000000011101010111001011111001101000110
0100000000100010101110001010111100000101001100110100001100011001111011001101001010111001010100100000
1011101110111000101000100100001111101101011011000010010100101011001000101001010101111110111101100000
1101110000101110110000011011011001100110111100100011110010100110011100111111101100010100000010001000
-1
0100101110110100000010010000010100000001101101010000101100110101100001001110111110110001010011100100
-1
-1
1010100111000110101111101001000100100001011101001000111111101011000111110101011101110111111111111011
1000110001111000110011001001010010101110000010111101101000101101000100100000110101001010110111010111
-1
-1
-1
-1
0001001001100111111111101010111001110000011011011101011100000010100111110001001101000101101110011111
0000010001110011100101101101010101000100100110000000110011111100100101100000001000101001011011110111
0101101001011110001010101011010101111101111101111011011100011001001100111111110100010111011110110011
-1
-1
1100011000010010010101100100001000001111000110011111010001011100100101001111111100000100101111010100
1010011111000111001101001001011110010101001100100100110111100101100111011110001011101101000000111011
1010101101011101010100011100101001111011101111100101010011100000000000000111000010110100100000100101
0101110111100100100110011110000000100101100001010001111001011000000110101000011001001101011010001000
0101000011000010000111100111001011001101000111101010101010110110010001011100010010111101100000111101
1000110011011110011010110000011010001100111010101000011100011011110011110110010111011011001110111010
-1
-1
-1
0101001010111001010010110110011100100100010101011111100100110000101111000101001111011010101010000111
-1
0101110001111001011111011100100110101010100101001010101100101110111001011111111111101110100100011000
1010110000010001010111101111100110101101011011000001000000111100111010011011101000100000111100100101
1101000011100001111111001011011101000001110011000001100110001100001001010110110101011011010001011110
1010100101011011111101100100100110011010111101100100110001110000100100101010000111111010010111011010
0101011101000010001010111011101000000010101000001011101000001111001101101101110011110111011001010011
0010011101010111011101010110100011011101111000001111010000001111011010000100010011111110110011101000
0100111100101100101001011011010100010101011011111001101100101101010101111110011100100100100100111101
1111110010011111101001010011101110100110001001011000111011010001100101110011110101001011000100001001
0100100011110011111010010001011101001000101000001001001100000110111011000000011000010011100100011000
0010111101110000010111100010001110001001101010100101000011100100111110100101010101000101001110001001
-1
-1
0110010111111111100111100001101100101000100100001101101101000111010000001101110100100010100110100100
1111111101000111100010010000100011111011010101111110101010011001111000100010100010001001000001011101
1110000011100110100011111001000100111101111110101100111010100010100011010000101011000000001100001000
0011100011100001111001000101010100110110110101010111011111010001001000000011111100010100111110101000
-1
0100000001011110011000010100010010000001000100111101111011000101011100011110000100111110101000010100
-1
-1
0011010000001110110010101101101000111001001011101000100001100110110110111100011101111110010000101110
0010100110011011000101010001011100101010001000000111001010001010110010010011000011001100111100011010
1011011000101100011100111110011011011001100110110110000001110110110110110111111010001000001100100000
1010011101111010100101010000010000010011101001000001100111110010100010101000100111011010100110011001
1111110100001100111010100001010010111111000101000000100001111111000010101000101001100100011100110100
0011111000010010001001010000001000111101111110110111110101111001101110101100110000111000100010110101
1011110110100010110011011110000011110001011011110001000100110100001001010101101010001000110011001011
1010010011011111011010110010111110101000010011010111100101000111101001011101100111001010000100010010
0001001000010100011111111010100000010110001101000011100110000110000010111110011011000010011010000000
0111101110000010111000000000010010111011010011000010011010011111010111000110010010110001110000011011
1010111011110001011100110000000101111100010011010011111100001011011010100000010011101011001000011110
0101101111010010000100111010110110111111101001100001010001011010011001111111001111101011100111101110
0101011010010111110010100010100100111010110011111101100011111111100110100110110100010101110100111010
1100111111000000000010010110010000111000000111110010010100100011110111110001101111101110011101000000
-1
-1
-1
-1
0011111010000000010011101010111000101111111011100101000101100011000000000011110000111010110100011010
1010101001011010010000110100000001101011100010001101100101111010110110111010010001011100010111100100
-1
1101111011001000011001001101010111000100010011110111101111011101001101101111011000011001110100000100
0101101110111011001001010000001010111001011001011001101001000000100000001101101111001111001111001010
-1
-1
-1
1111011000100111000100011111000111100011001110010000110100010011100110001001101110111110110011001011
-1
-1
-1
1111000010101000110111110011110110100010010111111000010001010100010011011011110111010110001010110010
-1
0110011011000010001000100110111111000010001001011111111111100010010001001001001101000110110101101001
1010110101011011100111101000010011001110000101001011000101011100000110101001101111010110111111000101
0111111010001000010000001110000011001110011000101010011111111110101011011001101000001110001011001000
0000001000000001011110110001010111111010111001010101011010100010111001101011001011001000011010001000
-1
1001001011101001011110001011000101101011101000001010100111010010001011111000111010110001110110011001
0110110110110001010000001000011100001000111001000010000010101111111000100110010100110101110100000010
1100010111110110010010011111110011100000000100010110111010101110110000100100010100101010011011010111
-1
-1
-1
0001010110000011100000000000111001111101001010010011000110101010101101010010100011000110001001101111
1001010101011100110010010100011001101110010010101000010011100001111110001111101000110010000001001111
-1
-1
1011101001001001001011000110100101110010101111100100011001101111110011100100011110001011110010110001
0011000101111000011001010001000001111001001010100110010010100100001010101110001100101011110001001010
-1
0101111110001110100010010011101001100011100110101101011111110000100101011101010110000100010011101100
0010001100011100011100000110100011110000000010010101000111111011111010110011011110000111000101101000
1001110011000010111110111010011001000001100010100101110100111001101100011100111111110010011011011110
-1
1010111101011000110101010100111101010000001101010111010011011001111000111101101011100000000010010110
1111011001011001001011110010110010010010010000110010101101000100110000000000110011101100001011011011
-1
0101010100100111010101101111111011101001101111010110000111101111001111001010000001001101001010010001
-1
1010110100001011011100000100101011001001001110111010100111000111011101100101001000010010000000111100
1011111001011110000100101100100110011101001100100101110111101010100101000110110010111001101000110001
1001111011010000100111110101001101011011000111010111101101011111011010100101001111001011110001001000
-1
0011010111011111000111100101101110010001101001101110011100100100110011101010100010110110001011001010
-1
1011011000000001000010011110001111101100011110111000011001001001000111001001110010111100001001000101
1011110101110011101000010011101010001101000010011011011101011110111011110101110010001101001101001001
0001101111100110010011110101011101110011100010100100001011001100000110001101001000111111001001110100
0010001111101000010110001000111110000100000101101111000001001001100111100110001001111000011111000100
0100101000101100000101000101101010110110001000100110111111111000100010100010011011001100010111101001
-1
-1
-1
0001011000101100111110110001101000011110001000110001000100000111010011001001001000001101111000110011
1001001110111111000110000000110100001111011001001011100110100110101111011110100100110100110110011100
1100011010000000111000100001101101010110101101100001101000111110101100011011001110010100111010000001
-1
-1
0100000010110110101001000001111001001010010100101010001010000011111101101100111010100100101000111101
1010011011010100100110101100011000100111011101010011100110000111100100001011100100001100110011111100
-1
0101111110011001011001100111111100111101010100110011011111111101001111011110111010010011101011000011
0110010110010000011110001001000010011101110101111110001101010110010000101110101010111101101000100000
-1
1000010010101010010111101100110001000111000100110011111110110011000011001111100101001000000001111100
1011010011111101000000000011111000111110110000100010101011010101111010000101100010101001100100110000
0110001010011111011111100100000000111000110010000110100111111000111011001000100111101110000111010100
-1
-1
1101111111111111100011110011001011100001010010001101100110110101010000101111010101010010101001110101
0110100100111000011101111101000000110011101011001011110011001101111110100001110000000111100000010111
-1
-1
1000110001011000011111101011011110111001100110100000101010111000001010001010111110110100110011111111
1111100110111000000110100001011000101000110001001111111001111100001011010000001110101100100101110001
0001110101001110111111000101111100011010000000100001001110011101101010101010111101011110011000101000
0100100001101110101111011000110111011101000011001011011011111000010111100010101001101111110001001101
1000100010010010000011001011000110111010111110110110101111010101000111101000110111011100011010010001
1110100100110110101110001010011010101000110110010001111111000110001010101011101100010001000101000000
-1
0001101000100001010100100011001011000010000111001111011101100011101100001010110010110111001001110111
1110000011101100001011101111001110110100110111100011110110000001001101100010000001111011011111001011
-1
1100110000010001101000101001111110001001100101010010110110110111101010000100010000110000110001111011
0111111011110101111011000100110000111001100010111000101111100111011100110110110011011001101000011001
0011111111100001011101101001110101010000001110111011110100001101011100000010010111011110101110000101
0101101000101100011010000110110001010010000011100001111000101100010100001101000100110001010101111101
0001011101001100101111111101101111010110001110000001000000010001000000111000000001001000001110011010
-1
0101001001010001111010100000101110100011111111010110010011011110111101110000110011100101110100011101
0110001110100111100000010010000011101110011010001110101000001011000001001101000110101100100101011000
0100010001110010101011101111100111100011011001010011001000100100010101100010111100011101111010110000
-1
1101001111111001110111011001011000101100001011100101110010101100010001101111001001101101111100101101
0111101000010101000110010100000110000101111000110001011110000001110110000001111001101011101010011010
0001011101010011110001100100011101100000101111111111011001000011001000101010101100010001001010011110
-1
0101111010001110001110110000110011000101010101111111111100101000010000001111011101101110110111100100
0001110111110001111001001010000001101111001000110011100010010001100011011100101000010010100011101101
-1
0111011011100100001000000111000111101001011000010111010100000001101110001010011011100100110000000011
-1
0000111100101011110101011000011111111101110000111110001101110101011101000000101111101000000000110001
0110101111000111010111010010000001100000011101010101111111001111100110110010000011010001100110000110
1110111000001110101000110110001001000010011101000101011010100110111101101000110011011101111011000111
0001101000111010001111101111110101101011111111000100101000000101011010000111010000101001000111111011
-1
-1
1100100110011001101001000011110100010000010111111111010111000101110011100101110110110011110111011010
1110001110100110001000101100111111101100100010001101011110111001011100101010001011011010111011101110
-1
1101100100110111010100111000100110000001101011100111001101001110001101100011101111010110000011100011
0100100010001110011110001011101010101001000010011111011100110010010001110101100011111100110101010111
-1
-1
0010111111000110111100110010101101000001011111101110011011001110101000101100111110001010100000000010
0101011011011111000110100011100001101001111010110001101111100000110110010000011100110110111100101101
1111110100010110011001100001001100101101110110000100010011011100111001011010000101011100111101000110
0010101101011010110100011011111001111010000001100011000100000001111100111111011000101001000110000011
-1
1000100110101001000100010011011110010010111100110001010001110101010010000010010100101000011111101100
1111110111011100110001011111000011011110001000011110100010011110000100000011011110011001111110110011
0001100001011000111001100110000110101101100110101001010011110101011011011101101100001011110110010000
1111000111111011010010111100011110001101100010100000100100010001111010000010110011000101111110111001
-1
0111110100010111101000110001011001000110111101111011110110110100100110100010011011010011110100000111
-1
-1
0011101001000100100100001100011100000111111010010101111000001111011000010011001010010101100001010111
-1
-1
1111010110101000101000100011100101010110100001101001101111110111011101101010100011011011011101101111
-1
1001110001101111111100101000011010111101010001100001100000110110010100000111000100110010111011011001
1000000100000101101001010010010111011010111011100010000111001110110011111000100010011011010001110000
1101001110101110011100111111011111010111010001101111100100011111100101011111000010110001110011110001
0110111001110111000111100001110011101010111100000011000100111110111100111110101111110101011010001000
0001110100010101101100011100010001010100001110011101010000000011000101011101011101000111011101000101
1101000010100111010001011010001010100010100111100101011110001010000011100000010011001000010000010010
1101101100000111111011110010000010010001000001011110101011111110011011100110011111101001110011100111
0101100110001101000001100100011101011011101101010010100010000001100001101111110000101101111110000001
0110101101001001011110111001000010011011011101000100100100111111110101001100111010001000010010010011
0000100000010010111111010001011011011111110011100110000011001011000101011101101100101010001111110100
-1
0001101000111111100111110001001010010110100111001100101101000000001101011101011101111101111000110111
0010100100010100101111110001100100001101101101111101010101001011110001101011000011111111000010100011
-1
1000000010010001110001111111101111001000011101110100001110001100111101110110110010110111100000011011
-1
-1
0001101011001010110110100010111100011001110000000000111010011011100001110010010001101000011011000100
0001110000000100101111010010110000001000110001101101010100001011001110100011111111110011110000000001
0000110010111010110111110101000111011010101001000101111000010010001011110100000100111000100100111000
0101011100101111000000001001100011000011100101100010011011010100110010001100000101110000011111111000
1010011110001110010010101111010011000100110010100100001100001110100111110110101011000110101100001011
0001010011101111001010100111010110110111011000011100001000000111110111100011110000011110011100010100
1010101011110001010100101101100101111101001111000011101010010110101101011110001101110111100011100100
1101101011110100111101100010111101110110001110001001101101010110101111100100011011100010000001010111
-1
1101110100011111101101110001011010010010001101010010100011111000100011010011011000011010001000101000
0101010111000100000000010011010000110000100000001111010010000100000011000001100111011100010000011110
-1
0101001101111110010010101100101000011111111000101101100010100001111000000011001011101100110110000100
0010000110000001111010100110000001010101100110010100100010011111010011100110111111000100011110110011
-1
0000001101100000100110100100101000110000100010111010011101110101010100010001011110101110110011010010
1110011101100010101010100011111100100010011111011100110110100001011011001100111110100110010111111100
0001111111101001101101000001111110011000011101000101110011110110100110111010101110001001100100100001
0111011101001110010000000000001000000111101011011010111010100001110101101111011111111101111100101010
0001101111110100010010011111011111000100000111011101000110001110001100100001111001000100110101010011
-1
1011111011000110001001100101111010101010001100101010110000001011110000000111000000000110111111101011
0011011101010010100110111100110001001111111110111000110001111111000100110000011011000101101011010101
-1
-1
1010000100100101101000010101011101101110010111011100111010011110011101010111100110111101101100100011
0100011001010010100100001101100101111010001001011110001000101001001001111100111111011101101111111001
-1
0101011101011101100001111010111011110101110000010101111000010001011111101100101101110011111011000100
-1
0010001011110010101110000010100110001001101100001000100100110111100110111000001101011001111000000001
0101110010010010110100001000100110110011100111011000010001000111010000010010001010110011110101100110
1010110000000110001111001101110011000101110001010100101101000101001001100011100001011000111110000110
1110110110110110101010110001110011011110010000110001000100000111110101111010000101000000100001111000
-1
1111100110011111111000010101100100110100110101110110010111011000110111010010110110011110100101110001
1110101011001101111000100000011011000010001100011010001000000001111011011101110010111111111000100000
-1
0001011010001101110000011001101111001111000000010011000001000110011011001001001001100110101101100111
0010010010010100100010110001001010100100000111001011001110011101010111110010111010100010110111100000
0011100111000110111111101001001100010011001011011100010000010011001000101110000010001101111010000101
1100011001101011100010100111010001111110110101001101110011100001111111111000100100101110000111110100
1101011010000111011011100110111001110010000100010010000001100100100001001101110100010010000110111100
-1
-1
0011001110110001111110100100101010100011101100000001110000000110001101001000011001110101111111111011
-1
0111010011010100110000001100011111010001110101001101001100001101101111111100101000000111010001101010
0011011001000000100010110100101111011110001010010001110011010000101101101011011010011010111100111011
-1
-1
-1
-1
-1
0010111100110000010110100111100100101111011000011111010110111110111111011000001100100001010011000110
0000111111100010001111100100111001101101010000100001111101000100111100100100100000000000100010100011
-1
0011011100100111000001001100101110101101001101100010000110110101110001010100100111000111001101001000
-1
-1
1011110001111101011111101111101001001101111100000011111010011001011100101001001011000100100101011100
0100100000111111111111010110010111111010000000010011100110011101000000010101111010001000100001010011
0000000001100111110001100111010010111000010101101111010100111001000011101111000100001111110101100010
1111011101111100000000111000111100001110111100111011100000110011011100110111110110100100101101011001
-1
1000111110001100101110101101100001100100010101100001010010001001001111010001000110100111111001101110
0110000011111011011000111111111011000100100100000100110100110011010111010110000100001110011000101011
1110010100010101001001011000100000111001000000111111111000101011101000011000010000101100001010010110
1000010110100100110110111101110101100100101001100000100111101100010110101010011010101001010101000010
0110111010011100010011110111001111000111111101101111101111000010000000001001110110010101000001010110
1100000011110100011000011111000110100100000111110011100100101011000011100010010001101010000101111110
0000001000011101011110101011011100011010011111000001011100001000101110110100010111111110011101111110
0111101011110111000111010100010011001011010100101011100101010100101101011100110101101001101011110010
-1
-1
-1
0111011100100000010000001011001011101110111100101011000100001011010110010010101000101000111110100001
1010111101110100100110110010101010010100100100001011010001110001101010000110101001100110001011011001
-1
-1
0100101011110110101100010111000111010100101100110110110110000110100000010000001000100011110011011000
1010111101010001101000000111001001100101111101101000010101010111111110100010100101110101001010110100
1100100100000111101111010100000010001011111101101001111101000000000100000101010010100000001111010111
1110001111000011000000110100101111100010001110111001100111001101101110110110010011101101001011101011
1101110110001111110111110000110000111010010110001001011100111101111010110001101010000100110010001010
0110101101100010101100011110101010010110100000101101010000100001000001010010001010111100101001011011
-1
1111000001001000000011001010100011111110011100111011101001100010111100010000101111010101101110100011
0111100110101100000100101010001000010110000110100000101011001111000100101111000000010000000101010011
-1
-1
0010111011010101101011000101011101110101110111110011011011101111110110010101101111101100111011010110
1011101101111101100001110100110000111110000000111001000010101111101001011100010011011010000010011101
-1
-1
1011001011100100100111100011010110100010011011100011010011110101001001100111100101001101011000101111
1101101111001101010010000101001010111010010100001101000001000100011010000111101101110010000111010011
1001000100000011010111001111100011010001001010101011010110010101000100110000010001011111010011000000
0011101100001100110000100110011000000001010000000100000101000101101100001100100001110011100011001001
-1
-1
0101100010010000010011010100111011001001111011010101000110101101011110101110100011110010011010011001
1111011111010010111110011100000010001100001010111011011110110001101010000100101110100110001100010000
0101000010011101100110101100010100001111001011110100110011000110101010100000100000010011100101001101
0101101111100110100100000100101101000100111111111011010000100101001001000101010110000101010110110100
-1
0111100100010111100001101101111100110100101000111100101100011100000100111010001100010110010100101100
-1
-1
0101011101010010001000001100001101010100011000111111101010101100010100111001100011011000110110110000
-1
1010110000011101010010100110010100111101011111001000000011100011101111110100001100100111011011100000
-1
1010010010011011110110101101001000011100111111000101100010000100000110101010111010100100110101110011
-1
0100011110001110100100100000000100100100100101111110011000000010010111001010111011101001101101001001
1010000111001011000111011011000001110100110000010001100010111000110110000000101000100010001011101011
1111000011101001110011110000101001100001001010111011011101000110101010010011101010100011001110111101
0000001110101001010111101100111100010110110010111110100001011100011011000100100011011110010100100100
0010111100001101011111010001010101001001101001110010111111010001100011011111000001000100011111010101
0101010110011000110101100111011011000110000000001000100001010101001101000010111101000110000101000011
1001011010101101011111110001111011001101011011011011101011101111111001100011000001110100011010010110
-1
1011110011000100111011101100001010101101000101111001100011011000111000010110001010111000110000000010
0100111100100101010110011011000111010101100001011001101011110011100101000010100000101111010000000101
1001010101111101100101100100100110000101110011111110010010100001001010100001000001100100100111110000
-1
0011000111111100010010100111001111011001000100101011110110111111111101101001001101001011010100110110
0101000010000111010001101000101101111011110110010001101011000001111000110110000101000100010011111000
0111001111010110111110111111110101110101100111011100011100110100010011101101011011010101011000001101
1010010100011000010010110100010100101110011010111000100000100111001111001011010111111111101110011011
1101001000011011001010111101111001011001100110100011111001010001101101011010000000000001111101010110
1000000001110100110010010110010101111101011101100111110111011001110011010111110001010100110110110010
0111011100001100110010111010111111011101101011110010010000000011010010110001111010101011101011100011
-1
1010100011000101011111000110010110110111011110010101110101011001000011011110111000000010111101010110
-1
1111001011011110010001000101001110101100011110000000110110011000100010001101001001110011101110001110
-1
1001000010111111110011011010001101011010100001001111101110111010101000001110101000100101111011101001
-1
-1
0010100110110010001011111000100000100001000010100000000110100111111001111100001010100001011000001010
-1
-1
1101101000001100111010111000011110101000110011000110000111111100110000010011000100101000110111111100
0001111100110100000110000100001000001000111110110110100100110011111000110110000010110111111001001101
1100001110000110011001000110010011100001011000101101001000111011010011110001010000010011110000001010
0010101111100110110000010010010101010011110111010101100011111110100001011010001110111000011011010111
0000101011000001011000000000011001111110001010101110001001101010000010101110110011100111001111111001
1100101011011000111011001010100001110010100011111001101110110110010000010001110110010110100110101011
-1
0110111000010101000010010100000011110011101101000100011110110110001110001000101000011001000000111001
0110101000001000101011001100011000001101000100001000110101010110001010000110001010001010110010100001
-1
1011010101010111100110111101110101001011001000101100001101011000110101000100001010110100101000011001
0101100011111101010100011111010110001101111010101100000001100000010010111101010111110101111001100110
0101110110101010001111101101100101001110011110000111011011010000111010010110101010010001101101111010
-1
0111110010001111011000001001010011110011110000101100001100111110001100110001011000100010100010011101
1011000000011110001100111111110101100110101100100000111110100100101001000010010001111000110000011010
1001011111111010000100011010011110010000011101010010101111110010000000111010101011101100100011100001
-1
0111000011101000001101000100111100110111010011101000010000100011001010101001101011011101000101000001
0110111110010001011000011111000101101011010010110000110111111110111000111110100110010101101110110101
1100011101010101011100100110111110001001100110100000011000110001010010110100110100110010000111100101
1000001010011001000101000000101101101010111000111011000010010011110010110110011010100001110100001001
0011100101010000001001100010100001100011111111000101010011110011100010111000000011010111110000000101
1000001011111111100100000111100110001101000111001011001001000010111001000101111010111110001010111011
1001110111011110001011110011001010010110010111000100000000110000001101101011110010101111010001100111
0010101110101000111011101000111010000010000110100110100010010110000011101110001000100011001111011110
-1
0101011111000100000111011110000101110011100010111101111011010011011110110111111001110010000011100000
-1
0000001010000000101101101000010100101001101110010001010101110110001101111100000100001101010000000111
1000000001110000110001011100100100011010101111011111001000010100101101001101101000111111110000000100
1011111010010100001010101001001100011011000000101000010001010110101111000110011100101001111001001110
-1
-1
-1
0110111010010101100101100011001011110101011000100110001010111111110000010011000011000101110110010000
1101011000101101111001101100111100011111101100111010111000001011001110001001101010110000110010111001
1000100100011110110010101010100110000101001101111110111001011011110111001100000001100110000001011101
1000011111001000001000100011001010000110110111100011000100100010000100011000000100101111100110101111
-1
1100111111010010101010010110111000011010000110111110001000010000101110101001010100110100101001110100
-1
0011110000101100011100110010001011110010111110001111001100001100111010110011101110110111010110000001
-1
-1
-1
1011010110010010010011110111110000000100111110101001101010011101100100110110111000011100001000000100
0101100000001000000011100110100111110101101011110001010111001000010101100011110001010101010110000010
-1
0000001100010010011111011011101100000101011100000010011110101001101100101011000001000110010101010100
-1
-1
1110101111100101011100010001000001000111000011010011101000010111101000010001110011110111001111111011
0010000001010000100001100001010111101110011000111001011100110001001011110111011011111011100001000001
1110010110001101110111001011000010101101001111011011011111101000011111110110101010101000000001111101
0001111101101001010111110101010100001111100011010111001101110110110000111000100001111011101001001100
0000011010010111101001101101101101111000111011000100011110000010001000110011101011010110111000101000
-1
0111000010110110001101100001011100011011100001101111110001001110001100111111011011011010011011001101
0100101100001100010010010100001111111010001101001010100001110100011101000110000001111111010101100100
0100100100101100001000100111011001100100011001110101010010001001010000100111110110110010001000011011
1110110101100111111000000001011110010000100000100001011001110101001111110011110010101010001010100011
0101010000000100100110100101100100000000100110000110101010100000011000110100001010011011000001001110
-1
-1
-1
0110010101101010000001100110110011100001000011010000100000101000010100001000101101000111110110100110
-1
-1
0010000100010011101111000100101110110110001110010101001011010011011101100111010011100111100000011000
1001001100001001010111100101011100111001110110111000011011001101000011011000010110001011101100010011
0110000111101111011001000110011011111111000101100100111111010010011011110001100100010000010000011010
-1
1010110011001101101010011111000111000111011000010001101110111001010001101000000100100011001100110001
0000011011011101000000111000001111101101100000100010001010100100010000111011001000111110010010100111
1100111001010011011110111010110010011000101101101010100100101100100111010100010111001001010000100101
-1
1100110011010000111001001000011111111101111000011010101100110111000011011111101101001100000001010010
-1
0011110011000101100010111101011110111000000110110001110110010100100000111101000000001010100001011010
0110110010001111001001001011011001010100000001111000111111100101101100111110001100001100101110111100
0000101100010000011100000111011010111110000110011000110101011000110000001011010010111000000101100101
1011101100011100101111001010011100011001100011000001000110101111010100101011101011001100010000111101
0010100111000011100100111000010001110111000010001001000101010100000110111010110001001100100001010110
1001001001010011100011010100000001111110101101110101001101001010010010111010010111100110101001011011
0111011101111100111001011001000110010111000101110110110000011100010101001011000011110101110101011010
-1
0100000011110100111101111101001100010000110101001101100101011011110100100001011110010100001010101110
1110111010100100011001101000001101101101010001010111111100011001000001001001101001010000000101011101
1001111110010001100110001001101111111111101101111000101000001001001010001000010111101011110111111111
0001101010101011010010001111101011100010010001110000010110010101100111010011000010110111001111110010
-1
1000010110111010010111000100111111110001010111101110001100101011010100010011010001110101110110011100
-1
-1
0111100101110100000101110111000010011011000010011001100010010011101101100111000100111111010111111101
1100010000011101110111000001010000000111000011000100000100101010111101001111101000000110111110110100
0100000001111011100001011000101010100011000001110000001001111011100001110000111101110100011110010001
1111100011111000001011110111001111010110001111010010111101110101101101100111100100011110010101110110
0000100001111010011011001011000101000111010100101011001110010010010110101110100011111001101000111101
1000001100100011000001100011100111111011001000011110011000011011000010100101001001101110101101001011
1000101100100010010001100101100011010010111000011000000001110011011000010100010010101100001110101010
0110110111100100000100100001100110100001101010100110010001100000100111110010110000101000110111100001
-1
1010111100110000111011010001010010111001100001010010001011100001110011010111100111000101011100000101
1100001001010101000111101101111010111001010010111010001010100010100011110010101001100011001000000011
0001110010100110101101010101010111101001100101111001110001011110011100001010100010011011100010001111
0101101001110001011010011000101001010001000101111100101011101011010010011000001001100000000000001010
0101011011011111110100000110010001000010100011010110000111110001100010010110000001110010100001101000
0100010000100010111000001110011010011011111111010010110010111111111100101101001101010101110001010111
1001101100101011010011100011001010011100010110011110010111011010101001001110110100000011110100111000
0111100010000001000111001111100001101000001011000000100111110001010111001101101011110010010101001100
1001100101100100100100000000101101011101010000001101001101001111011111011000000111100110011001101111
-1
0100001111001110001100101001000111100110110010111000001101110111010011100111101011010001001001100001
0101111100011010000110010100011010111101101110010110010111111110101011101100101100100111110100010101
-1
1001010001111111010100001110110100011001000111101011111110101111000111101000100110111100010111010110
1100110011000110011011000101101100000000000111000010011001010010011111100101010000000111011101010111
1110110101011000010000001001001101001001111110101110000010110111011010000010101110100001011001000001
0111000011011111111010100011110011000011110101111000011010111111110100000110101001110000100110100111
0001011100110111001111110100101111110001100011000010001101000111100111110101011011100000000000100001
1011001001100101011000001000001000100101001011001011110100011101110100101100101001011100101110111111
1001101010000101101000010110000001101110111110001001100100111011010101011001000010011100001010001110
1110010011000000101000001110001110010111001011110011001011100011010010001100100111100000110100111011
1101100100010010111011001011001011111101010011000111100100101011000110111100001110010110111010101100
-1
-1
-1
1000110101000000001101000101100100011000001000010111011001001111100010001010011111100111101011011001
1100000111101010000001100101111000001011001111000100010100111001000011010001111000011000001110000100
1010000010111101110101100001000001111000001101111101111100100111110000010101000101101010010110111010
1110010000100110000000000010111111100010001001111001101000110011110110111011110111110011101010000100
1101110100101011100110101101000001010000011000000101110111011010101010111101000001011001110010111010
-1
-1
-1
0100001100000100001001100000111010000000000011011110010010100100101110110100111101101111010101000011
0010010000110010001111010010110111100101110111011000100111001110010000011101011010101000000011010101
1011100011000101011010011101101000010000101100001110011101110001101111111101010110000000001011000100
-1
1101110110100000000001100110011111011011110000101010100010000101000011010111011000101011001111001010
1011000110011001000010110110011011000011111011100100110011000011011000110101010011101011111000110011
-1
0111011010010101110001101101010111111010010111110110001011110101001100110101011000001010100010101100
1001000101001000101110011001110100100001011100011110111101101000111111010111101010100111110001100100
1011101010111110111011101111010001101001000111100100101000111111100110011011001000101000100110000010
-1
1100011101011001101000001001101000111000101011001000111110110010111111000001111010111000100011110011
-1
1111011111100000101111110010001010001001001010001101010000010100010110001111110110111000110100001110
0011100001101001101101101100010111011010001100111111110000101111010100011111011010010110000110111000
1101100010001011001010110001111001111011010010110010001111000011110001110001010011010110111111111101
-1
0111001110011101000111010010011010100100111001000001010100110011001001111001101111111111111111101001
1010111010000000001011001000111111100111001011101111101011110110110111101111010111110110110111001000
1101011111111010111000100010101110100000110100010100111110011110000001000001110001101001001001101100
0010100011010111001111101100100100111101011111111000010010000010001010100101101111001110001000100011
0100101001001101111101001111100101010111101001100001111011101000110011110000100110100001110101001011
-1
-1
1100001101101100001101001111010100101101111110111110100010111000001000101101010100110100101011110000
-1
-1
-1
-1
-1
0011111101111000101001000111010010010000110101001101111010110001010111101100010101101001000000101000
1010001001010101010011100110110110111111011101011111010001010110011101010100110110110000111010100011
0010110110100000000110001100011101011011110100011001000101001001110111101110010101010100010111110101
-1
0101001010101101000000111101010001001011100011001100110010110100001110111111011110010011110101111110
-1
1000001110111010000111011010111110100000101111100101000011110000111001001111010110000011111011111110
-1
-1
-1
0000111001110010101111010000110111001001000011100001000110100010001001101100011111001011101100111000
0101000010000010100110101101010001110101101000011011110011101110011001101001010111110001110100000000
-1
-1
1000101111101010110011011111110010010000011110101001011100010001110010001011100101110010001000101101
1110110110110010001011010001000001100000011100100100111101101001001110100010111001001110111100001001
0010000101101100101011001110101101110011011110010000000100011110011110001010100100000110001111101100
-1
-1
1010011100110101001010010111001001010010100111101101111010100101001110000011101011011101001110010110
0101001111010110011001100011010100001001001111111111011110100011110000111000101110110011010001010001
-1
0110011010000010110100100110111001011111000110011010111100100110011001101001101000101000110111010011
1100001101010100001010101000001100011000010001110110101110011101101111111100101011000010011010101111
-1
-1
0111111000010111011000101101010010100100011010011110111001001101011000100001001111011100010010110010
0100101011010100000001100110000100110000110110001000100101101110101000000100101111111000010010101101
0111100100001101010001000000101110000011100100111010100110001110100100101010000000110000111010000110
-1
-1
1110010001101111001000110110101111010011111000001010110111111011010010101100101000011100110010010011
-1
0110011000100111010001001100001110111010011111101100110100110110101001000100011110000100101100100111
0011111110001010010000101101000000101101110011111100100010111110100001001010110101101011100111011001
0101110110000100101100001111110011100111000011010001000100101011100010101000000011111011001110001001
-1
0011011000000110000101000100010001111101001110011110111010101011000010111111101010010111001110100000
-1
-1
1011011001110000101100111111101010101101101110010101100000010100100101110010010100001101010100001000
0110011000110010011101100011111101011101011110110100100000010011110100100000011001000101110110001001
0101001110111101101111011111010010010010011110100101000011001011001100000000111110111011100001100001
0010000010010000101110010000110001001110011000110110110100000101011101011111010110000100111010001110
0101101110110101000011011001111011110110010101101010110010010101011111011101100101011101110000110010
0111111010000110100111100111100011111110111000101110010000001111010101010111001100101101111000001001
0100111100000100001000011001100100100011011111101000000111000101101000101100001011111001010011011110
-1
0111110111010110001101101110101011110100001001010010010101110100001010001101100011001011111110110100
1101000111111000010101010011110110011011100000011101101111001100100011011000111000110011000111100010
-1
-1
0001000010010110100000101001110000101111000011000010010101110100010010011011001010010100101000010101
-1
-1
-1
-1
1011110011001101011100111100000110100000010010010011010100100100011101110001100111011001101101101111
-1
1100100001111110000010110110110000010011100000010000010001000001011010101110110001011010000100001010
0011011111101001000010011111100110111011111010000011010100101000001011101111000010010011000101000100
0111100001000110110111011111110010001101010111000111011000110000101011110011111111100011000010101110
0111001010010101000111011101000111110001000110001111011110111111110011111110100100110100010111110001
0001000101110011011011100111001000101000000011001100111100010100111001001000101010100010000011010110
-1
0001110011111110000010000110000110000100010101100010100100000011101111001111110011101101100000001100
0100000101101011001010000111111011100001010100001111001111001111100111101100111011000000111010111100
-1
-1
1001110110111110101011101100001011111101011011001111011111101101010111011001000010011001101110101000
0111001100101101000100100010011111000110010011100000111010111111010100000111000011010100001011000010
0100001011111101101010111101100100110100110000000000110011110000000000101101001111011000001111001010
0010000000111011100011010011011101110000000111101100100111010110100010010101001100111001000101111010
1100111001011111000010011000000000011010100011101010000110001011100101011101001111000101010110100110
0101101001010010010010011010011110010110110110110010011100000011111111011110011000000101010000111100
0100100000100110010011000100111101011010110111101000101111011000100101111111110101110000000110001001
1110000010111001010010101100000001000100000001101010011011000001010000011010001010010001001100111101
0100011110000001101101000011111001011100110100100010000100010101001101011111010110100010110100111010
0100001001100010110101110110001110000011001101001001001111011100000101001100001001000101011011010100
-1
0010000111001101010001100100010101110100001001101101100111000001110011010111110011010111011011101110
0010001011000101111001111111101010111101011101011111110011000011100100101011101010111011000000001110
-1
0000011001010001011111101110010110011111010101001010001101111110110011111100000100010000111100010001
1110001011101011011101010101100001000011010000010100000001011111100010000101000011101111110111001010
-1
0011000101000000100101001110010010010111011001011011110001111001001010100110110001101101010001011111
0111111000000110001111001111111000000111000100001000100110000111111101111111011100111011010000001010
1000001100000001011000010111010100001100101101101011101111110110001000010101010000001000110100110000
0101010010101111001101101000101001100010010000001011001010011100101000110101111111000000001111001011
1001110000101001001110101000011001111011001110000110001110100110010111000101010001000110111111110010
-1
-1
1100001001000001011000000001000000010110100010001110010000011111111100010111101011100101000111010110
-1
1111110111000001010011101111111000110010111011010010010110011010001011010011100011010101000110011010
1101011101111011001111101011010100101110110000101000100111100111100111101111000111110101101101110110
-1
1100010000111000000011010110011110011010010001010101111001011001110101100000000000100011010001100101
0111001010011100001000110011111111101101001011000000111111111011111001100101010101101001111111001000
1100101000010001110010100001111010001100101111001011101010110001001000011000011101100001111001011100
1101111010110101010100101010010011110011101111001111110110100000010100000001101100110110000100001001
-1
0111111111100101001100101111010001000011100011000000100100100100100100010000111110100000011001100011
-1
1101100111101011010000111001011101110010011011011000111000110010100000001010011101100001110110011100
0010110010010100101011111101110111001010010100111111110000111100110110110101101001110110000111011100
1001111111010111011000111000110111000110100000001110011100000111110100101101011100110111011100000100
0101101010100110001111110001000100111011110001111101001110001000011010110111011000110001000000100100
0000101010100000110010001010111101010011100010101000100110110010101101110000111100011000010000100010
-1
-1
1001111001100011110001011000001111011101110010101001001001000001101100111001010101111111100101100110
0010101110010100011011110111101011111101110100110100000010011011110011101000110001111000011010101000
1011011000100100101111001011110001101010001111000101111011011010010101110011110111000000101101010011
-1
0010001100110001010101001110001110111000000010011010100010011101011000001001000011001100111001011001
1101011111001011011001000110010010010001101010000011110100101000001101101001111001010011011000111011
-1
1101111011010011000011101111000101101010011010001101111001010111000100001010001110111011111001100011
-1
-1
-1
1001100110010110100100001011100000100000100111100011011101111011100010100111110111110111011010100011
0000001011110000101001110010110000011000001100101001111011001001110111000010101011101000101100000001
-1
-1
0110011100100011110010001111111010001100111011010011110001100110101011011110101110110111010110000100
1010010001110001100110010100001100011000001101010010011111011000100000001011001101001010001001010000
1011001000000001000010110111001010110100101100001001001011100001001110100001001100001101000110110000
0101000101110100001100100100011011010000000111100000110101101111000110101001110100001101111010110111
0101111001001110011011001101101010110001101000111001100111100111111110000110101101001001111010001000
1010001110111110110010111010001100011110100011011101100111011101101111100000100101100110110011100100
0110011000001100100111000100100111101101100110011010100101010010001111000000000010010100000000001011
0010101110111001110110101010111001010001010101110101101111100100001001101111100101100100111101001110
-1
0001110000001011111010010000010110010110101001010000011100000010100011110001001110010111011111111100
1000100011110001100000001001000110000011100010101001001111000110001100011011101111001100011010111010
0100001101011000001011000011010100011110001100010011010011000101011101011001110110011111011000101000
1000010101111001001000001111000110010001101100110001010111101001011011001111011011011100011110101011
1100001010101101000001001100010001100011000101001011011100110110110111111000110001000100001101001101
-1
-1
-1
-1
0000101001001011100010111001011010010100000010010101010000011001110000010011010100111001100110110010
-1
-1
1000111110011000010011111011000101100011011110101100100101110010111010110000111101010111000110100101
-1
0101000100101100110011011100101011000000010001100011111100011011110100001111110010000101100000110001
1001110000100110001010010000001010011001000011100000011010001111011000111000101101101011001111100011
0011000110111101111100111100010011101110100010111010011001010011011110010110001001100110001001110011
0101101110101111100011101010011000100110011111000101000010111000001110011001110111100011101000100101
-1
0111011010110010000100001100110011111001101101010101010110011110011110101110111001111101011000010111
1010100000010101100011011101100111010111101000111100101101101100100101010010010111011111110111001110
1000100010100011010111111110100101110110000011100010110001100001011111000101100110010111011001010100
0111010100100011101001111011010101111011010101110101001000100000110110100000101110111110101000110101
0000010000101100011000000001000101011110110011000110111110100111000010010010100000011011010111100010
-1
-1
1110000010101110111110000110011010001010100011001101000111010011000000001111100001001001110001110000
0110001100111011110000101111001001101010010111001001010000111000110001010000111101101110000100111111
-1
1111101001001000000011100110110101100100001010000000000101101000110001111001100101110101110100001101
0101101101000100111111001111011001011101111011100101011100101001011111011101010110100100110111010011
-1
0000101011001101101100010001010101011100011111101100000111101101110010111101111011111011001101100110
1011010100110011001100000101001001011010001000101101110000101000010101110000101101000101100011011001
-1
-1
-1
0101111110110100010111000111100001110001001111010100111010001100100011010011011010110001011000110001
0110101000001111001101000000101011001001100111001010011000101111101111011011111011111111111110000101
1000110110010101010100111000000000111100000100101010001010010101110000101011100110100001000111100110
-1
0111000010010100110011101000100010101101101011100001111100100111011100000000011000001100010110010010
0101010101000111101010101011100110000010101110110001101111101000111101001110010110001100101000011101
1001110011100000010111110111001011111111110101100110001111100101011001100011010101000100011100110000
-1
0101100000101000111010100100000101000001111101000000100011010110011011111011011011001110001100101010
1001000100011101011111110011001111010101111111100011101010101011101011110111110110000101100111100000
0011000111110011001001000110010011100110010010110011101100110111000010010100011111001000010010100110
1011001110110111000001001011010100011111000100010110100100110110001101101000011111111110110011110101
-1
-1
-1
-1
0101101011110111011010111001001101101010011110110001000010100011110011101111111001011000100001111101
-1
0011010110010011100010110001110000011001100100000001101111100011110001001001111101010110101101001010
1001101100101010100110110001100010001111101011001010000111111010110110111110011111011101101111010100
1011010111000010010101010000001011001111001101110011100110111111010000000101101001011111000010110010
-1
-1
0111111111001110000010011011001101110011111101101101001110110110101001110010010001000010101101001000
1101001110000101111111100011011111101010010010011111000001110000100000000010110110101001010011100101
1011100110001001011100100000110101111010100111000111010010010010010000110110100011000100110001011011
0000000011110100010100100000101111010010010000110100000100000110101111010101000010100000001100011010
-1
-1
1101111100010111101110011011000000100101010110111101100100000111111101001000010101010011011011101010
0010100111100011011111100011001100111111001010000000010001011011001100110111011101110011010100110100
0100000110101000000001101011100101110011101000111010000011101011010100011110010111101010010010111101
1101111000011111010010111110000101100001100111110111011010111010001101100011110100110000100011111000
1001110011000100010011111110000101110101101100100111000011101011000001010111111110111000110001000011
0111010111111001111011110010100001110101010010101010100110010000001100111001111000100010011011110101
0010101100111010110001001011001111100010111110000001011110110001101111011001111111100111001011111101
1110000011000101100001010100101100010100010001000110000001011101111101111001011001101000010001000100
-1
0110010100111000111001100100111111111111101010010011001001011111011000010110001110100110100000101101
1111101101110010010110101001000111010010001100100000100010000110110110011111110110110001010111011010
0111000100111110100010001110111110000010000011100011100010011000010001100011011101110111110011110001
-1
0100001010001101101111000100000100010011011001010000001010001000100010110010001000001111111000101110
1111101000111101101111100110101110010101110101001001101110010010111001100100101111011011101110101110
-1
1100001001010000101001100011110010011011111011000111010100000011001111110010111100101001011111110110
1010100010010100101110110101000100001110001110011001101100111110101110100100011001101000000101000101
-1
0010111010111000100010011011111101001010011101100100011010000110001010110001111001100001010001100011
0110110111000101111000010000011001101100010111010001110101100100110010011111011000101110010100000011
-1
0101011100111101010000001100011011011001011010100110100001010011001111111011111011110001101110011010
1110011010000111000100000010111110110100110011111001100111111100100110101110111011110010101100100111
1111011101110101100010010001010010010010000111000000010101101000011111101111100010101001110101110000
1011010110010011000001111001001010000101010000110100001011001100010011010010110001110110000101110100
-1
