57302
267326
297560
84556
272159
33625
284586
303507
331185
273883
151913
261936
250651
87872
31180
252941
272159
69249
284586
13608
179272
167307
326954
151913
69249
16214
142885
286125
262630
29558
69249
40620
166960
185524
13608
282080
316997
66189
79717
251468
69249
290565
12735
69249
2185
317577
68555
260903
246629
70013
232265
163238
69249
79717
66804
80534
188300
13608
230212
274369
142885
293658
78244
167307
323216
287553
188300
59026
78244
27678
326514
4231
251468
68555
70013
166960
49105
188300
252941
262630
70013
272159
66804
86612
14253
69249
305306
264381
166960
87872
166960
78244
244573
260903
286384
308231
188300
325067
164225
188300
262630
188300
326514
246629
286384
261936
69227
312012
98920
79717
5256
252941
282080
301627
331185
55294
261936
142885
244573
252941
232265
164225
185524
33365
70282
261172
46599
70282
282080
319003
78244
8591
248193
57021
274164
304589
282080
272159
12534
167947
17728
286125
312012
84556
166960
326664
266538
33365
77673
67905
179272
301627
188300
79717
185524
260903
274369
274512
267326
248193
98920
70282
80534
274678
325208
167947
11488
26102
14054
3789
188300
263280
57021
248193
163878
56816
284586
16615
82992
163238
266538
142885
320874
304619
167307
167947
260903
22555
45060
301627
261958
273883
243313
179272
166960
84556
82992
250651
36104
301627
78244
70282
84556
282080
79717
188300
312012
164225
33625
87872
179272
70013
275891
87872
179272
57302
179272
37826
151913
232265
59026
273883
67905
329752
290565
179272
6118
66804
179272
267326
77673
317577
82992
5485
164225
179272
261936
252941
185524
166960
311896
69227
319003
181325
166960
262630
163238
164225
248193
290565
142885
324566
87872
244573
163878
57302
264381
188300
292489
86612
244573
244573
69249
286125
246629
57302
79717
266538
250651
163238
84556
261958
290565
273883
322974
300005
232265
67905
296622
70282
100973
317062
295081
77673
64647
274512
163238
272159
260903
318651
274678
166960
64647
31930
167947
166960
322690
260903
232265
252941
330003
98920
40620
59026
57302
260903
266538
167307
56673
56816
151913
167307
167947
250651
66804
57302
246629
263280
78244
185524
319158
251468
322974
164225
326514
284586
98920
185524
25879
274512
282080
327843
69249
274512
292373
319003
44801
167947
37826
188300
266519
274512
188300
251468
331185
56816
84556
12027
325588
299255
151913
290565
253512
315537
286384
244573
142885
64666
308630
167947
274369
31180
69227
163238
37527
22555
252941
31930
151913
67905
7832
273883
163238
329102
163238
260903
263280
179272
185524
264996
296622
79717
78244
163238
66189
317514
261172
267326
167307
167307
304589
304589
179272
56816
252941
297820
167947
163238
262630
22555
264381
261958
167947
274512
163238
87872
329431
179272
260903
33625
166960
2392
163238
163238
262630
145661
56507
84556
299255
331185
78244
44801
8591
167947
266538
316932
142885
4430
57021
263280
142885
316997
45060
274678
56816
77673
57371
166960
98920
151913
151913
33365
264381
145661
49105
250651
69249
300005
291132
56507
78244
304589
67905
167947
260903
324351
19173
262630
185524
274164
70013
287553
328587
69249
326774
46599
84556
166960
272159
232265
317802
78244
78244
253512
260903
151913
36666
40620
56816
40053
70282
262630
232265
167947
151913
78244
13671
163878
56673
326189
57045
77673
151913
264381
188300
167307
49105
44801
84556
248193
145661
67905
4831
142885
66804
325032
12027
243313
33625
244573
19289
322292
274678
252941
274369
142885
318792
273883
57302
325582
163878
264381
273883
188300
250651
305665
167307
312012
68555
243313
57302
57021
243313
286125
164225
297820
179272
264996
151913
290565
22555
10178
70013
164225
251468
291132
312540
304619
185524
55294
145661
243313
163238
293704
324291
12423
325582
29558
142885
252941
26596
303507
252941
273883
273883
246629
266538
282742
68555
