215808
225721
9951
244560
71655
262757
102236
51264
281610
69071
215808
67399
111155
50762
289006
66309
246442
227904
21543
220217
275148
244030
279575
233859
130713
231823
226473
223874
243647
69071
253865
48812
68319
245980
18192
102236
244560
227393
5698
227199
233859
114915
164079
227852
114013
224754
102236
244560
275187
3078
275687
130713
74575
66309
29880
227393
267273
72064
227852
192556
215808
244560
14663
114915
1899
280123
291341
25074
69071
26185
50235
70918
242434
243528
24719
70918
277935
253748
215808
114915
36043
227904
242434
50232
183637
66940
67739
262757
238277
67593
204084
46075
70918
24778
228760
245475
199327
70918
229362
286489
220217
67739
223137
62969
267273
245475
106286
247708
1813
214565
232010
114915
95465
243528
36043
224754
224754
226473
114013
71655
130713
56962
192556
74575
50762
290606
22132
21607
232010
35187
114915
199327
69071
192556
90708
222728
220217
279575
274115
270014
50232
8303
4360
66222
244560
253748
6801
70918
90708
223137
60933
233859
237830
267273
48812
48812
29880
223137
289078
18158
47084
19365
70918
111155
164079
11021
67739
52521
9648
291382
223874
229362
51145
183637
65430
236194
69071
236194
278459
228760
69071
78984
229362
214565
180779
274337
284028
67739
114013
183637
27519
4221
275148
226473
130713
228483
290054
199327
282385
67739
282111
275427
90708
51264
225721
60933
32035
16301
95465
238277
50235
69071
204084
35187
262757
50235
69071
74575
233859
52521
243528
223137
292885
66309
204084
227904
19605
15994
58598
264912
253748
228760
273511
69071
68319
164079
280458
294239
66888
236194
66940
90708
24778
66888
242434
70918
13182
66222
227393
74575
66222
2384
228760
50235
204712
225721
278798
49317
65430
33155
66032
130736
226473
12407
232010
231823
46075
264912
27519
66309
275687
65430
66940
80227
214565
262998
102236
41044
50762
227393
243647
95465
183637
60933
244557
277417
264038
223874
65430
74575
67399
65430
102236
72064
65430
68319
62969
52358
51264
180779
58598
223137
14232
114915
199327
231823
243528
70918
58598
223874
276578
287089
78984
50235
66940
19365
192556
72064
293321
60933
223137
52521
66032
227852
52521
164079
242434
242434
114013
19365
183637
226473
70038
66309
66888
248717
291626
50762
3554
180779
225721
15691
277417
29880
244560
32035
183637
224754
268607
224754
78984
244030
71655
192556
31007
65430
227904
56515
66940
164079
66888
95465
245980
217004
65430
179877
4466
80227
268607
60933
222728
66940
285591
244560
106286
62969
258749
66940
70038
17375
214565
270014
183637
264038
242271
114013
270073
68319
225721
67593
253748
188506
58598
180779
46075
69071
80227
50235
78984
225721
227904
3354
111155
227904
111155
227199
67739
236890
183637
242271
71655
95465
67739
16333
70918
102236
223137
228483
223874
71655
231823
192556
292463
67593
49317
66222
65430
245980
67593
18058
223137
72064
68319
229362
52521
51264
276634
