182714
79056
77968
215024
94341
79748
122401
33569
25873
80497
93638
80637
35797
176326
156691
77968
145461
17446
179846
122401
36896
72796
123104
79748
181113
183173
76186
142850
28408
1672
79748
77968
207884
36896
192829
39970
55814
34028
31479
138774
213352
33569
167927
67341
192376
214164
176326
33044
55814
199364
167927
140959
36896
25041
80497
165780
181308
136105
207921
182714
79748
183173
206261
93638
76186
123104
9146
40416
138774
176326
143946
207921
144579
167927
48815
182714
142850
122401
179846
136245
213469
192376
205640
70011
192376
48480
140959
142850
208883
168262
35797
72163
80497
144579
149401
183173
40416
94341
174927
80637
149401
136245
67341
18888
13712
36896
191701
142850
191701
34028
145461
70011
184265
123104
80637
183173
181113
19892
210568
146731
182714
19892
55814
80497
94262
136245
191701
60051
192829
35797
41815
36896
190527
149401
16498
80637
17378
39970
48480
11102
201140
204354
181113
93638
70011
70011
79056
143946
179846
79748
142850
182714
73892
146731
123104
200244
160928
36896
25041
146731
77968
79056
137686
176326
80497
137686
32477
205397
156691
136105
123104
144579
36896
190527
76186
137686
71281
185263
179846
183173
15111
183698
145461
93638
137686
165780
60051
80637
183698
213633
191701
12162
72796
143946
79056
36896
215131
199364
34028
145461
47191
199296
26215
32473
