200
89.0 860.0
90.0 859.0
-35.0 905.0
-36.0 904.0
176.0 947.0
177.0 948.0
153.0 757.0
153.0 758.0
125.0 618.0
126.0 617.0
76.0 408.0
76.0 407.0
11.0 324.0
11.0 323.0
3.0 257.0
4.0 258.0
60.0 207.0
60.0 208.0
-29.0 175.0
-28.0 175.0
-226.0 46.0
-227.0 45.0
-184.0 -47.0
-185.0 -47.0
-418.0 -137.0
-418.0 -138.0
-467.0 -425.0
-468.0 -426.0
-607.0 -496.0
-607.0 -495.0
-491.0 -621.0
-490.0 -620.0
-340.0 -588.0
-341.0 -588.0
-322.0 -579.0
-322.0 -578.0
-213.0 -819.0
-212.0 -819.0
-133.0 -821.0
-134.0 -820.0
-215.0 -937.0
-214.0 -936.0
-513.0 -857.0
-513.0 -858.0
-611.0 -751.0
-611.0 -750.0
-816.0 -877.0
-817.0 -876.0
-982.0 -976.0
-983.0 -977.0
-974.0 -925.0
-973.0 -926.0
-972.0 -742.0
-973.0 -742.0
-946.0 -711.0
-945.0 -710.0
-863.0 -535.0
-864.0 -536.0
-935.0 -291.0
-935.0 -290.0
-811.0 -353.0
-810.0 -354.0
-698.0 -339.0
-699.0 -338.0
-568.0 -274.0
-567.0 -273.0
-410.0 -228.0
-410.0 -227.0
-181.0 -169.0
-180.0 -169.0
-181.0 -309.0
-180.0 -310.0
-112.0 -292.0
-111.0 -292.0
151.0 -458.0
152.0 -459.0
216.0 -378.0
216.0 -377.0
297.0 -561.0
296.0 -560.0
337.0 -695.0
336.0 -695.0
299.0 -854.0
298.0 -855.0
295.0 -877.0
296.0 -876.0
708.0 -918.0
707.0 -919.0
709.0 -921.0
710.0 -920.0
773.0 -899.0
774.0 -898.0
734.0 -858.0
733.0 -858.0
897.0 -716.0
896.0 -717.0
948.0 -600.0
949.0 -601.0
816.0 -600.0
816.0 -599.0
686.0 -462.0
686.0 -461.0
638.0 -507.0
637.0 -506.0
483.0 -378.0
482.0 -377.0
655.0 -85.0
656.0 -84.0
688.0 -50.0
689.0 -51.0
760.0 33.0
760.0 34.0
656.0 278.0
657.0 278.0
683.0 413.0
683.0 412.0
890.0 476.0
889.0 477.0
998.0 273.0
997.0 272.0
813.0 8.0
814.0 7.0
839.0 -134.0
840.0 -133.0
886.0 -203.0
885.0 -203.0
899.0 -333.0
900.0 -332.0
666.0 -246.0
667.0 -246.0
574.0 -81.0
573.0 -81.0
510.0 26.0
511.0 25.0
508.0 220.0
508.0 221.0
404.0 61.0
405.0 62.0
398.0 -51.0
399.0 -52.0
363.0 12.0
362.0 13.0
257.0 52.0
258.0 51.0
235.0 392.0
234.0 393.0
389.0 421.0
389.0 422.0
515.0 501.0
515.0 502.0
621.0 709.0
620.0 709.0
739.0 857.0
738.0 857.0
376.0 751.0
376.0 752.0
314.0 623.0
315.0 622.0
10.0 607.0
11.0 608.0
-109.0 671.0
-110.0 670.0
-142.0 611.0
-143.0 610.0
-251.0 368.0
-251.0 367.0
-168.0 283.0
-167.0 282.0
-129.0 255.0
-129.0 256.0
-500.0 177.0
-501.0 178.0
-743.0 -195.0
-744.0 -194.0
-777.0 -124.0
-778.0 -124.0
-849.0 -77.0
-849.0 -76.0
-968.0 121.0
-968.0 120.0
-940.0 386.0
-941.0 385.0
-996.0 553.0
-997.0 554.0
-968.0 523.0
-968.0 522.0
-815.0 455.0
-814.0 456.0
-761.0 546.0
-762.0 546.0
-633.0 602.0
-632.0 602.0
-858.0 770.0
-857.0 769.0
-854.0 933.0
-853.0 934.0
-597.0 761.0
-596.0 762.0
-328.0 722.0
-327.0 721.0
