418
-6578.000000 -875.000000
-6584.494845 -877.371134
-6586.000000 -879.000000
-6580.000000 -881.000000
-6664.000000 -850.000000
-6669.000000 -829.000000
-6574.000000 -964.000000
-6542.000000 -954.000000
-6500.000000 -865.000000
-6500.000000 -864.000000
-6694.000000 -827.000000
-6699.000000 -818.000000
-6618.000000 -927.000000
-6613.000000 -925.000000
-6618.000000 -879.000000
-6567.000000 -885.000000
-6570.000000 -913.000000
-6562.000000 -913.000000
-6552.000000 -986.000000
-6518.000000 -972.000000
-6562.000000 -917.000000
-6555.000000 -921.000000
-6646.000000 -828.000000
-6631.000000 -819.000000
-6526.000000 -876.000000
-6517.000000 -864.000000
-6567.000000 -809.000000
-6519.000000 -814.000000
-6682.000000 -891.000000
-6682.000000 -894.000000
-6648.000000 -855.000000
-6650.000000 -842.000000
-6694.000000 -861.000000
-6700.000000 -836.000000
-6569.000000 -939.000000
-6570.000000 -939.000000
-6505.000000 -814.000000
-6500.000000 -835.000000
-6621.000000 -839.000000
-6603.000000 -849.000000
-6700.000000 -862.000000
-6700.000000 -865.000000
-6682.302367 -889.172377
-6684.000000 -965.000000
-6674.000000 -964.000000
-6638.000000 -912.000000
-6596.000000 -894.000000
-6560.292035 -939.230088
-6578.000000 -949.000000
-6574.000000 -943.000000
-6569.000000 -933.000000
-6549.000000 -933.000000
-6560.292035 -939.230088
-6551.000000 -951.000000
-6542.000000 -945.000000
-6576.000000 -837.000000
-6535.000000 -840.000000
-6679.000000 -835.000000
-6681.000000 -831.000000
-6682.302367 -889.172377
-6659.000000 -921.000000
-6641.000000 -930.000000
-6501.000000 -998.000000
-6503.000000 -991.000000
-6615.000000 -971.000000
-6580.000000 -963.000000
-6505.000000 -803.000000
-6513.000000 -800.000000
-6584.494845 -877.371134
-6586.694219 -878.174080
-6621.000000 -836.000000
-6596.000000 -844.000000
-6672.000000 -851.000000
-6676.000000 -819.000000
-6560.000000 -859.000000
-6564.000000 -861.000000
-6567.000000 -976.000000
-6555.000000 -975.000000
-6636.000000 -802.000000
-6626.000000 -800.000000
-6677.000000 -883.000000
-6673.000000 -887.000000
-6654.000000 -993.000000
-6642.000000 -995.000000
-6629.000000 -988.000000
-6616.000000 -990.000000
-6686.000000 -949.000000
-6659.000000 -949.000000
-6569.000000 -848.000000
-6557.000000 -849.000000
-6559.386364 -867.613636
-6560.000000 -867.000000
-6553.000000 -874.000000
-6559.386364 -867.613636
-6572.000000 -966.000000
-6508.000000 -962.000000
-6556.000000 -978.000000
-6525.000000 -971.000000
-6644.000000 -812.000000
-6642.000000 -811.000000
-6507.000000 -898.000000
-6511.000000 -894.000000
-6551.000000 -892.000000
-6550.000000 -880.000000
-6565.000000 -840.000000
-6526.000000 -844.000000
-6625.000000 -974.000000
-6575.000000 -967.000000
-6681.000000 -881.000000
-6676.000000 -887.000000
-6568.000000 -896.000000
-6560.000000 -901.000000
-6686.000000 -984.000000
-6679.000000 -995.000000
-6636.000000 -871.000000
-6622.000000 -870.000000
-6582.000000 -816.000000
-6564.000000 -823.000000
-6525.000000 -877.000000
-6521.000000 -871.000000
-6619.000000 -801.000000
-6621.000000 -806.000000
-6590.000000 -943.000000
-6572.000000 -936.000000
-6601.000000 -964.000000
-6591.000000 -964.000000
-6627.000000 -973.000000
-6582.000000 -948.000000
-6605.000000 -903.000000
-6586.000000 -891.000000
-6562.000000 -808.000000
-6522.000000 -810.000000
-6556.000000 -989.000000
-6554.000000 -988.000000
-6699.000000 -917.000000
-6693.000000 -929.000000
-6600.000000 -810.000000
-6603.000000 -812.000000
-6532.000000 -881.000000
-6527.000000 -877.000000
-6557.000000 -860.000000
-6511.000000 -858.000000
-6651.000000 -953.000000
-6637.000000 -951.000000
-6640.000000 -847.000000
-6629.000000 -850.000000
-6616.000000 -833.000000
-6613.000000 -820.000000
-6582.000000 -870.000000
-6559.000000 -871.000000
-6678.000000 -998.000000
-6680.000000 -998.000000
-6582.000000 -898.000000
-6574.000000 -897.000000
-6523.000000 -891.000000
-6520.000000 -883.000000
-6670.000000 -990.000000
-6671.000000 -991.000000
-6642.000000 -866.000000
-6624.000000 -868.000000
-6592.000000 -918.000000
-6576.000000 -933.000000
-6669.000000 -985.000000
-6664.000000 -998.000000
-6656.000000 -875.000000
-6633.000000 -887.000000
-6586.000000 -817.000000
-6567.000000 -831.000000
-6661.000000 -974.000000
-6654.000000 -971.000000
-6560.000000 -881.000000
-6553.000000 -875.000000
-6624.000000 -951.000000
-6610.000000 -945.000000
-6696.000000 -883.000000
-6688.000000 -886.000000
-6533.000000 -848.000000
-6521.000000 -846.000000
-6564.000000 -817.000000
-6530.000000 -836.000000
-6539.000000 -924.000000
-6534.000000 -935.000000
-6511.000000 -821.000000
-6511.000000 -827.000000
-6504.000000 -876.000000
-6501.000000 -862.000000
-6620.000000 -884.000000
-6609.000000 -885.000000
-6540.000000 -982.000000
-6513.000000 -975.000000
-6686.000000 -910.000000
-6680.000000 -905.000000
-6560.000000 -893.000000
-6551.000000 -882.000000
-6685.000000 -984.000000
-6682.000000 -981.000000
-6591.000000 -846.000000
-6589.000000 -854.000000
-6521.000000 -912.000000
-6500.000000 -940.000000
-6595.000000 -805.000000
-6553.000000 -827.000000
-6687.000000 -866.000000
-6685.000000 -850.000000
-6615.000000 -914.000000
-6602.000000 -913.000000
-6533.000000 -967.000000
-6511.000000 -967.000000
-6575.000000 -933.000000
-6572.000000 -934.000000
-6564.000000 -895.000000
-6564.000000 -893.000000
-6550.000000 -979.000000
-6512.000000 -970.000000
-6586.694219 -878.174080
-6594.369043 -880.976000
-6524.000000 -830.000000
-6514.000000 -839.000000
-6565.000000 -952.000000
-6534.000000 -938.000000
-6654.000000 -937.000000
-6631.000000 -939.000000
-6607.000000 -986.000000
-6580.000000 -989.000000
-6532.000000 -807.000000
-6526.000000 -806.000000
-6682.000000 -914.000000
-6683.000000 -916.000000
-6663.000000 -917.000000
-6651.000000 -922.000000
-6594.369043 -880.976000
-6603.380448 -884.265878
-6587.000000 -867.000000
-6583.000000 -866.000000
-6554.000000 -820.000000
-6537.000000 -823.000000
-6671.000000 -969.000000
-6676.000000 -984.000000
-6545.000000 -899.000000
-6543.000000 -899.000000
-6528.000000 -840.000000
-6521.000000 -837.000000
-6616.000000 -986.000000
-6549.000000 -975.000000
-6660.000000 -834.000000
-6664.000000 -825.000000
-6581.000000 -958.000000
-6580.000000 -959.000000
-6638.000000 -929.000000
-6628.000000 -934.000000
-6501.000000 -859.000000
-6504.000000 -843.000000
-6644.000000 -976.000000
-6614.000000 -961.000000
-6548.000000 -898.000000
-6543.000000 -894.000000
-6662.000000 -822.000000
-6669.000000 -806.000000
-6571.000000 -893.000000
-6563.000000 -885.000000
-6585.000000 -897.000000
-6573.000000 -890.000000
-6541.000000 -835.000000
-6535.000000 -836.000000
-6611.000000 -967.000000
-6599.000000 -960.000000
-6539.000000 -876.000000
-6536.000000 -872.000000
-6624.000000 -899.000000
-6609.000000 -890.000000
-6602.000000 -857.000000
-6588.000000 -862.000000
-6523.000000 -937.000000
-6500.000000 -957.000000
-6558.000000 -800.000000
-6522.000000 -800.000000
-6663.000000 -850.000000
-6665.000000 -826.000000
-6520.000000 -895.000000
-6525.000000 -900.000000
-6653.000000 -833.000000
-6634.000000 -827.000000
-6575.000000 -807.000000
-6569.000000 -804.000000
-6648.000000 -920.000000
-6638.000000 -916.000000
-6599.000000 -831.000000
-6595.000000 -828.000000
-6633.000000 -832.000000
-6626.000000 -819.000000
-6693.000000 -993.000000
-6687.000000 -995.000000
-6642.000000 -907.000000
-6624.000000 -897.000000
-6520.000000 -942.000000
-6505.000000 -953.000000
-6503.000000 -814.000000
-6500.000000 -827.000000
-6640.000000 -955.000000
-6625.000000 -945.000000
-6653.000000 -871.000000
-6583.000000 -881.000000
-6699.000000 -959.000000
-6698.000000 -984.000000
-6603.380448 -884.265878
-6625.496629 -892.340039
-6691.000000 -859.000000
-6692.000000 -846.000000
-6638.000000 -996.000000
-6612.000000 -999.000000
-6542.000000 -948.000000
-6541.000000 -948.000000
-6589.000000 -822.000000
-6583.000000 -831.000000
-6547.000000 -964.000000
-6506.000000 -961.000000
-6639.000000 -977.000000
-6510.000000 -968.000000
-6505.000000 -899.000000
-6508.000000 -890.000000
-6699.000000 -956.000000
-6678.000000 -953.000000
-6573.000000 -956.000000
-6551.000000 -954.000000
-6524.000000 -946.000000
-6524.000000 -944.000000
-6625.496629 -892.340039
-6634.432330 -895.602279
-6635.000000 -883.000000
-6623.000000 -890.000000
-6626.000000 -922.000000
-6619.000000 -931.000000
-6552.000000 -863.000000
-6537.000000 -872.000000
-6654.000000 -861.000000
-6654.000000 -859.000000
-6698.000000 -940.000000
-6695.000000 -933.000000
-6563.000000 -816.000000
-6515.000000 -825.000000
-6601.000000 -815.000000
-6609.000000 -819.000000
-6684.000000 -826.000000
-6680.000000 -803.000000
-6693.000000 -988.000000
-6696.000000 -988.000000
-6602.000000 -834.000000
-6598.000000 -829.000000
-6614.000000 -835.000000
-6598.000000 -843.000000
-6613.000000 -988.000000
-6563.000000 -992.000000
-6638.000000 -988.000000
-6630.000000 -994.000000
-6634.432330 -895.602279
-6641.000000 -898.000000
-6629.000000 -897.000000
-6689.000000 -924.000000
-6688.000000 -931.000000
-6601.000000 -922.000000
-6598.000000 -918.000000
-6646.000000 -837.000000
-6642.000000 -833.000000
-6634.000000 -963.000000
-6582.000000 -934.000000
-6692.000000 -806.000000
-6700.000000 -803.000000
-6670.000000 -864.000000
-6668.000000 -868.000000
-6532.000000 -854.000000
-6514.000000 -851.000000
-6689.000000 -908.000000
-6690.000000 -897.000000
-6568.000000 -875.000000
-6564.000000 -881.000000
-6584.000000 -909.000000
-6564.000000 -908.000000
-6570.000000 -852.000000
-6564.000000 -856.000000
-6679.000000 -933.000000
-6646.000000 -943.000000
-6538.000000 -991.000000
-6500.000000 -975.000000
-6647.000000 -862.000000
-6653.000000 -858.000000
-6546.000000 -891.000000
-6548.000000 -877.000000
-6675.000000 -857.000000
-6670.000000 -857.000000
-6514.000000 -813.000000
-6501.000000 -833.000000
-6540.000000 -949.000000
-6534.000000 -948.000000
-6650.000000 -987.000000
-6647.000000 -982.000000
-6668.000000 -969.000000
-6657.000000 -962.000000
-6664.000000 -915.000000
-6647.000000 -900.000000
-6598.000000 -909.000000
-6584.000000 -899.000000
-6668.000000 -964.000000
-6656.000000 -960.000000
-6566.000000 -802.000000
-6523.000000 -804.000000
-6626.000000 -941.000000
-6621.000000 -939.000000
-6687.000000 -954.000000
-6672.000000 -952.000000
-6559.000000 -987.000000
-6551.000000 -987.000000
-6626.000000 -862.000000
-6618.000000 -860.000000
-6670.000000 -890.000000
-6646.000000 -887.000000
-6542.000000 -989.000000
-6540.000000 -987.000000
-6584.000000 -875.000000
